running egg_info
creating ../../build/py_pkg/py_pkg.egg-info
writing ../../build/py_pkg/py_pkg.egg-info/PKG-INFO
writing dependency_links to ../../build/py_pkg/py_pkg.egg-info/dependency_links.txt
writing entry points to ../../build/py_pkg/py_pkg.egg-info/entry_points.txt
writing requirements to ../../build/py_pkg/py_pkg.egg-info/requires.txt
writing top-level names to ../../build/py_pkg/py_pkg.egg-info/top_level.txt
writing manifest file '../../build/py_pkg/py_pkg.egg-info/SOURCES.txt'
reading manifest file '../../build/py_pkg/py_pkg.egg-info/SOURCES.txt'
writing manifest file '../../build/py_pkg/py_pkg.egg-info/SOURCES.txt'
running build
running build_py
creating /home/moekatra22/catch_them_all_turtlesim/build/py_pkg/build
creating /home/moekatra22/catch_them_all_turtlesim/build/py_pkg/build/lib
creating /home/moekatra22/catch_them_all_turtlesim/build/py_pkg/build/lib/py_pkg
copying py_pkg/__init__.py -> /home/moekatra22/catch_them_all_turtlesim/build/py_pkg/build/lib/py_pkg
copying py_pkg/controller_node.py -> /home/moekatra22/catch_them_all_turtlesim/build/py_pkg/build/lib/py_pkg
copying py_pkg/spawner_node.py -> /home/moekatra22/catch_them_all_turtlesim/build/py_pkg/build/lib/py_pkg
running install
running install_lib
creating /home/moekatra22/catch_them_all_turtlesim/install/py_pkg/lib/python3.10/site-packages/py_pkg
copying /home/moekatra22/catch_them_all_turtlesim/build/py_pkg/build/lib/py_pkg/__init__.py -> /home/moekatra22/catch_them_all_turtlesim/install/py_pkg/lib/python3.10/site-packages/py_pkg
copying /home/moekatra22/catch_them_all_turtlesim/build/py_pkg/build/lib/py_pkg/controller_node.py -> /home/moekatra22/catch_them_all_turtlesim/install/py_pkg/lib/python3.10/site-packages/py_pkg
copying /home/moekatra22/catch_them_all_turtlesim/build/py_pkg/build/lib/py_pkg/spawner_node.py -> /home/moekatra22/catch_them_all_turtlesim/install/py_pkg/lib/python3.10/site-packages/py_pkg
byte-compiling /home/moekatra22/catch_them_all_turtlesim/install/py_pkg/lib/python3.10/site-packages/py_pkg/__init__.py to __init__.cpython-310.pyc
byte-compiling /home/moekatra22/catch_them_all_turtlesim/install/py_pkg/lib/python3.10/site-packages/py_pkg/controller_node.py to controller_node.cpython-310.pyc
byte-compiling /home/moekatra22/catch_them_all_turtlesim/install/py_pkg/lib/python3.10/site-packages/py_pkg/spawner_node.py to spawner_node.cpython-310.pyc
running install_data
creating /home/moekatra22/catch_them_all_turtlesim/install/py_pkg/share/ament_index
creating /home/moekatra22/catch_them_all_turtlesim/install/py_pkg/share/ament_index/resource_index
creating /home/moekatra22/catch_them_all_turtlesim/install/py_pkg/share/ament_index/resource_index/packages
copying resource/py_pkg -> /home/moekatra22/catch_them_all_turtlesim/install/py_pkg/share/ament_index/resource_index/packages
copying package.xml -> /home/moekatra22/catch_them_all_turtlesim/install/py_pkg/share/py_pkg
running install_egg_info
Copying ../../build/py_pkg/py_pkg.egg-info to /home/moekatra22/catch_them_all_turtlesim/install/py_pkg/lib/python3.10/site-packages/py_pkg-0.0.0-py3.10.egg-info
running install_scripts
Installing controller script to /home/moekatra22/catch_them_all_turtlesim/install/py_pkg/lib/py_pkg
Installing spawner script to /home/moekatra22/catch_them_all_turtlesim/install/py_pkg/lib/py_pkg
writing list of installed files to '/home/moekatra22/catch_them_all_turtlesim/build/py_pkg/install.log'
