[0.090s] DEBUG:colcon:Command line arguments: ['/usr/bin/colcon', 'build', '--packages-select', 'cpp_pkg']
[0.090s] DEBUG:colcon:Parsed command line arguments: Namespace(log_base=None, log_level=None, verb_name='build', build_base='build', install_base='install', merge_install=False, symlink_install=False, test_result_base=None, continue_on_error=False, executor='parallel', parallel_workers=4, event_handlers=None, ignore_user_meta=False, metas=['./colcon.meta'], base_paths=['.'], packages_ignore=None, packages_ignore_regex=None, paths=None, packages_up_to=None, packages_up_to_regex=None, packages_above=None, packages_above_and_dependencies=None, packages_above_depth=None, packages_select_by_dep=None, packages_skip_by_dep=None, packages_skip_up_to=None, packages_select_build_failed=False, packages_skip_build_finished=False, packages_select_test_failures=False, packages_skip_test_passed=False, packages_select=['cpp_pkg'], packages_skip=None, packages_select_regex=None, packages_skip_regex=None, packages_start=None, packages_end=None, allow_overriding=[], cmake_args=None, cmake_target=None, cmake_target_skip_unavailable=False, cmake_clean_cache=False, cmake_clean_first=False, cmake_force_configure=False, ament_cmake_args=None, catkin_cmake_args=None, catkin_skip_building_tests=False, verb_parser=<colcon_defaults.argument_parser.defaults.DefaultArgumentsDecorator object at 0xed2e58bace80>, verb_extension=<colcon_core.verb.build.BuildVerb object at 0xed2e58cd9ab0>, main=<bound method BuildVerb.main of <colcon_core.verb.build.BuildVerb object at 0xed2e58cd9ab0>>)
[0.211s] Level 1:colcon.colcon_core.package_discovery:discover_packages(colcon_meta) check parameters
[0.211s] Level 1:colcon.colcon_core.package_discovery:discover_packages(recursive) check parameters
[0.211s] Level 1:colcon.colcon_core.package_discovery:discover_packages(ignore) check parameters
[0.211s] Level 1:colcon.colcon_core.package_discovery:discover_packages(path) check parameters
[0.211s] Level 1:colcon.colcon_core.package_discovery:discover_packages(colcon_meta) discover
[0.211s] Level 1:colcon.colcon_core.package_discovery:discover_packages(recursive) discover
[0.211s] INFO:colcon.colcon_core.package_discovery:Crawling recursively for packages in '/home/moekatra22/catch_them_all_turtlesim'
[0.211s] Level 1:colcon.colcon_core.package_identification:_identify(.) by extensions ['ignore', 'ignore_ament_install']
[0.211s] Level 1:colcon.colcon_core.package_identification:_identify(.) by extension 'ignore'
[0.211s] Level 1:colcon.colcon_core.package_identification:_identify(.) by extension 'ignore_ament_install'
[0.211s] Level 1:colcon.colcon_core.package_identification:_identify(.) by extensions ['colcon_pkg']
[0.211s] Level 1:colcon.colcon_core.package_identification:_identify(.) by extension 'colcon_pkg'
[0.211s] Level 1:colcon.colcon_core.package_identification:_identify(.) by extensions ['colcon_meta']
[0.212s] Level 1:colcon.colcon_core.package_identification:_identify(.) by extension 'colcon_meta'
[0.212s] Level 1:colcon.colcon_core.package_identification:_identify(.) by extensions ['ros']
[0.212s] Level 1:colcon.colcon_core.package_identification:_identify(.) by extension 'ros'
[0.225s] Level 1:colcon.colcon_core.package_identification:_identify(.) by extensions ['cmake', 'python']
[0.225s] Level 1:colcon.colcon_core.package_identification:_identify(.) by extension 'cmake'
[0.225s] Level 1:colcon.colcon_core.package_identification:_identify(.) by extension 'python'
[0.225s] Level 1:colcon.colcon_core.package_identification:_identify(.) by extensions ['python_setup_py']
[0.225s] Level 1:colcon.colcon_core.package_identification:_identify(.) by extension 'python_setup_py'
[0.225s] Level 1:colcon.colcon_core.package_identification:_identify(build) by extensions ['ignore', 'ignore_ament_install']
[0.225s] Level 1:colcon.colcon_core.package_identification:_identify(build) by extension 'ignore'
[0.225s] Level 1:colcon.colcon_core.package_identification:_identify(build) ignored
[0.225s] Level 1:colcon.colcon_core.package_identification:_identify(install) by extensions ['ignore', 'ignore_ament_install']
[0.225s] Level 1:colcon.colcon_core.package_identification:_identify(install) by extension 'ignore'
[0.225s] Level 1:colcon.colcon_core.package_identification:_identify(install) ignored
[0.225s] Level 1:colcon.colcon_core.package_identification:_identify(log) by extensions ['ignore', 'ignore_ament_install']
[0.225s] Level 1:colcon.colcon_core.package_identification:_identify(log) by extension 'ignore'
[0.226s] Level 1:colcon.colcon_core.package_identification:_identify(log) ignored
[0.226s] Level 1:colcon.colcon_core.package_identification:_identify(src) by extensions ['ignore', 'ignore_ament_install']
[0.226s] Level 1:colcon.colcon_core.package_identification:_identify(src) by extension 'ignore'
[0.226s] Level 1:colcon.colcon_core.package_identification:_identify(src) by extension 'ignore_ament_install'
[0.226s] Level 1:colcon.colcon_core.package_identification:_identify(src) by extensions ['colcon_pkg']
[0.226s] Level 1:colcon.colcon_core.package_identification:_identify(src) by extension 'colcon_pkg'
[0.226s] Level 1:colcon.colcon_core.package_identification:_identify(src) by extensions ['colcon_meta']
[0.226s] Level 1:colcon.colcon_core.package_identification:_identify(src) by extension 'colcon_meta'
[0.226s] Level 1:colcon.colcon_core.package_identification:_identify(src) by extensions ['ros']
[0.226s] Level 1:colcon.colcon_core.package_identification:_identify(src) by extension 'ros'
[0.226s] Level 1:colcon.colcon_core.package_identification:_identify(src) by extensions ['cmake', 'python']
[0.226s] Level 1:colcon.colcon_core.package_identification:_identify(src) by extension 'cmake'
[0.226s] Level 1:colcon.colcon_core.package_identification:_identify(src) by extension 'python'
[0.226s] Level 1:colcon.colcon_core.package_identification:_identify(src) by extensions ['python_setup_py']
[0.226s] Level 1:colcon.colcon_core.package_identification:_identify(src) by extension 'python_setup_py'
[0.226s] Level 1:colcon.colcon_core.package_identification:_identify(src/cpp_pkg) by extensions ['ignore', 'ignore_ament_install']
[0.226s] Level 1:colcon.colcon_core.package_identification:_identify(src/cpp_pkg) by extension 'ignore'
[0.226s] Level 1:colcon.colcon_core.package_identification:_identify(src/cpp_pkg) by extension 'ignore_ament_install'
[0.226s] Level 1:colcon.colcon_core.package_identification:_identify(src/cpp_pkg) by extensions ['colcon_pkg']
[0.226s] Level 1:colcon.colcon_core.package_identification:_identify(src/cpp_pkg) by extension 'colcon_pkg'
[0.226s] Level 1:colcon.colcon_core.package_identification:_identify(src/cpp_pkg) by extensions ['colcon_meta']
[0.226s] Level 1:colcon.colcon_core.package_identification:_identify(src/cpp_pkg) by extension 'colcon_meta'
[0.226s] Level 1:colcon.colcon_core.package_identification:_identify(src/cpp_pkg) by extensions ['ros']
[0.226s] Level 1:colcon.colcon_core.package_identification:_identify(src/cpp_pkg) by extension 'ros'
[0.229s] DEBUG:colcon.colcon_core.package_identification:Package 'src/cpp_pkg' with type 'ros.ament_cmake' and name 'cpp_pkg'
[0.229s] Level 1:colcon.colcon_core.package_identification:_identify(src/launch) by extensions ['ignore', 'ignore_ament_install']
[0.229s] Level 1:colcon.colcon_core.package_identification:_identify(src/launch) by extension 'ignore'
[0.229s] Level 1:colcon.colcon_core.package_identification:_identify(src/launch) by extension 'ignore_ament_install'
[0.229s] Level 1:colcon.colcon_core.package_identification:_identify(src/launch) by extensions ['colcon_pkg']
[0.229s] Level 1:colcon.colcon_core.package_identification:_identify(src/launch) by extension 'colcon_pkg'
[0.229s] Level 1:colcon.colcon_core.package_identification:_identify(src/launch) by extensions ['colcon_meta']
[0.229s] Level 1:colcon.colcon_core.package_identification:_identify(src/launch) by extension 'colcon_meta'
[0.229s] Level 1:colcon.colcon_core.package_identification:_identify(src/launch) by extensions ['ros']
[0.229s] Level 1:colcon.colcon_core.package_identification:_identify(src/launch) by extension 'ros'
[0.230s] DEBUG:colcon.colcon_core.package_identification:Package 'src/launch' with type 'ros.ament_cmake' and name 'launch'
[0.230s] Level 1:colcon.colcon_core.package_identification:_identify(src/py_pkg) by extensions ['ignore', 'ignore_ament_install']
[0.230s] Level 1:colcon.colcon_core.package_identification:_identify(src/py_pkg) by extension 'ignore'
[0.230s] Level 1:colcon.colcon_core.package_identification:_identify(src/py_pkg) by extension 'ignore_ament_install'
[0.230s] Level 1:colcon.colcon_core.package_identification:_identify(src/py_pkg) by extensions ['colcon_pkg']
[0.230s] Level 1:colcon.colcon_core.package_identification:_identify(src/py_pkg) by extension 'colcon_pkg'
[0.230s] Level 1:colcon.colcon_core.package_identification:_identify(src/py_pkg) by extensions ['colcon_meta']
[0.230s] Level 1:colcon.colcon_core.package_identification:_identify(src/py_pkg) by extension 'colcon_meta'
[0.230s] Level 1:colcon.colcon_core.package_identification:_identify(src/py_pkg) by extensions ['ros']
[0.230s] Level 1:colcon.colcon_core.package_identification:_identify(src/py_pkg) by extension 'ros'
[0.231s] DEBUG:colcon.colcon_core.package_identification:Package 'src/py_pkg' with type 'ros.ament_python' and name 'py_pkg'
[0.231s] Level 1:colcon.colcon_core.package_identification:_identify(src/turtle_interfaces) by extensions ['ignore', 'ignore_ament_install']
[0.231s] Level 1:colcon.colcon_core.package_identification:_identify(src/turtle_interfaces) by extension 'ignore'
[0.231s] Level 1:colcon.colcon_core.package_identification:_identify(src/turtle_interfaces) by extension 'ignore_ament_install'
[0.231s] Level 1:colcon.colcon_core.package_identification:_identify(src/turtle_interfaces) by extensions ['colcon_pkg']
[0.231s] Level 1:colcon.colcon_core.package_identification:_identify(src/turtle_interfaces) by extension 'colcon_pkg'
[0.231s] Level 1:colcon.colcon_core.package_identification:_identify(src/turtle_interfaces) by extensions ['colcon_meta']
[0.231s] Level 1:colcon.colcon_core.package_identification:_identify(src/turtle_interfaces) by extension 'colcon_meta'
[0.231s] Level 1:colcon.colcon_core.package_identification:_identify(src/turtle_interfaces) by extensions ['ros']
[0.231s] Level 1:colcon.colcon_core.package_identification:_identify(src/turtle_interfaces) by extension 'ros'
[0.232s] DEBUG:colcon.colcon_core.package_identification:Package 'src/turtle_interfaces' with type 'ros.ament_cmake' and name 'turtle_interfaces'
[0.232s] Level 1:colcon.colcon_core.package_discovery:discover_packages(recursive) using defaults
[0.232s] Level 1:colcon.colcon_core.package_discovery:discover_packages(ignore) discover
[0.232s] Level 1:colcon.colcon_core.package_discovery:discover_packages(ignore) using defaults
[0.232s] Level 1:colcon.colcon_core.package_discovery:discover_packages(path) discover
[0.232s] Level 1:colcon.colcon_core.package_discovery:discover_packages(path) using defaults
[0.265s] INFO:colcon.colcon_core.package_selection:Skipping not selected package 'turtle_interfaces' in 'src/turtle_interfaces'
[0.266s] INFO:colcon.colcon_core.package_selection:Skipping not selected package 'py_pkg' in 'src/py_pkg'
[0.266s] INFO:colcon.colcon_core.package_selection:Skipping not selected package 'launch' in 'src/launch'
[0.266s] Level 1:colcon.colcon_core.package_discovery:discover_packages(prefix_path) check parameters
[0.266s] Level 1:colcon.colcon_core.package_discovery:discover_packages(prefix_path) discover
[0.267s] DEBUG:colcon.colcon_installed_package_information.package_discovery:Found 4 installed packages in /home/moekatra22/catch_them_all_turtlesim/install
[0.268s] DEBUG:colcon.colcon_installed_package_information.package_discovery:Found 270 installed packages in /opt/ros/humble
[0.269s] Level 1:colcon.colcon_core.package_discovery:discover_packages(prefix_path) using defaults
[0.295s] Level 5:colcon.colcon_core.verb:set package 'cpp_pkg' build argument 'cmake_args' from command line to 'None'
[0.295s] Level 5:colcon.colcon_core.verb:set package 'cpp_pkg' build argument 'cmake_target' from command line to 'None'
[0.295s] Level 5:colcon.colcon_core.verb:set package 'cpp_pkg' build argument 'cmake_target_skip_unavailable' from command line to 'False'
[0.295s] Level 5:colcon.colcon_core.verb:set package 'cpp_pkg' build argument 'cmake_clean_cache' from command line to 'False'
[0.295s] Level 5:colcon.colcon_core.verb:set package 'cpp_pkg' build argument 'cmake_clean_first' from command line to 'False'
[0.295s] Level 5:colcon.colcon_core.verb:set package 'cpp_pkg' build argument 'cmake_force_configure' from command line to 'False'
[0.295s] Level 5:colcon.colcon_core.verb:set package 'cpp_pkg' build argument 'ament_cmake_args' from command line to 'None'
[0.295s] Level 5:colcon.colcon_core.verb:set package 'cpp_pkg' build argument 'catkin_cmake_args' from command line to 'None'
[0.295s] Level 5:colcon.colcon_core.verb:set package 'cpp_pkg' build argument 'catkin_skip_building_tests' from command line to 'False'
[0.295s] DEBUG:colcon.colcon_core.verb:Building package 'cpp_pkg' with the following arguments: {'ament_cmake_args': None, 'build_base': '/home/moekatra22/catch_them_all_turtlesim/build/cpp_pkg', 'catkin_cmake_args': None, 'catkin_skip_building_tests': False, 'cmake_args': None, 'cmake_clean_cache': False, 'cmake_clean_first': False, 'cmake_force_configure': False, 'cmake_target': None, 'cmake_target_skip_unavailable': False, 'install_base': '/home/moekatra22/catch_them_all_turtlesim/install/cpp_pkg', 'merge_install': False, 'path': '/home/moekatra22/catch_them_all_turtlesim/src/cpp_pkg', 'symlink_install': False, 'test_result_base': None}
[0.295s] INFO:colcon.colcon_core.executor:Executing jobs using 'parallel' executor
[0.296s] DEBUG:colcon.colcon_parallel_executor.executor.parallel:run_until_complete
[0.296s] INFO:colcon.colcon_ros.task.ament_cmake.build:Building ROS package in '/home/moekatra22/catch_them_all_turtlesim/src/cpp_pkg' with build type 'ament_cmake'
[0.296s] INFO:colcon.colcon_cmake.task.cmake.build:Building CMake package in '/home/moekatra22/catch_them_all_turtlesim/src/cpp_pkg'
[0.298s] INFO:colcon.colcon_core.plugin_system:Skipping extension 'colcon_core.shell.bat': Not used on non-Windows systems
[0.298s] INFO:colcon.colcon_core.shell:Skip shell extension 'powershell' for command environment: Not usable outside of PowerShell
[0.298s] DEBUG:colcon.colcon_core.shell:Skip shell extension 'dsv' for command environment
[0.305s] DEBUG:colcon.colcon_core.event_handler.log_command:Invoking command in '/home/moekatra22/catch_them_all_turtlesim/build/cpp_pkg': CMAKE_PREFIX_PATH=${CMAKE_PREFIX_PATH}:/home/moekatra22/catch_them_all_turtlesim/install/py_pkg:/opt/ros/humble /usr/bin/cmake --build /home/moekatra22/catch_them_all_turtlesim/build/cpp_pkg -- -j4 -l4
[19.344s] DEBUG:colcon.colcon_core.event_handler.log_command:Invoked command in '/home/moekatra22/catch_them_all_turtlesim/build/cpp_pkg' returned '0': CMAKE_PREFIX_PATH=${CMAKE_PREFIX_PATH}:/home/moekatra22/catch_them_all_turtlesim/install/py_pkg:/opt/ros/humble /usr/bin/cmake --build /home/moekatra22/catch_them_all_turtlesim/build/cpp_pkg -- -j4 -l4
[19.385s] DEBUG:colcon.colcon_core.event_handler.log_command:Invoking command in '/home/moekatra22/catch_them_all_turtlesim/build/cpp_pkg': CMAKE_PREFIX_PATH=${CMAKE_PREFIX_PATH}:/home/moekatra22/catch_them_all_turtlesim/install/py_pkg:/opt/ros/humble /usr/bin/cmake --install /home/moekatra22/catch_them_all_turtlesim/build/cpp_pkg
[19.417s] Level 1:colcon.colcon_core.environment:create_environment_scripts_only(cpp_pkg)
[19.418s] DEBUG:colcon.colcon_core.event_handler.log_command:Invoked command in '/home/moekatra22/catch_them_all_turtlesim/build/cpp_pkg' returned '0': CMAKE_PREFIX_PATH=${CMAKE_PREFIX_PATH}:/home/moekatra22/catch_them_all_turtlesim/install/py_pkg:/opt/ros/humble /usr/bin/cmake --install /home/moekatra22/catch_them_all_turtlesim/build/cpp_pkg
[19.429s] Level 1:colcon.colcon_core.environment:checking '/home/moekatra22/catch_them_all_turtlesim/install/cpp_pkg' for CMake module files
[19.431s] Level 1:colcon.colcon_core.environment:checking '/home/moekatra22/catch_them_all_turtlesim/install/cpp_pkg' for CMake config files
[19.431s] Level 1:colcon.colcon_core.shell:create_environment_hook('cpp_pkg', 'cmake_prefix_path')
[19.431s] INFO:colcon.colcon_core.shell:Creating environment hook '/home/moekatra22/catch_them_all_turtlesim/install/cpp_pkg/share/cpp_pkg/hook/cmake_prefix_path.ps1'
[19.433s] INFO:colcon.colcon_core.shell:Creating environment descriptor '/home/moekatra22/catch_them_all_turtlesim/install/cpp_pkg/share/cpp_pkg/hook/cmake_prefix_path.dsv'
[19.434s] INFO:colcon.colcon_core.shell:Creating environment hook '/home/moekatra22/catch_them_all_turtlesim/install/cpp_pkg/share/cpp_pkg/hook/cmake_prefix_path.sh'
[19.435s] Level 1:colcon.colcon_core.environment:checking '/home/moekatra22/catch_them_all_turtlesim/install/cpp_pkg/lib'
[19.435s] Level 1:colcon.colcon_core.environment:checking '/home/moekatra22/catch_them_all_turtlesim/install/cpp_pkg/bin'
[19.435s] Level 1:colcon.colcon_core.environment:checking '/home/moekatra22/catch_them_all_turtlesim/install/cpp_pkg/lib/pkgconfig/cpp_pkg.pc'
[19.435s] Level 1:colcon.colcon_core.environment:checking '/home/moekatra22/catch_them_all_turtlesim/install/cpp_pkg/lib/python3.10/site-packages'
[19.435s] Level 1:colcon.colcon_core.environment:checking '/home/moekatra22/catch_them_all_turtlesim/install/cpp_pkg/bin'
[19.436s] INFO:colcon.colcon_core.shell:Creating package script '/home/moekatra22/catch_them_all_turtlesim/install/cpp_pkg/share/cpp_pkg/package.ps1'
[19.442s] INFO:colcon.colcon_core.shell:Creating package descriptor '/home/moekatra22/catch_them_all_turtlesim/install/cpp_pkg/share/cpp_pkg/package.dsv'
[19.442s] INFO:colcon.colcon_core.shell:Creating package script '/home/moekatra22/catch_them_all_turtlesim/install/cpp_pkg/share/cpp_pkg/package.sh'
[19.443s] INFO:colcon.colcon_core.shell:Creating package script '/home/moekatra22/catch_them_all_turtlesim/install/cpp_pkg/share/cpp_pkg/package.bash'
[19.444s] INFO:colcon.colcon_core.shell:Creating package script '/home/moekatra22/catch_them_all_turtlesim/install/cpp_pkg/share/cpp_pkg/package.zsh'
[19.445s] Level 1:colcon.colcon_core.environment:create_file_with_runtime_dependencies(/home/moekatra22/catch_them_all_turtlesim/install/cpp_pkg/share/colcon-core/packages/cpp_pkg)
[19.461s] Level 1:colcon.colcon_core.environment:create_environment_scripts_only(cpp_pkg)
[19.462s] Level 1:colcon.colcon_core.environment:checking '/home/moekatra22/catch_them_all_turtlesim/install/cpp_pkg' for CMake module files
[19.462s] Level 1:colcon.colcon_core.environment:checking '/home/moekatra22/catch_them_all_turtlesim/install/cpp_pkg' for CMake config files
[19.462s] Level 1:colcon.colcon_core.shell:create_environment_hook('cpp_pkg', 'cmake_prefix_path')
[19.462s] INFO:colcon.colcon_core.shell:Creating environment hook '/home/moekatra22/catch_them_all_turtlesim/install/cpp_pkg/share/cpp_pkg/hook/cmake_prefix_path.ps1'
[19.462s] INFO:colcon.colcon_core.shell:Creating environment descriptor '/home/moekatra22/catch_them_all_turtlesim/install/cpp_pkg/share/cpp_pkg/hook/cmake_prefix_path.dsv'
[19.463s] INFO:colcon.colcon_core.shell:Creating environment hook '/home/moekatra22/catch_them_all_turtlesim/install/cpp_pkg/share/cpp_pkg/hook/cmake_prefix_path.sh'
[19.463s] Level 1:colcon.colcon_core.environment:checking '/home/moekatra22/catch_them_all_turtlesim/install/cpp_pkg/lib'
[19.463s] Level 1:colcon.colcon_core.environment:checking '/home/moekatra22/catch_them_all_turtlesim/install/cpp_pkg/bin'
[19.463s] Level 1:colcon.colcon_core.environment:checking '/home/moekatra22/catch_them_all_turtlesim/install/cpp_pkg/lib/pkgconfig/cpp_pkg.pc'
[19.463s] Level 1:colcon.colcon_core.environment:checking '/home/moekatra22/catch_them_all_turtlesim/install/cpp_pkg/lib/python3.10/site-packages'
[19.464s] Level 1:colcon.colcon_core.environment:checking '/home/moekatra22/catch_them_all_turtlesim/install/cpp_pkg/bin'
[19.464s] INFO:colcon.colcon_core.shell:Creating package script '/home/moekatra22/catch_them_all_turtlesim/install/cpp_pkg/share/cpp_pkg/package.ps1'
[19.464s] INFO:colcon.colcon_core.shell:Creating package descriptor '/home/moekatra22/catch_them_all_turtlesim/install/cpp_pkg/share/cpp_pkg/package.dsv'
[19.465s] INFO:colcon.colcon_core.shell:Creating package script '/home/moekatra22/catch_them_all_turtlesim/install/cpp_pkg/share/cpp_pkg/package.sh'
[19.465s] INFO:colcon.colcon_core.shell:Creating package script '/home/moekatra22/catch_them_all_turtlesim/install/cpp_pkg/share/cpp_pkg/package.bash'
[19.465s] INFO:colcon.colcon_core.shell:Creating package script '/home/moekatra22/catch_them_all_turtlesim/install/cpp_pkg/share/cpp_pkg/package.zsh'
[19.466s] Level 1:colcon.colcon_core.environment:create_file_with_runtime_dependencies(/home/moekatra22/catch_them_all_turtlesim/install/cpp_pkg/share/colcon-core/packages/cpp_pkg)
[19.466s] DEBUG:colcon.colcon_parallel_executor.executor.parallel:closing loop
[19.467s] DEBUG:colcon.colcon_parallel_executor.executor.parallel:loop closed
[19.467s] DEBUG:colcon.colcon_parallel_executor.executor.parallel:run_until_complete finished with '0'
[19.467s] DEBUG:colcon.colcon_core.event_reactor:joining thread
[19.480s] INFO:colcon.colcon_core.plugin_system:Skipping extension 'colcon_notification.desktop_notification.terminal_notifier': Not used on non-Darwin systems
[19.480s] INFO:colcon.colcon_core.plugin_system:Skipping extension 'colcon_notification.desktop_notification.win32': Not used on non-Windows systems
[19.480s] INFO:colcon.colcon_notification.desktop_notification:Sending desktop notification using 'notify2'
[19.531s] DEBUG:colcon.colcon_core.event_reactor:joined thread
[19.531s] INFO:colcon.colcon_core.shell:Creating prefix script '/home/moekatra22/catch_them_all_turtlesim/install/local_setup.ps1'
[19.533s] INFO:colcon.colcon_core.shell:Creating prefix util module '/home/moekatra22/catch_them_all_turtlesim/install/_local_setup_util_ps1.py'
[19.535s] INFO:colcon.colcon_core.shell:Creating prefix chain script '/home/moekatra22/catch_them_all_turtlesim/install/setup.ps1'
[19.537s] INFO:colcon.colcon_core.shell:Creating prefix script '/home/moekatra22/catch_them_all_turtlesim/install/local_setup.sh'
[19.538s] INFO:colcon.colcon_core.shell:Creating prefix util module '/home/moekatra22/catch_them_all_turtlesim/install/_local_setup_util_sh.py'
[19.539s] INFO:colcon.colcon_core.shell:Creating prefix chain script '/home/moekatra22/catch_them_all_turtlesim/install/setup.sh'
[19.547s] INFO:colcon.colcon_core.shell:Creating prefix script '/home/moekatra22/catch_them_all_turtlesim/install/local_setup.bash'
[19.548s] INFO:colcon.colcon_core.shell:Creating prefix chain script '/home/moekatra22/catch_them_all_turtlesim/install/setup.bash'
[19.549s] INFO:colcon.colcon_core.shell:Creating prefix script '/home/moekatra22/catch_them_all_turtlesim/install/local_setup.zsh'
[19.550s] INFO:colcon.colcon_core.shell:Creating prefix chain script '/home/moekatra22/catch_them_all_turtlesim/install/setup.zsh'
