[0.018s] Invoking command in '/home/moekatra22/catch_them_all_turtlesim/build/cpp_pkg': CMAKE_PREFIX_PATH=${CMAKE_PREFIX_PATH}:/home/moekatra22/catch_them_all_turtlesim/install/py_pkg:/opt/ros/humble /usr/bin/cmake --build /home/moekatra22/catch_them_all_turtlesim/build/cpp_pkg -- -j4 -l4
[0.067s] [ 50%] Built target controller
[0.071s] [100%] Built target spawner
[0.078s] Invoked command in '/home/moekatra22/catch_them_all_turtlesim/build/cpp_pkg' returned '0': CMAKE_PREFIX_PATH=${CMAKE_PREFIX_PATH}:/home/moekatra22/catch_them_all_turtlesim/install/py_pkg:/opt/ros/humble /usr/bin/cmake --build /home/moekatra22/catch_them_all_turtlesim/build/cpp_pkg -- -j4 -l4
[0.105s] Invoking command in '/home/moekatra22/catch_them_all_turtlesim/build/cpp_pkg': CMAKE_PREFIX_PATH=${CMAKE_PREFIX_PATH}:/home/moekatra22/catch_them_all_turtlesim/install/py_pkg:/opt/ros/humble /usr/bin/cmake --install /home/moekatra22/catch_them_all_turtlesim/build/cpp_pkg
[0.113s] -- Install configuration: ""
[0.113s] -- Up-to-date: /home/moekatra22/catch_them_all_turtlesim/install/cpp_pkg/lib/cpp_pkg/spawner
[0.113s] -- Up-to-date: /home/moekatra22/catch_them_all_turtlesim/install/cpp_pkg/lib/cpp_pkg/controller
[0.113s] -- Up-to-date: /home/moekatra22/catch_them_all_turtlesim/install/cpp_pkg/share/ament_index/resource_index/package_run_dependencies/cpp_pkg
[0.113s] -- Up-to-date: /home/moekatra22/catch_them_all_turtlesim/install/cpp_pkg/share/ament_index/resource_index/parent_prefix_path/cpp_pkg
[0.113s] -- Up-to-date: /home/moekatra22/catch_them_all_turtlesim/install/cpp_pkg/share/cpp_pkg/environment/ament_prefix_path.sh
[0.113s] -- Up-to-date: /home/moekatra22/catch_them_all_turtlesim/install/cpp_pkg/share/cpp_pkg/environment/ament_prefix_path.dsv
[0.113s] -- Up-to-date: /home/moekatra22/catch_them_all_turtlesim/install/cpp_pkg/share/cpp_pkg/environment/path.sh
[0.113s] -- Up-to-date: /home/moekatra22/catch_them_all_turtlesim/install/cpp_pkg/share/cpp_pkg/environment/path.dsv
[0.114s] -- Up-to-date: /home/moekatra22/catch_them_all_turtlesim/install/cpp_pkg/share/cpp_pkg/local_setup.bash
[0.114s] -- Up-to-date: /home/moekatra22/catch_them_all_turtlesim/install/cpp_pkg/share/cpp_pkg/local_setup.sh
[0.114s] -- Up-to-date: /home/moekatra22/catch_them_all_turtlesim/install/cpp_pkg/share/cpp_pkg/local_setup.zsh
[0.114s] -- Up-to-date: /home/moekatra22/catch_them_all_turtlesim/install/cpp_pkg/share/cpp_pkg/local_setup.dsv
[0.114s] -- Installing: /home/moekatra22/catch_them_all_turtlesim/install/cpp_pkg/share/cpp_pkg/package.dsv
[0.115s] -- Up-to-date: /home/moekatra22/catch_them_all_turtlesim/install/cpp_pkg/share/ament_index/resource_index/packages/cpp_pkg
[0.115s] -- Up-to-date: /home/moekatra22/catch_them_all_turtlesim/install/cpp_pkg/share/cpp_pkg/cmake/cpp_pkgConfig.cmake
[0.116s] -- Up-to-date: /home/moekatra22/catch_them_all_turtlesim/install/cpp_pkg/share/cpp_pkg/cmake/cpp_pkgConfig-version.cmake
[0.116s] -- Up-to-date: /home/moekatra22/catch_them_all_turtlesim/install/cpp_pkg/share/cpp_pkg/package.xml
[0.120s] Invoked command in '/home/moekatra22/catch_them_all_turtlesim/build/cpp_pkg' returned '0': CMAKE_PREFIX_PATH=${CMAKE_PREFIX_PATH}:/home/moekatra22/catch_them_all_turtlesim/install/py_pkg:/opt/ros/humble /usr/bin/cmake --install /home/moekatra22/catch_them_all_turtlesim/build/cpp_pkg
