[0.007s] Invoking command in '/home/moekatra22/catch_them_all_turtlesim/build/launch': AMENT_PREFIX_PATH=/home/moekatra22/catch_them_all_turtlesim/install/py_pkg:/home/moekatra22/catch_them_all_turtlesim/install/turtle_interfaces:${AMENT_PREFIX_PATH} CMAKE_PREFIX_PATH=/home/moekatra22/catch_them_all_turtlesim/install/turtle_interfaces:/opt/ros/humble LD_LIBRARY_PATH=/home/moekatra22/catch_them_all_turtlesim/install/turtle_interfaces/lib:${LD_LIBRARY_PATH} PYTHONPATH=/home/moekatra22/catch_them_all_turtlesim/install/py_pkg/lib/python3.10/site-packages:/home/moekatra22/catch_them_all_turtlesim/install/turtle_interfaces/local/lib/python3.10/dist-packages:${PYTHONPATH} /usr/bin/cmake /home/moekatra22/catch_them_all_turtlesim/src/launch -DCMAKE_INSTALL_PREFIX=/home/moekatra22/catch_them_all_turtlesim/install/launch
[0.084s] -- The C compiler identification is GNU 11.4.0
[0.132s] -- The CXX compiler identification is GNU 11.4.0
[0.137s] -- Detecting C compiler ABI info
[0.192s] -- Detecting C compiler ABI info - done
[0.197s] -- Check for working C compiler: /usr/bin/cc - skipped
[0.197s] -- Detecting C compile features
[0.198s] -- Detecting C compile features - done
[0.200s] -- Detecting CXX compiler ABI info
[0.274s] -- Detecting CXX compiler ABI info - done
[0.279s] -- Check for working CXX compiler: /usr/bin/c++ - skipped
[0.279s] -- Detecting CXX compile features
[0.279s] -- Detecting CXX compile features - done
[0.281s] -- Found ament_cmake: 1.3.8 (/opt/ros/humble/share/ament_cmake/cmake)
[0.407s] -- Found Python3: /usr/bin/python3 (found version "3.10.12") found components: Interpreter 
[0.507s] -- Configuring done
[0.510s] -- Generating done
[0.511s] -- Build files have been written to: /home/moekatra22/catch_them_all_turtlesim/build/launch
[0.515s] Invoked command in '/home/moekatra22/catch_them_all_turtlesim/build/launch' returned '0': AMENT_PREFIX_PATH=/home/moekatra22/catch_them_all_turtlesim/install/py_pkg:/home/moekatra22/catch_them_all_turtlesim/install/turtle_interfaces:${AMENT_PREFIX_PATH} CMAKE_PREFIX_PATH=/home/moekatra22/catch_them_all_turtlesim/install/turtle_interfaces:/opt/ros/humble LD_LIBRARY_PATH=/home/moekatra22/catch_them_all_turtlesim/install/turtle_interfaces/lib:${LD_LIBRARY_PATH} PYTHONPATH=/home/moekatra22/catch_them_all_turtlesim/install/py_pkg/lib/python3.10/site-packages:/home/moekatra22/catch_them_all_turtlesim/install/turtle_interfaces/local/lib/python3.10/dist-packages:${PYTHONPATH} /usr/bin/cmake /home/moekatra22/catch_them_all_turtlesim/src/launch -DCMAKE_INSTALL_PREFIX=/home/moekatra22/catch_them_all_turtlesim/install/launch
[0.517s] Invoking command in '/home/moekatra22/catch_them_all_turtlesim/build/launch': AMENT_PREFIX_PATH=/home/moekatra22/catch_them_all_turtlesim/install/py_pkg:/home/moekatra22/catch_them_all_turtlesim/install/turtle_interfaces:${AMENT_PREFIX_PATH} CMAKE_PREFIX_PATH=/home/moekatra22/catch_them_all_turtlesim/install/turtle_interfaces:/opt/ros/humble LD_LIBRARY_PATH=/home/moekatra22/catch_them_all_turtlesim/install/turtle_interfaces/lib:${LD_LIBRARY_PATH} PYTHONPATH=/home/moekatra22/catch_them_all_turtlesim/install/py_pkg/lib/python3.10/site-packages:/home/moekatra22/catch_them_all_turtlesim/install/turtle_interfaces/local/lib/python3.10/dist-packages:${PYTHONPATH} /usr/bin/cmake --build /home/moekatra22/catch_them_all_turtlesim/build/launch -- -j4 -l4
[0.540s] Invoked command in '/home/moekatra22/catch_them_all_turtlesim/build/launch' returned '0': AMENT_PREFIX_PATH=/home/moekatra22/catch_them_all_turtlesim/install/py_pkg:/home/moekatra22/catch_them_all_turtlesim/install/turtle_interfaces:${AMENT_PREFIX_PATH} CMAKE_PREFIX_PATH=/home/moekatra22/catch_them_all_turtlesim/install/turtle_interfaces:/opt/ros/humble LD_LIBRARY_PATH=/home/moekatra22/catch_them_all_turtlesim/install/turtle_interfaces/lib:${LD_LIBRARY_PATH} PYTHONPATH=/home/moekatra22/catch_them_all_turtlesim/install/py_pkg/lib/python3.10/site-packages:/home/moekatra22/catch_them_all_turtlesim/install/turtle_interfaces/local/lib/python3.10/dist-packages:${PYTHONPATH} /usr/bin/cmake --build /home/moekatra22/catch_them_all_turtlesim/build/launch -- -j4 -l4
[0.556s] Invoking command in '/home/moekatra22/catch_them_all_turtlesim/build/launch': AMENT_PREFIX_PATH=/home/moekatra22/catch_them_all_turtlesim/install/py_pkg:/home/moekatra22/catch_them_all_turtlesim/install/turtle_interfaces:${AMENT_PREFIX_PATH} CMAKE_PREFIX_PATH=/home/moekatra22/catch_them_all_turtlesim/install/turtle_interfaces:/opt/ros/humble LD_LIBRARY_PATH=/home/moekatra22/catch_them_all_turtlesim/install/turtle_interfaces/lib:${LD_LIBRARY_PATH} PYTHONPATH=/home/moekatra22/catch_them_all_turtlesim/install/py_pkg/lib/python3.10/site-packages:/home/moekatra22/catch_them_all_turtlesim/install/turtle_interfaces/local/lib/python3.10/dist-packages:${PYTHONPATH} /usr/bin/cmake --install /home/moekatra22/catch_them_all_turtlesim/build/launch
[0.561s] -- Install configuration: ""
[0.561s] -- Installing: /home/moekatra22/catch_them_all_turtlesim/install/launch/share/launch/launch
[0.561s] -- Installing: /home/moekatra22/catch_them_all_turtlesim/install/launch/share/launch/launch/catch_them_all.launch.py
[0.561s] -- Installing: /home/moekatra22/catch_them_all_turtlesim/install/launch/share/ament_index/resource_index/package_run_dependencies/launch
[0.561s] -- Installing: /home/moekatra22/catch_them_all_turtlesim/install/launch/share/ament_index/resource_index/parent_prefix_path/launch
[0.562s] -- Installing: /home/moekatra22/catch_them_all_turtlesim/install/launch/share/launch/environment/ament_prefix_path.sh
[0.562s] -- Installing: /home/moekatra22/catch_them_all_turtlesim/install/launch/share/launch/environment/ament_prefix_path.dsv
[0.562s] -- Installing: /home/moekatra22/catch_them_all_turtlesim/install/launch/share/launch/environment/path.sh
[0.562s] -- Installing: /home/moekatra22/catch_them_all_turtlesim/install/launch/share/launch/environment/path.dsv
[0.562s] -- Installing: /home/moekatra22/catch_them_all_turtlesim/install/launch/share/launch/local_setup.bash
[0.563s] -- Installing: /home/moekatra22/catch_them_all_turtlesim/install/launch/share/launch/local_setup.sh
[0.563s] -- Installing: /home/moekatra22/catch_them_all_turtlesim/install/launch/share/launch/local_setup.zsh
[0.563s] -- Installing: /home/moekatra22/catch_them_all_turtlesim/install/launch/share/launch/local_setup.dsv
[0.563s] -- Installing: /home/moekatra22/catch_them_all_turtlesim/install/launch/share/launch/package.dsv
[0.563s] -- Installing: /home/moekatra22/catch_them_all_turtlesim/install/launch/share/ament_index/resource_index/packages/launch
[0.563s] -- Installing: /home/moekatra22/catch_them_all_turtlesim/install/launch/share/launch/cmake/launchConfig.cmake
[0.563s] -- Installing: /home/moekatra22/catch_them_all_turtlesim/install/launch/share/launch/cmake/launchConfig-version.cmake
[0.564s] -- Installing: /home/moekatra22/catch_them_all_turtlesim/install/launch/share/launch/package.xml
[0.565s] Invoked command in '/home/moekatra22/catch_them_all_turtlesim/build/launch' returned '0': AMENT_PREFIX_PATH=/home/moekatra22/catch_them_all_turtlesim/install/py_pkg:/home/moekatra22/catch_them_all_turtlesim/install/turtle_interfaces:${AMENT_PREFIX_PATH} CMAKE_PREFIX_PATH=/home/moekatra22/catch_them_all_turtlesim/install/turtle_interfaces:/opt/ros/humble LD_LIBRARY_PATH=/home/moekatra22/catch_them_all_turtlesim/install/turtle_interfaces/lib:${LD_LIBRARY_PATH} PYTHONPATH=/home/moekatra22/catch_them_all_turtlesim/install/py_pkg/lib/python3.10/site-packages:/home/moekatra22/catch_them_all_turtlesim/install/turtle_interfaces/local/lib/python3.10/dist-packages:${PYTHONPATH} /usr/bin/cmake --install /home/moekatra22/catch_them_all_turtlesim/build/launch
