[0.000000] (-) TimerEvent: {}
[0.000319] (turtle_interfaces) JobQueued: {'identifier': 'turtle_interfaces', 'dependencies': OrderedDict()}
[0.000506] (py_pkg) JobQueued: {'identifier': 'py_pkg', 'dependencies': OrderedDict([('turtle_interfaces', '/home/moekatra22/catch_them_all_turtlesim/install/turtle_interfaces')])}
[0.000551] (launch) JobQueued: {'identifier': 'launch', 'dependencies': OrderedDict([('turtle_interfaces', '/home/moekatra22/catch_them_all_turtlesim/install/turtle_interfaces'), ('py_pkg', '/home/moekatra22/catch_them_all_turtlesim/install/py_pkg')])}
[0.000645] (turtle_interfaces) JobStarted: {'identifier': 'turtle_interfaces'}
[0.005371] (turtle_interfaces) JobProgress: {'identifier': 'turtle_interfaces', 'progress': 'cmake'}
[0.006141] (turtle_interfaces) JobProgress: {'identifier': 'turtle_interfaces', 'progress': 'build'}
[0.006177] (turtle_interfaces) Command: {'cmd': ['/usr/bin/cmake', '--build', '/home/moekatra22/catch_them_all_turtlesim/build/turtle_interfaces', '--', '-j4', '-l4'], 'cwd': '/home/moekatra22/catch_them_all_turtlesim/build/turtle_interfaces', 'env': OrderedDict([('USER', 'moekatra22'), ('LC_TIME', 'ar_LB.UTF-8'), ('XDG_SESSION_TYPE', 'wayland'), ('SHLVL', '1'), ('LD_LIBRARY_PATH', '/home/moekatra22/catch_them_all_turtlesim/install/turtle_interfaces/lib:/opt/ros/humble/opt/rviz_ogre_vendor/lib:/opt/ros/humble/lib/aarch64-linux-gnu:/opt/ros/humble/lib'), ('HOME', '/home/moekatra22'), ('OLDPWD', '/home/moekatra22'), ('DESKTOP_SESSION', 'ubuntu'), ('ROS_PYTHON_VERSION', '3'), ('GNOME_SHELL_SESSION_MODE', 'ubuntu'), ('GTK_MODULES', 'gail:atk-bridge'), ('LC_MONETARY', 'ar_LB.UTF-8'), ('SYSTEMD_EXEC_PID', '1217'), ('DBUS_SESSION_BUS_ADDRESS', 'unix:path=/run/user/1000/bus'), ('COLORTERM', 'truecolor'), ('IM_CONFIG_PHASE', '1'), ('WAYLAND_DISPLAY', 'wayland-0'), ('COLCON_PREFIX_PATH', '/home/moekatra22/catch_them_all_turtlesim/install'), ('ROS_DISTRO', 'humble'), ('LOGNAME', 'moekatra22'), ('_', '/usr/bin/colcon'), ('ROS_VERSION', '2'), ('XDG_SESSION_CLASS', 'user'), ('USERNAME', 'moekatra22'), ('TERM', 'xterm-256color'), ('GNOME_DESKTOP_SESSION_ID', 'this-is-deprecated'), ('ROS_LOCALHOST_ONLY', '0'), ('PATH', '/opt/ros/humble/bin:/usr/local/sbin:/usr/local/bin:/usr/sbin:/usr/bin:/sbin:/bin:/usr/games:/usr/local/games:/snap/bin:/snap/bin'), ('SESSION_MANAGER', 'local/moekatra22-QEMU-Virtual-Machine:@/tmp/.ICE-unix/1176,unix/moekatra22-QEMU-Virtual-Machine:/tmp/.ICE-unix/1176'), ('XDG_MENU_PREFIX', 'gnome-'), ('LC_ADDRESS', 'ar_LB.UTF-8'), ('GNOME_TERMINAL_SCREEN', '/org/gnome/Terminal/screen/352d06b1_8c07_4430_a633_869fe91f8b37'), ('GNOME_SETUP_DISPLAY', ':1'), ('XDG_RUNTIME_DIR', '/run/user/1000'), ('DISPLAY', ':0'), ('LANG', 'en_US.UTF-8'), ('XDG_CURRENT_DESKTOP', 'ubuntu:GNOME'), ('LC_TELEPHONE', 'ar_LB.UTF-8'), ('XMODIFIERS', '@im=ibus'), ('XDG_SESSION_DESKTOP', 'ubuntu'), ('XAUTHORITY', '/run/user/1000/.mutter-Xwaylandauth.YKPRM2'), ('GNOME_TERMINAL_SERVICE', ':1.93'), ('SSH_AGENT_LAUNCHER', 'gnome-keyring'), ('SSH_AUTH_SOCK', '/run/user/1000/keyring/ssh'), ('AMENT_PREFIX_PATH', '/home/moekatra22/catch_them_all_turtlesim/install/launch:/home/moekatra22/catch_them_all_turtlesim/install/py_pkg:/home/moekatra22/catch_them_all_turtlesim/install/turtle_interfaces:/opt/ros/humble'), ('SHELL', '/bin/bash'), ('LC_NAME', 'ar_LB.UTF-8'), ('QT_ACCESSIBILITY', '1'), ('GDMSESSION', 'ubuntu'), ('LC_MEASUREMENT', 'ar_LB.UTF-8'), ('LC_IDENTIFICATION', 'ar_LB.UTF-8'), ('QT_IM_MODULE', 'ibus'), ('PWD', '/home/moekatra22/catch_them_all_turtlesim/build/turtle_interfaces'), ('LC_ALL', 'en_US.UTF-8'), ('XDG_CONFIG_DIRS', '/etc/xdg/xdg-ubuntu:/etc/xdg'), ('XDG_DATA_DIRS', '/usr/share/ubuntu:/usr/local/share/:/usr/share/:/var/lib/snapd/desktop'), ('PYTHONPATH', '/home/moekatra22/catch_them_all_turtlesim/install/py_pkg/lib/python3.10/site-packages:/home/moekatra22/catch_them_all_turtlesim/install/turtle_interfaces/local/lib/python3.10/dist-packages:/opt/ros/humble/lib/python3.10/site-packages:/opt/ros/humble/local/lib/python3.10/dist-packages'), ('LC_NUMERIC', 'ar_LB.UTF-8'), ('LC_PAPER', 'ar_LB.UTF-8'), ('COLCON', '1'), ('VTE_VERSION', '6800'), ('CMAKE_PREFIX_PATH', '/home/moekatra22/catch_them_all_turtlesim/install/launch:/home/moekatra22/catch_them_all_turtlesim/install/turtle_interfaces:/home/moekatra22/catch_them_all_turtlesim/install/py_pkg:/opt/ros/humble')]), 'shell': False}
[0.059160] (turtle_interfaces) StdoutLine: {'line': b'[  2%] Built target turtle_interfaces__cpp\n'}
[0.060656] (turtle_interfaces) StdoutLine: {'line': b'[ 12%] Built target turtle_interfaces__rosidl_generator_c\n'}
[0.069280] (turtle_interfaces) StdoutLine: {'line': b'[ 12%] Built target ament_cmake_python_copy_turtle_interfaces\n'}
[0.080254] (turtle_interfaces) StdoutLine: {'line': b'[ 23%] Built target turtle_interfaces__rosidl_typesupport_cpp\n'}
[0.081431] (turtle_interfaces) StdoutLine: {'line': b'[ 34%] Built target turtle_interfaces__rosidl_typesupport_introspection_c\n'}
[0.081830] (turtle_interfaces) StdoutLine: {'line': b'[ 44%] Built target turtle_interfaces__rosidl_typesupport_fastrtps_c\n'}
[0.092000] (turtle_interfaces) StdoutLine: {'line': b'[ 55%] Built target turtle_interfaces__rosidl_typesupport_c\n'}
[0.095930] (turtle_interfaces) StdoutLine: {'line': b'[ 65%] Built target turtle_interfaces__rosidl_typesupport_fastrtps_cpp\n'}
[0.096258] (turtle_interfaces) StdoutLine: {'line': b'[ 76%] Built target turtle_interfaces__rosidl_typesupport_introspection_cpp\n'}
[0.099453] (-) TimerEvent: {}
[0.107880] (turtle_interfaces) StdoutLine: {'line': b'[ 76%] Built target turtle_interfaces\n'}
[0.120782] (turtle_interfaces) StdoutLine: {'line': b'[ 78%] Built target turtle_interfaces__py\n'}
[0.140522] (turtle_interfaces) StdoutLine: {'line': b'[ 87%] Built target turtle_interfaces__rosidl_generator_py\n'}
[0.159616] (turtle_interfaces) StdoutLine: {'line': b'[ 95%] Built target turtle_interfaces__rosidl_typesupport_fastrtps_c__pyext\n'}
[0.159848] (turtle_interfaces) StdoutLine: {'line': b'[ 95%] Built target turtle_interfaces__rosidl_typesupport_c__pyext\n'}
[0.160928] (turtle_interfaces) StdoutLine: {'line': b'[100%] Built target turtle_interfaces__rosidl_typesupport_introspection_c__pyext\n'}
[0.200013] (-) TimerEvent: {}
[0.237000] (turtle_interfaces) StdoutLine: {'line': b'running egg_info\n'}
[0.237162] (turtle_interfaces) StdoutLine: {'line': b'writing turtle_interfaces.egg-info/PKG-INFO\n'}
[0.237230] (turtle_interfaces) StdoutLine: {'line': b'writing dependency_links to turtle_interfaces.egg-info/dependency_links.txt\n'}
[0.237329] (turtle_interfaces) StdoutLine: {'line': b'writing top-level names to turtle_interfaces.egg-info/top_level.txt\n'}
[0.237478] (turtle_interfaces) StdoutLine: {'line': b"reading manifest file 'turtle_interfaces.egg-info/SOURCES.txt'\n"}
[0.237753] (turtle_interfaces) StdoutLine: {'line': b"writing manifest file 'turtle_interfaces.egg-info/SOURCES.txt'\n"}
[0.252158] (turtle_interfaces) StdoutLine: {'line': b'[100%] Built target ament_cmake_python_build_turtle_interfaces_egg\n'}
[0.259087] (turtle_interfaces) CommandEnded: {'returncode': 0}
[0.300097] (-) TimerEvent: {}
[0.309562] (turtle_interfaces) JobProgress: {'identifier': 'turtle_interfaces', 'progress': 'install'}
[0.314960] (turtle_interfaces) Command: {'cmd': ['/usr/bin/cmake', '--install', '/home/moekatra22/catch_them_all_turtlesim/build/turtle_interfaces'], 'cwd': '/home/moekatra22/catch_them_all_turtlesim/build/turtle_interfaces', 'env': OrderedDict([('USER', 'moekatra22'), ('LC_TIME', 'ar_LB.UTF-8'), ('XDG_SESSION_TYPE', 'wayland'), ('SHLVL', '1'), ('LD_LIBRARY_PATH', '/home/moekatra22/catch_them_all_turtlesim/install/turtle_interfaces/lib:/opt/ros/humble/opt/rviz_ogre_vendor/lib:/opt/ros/humble/lib/aarch64-linux-gnu:/opt/ros/humble/lib'), ('HOME', '/home/moekatra22'), ('OLDPWD', '/home/moekatra22'), ('DESKTOP_SESSION', 'ubuntu'), ('ROS_PYTHON_VERSION', '3'), ('GNOME_SHELL_SESSION_MODE', 'ubuntu'), ('GTK_MODULES', 'gail:atk-bridge'), ('LC_MONETARY', 'ar_LB.UTF-8'), ('SYSTEMD_EXEC_PID', '1217'), ('DBUS_SESSION_BUS_ADDRESS', 'unix:path=/run/user/1000/bus'), ('COLORTERM', 'truecolor'), ('IM_CONFIG_PHASE', '1'), ('WAYLAND_DISPLAY', 'wayland-0'), ('COLCON_PREFIX_PATH', '/home/moekatra22/catch_them_all_turtlesim/install'), ('ROS_DISTRO', 'humble'), ('LOGNAME', 'moekatra22'), ('_', '/usr/bin/colcon'), ('ROS_VERSION', '2'), ('XDG_SESSION_CLASS', 'user'), ('USERNAME', 'moekatra22'), ('TERM', 'xterm-256color'), ('GNOME_DESKTOP_SESSION_ID', 'this-is-deprecated'), ('ROS_LOCALHOST_ONLY', '0'), ('PATH', '/opt/ros/humble/bin:/usr/local/sbin:/usr/local/bin:/usr/sbin:/usr/bin:/sbin:/bin:/usr/games:/usr/local/games:/snap/bin:/snap/bin'), ('SESSION_MANAGER', 'local/moekatra22-QEMU-Virtual-Machine:@/tmp/.ICE-unix/1176,unix/moekatra22-QEMU-Virtual-Machine:/tmp/.ICE-unix/1176'), ('XDG_MENU_PREFIX', 'gnome-'), ('LC_ADDRESS', 'ar_LB.UTF-8'), ('GNOME_TERMINAL_SCREEN', '/org/gnome/Terminal/screen/352d06b1_8c07_4430_a633_869fe91f8b37'), ('GNOME_SETUP_DISPLAY', ':1'), ('XDG_RUNTIME_DIR', '/run/user/1000'), ('DISPLAY', ':0'), ('LANG', 'en_US.UTF-8'), ('XDG_CURRENT_DESKTOP', 'ubuntu:GNOME'), ('LC_TELEPHONE', 'ar_LB.UTF-8'), ('XMODIFIERS', '@im=ibus'), ('XDG_SESSION_DESKTOP', 'ubuntu'), ('XAUTHORITY', '/run/user/1000/.mutter-Xwaylandauth.YKPRM2'), ('GNOME_TERMINAL_SERVICE', ':1.93'), ('SSH_AGENT_LAUNCHER', 'gnome-keyring'), ('SSH_AUTH_SOCK', '/run/user/1000/keyring/ssh'), ('AMENT_PREFIX_PATH', '/home/moekatra22/catch_them_all_turtlesim/install/launch:/home/moekatra22/catch_them_all_turtlesim/install/py_pkg:/home/moekatra22/catch_them_all_turtlesim/install/turtle_interfaces:/opt/ros/humble'), ('SHELL', '/bin/bash'), ('LC_NAME', 'ar_LB.UTF-8'), ('QT_ACCESSIBILITY', '1'), ('GDMSESSION', 'ubuntu'), ('LC_MEASUREMENT', 'ar_LB.UTF-8'), ('LC_IDENTIFICATION', 'ar_LB.UTF-8'), ('QT_IM_MODULE', 'ibus'), ('PWD', '/home/moekatra22/catch_them_all_turtlesim/build/turtle_interfaces'), ('LC_ALL', 'en_US.UTF-8'), ('XDG_CONFIG_DIRS', '/etc/xdg/xdg-ubuntu:/etc/xdg'), ('XDG_DATA_DIRS', '/usr/share/ubuntu:/usr/local/share/:/usr/share/:/var/lib/snapd/desktop'), ('PYTHONPATH', '/home/moekatra22/catch_them_all_turtlesim/install/py_pkg/lib/python3.10/site-packages:/home/moekatra22/catch_them_all_turtlesim/install/turtle_interfaces/local/lib/python3.10/dist-packages:/opt/ros/humble/lib/python3.10/site-packages:/opt/ros/humble/local/lib/python3.10/dist-packages'), ('LC_NUMERIC', 'ar_LB.UTF-8'), ('LC_PAPER', 'ar_LB.UTF-8'), ('COLCON', '1'), ('VTE_VERSION', '6800'), ('CMAKE_PREFIX_PATH', '/home/moekatra22/catch_them_all_turtlesim/install/launch:/home/moekatra22/catch_them_all_turtlesim/install/turtle_interfaces:/home/moekatra22/catch_them_all_turtlesim/install/py_pkg:/opt/ros/humble')]), 'shell': False}
[0.319956] (turtle_interfaces) StdoutLine: {'line': b'-- Install configuration: ""\n'}
[0.320213] (turtle_interfaces) StdoutLine: {'line': b'-- Up-to-date: /home/moekatra22/catch_them_all_turtlesim/install/turtle_interfaces/share/ament_index/resource_index/rosidl_interfaces/turtle_interfaces\n'}
[0.320259] (turtle_interfaces) StdoutLine: {'line': b'-- Up-to-date: /home/moekatra22/catch_them_all_turtlesim/install/turtle_interfaces/include/turtle_interfaces/turtle_interfaces\n'}
[0.320311] (turtle_interfaces) StdoutLine: {'line': b'-- Up-to-date: /home/moekatra22/catch_them_all_turtlesim/install/turtle_interfaces/include/turtle_interfaces/turtle_interfaces/msg\n'}
[0.320389] (turtle_interfaces) StdoutLine: {'line': b'-- Up-to-date: /home/moekatra22/catch_them_all_turtlesim/install/turtle_interfaces/include/turtle_interfaces/turtle_interfaces/msg/detail\n'}
[0.320425] (turtle_interfaces) StdoutLine: {'line': b'-- Up-to-date: /home/moekatra22/catch_them_all_turtlesim/install/turtle_interfaces/include/turtle_interfaces/turtle_interfaces/msg/detail/turtle_array__type_support.h\n'}
[0.320456] (turtle_interfaces) StdoutLine: {'line': b'-- Up-to-date: /home/moekatra22/catch_them_all_turtlesim/install/turtle_interfaces/include/turtle_interfaces/turtle_interfaces/msg/detail/turtle__struct.h\n'}
[0.320486] (turtle_interfaces) StdoutLine: {'line': b'-- Up-to-date: /home/moekatra22/catch_them_all_turtlesim/install/turtle_interfaces/include/turtle_interfaces/turtle_interfaces/msg/detail/turtle__functions.h\n'}
[0.320537] (turtle_interfaces) StdoutLine: {'line': b'-- Up-to-date: /home/moekatra22/catch_them_all_turtlesim/install/turtle_interfaces/include/turtle_interfaces/turtle_interfaces/msg/detail/turtle__functions.c\n'}
[0.320580] (turtle_interfaces) StdoutLine: {'line': b'-- Up-to-date: /home/moekatra22/catch_them_all_turtlesim/install/turtle_interfaces/include/turtle_interfaces/turtle_interfaces/msg/detail/turtle_array__functions.c\n'}
[0.320609] (turtle_interfaces) StdoutLine: {'line': b'-- Up-to-date: /home/moekatra22/catch_them_all_turtlesim/install/turtle_interfaces/include/turtle_interfaces/turtle_interfaces/msg/detail/turtle_array__functions.h\n'}
[0.320644] (turtle_interfaces) StdoutLine: {'line': b'-- Up-to-date: /home/moekatra22/catch_them_all_turtlesim/install/turtle_interfaces/include/turtle_interfaces/turtle_interfaces/msg/detail/turtle_array__struct.h\n'}
[0.320687] (turtle_interfaces) StdoutLine: {'line': b'-- Up-to-date: /home/moekatra22/catch_them_all_turtlesim/install/turtle_interfaces/include/turtle_interfaces/turtle_interfaces/msg/detail/turtle__type_support.h\n'}
[0.320716] (turtle_interfaces) StdoutLine: {'line': b'-- Up-to-date: /home/moekatra22/catch_them_all_turtlesim/install/turtle_interfaces/include/turtle_interfaces/turtle_interfaces/msg/turtle.h\n'}
[0.320745] (turtle_interfaces) StdoutLine: {'line': b'-- Up-to-date: /home/moekatra22/catch_them_all_turtlesim/install/turtle_interfaces/include/turtle_interfaces/turtle_interfaces/msg/turtle_array.h\n'}
[0.320775] (turtle_interfaces) StdoutLine: {'line': b'-- Up-to-date: /home/moekatra22/catch_them_all_turtlesim/install/turtle_interfaces/include/turtle_interfaces/turtle_interfaces/msg/rosidl_generator_c__visibility_control.h\n'}
[0.320804] (turtle_interfaces) StdoutLine: {'line': b'-- Up-to-date: /home/moekatra22/catch_them_all_turtlesim/install/turtle_interfaces/include/turtle_interfaces/turtle_interfaces/srv\n'}
[0.320846] (turtle_interfaces) StdoutLine: {'line': b'-- Up-to-date: /home/moekatra22/catch_them_all_turtlesim/install/turtle_interfaces/include/turtle_interfaces/turtle_interfaces/srv/detail\n'}
[0.320889] (turtle_interfaces) StdoutLine: {'line': b'-- Up-to-date: /home/moekatra22/catch_them_all_turtlesim/install/turtle_interfaces/include/turtle_interfaces/turtle_interfaces/srv/detail/catch_turtle__functions.h\n'}
[0.320920] (turtle_interfaces) StdoutLine: {'line': b'-- Up-to-date: /home/moekatra22/catch_them_all_turtlesim/install/turtle_interfaces/include/turtle_interfaces/turtle_interfaces/srv/detail/catch_turtle__struct.h\n'}
[0.320957] (turtle_interfaces) StdoutLine: {'line': b'-- Up-to-date: /home/moekatra22/catch_them_all_turtlesim/install/turtle_interfaces/include/turtle_interfaces/turtle_interfaces/srv/detail/catch_turtle__type_support.h\n'}
[0.321057] (turtle_interfaces) StdoutLine: {'line': b'-- Up-to-date: /home/moekatra22/catch_them_all_turtlesim/install/turtle_interfaces/include/turtle_interfaces/turtle_interfaces/srv/detail/catch_turtle__functions.c\n'}
[0.321235] (turtle_interfaces) StdoutLine: {'line': b'-- Up-to-date: /home/moekatra22/catch_them_all_turtlesim/install/turtle_interfaces/include/turtle_interfaces/turtle_interfaces/srv/catch_turtle.h\n'}
[0.321305] (turtle_interfaces) StdoutLine: {'line': b'-- Up-to-date: /home/moekatra22/catch_them_all_turtlesim/install/turtle_interfaces/share/turtle_interfaces/environment/library_path.sh\n'}
[0.321349] (turtle_interfaces) StdoutLine: {'line': b'-- Up-to-date: /home/moekatra22/catch_them_all_turtlesim/install/turtle_interfaces/share/turtle_interfaces/environment/library_path.dsv\n'}
[0.321378] (turtle_interfaces) StdoutLine: {'line': b'-- Up-to-date: /home/moekatra22/catch_them_all_turtlesim/install/turtle_interfaces/lib/libturtle_interfaces__rosidl_generator_c.so\n'}
[0.321408] (turtle_interfaces) StdoutLine: {'line': b'-- Up-to-date: /home/moekatra22/catch_them_all_turtlesim/install/turtle_interfaces/include/turtle_interfaces/turtle_interfaces\n'}
[0.321437] (turtle_interfaces) StdoutLine: {'line': b'-- Up-to-date: /home/moekatra22/catch_them_all_turtlesim/install/turtle_interfaces/include/turtle_interfaces/turtle_interfaces/msg\n'}
[0.321470] (turtle_interfaces) StdoutLine: {'line': b'-- Up-to-date: /home/moekatra22/catch_them_all_turtlesim/install/turtle_interfaces/include/turtle_interfaces/turtle_interfaces/msg/detail\n'}
[0.321515] (turtle_interfaces) StdoutLine: {'line': b'-- Up-to-date: /home/moekatra22/catch_them_all_turtlesim/install/turtle_interfaces/include/turtle_interfaces/turtle_interfaces/msg/detail/turtle__rosidl_typesupport_fastrtps_c.h\n'}
[0.321553] (turtle_interfaces) StdoutLine: {'line': b'-- Up-to-date: /home/moekatra22/catch_them_all_turtlesim/install/turtle_interfaces/include/turtle_interfaces/turtle_interfaces/msg/detail/turtle_array__rosidl_typesupport_fastrtps_c.h\n'}
[0.321582] (turtle_interfaces) StdoutLine: {'line': b'-- Up-to-date: /home/moekatra22/catch_them_all_turtlesim/install/turtle_interfaces/include/turtle_interfaces/turtle_interfaces/msg/rosidl_typesupport_fastrtps_c__visibility_control.h\n'}
[0.321611] (turtle_interfaces) StdoutLine: {'line': b'-- Up-to-date: /home/moekatra22/catch_them_all_turtlesim/install/turtle_interfaces/include/turtle_interfaces/turtle_interfaces/srv\n'}
[0.321639] (turtle_interfaces) StdoutLine: {'line': b'-- Up-to-date: /home/moekatra22/catch_them_all_turtlesim/install/turtle_interfaces/include/turtle_interfaces/turtle_interfaces/srv/detail\n'}
[0.321680] (turtle_interfaces) StdoutLine: {'line': b'-- Up-to-date: /home/moekatra22/catch_them_all_turtlesim/install/turtle_interfaces/include/turtle_interfaces/turtle_interfaces/srv/detail/catch_turtle__rosidl_typesupport_fastrtps_c.h\n'}
[0.321724] (turtle_interfaces) StdoutLine: {'line': b'-- Up-to-date: /home/moekatra22/catch_them_all_turtlesim/install/turtle_interfaces/lib/libturtle_interfaces__rosidl_typesupport_fastrtps_c.so\n'}
[0.321755] (turtle_interfaces) StdoutLine: {'line': b'-- Up-to-date: /home/moekatra22/catch_them_all_turtlesim/install/turtle_interfaces/include/turtle_interfaces/turtle_interfaces\n'}
[0.321824] (turtle_interfaces) StdoutLine: {'line': b'-- Up-to-date: /home/moekatra22/catch_them_all_turtlesim/install/turtle_interfaces/include/turtle_interfaces/turtle_interfaces/msg\n'}
[0.321902] (turtle_interfaces) StdoutLine: {'line': b'-- Up-to-date: /home/moekatra22/catch_them_all_turtlesim/install/turtle_interfaces/include/turtle_interfaces/turtle_interfaces/msg/detail\n'}
[0.321949] (turtle_interfaces) StdoutLine: {'line': b'-- Up-to-date: /home/moekatra22/catch_them_all_turtlesim/install/turtle_interfaces/include/turtle_interfaces/turtle_interfaces/msg/detail/turtle_array__type_support.c\n'}
[0.321980] (turtle_interfaces) StdoutLine: {'line': b'-- Up-to-date: /home/moekatra22/catch_them_all_turtlesim/install/turtle_interfaces/include/turtle_interfaces/turtle_interfaces/msg/detail/turtle_array__rosidl_typesupport_introspection_c.h\n'}
[0.322010] (turtle_interfaces) StdoutLine: {'line': b'-- Up-to-date: /home/moekatra22/catch_them_all_turtlesim/install/turtle_interfaces/include/turtle_interfaces/turtle_interfaces/msg/detail/turtle__type_support.c\n'}
[0.322039] (turtle_interfaces) StdoutLine: {'line': b'-- Up-to-date: /home/moekatra22/catch_them_all_turtlesim/install/turtle_interfaces/include/turtle_interfaces/turtle_interfaces/msg/detail/turtle__rosidl_typesupport_introspection_c.h\n'}
[0.322068] (turtle_interfaces) StdoutLine: {'line': b'-- Up-to-date: /home/moekatra22/catch_them_all_turtlesim/install/turtle_interfaces/include/turtle_interfaces/turtle_interfaces/msg/rosidl_typesupport_introspection_c__visibility_control.h\n'}
[0.322097] (turtle_interfaces) StdoutLine: {'line': b'-- Up-to-date: /home/moekatra22/catch_them_all_turtlesim/install/turtle_interfaces/include/turtle_interfaces/turtle_interfaces/srv\n'}
[0.322142] (turtle_interfaces) StdoutLine: {'line': b'-- Up-to-date: /home/moekatra22/catch_them_all_turtlesim/install/turtle_interfaces/include/turtle_interfaces/turtle_interfaces/srv/detail\n'}
[0.322186] (turtle_interfaces) StdoutLine: {'line': b'-- Up-to-date: /home/moekatra22/catch_them_all_turtlesim/install/turtle_interfaces/include/turtle_interfaces/turtle_interfaces/srv/detail/catch_turtle__rosidl_typesupport_introspection_c.h\n'}
[0.322226] (turtle_interfaces) StdoutLine: {'line': b'-- Up-to-date: /home/moekatra22/catch_them_all_turtlesim/install/turtle_interfaces/include/turtle_interfaces/turtle_interfaces/srv/detail/catch_turtle__type_support.c\n'}
[0.322255] (turtle_interfaces) StdoutLine: {'line': b'-- Up-to-date: /home/moekatra22/catch_them_all_turtlesim/install/turtle_interfaces/lib/libturtle_interfaces__rosidl_typesupport_introspection_c.so\n'}
[0.322296] (turtle_interfaces) StdoutLine: {'line': b'-- Up-to-date: /home/moekatra22/catch_them_all_turtlesim/install/turtle_interfaces/lib/libturtle_interfaces__rosidl_typesupport_c.so\n'}
[0.322340] (turtle_interfaces) StdoutLine: {'line': b'-- Up-to-date: /home/moekatra22/catch_them_all_turtlesim/install/turtle_interfaces/include/turtle_interfaces/turtle_interfaces\n'}
[0.322419] (turtle_interfaces) StdoutLine: {'line': b'-- Up-to-date: /home/moekatra22/catch_them_all_turtlesim/install/turtle_interfaces/include/turtle_interfaces/turtle_interfaces/msg\n'}
[0.322469] (turtle_interfaces) StdoutLine: {'line': b'-- Up-to-date: /home/moekatra22/catch_them_all_turtlesim/install/turtle_interfaces/include/turtle_interfaces/turtle_interfaces/msg/turtle.hpp\n'}
[0.322507] (turtle_interfaces) StdoutLine: {'line': b'-- Up-to-date: /home/moekatra22/catch_them_all_turtlesim/install/turtle_interfaces/include/turtle_interfaces/turtle_interfaces/msg/detail\n'}
[0.322545] (turtle_interfaces) StdoutLine: {'line': b'-- Up-to-date: /home/moekatra22/catch_them_all_turtlesim/install/turtle_interfaces/include/turtle_interfaces/turtle_interfaces/msg/detail/turtle__struct.hpp\n'}
[0.322579] (turtle_interfaces) StdoutLine: {'line': b'-- Up-to-date: /home/moekatra22/catch_them_all_turtlesim/install/turtle_interfaces/include/turtle_interfaces/turtle_interfaces/msg/detail/turtle_array__builder.hpp\n'}
[0.322607] (turtle_interfaces) StdoutLine: {'line': b'-- Up-to-date: /home/moekatra22/catch_them_all_turtlesim/install/turtle_interfaces/include/turtle_interfaces/turtle_interfaces/msg/detail/turtle_array__traits.hpp\n'}
[0.322637] (turtle_interfaces) StdoutLine: {'line': b'-- Up-to-date: /home/moekatra22/catch_them_all_turtlesim/install/turtle_interfaces/include/turtle_interfaces/turtle_interfaces/msg/detail/turtle_array__struct.hpp\n'}
[0.322665] (turtle_interfaces) StdoutLine: {'line': b'-- Up-to-date: /home/moekatra22/catch_them_all_turtlesim/install/turtle_interfaces/include/turtle_interfaces/turtle_interfaces/msg/detail/turtle__builder.hpp\n'}
[0.322694] (turtle_interfaces) StdoutLine: {'line': b'-- Up-to-date: /home/moekatra22/catch_them_all_turtlesim/install/turtle_interfaces/include/turtle_interfaces/turtle_interfaces/msg/detail/turtle__traits.hpp\n'}
[0.322723] (turtle_interfaces) StdoutLine: {'line': b'-- Up-to-date: /home/moekatra22/catch_them_all_turtlesim/install/turtle_interfaces/include/turtle_interfaces/turtle_interfaces/msg/turtle_array.hpp\n'}
[0.322758] (turtle_interfaces) StdoutLine: {'line': b'-- Up-to-date: /home/moekatra22/catch_them_all_turtlesim/install/turtle_interfaces/include/turtle_interfaces/turtle_interfaces/srv\n'}
[0.322811] (turtle_interfaces) StdoutLine: {'line': b'-- Up-to-date: /home/moekatra22/catch_them_all_turtlesim/install/turtle_interfaces/include/turtle_interfaces/turtle_interfaces/srv/detail\n'}
[0.322863] (turtle_interfaces) StdoutLine: {'line': b'-- Up-to-date: /home/moekatra22/catch_them_all_turtlesim/install/turtle_interfaces/include/turtle_interfaces/turtle_interfaces/srv/detail/catch_turtle__struct.hpp\n'}
[0.322906] (turtle_interfaces) StdoutLine: {'line': b'-- Up-to-date: /home/moekatra22/catch_them_all_turtlesim/install/turtle_interfaces/include/turtle_interfaces/turtle_interfaces/srv/detail/catch_turtle__traits.hpp\n'}
[0.322949] (turtle_interfaces) StdoutLine: {'line': b'-- Up-to-date: /home/moekatra22/catch_them_all_turtlesim/install/turtle_interfaces/include/turtle_interfaces/turtle_interfaces/srv/detail/catch_turtle__builder.hpp\n'}
[0.322981] (turtle_interfaces) StdoutLine: {'line': b'-- Up-to-date: /home/moekatra22/catch_them_all_turtlesim/install/turtle_interfaces/include/turtle_interfaces/turtle_interfaces/srv/catch_turtle.hpp\n'}
[0.323043] (turtle_interfaces) StdoutLine: {'line': b'-- Up-to-date: /home/moekatra22/catch_them_all_turtlesim/install/turtle_interfaces/include/turtle_interfaces/turtle_interfaces\n'}
[0.323100] (turtle_interfaces) StdoutLine: {'line': b'-- Up-to-date: /home/moekatra22/catch_them_all_turtlesim/install/turtle_interfaces/include/turtle_interfaces/turtle_interfaces/msg\n'}
[0.323131] (turtle_interfaces) StdoutLine: {'line': b'-- Up-to-date: /home/moekatra22/catch_them_all_turtlesim/install/turtle_interfaces/include/turtle_interfaces/turtle_interfaces/msg/detail\n'}
[0.323159] (turtle_interfaces) StdoutLine: {'line': b'-- Up-to-date: /home/moekatra22/catch_them_all_turtlesim/install/turtle_interfaces/include/turtle_interfaces/turtle_interfaces/msg/detail/dds_fastrtps\n'}
[0.323329] (turtle_interfaces) StdoutLine: {'line': b'-- Up-to-date: /home/moekatra22/catch_them_all_turtlesim/install/turtle_interfaces/include/turtle_interfaces/turtle_interfaces/msg/detail/turtle_array__rosidl_typesupport_fastrtps_cpp.hpp\n'}
[0.323370] (turtle_interfaces) StdoutLine: {'line': b'-- Up-to-date: /home/moekatra22/catch_them_all_turtlesim/install/turtle_interfaces/include/turtle_interfaces/turtle_interfaces/msg/detail/turtle__rosidl_typesupport_fastrtps_cpp.hpp\n'}
[0.323418] (turtle_interfaces) StdoutLine: {'line': b'-- Up-to-date: /home/moekatra22/catch_them_all_turtlesim/install/turtle_interfaces/include/turtle_interfaces/turtle_interfaces/msg/rosidl_typesupport_fastrtps_cpp__visibility_control.h\n'}
[0.323451] (turtle_interfaces) StdoutLine: {'line': b'-- Up-to-date: /home/moekatra22/catch_them_all_turtlesim/install/turtle_interfaces/include/turtle_interfaces/turtle_interfaces/srv\n'}
[0.323502] (turtle_interfaces) StdoutLine: {'line': b'-- Up-to-date: /home/moekatra22/catch_them_all_turtlesim/install/turtle_interfaces/include/turtle_interfaces/turtle_interfaces/srv/detail\n'}
[0.323588] (turtle_interfaces) StdoutLine: {'line': b'-- Up-to-date: /home/moekatra22/catch_them_all_turtlesim/install/turtle_interfaces/include/turtle_interfaces/turtle_interfaces/srv/detail/catch_turtle__rosidl_typesupport_fastrtps_cpp.hpp\n'}
[0.323630] (turtle_interfaces) StdoutLine: {'line': b'-- Up-to-date: /home/moekatra22/catch_them_all_turtlesim/install/turtle_interfaces/include/turtle_interfaces/turtle_interfaces/srv/detail/dds_fastrtps\n'}
[0.323674] (turtle_interfaces) StdoutLine: {'line': b'-- Up-to-date: /home/moekatra22/catch_them_all_turtlesim/install/turtle_interfaces/lib/libturtle_interfaces__rosidl_typesupport_fastrtps_cpp.so\n'}
[0.323729] (turtle_interfaces) StdoutLine: {'line': b'-- Up-to-date: /home/moekatra22/catch_them_all_turtlesim/install/turtle_interfaces/include/turtle_interfaces/turtle_interfaces\n'}
[0.323779] (turtle_interfaces) StdoutLine: {'line': b'-- Up-to-date: /home/moekatra22/catch_them_all_turtlesim/install/turtle_interfaces/include/turtle_interfaces/turtle_interfaces/msg\n'}
[0.323880] (turtle_interfaces) StdoutLine: {'line': b'-- Up-to-date: /home/moekatra22/catch_them_all_turtlesim/install/turtle_interfaces/include/turtle_interfaces/turtle_interfaces/msg/detail\n'}
[0.323919] (turtle_interfaces) StdoutLine: {'line': b'-- Up-to-date: /home/moekatra22/catch_them_all_turtlesim/install/turtle_interfaces/include/turtle_interfaces/turtle_interfaces/msg/detail/turtle_array__rosidl_typesupport_introspection_cpp.hpp\n'}
[0.324070] (turtle_interfaces) StdoutLine: {'line': b'-- Up-to-date: /home/moekatra22/catch_them_all_turtlesim/install/turtle_interfaces/include/turtle_interfaces/turtle_interfaces/msg/detail/turtle__rosidl_typesupport_introspection_cpp.hpp\n'}
[0.324146] (turtle_interfaces) StdoutLine: {'line': b'-- Up-to-date: /home/moekatra22/catch_them_all_turtlesim/install/turtle_interfaces/include/turtle_interfaces/turtle_interfaces/msg/detail/turtle_array__type_support.cpp\n'}
[0.324239] (turtle_interfaces) StdoutLine: {'line': b'-- Up-to-date: /home/moekatra22/catch_them_all_turtlesim/install/turtle_interfaces/include/turtle_interfaces/turtle_interfaces/msg/detail/turtle__type_support.cpp\n'}
[0.324685] (turtle_interfaces) StdoutLine: {'line': b'-- Up-to-date: /home/moekatra22/catch_them_all_turtlesim/install/turtle_interfaces/include/turtle_interfaces/turtle_interfaces/srv\n'}
[0.324741] (turtle_interfaces) StdoutLine: {'line': b'-- Up-to-date: /home/moekatra22/catch_them_all_turtlesim/install/turtle_interfaces/include/turtle_interfaces/turtle_interfaces/srv/detail\n'}
[0.324776] (turtle_interfaces) StdoutLine: {'line': b'-- Up-to-date: /home/moekatra22/catch_them_all_turtlesim/install/turtle_interfaces/include/turtle_interfaces/turtle_interfaces/srv/detail/catch_turtle__rosidl_typesupport_introspection_cpp.hpp\n'}
[0.324807] (turtle_interfaces) StdoutLine: {'line': b'-- Up-to-date: /home/moekatra22/catch_them_all_turtlesim/install/turtle_interfaces/include/turtle_interfaces/turtle_interfaces/srv/detail/catch_turtle__type_support.cpp\n'}
[0.324838] (turtle_interfaces) StdoutLine: {'line': b'-- Up-to-date: /home/moekatra22/catch_them_all_turtlesim/install/turtle_interfaces/lib/libturtle_interfaces__rosidl_typesupport_introspection_cpp.so\n'}
[0.324867] (turtle_interfaces) StdoutLine: {'line': b'-- Up-to-date: /home/moekatra22/catch_them_all_turtlesim/install/turtle_interfaces/lib/libturtle_interfaces__rosidl_typesupport_cpp.so\n'}
[0.324989] (turtle_interfaces) StdoutLine: {'line': b'-- Up-to-date: /home/moekatra22/catch_them_all_turtlesim/install/turtle_interfaces/share/turtle_interfaces/environment/pythonpath.sh\n'}
[0.325020] (turtle_interfaces) StdoutLine: {'line': b'-- Up-to-date: /home/moekatra22/catch_them_all_turtlesim/install/turtle_interfaces/share/turtle_interfaces/environment/pythonpath.dsv\n'}
[0.325049] (turtle_interfaces) StdoutLine: {'line': b'-- Up-to-date: /home/moekatra22/catch_them_all_turtlesim/install/turtle_interfaces/local/lib/python3.10/dist-packages/turtle_interfaces-0.0.0-py3.10.egg-info\n'}
[0.325078] (turtle_interfaces) StdoutLine: {'line': b'-- Installing: /home/moekatra22/catch_them_all_turtlesim/install/turtle_interfaces/local/lib/python3.10/dist-packages/turtle_interfaces-0.0.0-py3.10.egg-info/PKG-INFO\n'}
[0.325107] (turtle_interfaces) StdoutLine: {'line': b'-- Installing: /home/moekatra22/catch_them_all_turtlesim/install/turtle_interfaces/local/lib/python3.10/dist-packages/turtle_interfaces-0.0.0-py3.10.egg-info/SOURCES.txt\n'}
[0.325137] (turtle_interfaces) StdoutLine: {'line': b'-- Installing: /home/moekatra22/catch_them_all_turtlesim/install/turtle_interfaces/local/lib/python3.10/dist-packages/turtle_interfaces-0.0.0-py3.10.egg-info/dependency_links.txt\n'}
[0.325166] (turtle_interfaces) StdoutLine: {'line': b'-- Installing: /home/moekatra22/catch_them_all_turtlesim/install/turtle_interfaces/local/lib/python3.10/dist-packages/turtle_interfaces-0.0.0-py3.10.egg-info/top_level.txt\n'}
[0.325202] (turtle_interfaces) StdoutLine: {'line': b'-- Up-to-date: /home/moekatra22/catch_them_all_turtlesim/install/turtle_interfaces/local/lib/python3.10/dist-packages/turtle_interfaces\n'}
[0.325231] (turtle_interfaces) StdoutLine: {'line': b'-- Up-to-date: /home/moekatra22/catch_them_all_turtlesim/install/turtle_interfaces/local/lib/python3.10/dist-packages/turtle_interfaces/_turtle_interfaces_s.ep.rosidl_typesupport_c.c\n'}
[0.325281] (turtle_interfaces) StdoutLine: {'line': b'-- Up-to-date: /home/moekatra22/catch_them_all_turtlesim/install/turtle_interfaces/local/lib/python3.10/dist-packages/turtle_interfaces/turtle_interfaces_s__rosidl_typesupport_fastrtps_c.cpython-310-aarch64-linux-gnu.so\n'}
[0.325347] (turtle_interfaces) StdoutLine: {'line': b'-- Up-to-date: /home/moekatra22/catch_them_all_turtlesim/install/turtle_interfaces/local/lib/python3.10/dist-packages/turtle_interfaces/turtle_interfaces_s__rosidl_typesupport_c.cpython-310-aarch64-linux-gnu.so\n'}
[0.325393] (turtle_interfaces) StdoutLine: {'line': b'-- Up-to-date: /home/moekatra22/catch_them_all_turtlesim/install/turtle_interfaces/local/lib/python3.10/dist-packages/turtle_interfaces/_turtle_interfaces_s.ep.rosidl_typesupport_introspection_c.c\n'}
[0.325451] (turtle_interfaces) StdoutLine: {'line': b'-- Up-to-date: /home/moekatra22/catch_them_all_turtlesim/install/turtle_interfaces/local/lib/python3.10/dist-packages/turtle_interfaces/__init__.py\n'}
[0.325504] (turtle_interfaces) StdoutLine: {'line': b'-- Up-to-date: /home/moekatra22/catch_them_all_turtlesim/install/turtle_interfaces/local/lib/python3.10/dist-packages/turtle_interfaces/msg\n'}
[0.325547] (turtle_interfaces) StdoutLine: {'line': b'-- Up-to-date: /home/moekatra22/catch_them_all_turtlesim/install/turtle_interfaces/local/lib/python3.10/dist-packages/turtle_interfaces/msg/_turtle_array_s.c\n'}
[0.325579] (turtle_interfaces) StdoutLine: {'line': b'-- Up-to-date: /home/moekatra22/catch_them_all_turtlesim/install/turtle_interfaces/local/lib/python3.10/dist-packages/turtle_interfaces/msg/_turtle_s.c\n'}
[0.325608] (turtle_interfaces) StdoutLine: {'line': b'-- Up-to-date: /home/moekatra22/catch_them_all_turtlesim/install/turtle_interfaces/local/lib/python3.10/dist-packages/turtle_interfaces/msg/__init__.py\n'}
[0.325637] (turtle_interfaces) StdoutLine: {'line': b'-- Up-to-date: /home/moekatra22/catch_them_all_turtlesim/install/turtle_interfaces/local/lib/python3.10/dist-packages/turtle_interfaces/msg/_turtle_array.py\n'}
[0.325666] (turtle_interfaces) StdoutLine: {'line': b'-- Up-to-date: /home/moekatra22/catch_them_all_turtlesim/install/turtle_interfaces/local/lib/python3.10/dist-packages/turtle_interfaces/msg/_turtle.py\n'}
[0.325698] (turtle_interfaces) StdoutLine: {'line': b'-- Up-to-date: /home/moekatra22/catch_them_all_turtlesim/install/turtle_interfaces/local/lib/python3.10/dist-packages/turtle_interfaces/_turtle_interfaces_s.ep.rosidl_typesupport_fastrtps_c.c\n'}
[0.325727] (turtle_interfaces) StdoutLine: {'line': b'-- Up-to-date: /home/moekatra22/catch_them_all_turtlesim/install/turtle_interfaces/local/lib/python3.10/dist-packages/turtle_interfaces/srv\n'}
[0.325756] (turtle_interfaces) StdoutLine: {'line': b'-- Up-to-date: /home/moekatra22/catch_them_all_turtlesim/install/turtle_interfaces/local/lib/python3.10/dist-packages/turtle_interfaces/srv/_catch_turtle_s.c\n'}
[0.325800] (turtle_interfaces) StdoutLine: {'line': b'-- Up-to-date: /home/moekatra22/catch_them_all_turtlesim/install/turtle_interfaces/local/lib/python3.10/dist-packages/turtle_interfaces/srv/__init__.py\n'}
[0.325834] (turtle_interfaces) StdoutLine: {'line': b'-- Up-to-date: /home/moekatra22/catch_them_all_turtlesim/install/turtle_interfaces/local/lib/python3.10/dist-packages/turtle_interfaces/srv/_catch_turtle.py\n'}
[0.325863] (turtle_interfaces) StdoutLine: {'line': b'-- Up-to-date: /home/moekatra22/catch_them_all_turtlesim/install/turtle_interfaces/local/lib/python3.10/dist-packages/turtle_interfaces/libturtle_interfaces__rosidl_generator_py.so\n'}
[0.325892] (turtle_interfaces) StdoutLine: {'line': b'-- Up-to-date: /home/moekatra22/catch_them_all_turtlesim/install/turtle_interfaces/local/lib/python3.10/dist-packages/turtle_interfaces/turtle_interfaces_s__rosidl_typesupport_introspection_c.cpython-310-aarch64-linux-gnu.so\n'}
[0.342517] (turtle_interfaces) StdoutLine: {'line': b"Listing '/home/moekatra22/catch_them_all_turtlesim/install/turtle_interfaces/local/lib/python3.10/dist-packages/turtle_interfaces'...\n"}
[0.342623] (turtle_interfaces) StdoutLine: {'line': b"Listing '/home/moekatra22/catch_them_all_turtlesim/install/turtle_interfaces/local/lib/python3.10/dist-packages/turtle_interfaces/msg'...\n"}
[0.342659] (turtle_interfaces) StdoutLine: {'line': b"Listing '/home/moekatra22/catch_them_all_turtlesim/install/turtle_interfaces/local/lib/python3.10/dist-packages/turtle_interfaces/srv'...\n"}
[0.345389] (turtle_interfaces) StdoutLine: {'line': b'-- Up-to-date: /home/moekatra22/catch_them_all_turtlesim/install/turtle_interfaces/local/lib/python3.10/dist-packages/turtle_interfaces/turtle_interfaces_s__rosidl_typesupport_fastrtps_c.cpython-310-aarch64-linux-gnu.so\n'}
[0.345654] (turtle_interfaces) StdoutLine: {'line': b'-- Up-to-date: /home/moekatra22/catch_them_all_turtlesim/install/turtle_interfaces/local/lib/python3.10/dist-packages/turtle_interfaces/turtle_interfaces_s__rosidl_typesupport_introspection_c.cpython-310-aarch64-linux-gnu.so\n'}
[0.345793] (turtle_interfaces) StdoutLine: {'line': b'-- Up-to-date: /home/moekatra22/catch_them_all_turtlesim/install/turtle_interfaces/local/lib/python3.10/dist-packages/turtle_interfaces/turtle_interfaces_s__rosidl_typesupport_c.cpython-310-aarch64-linux-gnu.so\n'}
[0.346316] (turtle_interfaces) StdoutLine: {'line': b'-- Up-to-date: /home/moekatra22/catch_them_all_turtlesim/install/turtle_interfaces/lib/libturtle_interfaces__rosidl_generator_py.so\n'}
[0.346551] (turtle_interfaces) StdoutLine: {'line': b'-- Up-to-date: /home/moekatra22/catch_them_all_turtlesim/install/turtle_interfaces/share/turtle_interfaces/msg/Turtle.idl\n'}
[0.346679] (turtle_interfaces) StdoutLine: {'line': b'-- Up-to-date: /home/moekatra22/catch_them_all_turtlesim/install/turtle_interfaces/share/turtle_interfaces/msg/TurtleArray.idl\n'}
[0.346811] (turtle_interfaces) StdoutLine: {'line': b'-- Up-to-date: /home/moekatra22/catch_them_all_turtlesim/install/turtle_interfaces/share/turtle_interfaces/srv/CatchTurtle.idl\n'}
[0.346869] (turtle_interfaces) StdoutLine: {'line': b'-- Up-to-date: /home/moekatra22/catch_them_all_turtlesim/install/turtle_interfaces/share/turtle_interfaces/msg/Turtle.msg\n'}
[0.346924] (turtle_interfaces) StdoutLine: {'line': b'-- Up-to-date: /home/moekatra22/catch_them_all_turtlesim/install/turtle_interfaces/share/turtle_interfaces/msg/TurtleArray.msg\n'}
[0.347054] (turtle_interfaces) StdoutLine: {'line': b'-- Up-to-date: /home/moekatra22/catch_them_all_turtlesim/install/turtle_interfaces/share/turtle_interfaces/srv/CatchTurtle.srv\n'}
[0.347358] (turtle_interfaces) StdoutLine: {'line': b'-- Up-to-date: /home/moekatra22/catch_them_all_turtlesim/install/turtle_interfaces/share/turtle_interfaces/srv/CatchTurtle_Request.msg\n'}
[0.347439] (turtle_interfaces) StdoutLine: {'line': b'-- Up-to-date: /home/moekatra22/catch_them_all_turtlesim/install/turtle_interfaces/share/turtle_interfaces/srv/CatchTurtle_Response.msg\n'}
[0.347588] (turtle_interfaces) StdoutLine: {'line': b'-- Up-to-date: /home/moekatra22/catch_them_all_turtlesim/install/turtle_interfaces/share/ament_index/resource_index/package_run_dependencies/turtle_interfaces\n'}
[0.347663] (turtle_interfaces) StdoutLine: {'line': b'-- Up-to-date: /home/moekatra22/catch_them_all_turtlesim/install/turtle_interfaces/share/ament_index/resource_index/parent_prefix_path/turtle_interfaces\n'}
[0.347719] (turtle_interfaces) StdoutLine: {'line': b'-- Up-to-date: /home/moekatra22/catch_them_all_turtlesim/install/turtle_interfaces/share/turtle_interfaces/environment/ament_prefix_path.sh\n'}
[0.347815] (turtle_interfaces) StdoutLine: {'line': b'-- Up-to-date: /home/moekatra22/catch_them_all_turtlesim/install/turtle_interfaces/share/turtle_interfaces/environment/ament_prefix_path.dsv\n'}
[0.347991] (turtle_interfaces) StdoutLine: {'line': b'-- Up-to-date: /home/moekatra22/catch_them_all_turtlesim/install/turtle_interfaces/share/turtle_interfaces/environment/path.sh\n'}
[0.348125] (turtle_interfaces) StdoutLine: {'line': b'-- Up-to-date: /home/moekatra22/catch_them_all_turtlesim/install/turtle_interfaces/share/turtle_interfaces/environment/path.dsv\n'}
[0.348219] (turtle_interfaces) StdoutLine: {'line': b'-- Up-to-date: /home/moekatra22/catch_them_all_turtlesim/install/turtle_interfaces/share/turtle_interfaces/local_setup.bash\n'}
[0.348290] (turtle_interfaces) StdoutLine: {'line': b'-- Up-to-date: /home/moekatra22/catch_them_all_turtlesim/install/turtle_interfaces/share/turtle_interfaces/local_setup.sh\n'}
[0.348333] (turtle_interfaces) StdoutLine: {'line': b'-- Up-to-date: /home/moekatra22/catch_them_all_turtlesim/install/turtle_interfaces/share/turtle_interfaces/local_setup.zsh\n'}
[0.348370] (turtle_interfaces) StdoutLine: {'line': b'-- Up-to-date: /home/moekatra22/catch_them_all_turtlesim/install/turtle_interfaces/share/turtle_interfaces/local_setup.dsv\n'}
[0.348424] (turtle_interfaces) StdoutLine: {'line': b'-- Installing: /home/moekatra22/catch_them_all_turtlesim/install/turtle_interfaces/share/turtle_interfaces/package.dsv\n'}
[0.348494] (turtle_interfaces) StdoutLine: {'line': b'-- Up-to-date: /home/moekatra22/catch_them_all_turtlesim/install/turtle_interfaces/share/ament_index/resource_index/packages/turtle_interfaces\n'}
[0.348550] (turtle_interfaces) StdoutLine: {'line': b'-- Up-to-date: /home/moekatra22/catch_them_all_turtlesim/install/turtle_interfaces/share/turtle_interfaces/cmake/export_turtle_interfaces__rosidl_generator_cExport.cmake\n'}
[0.348587] (turtle_interfaces) StdoutLine: {'line': b'-- Up-to-date: /home/moekatra22/catch_them_all_turtlesim/install/turtle_interfaces/share/turtle_interfaces/cmake/export_turtle_interfaces__rosidl_generator_cExport-noconfig.cmake\n'}
[0.348618] (turtle_interfaces) StdoutLine: {'line': b'-- Up-to-date: /home/moekatra22/catch_them_all_turtlesim/install/turtle_interfaces/share/turtle_interfaces/cmake/export_turtle_interfaces__rosidl_typesupport_fastrtps_cExport.cmake\n'}
[0.348648] (turtle_interfaces) StdoutLine: {'line': b'-- Up-to-date: /home/moekatra22/catch_them_all_turtlesim/install/turtle_interfaces/share/turtle_interfaces/cmake/export_turtle_interfaces__rosidl_typesupport_fastrtps_cExport-noconfig.cmake\n'}
[0.348709] (turtle_interfaces) StdoutLine: {'line': b'-- Up-to-date: /home/moekatra22/catch_them_all_turtlesim/install/turtle_interfaces/share/turtle_interfaces/cmake/turtle_interfaces__rosidl_typesupport_introspection_cExport.cmake\n'}
[0.348745] (turtle_interfaces) StdoutLine: {'line': b'-- Up-to-date: /home/moekatra22/catch_them_all_turtlesim/install/turtle_interfaces/share/turtle_interfaces/cmake/turtle_interfaces__rosidl_typesupport_introspection_cExport-noconfig.cmake\n'}
[0.348833] (turtle_interfaces) StdoutLine: {'line': b'-- Up-to-date: /home/moekatra22/catch_them_all_turtlesim/install/turtle_interfaces/share/turtle_interfaces/cmake/turtle_interfaces__rosidl_typesupport_cExport.cmake\n'}
[0.348891] (turtle_interfaces) StdoutLine: {'line': b'-- Up-to-date: /home/moekatra22/catch_them_all_turtlesim/install/turtle_interfaces/share/turtle_interfaces/cmake/turtle_interfaces__rosidl_typesupport_cExport-noconfig.cmake\n'}
[0.348924] (turtle_interfaces) StdoutLine: {'line': b'-- Up-to-date: /home/moekatra22/catch_them_all_turtlesim/install/turtle_interfaces/share/turtle_interfaces/cmake/export_turtle_interfaces__rosidl_generator_cppExport.cmake\n'}
[0.348953] (turtle_interfaces) StdoutLine: {'line': b'-- Up-to-date: /home/moekatra22/catch_them_all_turtlesim/install/turtle_interfaces/share/turtle_interfaces/cmake/export_turtle_interfaces__rosidl_typesupport_fastrtps_cppExport.cmake\n'}
[0.348982] (turtle_interfaces) StdoutLine: {'line': b'-- Up-to-date: /home/moekatra22/catch_them_all_turtlesim/install/turtle_interfaces/share/turtle_interfaces/cmake/export_turtle_interfaces__rosidl_typesupport_fastrtps_cppExport-noconfig.cmake\n'}
[0.349011] (turtle_interfaces) StdoutLine: {'line': b'-- Up-to-date: /home/moekatra22/catch_them_all_turtlesim/install/turtle_interfaces/share/turtle_interfaces/cmake/turtle_interfaces__rosidl_typesupport_introspection_cppExport.cmake\n'}
[0.349040] (turtle_interfaces) StdoutLine: {'line': b'-- Up-to-date: /home/moekatra22/catch_them_all_turtlesim/install/turtle_interfaces/share/turtle_interfaces/cmake/turtle_interfaces__rosidl_typesupport_introspection_cppExport-noconfig.cmake\n'}
[0.349071] (turtle_interfaces) StdoutLine: {'line': b'-- Up-to-date: /home/moekatra22/catch_them_all_turtlesim/install/turtle_interfaces/share/turtle_interfaces/cmake/turtle_interfaces__rosidl_typesupport_cppExport.cmake\n'}
[0.349102] (turtle_interfaces) StdoutLine: {'line': b'-- Up-to-date: /home/moekatra22/catch_them_all_turtlesim/install/turtle_interfaces/share/turtle_interfaces/cmake/turtle_interfaces__rosidl_typesupport_cppExport-noconfig.cmake\n'}
[0.349137] (turtle_interfaces) StdoutLine: {'line': b'-- Up-to-date: /home/moekatra22/catch_them_all_turtlesim/install/turtle_interfaces/share/turtle_interfaces/cmake/export_turtle_interfaces__rosidl_generator_pyExport.cmake\n'}
[0.349169] (turtle_interfaces) StdoutLine: {'line': b'-- Up-to-date: /home/moekatra22/catch_them_all_turtlesim/install/turtle_interfaces/share/turtle_interfaces/cmake/export_turtle_interfaces__rosidl_generator_pyExport-noconfig.cmake\n'}
[0.349204] (turtle_interfaces) StdoutLine: {'line': b'-- Up-to-date: /home/moekatra22/catch_them_all_turtlesim/install/turtle_interfaces/share/turtle_interfaces/cmake/rosidl_cmake-extras.cmake\n'}
[0.349234] (turtle_interfaces) StdoutLine: {'line': b'-- Up-to-date: /home/moekatra22/catch_them_all_turtlesim/install/turtle_interfaces/share/turtle_interfaces/cmake/ament_cmake_export_include_directories-extras.cmake\n'}
[0.349264] (turtle_interfaces) StdoutLine: {'line': b'-- Up-to-date: /home/moekatra22/catch_them_all_turtlesim/install/turtle_interfaces/share/turtle_interfaces/cmake/ament_cmake_export_libraries-extras.cmake\n'}
[0.349296] (turtle_interfaces) StdoutLine: {'line': b'-- Up-to-date: /home/moekatra22/catch_them_all_turtlesim/install/turtle_interfaces/share/turtle_interfaces/cmake/ament_cmake_export_targets-extras.cmake\n'}
[0.349325] (turtle_interfaces) StdoutLine: {'line': b'-- Up-to-date: /home/moekatra22/catch_them_all_turtlesim/install/turtle_interfaces/share/turtle_interfaces/cmake/rosidl_cmake_export_typesupport_targets-extras.cmake\n'}
[0.349354] (turtle_interfaces) StdoutLine: {'line': b'-- Up-to-date: /home/moekatra22/catch_them_all_turtlesim/install/turtle_interfaces/share/turtle_interfaces/cmake/ament_cmake_export_dependencies-extras.cmake\n'}
[0.349383] (turtle_interfaces) StdoutLine: {'line': b'-- Up-to-date: /home/moekatra22/catch_them_all_turtlesim/install/turtle_interfaces/share/turtle_interfaces/cmake/rosidl_cmake_export_typesupport_libraries-extras.cmake\n'}
[0.349412] (turtle_interfaces) StdoutLine: {'line': b'-- Up-to-date: /home/moekatra22/catch_them_all_turtlesim/install/turtle_interfaces/share/turtle_interfaces/cmake/turtle_interfacesConfig.cmake\n'}
[0.349441] (turtle_interfaces) StdoutLine: {'line': b'-- Up-to-date: /home/moekatra22/catch_them_all_turtlesim/install/turtle_interfaces/share/turtle_interfaces/cmake/turtle_interfacesConfig-version.cmake\n'}
[0.349739] (turtle_interfaces) StdoutLine: {'line': b'-- Up-to-date: /home/moekatra22/catch_them_all_turtlesim/install/turtle_interfaces/share/turtle_interfaces/package.xml\n'}
[0.350795] (turtle_interfaces) CommandEnded: {'returncode': 0}
[0.400200] (-) TimerEvent: {}
[0.413051] (turtle_interfaces) JobEnded: {'identifier': 'turtle_interfaces', 'rc': 0}
[0.414098] (py_pkg) JobStarted: {'identifier': 'py_pkg'}
[0.500359] (-) TimerEvent: {}
[0.600700] (-) TimerEvent: {}
[0.700987] (-) TimerEvent: {}
[0.801675] (-) TimerEvent: {}
[0.853152] (py_pkg) Command: {'cmd': ['/usr/bin/python3', '-W', 'ignore:setup.py install is deprecated', 'setup.py', 'egg_info', '--egg-base', '../../build/py_pkg', 'build', '--build-base', '/home/moekatra22/catch_them_all_turtlesim/build/py_pkg/build', 'install', '--record', '/home/moekatra22/catch_them_all_turtlesim/build/py_pkg/install.log', '--single-version-externally-managed', 'install_data'], 'cwd': '/home/moekatra22/catch_them_all_turtlesim/src/py_pkg', 'env': {'USER': 'moekatra22', 'LC_TIME': 'ar_LB.UTF-8', 'XDG_SESSION_TYPE': 'wayland', 'SHLVL': '1', 'LD_LIBRARY_PATH': '/home/moekatra22/catch_them_all_turtlesim/install/turtle_interfaces/lib:/opt/ros/humble/opt/rviz_ogre_vendor/lib:/opt/ros/humble/lib/aarch64-linux-gnu:/opt/ros/humble/lib', 'HOME': '/home/moekatra22', 'OLDPWD': '/home/moekatra22', 'DESKTOP_SESSION': 'ubuntu', 'ROS_PYTHON_VERSION': '3', 'GNOME_SHELL_SESSION_MODE': 'ubuntu', 'GTK_MODULES': 'gail:atk-bridge', 'LC_MONETARY': 'ar_LB.UTF-8', 'SYSTEMD_EXEC_PID': '1217', 'DBUS_SESSION_BUS_ADDRESS': 'unix:path=/run/user/1000/bus', 'COLORTERM': 'truecolor', 'IM_CONFIG_PHASE': '1', 'WAYLAND_DISPLAY': 'wayland-0', 'COLCON_PREFIX_PATH': '/home/moekatra22/catch_them_all_turtlesim/install', 'ROS_DISTRO': 'humble', 'LOGNAME': 'moekatra22', '_': '/usr/bin/colcon', 'ROS_VERSION': '2', 'XDG_SESSION_CLASS': 'user', 'USERNAME': 'moekatra22', 'TERM': 'xterm-256color', 'GNOME_DESKTOP_SESSION_ID': 'this-is-deprecated', 'ROS_LOCALHOST_ONLY': '0', 'PATH': '/opt/ros/humble/bin:/usr/local/sbin:/usr/local/bin:/usr/sbin:/usr/bin:/sbin:/bin:/usr/games:/usr/local/games:/snap/bin:/snap/bin', 'SESSION_MANAGER': 'local/moekatra22-QEMU-Virtual-Machine:@/tmp/.ICE-unix/1176,unix/moekatra22-QEMU-Virtual-Machine:/tmp/.ICE-unix/1176', 'XDG_MENU_PREFIX': 'gnome-', 'LC_ADDRESS': 'ar_LB.UTF-8', 'GNOME_TERMINAL_SCREEN': '/org/gnome/Terminal/screen/352d06b1_8c07_4430_a633_869fe91f8b37', 'GNOME_SETUP_DISPLAY': ':1', 'XDG_RUNTIME_DIR': '/run/user/1000', 'DISPLAY': ':0', 'LANG': 'en_US.UTF-8', 'XDG_CURRENT_DESKTOP': 'ubuntu:GNOME', 'LC_TELEPHONE': 'ar_LB.UTF-8', 'XMODIFIERS': '@im=ibus', 'XDG_SESSION_DESKTOP': 'ubuntu', 'XAUTHORITY': '/run/user/1000/.mutter-Xwaylandauth.YKPRM2', 'GNOME_TERMINAL_SERVICE': ':1.93', 'SSH_AGENT_LAUNCHER': 'gnome-keyring', 'SSH_AUTH_SOCK': '/run/user/1000/keyring/ssh', 'AMENT_PREFIX_PATH': '/home/moekatra22/catch_them_all_turtlesim/install/launch:/home/moekatra22/catch_them_all_turtlesim/install/py_pkg:/home/moekatra22/catch_them_all_turtlesim/install/turtle_interfaces:/opt/ros/humble', 'SHELL': '/bin/bash', 'LC_NAME': 'ar_LB.UTF-8', 'QT_ACCESSIBILITY': '1', 'GDMSESSION': 'ubuntu', 'LC_MEASUREMENT': 'ar_LB.UTF-8', 'LC_IDENTIFICATION': 'ar_LB.UTF-8', 'QT_IM_MODULE': 'ibus', 'PWD': '/home/moekatra22/catch_them_all_turtlesim/build/py_pkg', 'LC_ALL': 'en_US.UTF-8', 'XDG_CONFIG_DIRS': '/etc/xdg/xdg-ubuntu:/etc/xdg', 'XDG_DATA_DIRS': '/usr/share/ubuntu:/usr/local/share/:/usr/share/:/var/lib/snapd/desktop', 'PYTHONPATH': '/home/moekatra22/catch_them_all_turtlesim/build/py_pkg/prefix_override:/home/moekatra22/catch_them_all_turtlesim/install/py_pkg/lib/python3.10/site-packages:/home/moekatra22/catch_them_all_turtlesim/install/py_pkg/lib/python3.10/site-packages:/home/moekatra22/catch_them_all_turtlesim/install/turtle_interfaces/local/lib/python3.10/dist-packages:/opt/ros/humble/lib/python3.10/site-packages:/opt/ros/humble/local/lib/python3.10/dist-packages', 'LC_NUMERIC': 'ar_LB.UTF-8', 'LC_PAPER': 'ar_LB.UTF-8', 'COLCON': '1', 'VTE_VERSION': '6800', 'CMAKE_PREFIX_PATH': '/home/moekatra22/catch_them_all_turtlesim/install/turtle_interfaces:/home/moekatra22/catch_them_all_turtlesim/install/launch'}, 'shell': False}
[0.901725] (-) TimerEvent: {}
[0.987130] (py_pkg) StdoutLine: {'line': b'running egg_info\n'}
[0.987622] (py_pkg) StdoutLine: {'line': b'writing ../../build/py_pkg/py_pkg.egg-info/PKG-INFO\n'}
[0.987771] (py_pkg) StdoutLine: {'line': b'writing dependency_links to ../../build/py_pkg/py_pkg.egg-info/dependency_links.txt\n'}
[0.987957] (py_pkg) StdoutLine: {'line': b'writing entry points to ../../build/py_pkg/py_pkg.egg-info/entry_points.txt\n'}
[0.988027] (py_pkg) StdoutLine: {'line': b'writing requirements to ../../build/py_pkg/py_pkg.egg-info/requires.txt\n'}
[0.988102] (py_pkg) StdoutLine: {'line': b'writing top-level names to ../../build/py_pkg/py_pkg.egg-info/top_level.txt\n'}
[0.989407] (py_pkg) StdoutLine: {'line': b"reading manifest file '../../build/py_pkg/py_pkg.egg-info/SOURCES.txt'\n"}
[0.990102] (py_pkg) StdoutLine: {'line': b"writing manifest file '../../build/py_pkg/py_pkg.egg-info/SOURCES.txt'\n"}
[0.990180] (py_pkg) StdoutLine: {'line': b'running build\n'}
[0.990247] (py_pkg) StdoutLine: {'line': b'running build_py\n'}
[0.990313] (py_pkg) StdoutLine: {'line': b'copying py_pkg/spawner_node.py -> /home/moekatra22/catch_them_all_turtlesim/build/py_pkg/build/lib/py_pkg\n'}
[0.990606] (py_pkg) StdoutLine: {'line': b'running install\n'}
[0.990804] (py_pkg) StdoutLine: {'line': b'running install_lib\n'}
[0.991318] (py_pkg) StdoutLine: {'line': b'copying /home/moekatra22/catch_them_all_turtlesim/build/py_pkg/build/lib/py_pkg/spawner_node.py -> /home/moekatra22/catch_them_all_turtlesim/install/py_pkg/lib/python3.10/site-packages/py_pkg\n'}
[0.992005] (py_pkg) StdoutLine: {'line': b'byte-compiling /home/moekatra22/catch_them_all_turtlesim/install/py_pkg/lib/python3.10/site-packages/py_pkg/spawner_node.py to spawner_node.cpython-310.pyc\n'}
[0.992792] (py_pkg) StdoutLine: {'line': b'running install_data\n'}
[0.992860] (py_pkg) StdoutLine: {'line': b'running install_egg_info\n'}
[0.994440] (py_pkg) StdoutLine: {'line': b"removing '/home/moekatra22/catch_them_all_turtlesim/install/py_pkg/lib/python3.10/site-packages/py_pkg-0.0.0-py3.10.egg-info' (and everything under it)\n"}
[0.994663] (py_pkg) StdoutLine: {'line': b'Copying ../../build/py_pkg/py_pkg.egg-info to /home/moekatra22/catch_them_all_turtlesim/install/py_pkg/lib/python3.10/site-packages/py_pkg-0.0.0-py3.10.egg-info\n'}
[0.995256] (py_pkg) StdoutLine: {'line': b'running install_scripts\n'}
[1.001819] (-) TimerEvent: {}
[1.006320] (py_pkg) StdoutLine: {'line': b'Installing controller script to /home/moekatra22/catch_them_all_turtlesim/install/py_pkg/lib/py_pkg\n'}
[1.006458] (py_pkg) StdoutLine: {'line': b'Installing spawner script to /home/moekatra22/catch_them_all_turtlesim/install/py_pkg/lib/py_pkg\n'}
[1.006595] (py_pkg) StdoutLine: {'line': b"writing list of installed files to '/home/moekatra22/catch_them_all_turtlesim/build/py_pkg/install.log'\n"}
[1.021596] (py_pkg) CommandEnded: {'returncode': 0}
[1.026471] (py_pkg) JobEnded: {'identifier': 'py_pkg', 'rc': 0}
[1.027312] (launch) JobStarted: {'identifier': 'launch'}
[1.033035] (launch) JobProgress: {'identifier': 'launch', 'progress': 'cmake'}
[1.036221] (launch) JobProgress: {'identifier': 'launch', 'progress': 'build'}
[1.036273] (launch) Command: {'cmd': ['/usr/bin/cmake', '--build', '/home/moekatra22/catch_them_all_turtlesim/build/launch', '--', '-j4', '-l4'], 'cwd': '/home/moekatra22/catch_them_all_turtlesim/build/launch', 'env': OrderedDict([('USER', 'moekatra22'), ('LC_TIME', 'ar_LB.UTF-8'), ('XDG_SESSION_TYPE', 'wayland'), ('SHLVL', '1'), ('LD_LIBRARY_PATH', '/home/moekatra22/catch_them_all_turtlesim/install/turtle_interfaces/lib:/opt/ros/humble/opt/rviz_ogre_vendor/lib:/opt/ros/humble/lib/aarch64-linux-gnu:/opt/ros/humble/lib'), ('HOME', '/home/moekatra22'), ('OLDPWD', '/home/moekatra22'), ('DESKTOP_SESSION', 'ubuntu'), ('ROS_PYTHON_VERSION', '3'), ('GNOME_SHELL_SESSION_MODE', 'ubuntu'), ('GTK_MODULES', 'gail:atk-bridge'), ('LC_MONETARY', 'ar_LB.UTF-8'), ('SYSTEMD_EXEC_PID', '1217'), ('DBUS_SESSION_BUS_ADDRESS', 'unix:path=/run/user/1000/bus'), ('COLORTERM', 'truecolor'), ('IM_CONFIG_PHASE', '1'), ('WAYLAND_DISPLAY', 'wayland-0'), ('COLCON_PREFIX_PATH', '/home/moekatra22/catch_them_all_turtlesim/install'), ('ROS_DISTRO', 'humble'), ('LOGNAME', 'moekatra22'), ('_', '/usr/bin/colcon'), ('ROS_VERSION', '2'), ('XDG_SESSION_CLASS', 'user'), ('USERNAME', 'moekatra22'), ('TERM', 'xterm-256color'), ('GNOME_DESKTOP_SESSION_ID', 'this-is-deprecated'), ('ROS_LOCALHOST_ONLY', '0'), ('PATH', '/opt/ros/humble/bin:/usr/local/sbin:/usr/local/bin:/usr/sbin:/usr/bin:/sbin:/bin:/usr/games:/usr/local/games:/snap/bin:/snap/bin'), ('SESSION_MANAGER', 'local/moekatra22-QEMU-Virtual-Machine:@/tmp/.ICE-unix/1176,unix/moekatra22-QEMU-Virtual-Machine:/tmp/.ICE-unix/1176'), ('XDG_MENU_PREFIX', 'gnome-'), ('LC_ADDRESS', 'ar_LB.UTF-8'), ('GNOME_TERMINAL_SCREEN', '/org/gnome/Terminal/screen/352d06b1_8c07_4430_a633_869fe91f8b37'), ('GNOME_SETUP_DISPLAY', ':1'), ('XDG_RUNTIME_DIR', '/run/user/1000'), ('DISPLAY', ':0'), ('LANG', 'en_US.UTF-8'), ('XDG_CURRENT_DESKTOP', 'ubuntu:GNOME'), ('LC_TELEPHONE', 'ar_LB.UTF-8'), ('XMODIFIERS', '@im=ibus'), ('XDG_SESSION_DESKTOP', 'ubuntu'), ('XAUTHORITY', '/run/user/1000/.mutter-Xwaylandauth.YKPRM2'), ('GNOME_TERMINAL_SERVICE', ':1.93'), ('SSH_AGENT_LAUNCHER', 'gnome-keyring'), ('SSH_AUTH_SOCK', '/run/user/1000/keyring/ssh'), ('AMENT_PREFIX_PATH', '/home/moekatra22/catch_them_all_turtlesim/install/py_pkg:/home/moekatra22/catch_them_all_turtlesim/install/launch:/home/moekatra22/catch_them_all_turtlesim/install/turtle_interfaces:/opt/ros/humble'), ('SHELL', '/bin/bash'), ('LC_NAME', 'ar_LB.UTF-8'), ('QT_ACCESSIBILITY', '1'), ('GDMSESSION', 'ubuntu'), ('LC_MEASUREMENT', 'ar_LB.UTF-8'), ('LC_IDENTIFICATION', 'ar_LB.UTF-8'), ('QT_IM_MODULE', 'ibus'), ('PWD', '/home/moekatra22/catch_them_all_turtlesim/build/launch'), ('LC_ALL', 'en_US.UTF-8'), ('XDG_CONFIG_DIRS', '/etc/xdg/xdg-ubuntu:/etc/xdg'), ('XDG_DATA_DIRS', '/usr/share/ubuntu:/usr/local/share/:/usr/share/:/var/lib/snapd/desktop'), ('PYTHONPATH', '/home/moekatra22/catch_them_all_turtlesim/install/py_pkg/lib/python3.10/site-packages:/home/moekatra22/catch_them_all_turtlesim/install/turtle_interfaces/local/lib/python3.10/dist-packages:/opt/ros/humble/lib/python3.10/site-packages:/opt/ros/humble/local/lib/python3.10/dist-packages'), ('LC_NUMERIC', 'ar_LB.UTF-8'), ('LC_PAPER', 'ar_LB.UTF-8'), ('COLCON', '1'), ('VTE_VERSION', '6800'), ('CMAKE_PREFIX_PATH', '/home/moekatra22/catch_them_all_turtlesim/install/turtle_interfaces:/home/moekatra22/catch_them_all_turtlesim/install/launch:/home/moekatra22/catch_them_all_turtlesim/install/py_pkg:/opt/ros/humble')]), 'shell': False}
[1.078359] (launch) CommandEnded: {'returncode': 0}
[1.095547] (launch) JobProgress: {'identifier': 'launch', 'progress': 'install'}
[1.096156] (launch) Command: {'cmd': ['/usr/bin/cmake', '--install', '/home/moekatra22/catch_them_all_turtlesim/build/launch'], 'cwd': '/home/moekatra22/catch_them_all_turtlesim/build/launch', 'env': OrderedDict([('USER', 'moekatra22'), ('LC_TIME', 'ar_LB.UTF-8'), ('XDG_SESSION_TYPE', 'wayland'), ('SHLVL', '1'), ('LD_LIBRARY_PATH', '/home/moekatra22/catch_them_all_turtlesim/install/turtle_interfaces/lib:/opt/ros/humble/opt/rviz_ogre_vendor/lib:/opt/ros/humble/lib/aarch64-linux-gnu:/opt/ros/humble/lib'), ('HOME', '/home/moekatra22'), ('OLDPWD', '/home/moekatra22'), ('DESKTOP_SESSION', 'ubuntu'), ('ROS_PYTHON_VERSION', '3'), ('GNOME_SHELL_SESSION_MODE', 'ubuntu'), ('GTK_MODULES', 'gail:atk-bridge'), ('LC_MONETARY', 'ar_LB.UTF-8'), ('SYSTEMD_EXEC_PID', '1217'), ('DBUS_SESSION_BUS_ADDRESS', 'unix:path=/run/user/1000/bus'), ('COLORTERM', 'truecolor'), ('IM_CONFIG_PHASE', '1'), ('WAYLAND_DISPLAY', 'wayland-0'), ('COLCON_PREFIX_PATH', '/home/moekatra22/catch_them_all_turtlesim/install'), ('ROS_DISTRO', 'humble'), ('LOGNAME', 'moekatra22'), ('_', '/usr/bin/colcon'), ('ROS_VERSION', '2'), ('XDG_SESSION_CLASS', 'user'), ('USERNAME', 'moekatra22'), ('TERM', 'xterm-256color'), ('GNOME_DESKTOP_SESSION_ID', 'this-is-deprecated'), ('ROS_LOCALHOST_ONLY', '0'), ('PATH', '/opt/ros/humble/bin:/usr/local/sbin:/usr/local/bin:/usr/sbin:/usr/bin:/sbin:/bin:/usr/games:/usr/local/games:/snap/bin:/snap/bin'), ('SESSION_MANAGER', 'local/moekatra22-QEMU-Virtual-Machine:@/tmp/.ICE-unix/1176,unix/moekatra22-QEMU-Virtual-Machine:/tmp/.ICE-unix/1176'), ('XDG_MENU_PREFIX', 'gnome-'), ('LC_ADDRESS', 'ar_LB.UTF-8'), ('GNOME_TERMINAL_SCREEN', '/org/gnome/Terminal/screen/352d06b1_8c07_4430_a633_869fe91f8b37'), ('GNOME_SETUP_DISPLAY', ':1'), ('XDG_RUNTIME_DIR', '/run/user/1000'), ('DISPLAY', ':0'), ('LANG', 'en_US.UTF-8'), ('XDG_CURRENT_DESKTOP', 'ubuntu:GNOME'), ('LC_TELEPHONE', 'ar_LB.UTF-8'), ('XMODIFIERS', '@im=ibus'), ('XDG_SESSION_DESKTOP', 'ubuntu'), ('XAUTHORITY', '/run/user/1000/.mutter-Xwaylandauth.YKPRM2'), ('GNOME_TERMINAL_SERVICE', ':1.93'), ('SSH_AGENT_LAUNCHER', 'gnome-keyring'), ('SSH_AUTH_SOCK', '/run/user/1000/keyring/ssh'), ('AMENT_PREFIX_PATH', '/home/moekatra22/catch_them_all_turtlesim/install/py_pkg:/home/moekatra22/catch_them_all_turtlesim/install/launch:/home/moekatra22/catch_them_all_turtlesim/install/turtle_interfaces:/opt/ros/humble'), ('SHELL', '/bin/bash'), ('LC_NAME', 'ar_LB.UTF-8'), ('QT_ACCESSIBILITY', '1'), ('GDMSESSION', 'ubuntu'), ('LC_MEASUREMENT', 'ar_LB.UTF-8'), ('LC_IDENTIFICATION', 'ar_LB.UTF-8'), ('QT_IM_MODULE', 'ibus'), ('PWD', '/home/moekatra22/catch_them_all_turtlesim/build/launch'), ('LC_ALL', 'en_US.UTF-8'), ('XDG_CONFIG_DIRS', '/etc/xdg/xdg-ubuntu:/etc/xdg'), ('XDG_DATA_DIRS', '/usr/share/ubuntu:/usr/local/share/:/usr/share/:/var/lib/snapd/desktop'), ('PYTHONPATH', '/home/moekatra22/catch_them_all_turtlesim/install/py_pkg/lib/python3.10/site-packages:/home/moekatra22/catch_them_all_turtlesim/install/turtle_interfaces/local/lib/python3.10/dist-packages:/opt/ros/humble/lib/python3.10/site-packages:/opt/ros/humble/local/lib/python3.10/dist-packages'), ('LC_NUMERIC', 'ar_LB.UTF-8'), ('LC_PAPER', 'ar_LB.UTF-8'), ('COLCON', '1'), ('VTE_VERSION', '6800'), ('CMAKE_PREFIX_PATH', '/home/moekatra22/catch_them_all_turtlesim/install/turtle_interfaces:/home/moekatra22/catch_them_all_turtlesim/install/launch:/home/moekatra22/catch_them_all_turtlesim/install/py_pkg:/opt/ros/humble')]), 'shell': False}
[1.101948] (-) TimerEvent: {}
[1.103017] (launch) StdoutLine: {'line': b'-- Install configuration: ""\n'}
[1.103160] (launch) StdoutLine: {'line': b'-- Up-to-date: /home/moekatra22/catch_them_all_turtlesim/install/launch/share/launch/launch\n'}
[1.103602] (launch) StdoutLine: {'line': b'-- Up-to-date: /home/moekatra22/catch_them_all_turtlesim/install/launch/share/launch/launch/catch_them_all.launch.py\n'}
[1.103871] (launch) StdoutLine: {'line': b'-- Up-to-date: /home/moekatra22/catch_them_all_turtlesim/install/launch/share/ament_index/resource_index/package_run_dependencies/launch\n'}
[1.104131] (launch) StdoutLine: {'line': b'-- Up-to-date: /home/moekatra22/catch_them_all_turtlesim/install/launch/share/ament_index/resource_index/parent_prefix_path/launch\n'}
[1.104377] (launch) StdoutLine: {'line': b'-- Up-to-date: /home/moekatra22/catch_them_all_turtlesim/install/launch/share/launch/environment/ament_prefix_path.sh\n'}
[1.104610] (launch) StdoutLine: {'line': b'-- Up-to-date: /home/moekatra22/catch_them_all_turtlesim/install/launch/share/launch/environment/ament_prefix_path.dsv\n'}
[1.104844] (launch) StdoutLine: {'line': b'-- Up-to-date: /home/moekatra22/catch_them_all_turtlesim/install/launch/share/launch/environment/path.sh\n'}
[1.105074] (launch) StdoutLine: {'line': b'-- Up-to-date: /home/moekatra22/catch_them_all_turtlesim/install/launch/share/launch/environment/path.dsv\n'}
[1.105132] (launch) StdoutLine: {'line': b'-- Up-to-date: /home/moekatra22/catch_them_all_turtlesim/install/launch/share/launch/local_setup.bash\n'}
[1.105165] (launch) StdoutLine: {'line': b'-- Up-to-date: /home/moekatra22/catch_them_all_turtlesim/install/launch/share/launch/local_setup.sh\n'}
[1.105234] (launch) StdoutLine: {'line': b'-- Up-to-date: /home/moekatra22/catch_them_all_turtlesim/install/launch/share/launch/local_setup.zsh\n'}
[1.105268] (launch) StdoutLine: {'line': b'-- Up-to-date: /home/moekatra22/catch_them_all_turtlesim/install/launch/share/launch/local_setup.dsv\n'}
[1.105298] (launch) StdoutLine: {'line': b'-- Installing: /home/moekatra22/catch_them_all_turtlesim/install/launch/share/launch/package.dsv\n'}
[1.105425] (launch) StdoutLine: {'line': b'-- Up-to-date: /home/moekatra22/catch_them_all_turtlesim/install/launch/share/ament_index/resource_index/packages/launch\n'}
[1.105478] (launch) StdoutLine: {'line': b'-- Up-to-date: /home/moekatra22/catch_them_all_turtlesim/install/launch/share/launch/cmake/launchConfig.cmake\n'}
[1.105509] (launch) StdoutLine: {'line': b'-- Up-to-date: /home/moekatra22/catch_them_all_turtlesim/install/launch/share/launch/cmake/launchConfig-version.cmake\n'}
[1.105539] (launch) StdoutLine: {'line': b'-- Up-to-date: /home/moekatra22/catch_them_all_turtlesim/install/launch/share/launch/package.xml\n'}
[1.114549] (launch) CommandEnded: {'returncode': 0}
[1.144321] (launch) JobEnded: {'identifier': 'launch', 'rc': 0}
[1.145070] (-) EventReactorShutdown: {}
