[0.000000] (-) TimerEvent: {}
[0.000136] (turtle_interfaces) JobQueued: {'identifier': 'turtle_interfaces', 'dependencies': OrderedDict()}
[0.000156] (py_pkg) JobQueued: {'identifier': 'py_pkg', 'dependencies': OrderedDict([('turtle_interfaces', '/home/moekatra22/catch_them_all_turtlesim/install/turtle_interfaces')])}
[0.000170] (launch) JobQueued: {'identifier': 'launch', 'dependencies': OrderedDict([('turtle_interfaces', '/home/moekatra22/catch_them_all_turtlesim/install/turtle_interfaces'), ('py_pkg', '/home/moekatra22/catch_them_all_turtlesim/install/py_pkg')])}
[0.001066] (turtle_interfaces) JobStarted: {'identifier': 'turtle_interfaces'}
[0.006305] (turtle_interfaces) JobProgress: {'identifier': 'turtle_interfaces', 'progress': 'cmake'}
[0.007847] (turtle_interfaces) JobProgress: {'identifier': 'turtle_interfaces', 'progress': 'build'}
[0.007887] (turtle_interfaces) Command: {'cmd': ['/usr/bin/cmake', '--build', '/home/moekatra22/catch_them_all_turtlesim/build/turtle_interfaces', '--', '-j4', '-l4'], 'cwd': '/home/moekatra22/catch_them_all_turtlesim/build/turtle_interfaces', 'env': OrderedDict([('USER', 'moekatra22'), ('LC_TIME', 'ar_LB.UTF-8'), ('XDG_SESSION_TYPE', 'wayland'), ('SHLVL', '1'), ('LD_LIBRARY_PATH', '/home/moekatra22/catch_them_all_turtlesim/install/turtle_interfaces/lib:/opt/ros/humble/opt/rviz_ogre_vendor/lib:/opt/ros/humble/lib/aarch64-linux-gnu:/opt/ros/humble/lib'), ('HOME', '/home/moekatra22'), ('OLDPWD', '/home/moekatra22'), ('DESKTOP_SESSION', 'ubuntu'), ('ROS_PYTHON_VERSION', '3'), ('GNOME_SHELL_SESSION_MODE', 'ubuntu'), ('GTK_MODULES', 'gail:atk-bridge'), ('LC_MONETARY', 'ar_LB.UTF-8'), ('SYSTEMD_EXEC_PID', '1217'), ('DBUS_SESSION_BUS_ADDRESS', 'unix:path=/run/user/1000/bus'), ('COLORTERM', 'truecolor'), ('IM_CONFIG_PHASE', '1'), ('WAYLAND_DISPLAY', 'wayland-0'), ('COLCON_PREFIX_PATH', '/home/moekatra22/catch_them_all_turtlesim/install'), ('ROS_DISTRO', 'humble'), ('LOGNAME', 'moekatra22'), ('_', '/usr/bin/colcon'), ('ROS_VERSION', '2'), ('XDG_SESSION_CLASS', 'user'), ('USERNAME', 'moekatra22'), ('TERM', 'xterm-256color'), ('GNOME_DESKTOP_SESSION_ID', 'this-is-deprecated'), ('ROS_LOCALHOST_ONLY', '0'), ('PATH', '/opt/ros/humble/bin:/usr/local/sbin:/usr/local/bin:/usr/sbin:/usr/bin:/sbin:/bin:/usr/games:/usr/local/games:/snap/bin:/snap/bin'), ('SESSION_MANAGER', 'local/moekatra22-QEMU-Virtual-Machine:@/tmp/.ICE-unix/1176,unix/moekatra22-QEMU-Virtual-Machine:/tmp/.ICE-unix/1176'), ('XDG_MENU_PREFIX', 'gnome-'), ('LC_ADDRESS', 'ar_LB.UTF-8'), ('GNOME_TERMINAL_SCREEN', '/org/gnome/Terminal/screen/d02298b2_04c0_4339_817b_432534799d75'), ('GNOME_SETUP_DISPLAY', ':1'), ('XDG_RUNTIME_DIR', '/run/user/1000'), ('DISPLAY', ':0'), ('LANG', 'en_US.UTF-8'), ('XDG_CURRENT_DESKTOP', 'ubuntu:GNOME'), ('LC_TELEPHONE', 'ar_LB.UTF-8'), ('XMODIFIERS', '@im=ibus'), ('XDG_SESSION_DESKTOP', 'ubuntu'), ('XAUTHORITY', '/run/user/1000/.mutter-Xwaylandauth.YKPRM2'), ('GNOME_TERMINAL_SERVICE', ':1.93'), ('SSH_AGENT_LAUNCHER', 'gnome-keyring'), ('SSH_AUTH_SOCK', '/run/user/1000/keyring/ssh'), ('AMENT_PREFIX_PATH', '/home/moekatra22/catch_them_all_turtlesim/install/launch:/home/moekatra22/catch_them_all_turtlesim/install/py_pkg:/home/moekatra22/catch_them_all_turtlesim/install/turtle_interfaces:/opt/ros/humble'), ('SHELL', '/bin/bash'), ('LC_NAME', 'ar_LB.UTF-8'), ('QT_ACCESSIBILITY', '1'), ('GDMSESSION', 'ubuntu'), ('LC_MEASUREMENT', 'ar_LB.UTF-8'), ('LC_IDENTIFICATION', 'ar_LB.UTF-8'), ('QT_IM_MODULE', 'ibus'), ('PWD', '/home/moekatra22/catch_them_all_turtlesim/build/turtle_interfaces'), ('LC_ALL', 'en_US.UTF-8'), ('XDG_CONFIG_DIRS', '/etc/xdg/xdg-ubuntu:/etc/xdg'), ('XDG_DATA_DIRS', '/usr/share/ubuntu:/usr/local/share/:/usr/share/:/var/lib/snapd/desktop'), ('PYTHONPATH', '/home/moekatra22/catch_them_all_turtlesim/install/py_pkg/lib/python3.10/site-packages:/home/moekatra22/catch_them_all_turtlesim/install/turtle_interfaces/local/lib/python3.10/dist-packages:/opt/ros/humble/lib/python3.10/site-packages:/opt/ros/humble/local/lib/python3.10/dist-packages'), ('LC_NUMERIC', 'ar_LB.UTF-8'), ('LC_PAPER', 'ar_LB.UTF-8'), ('COLCON', '1'), ('VTE_VERSION', '6800'), ('CMAKE_PREFIX_PATH', '/home/moekatra22/catch_them_all_turtlesim/install/launch:/home/moekatra22/catch_them_all_turtlesim/install/turtle_interfaces:/home/moekatra22/catch_them_all_turtlesim/install/py_pkg:/opt/ros/humble')]), 'shell': False}
[0.052245] (turtle_interfaces) StdoutLine: {'line': b'\x1b[35m\x1b[1mConsolidate compiler generated dependencies of target turtle_interfaces__rosidl_generator_c\x1b[0m\n'}
[0.063675] (turtle_interfaces) StdoutLine: {'line': b'[  2%] Built target turtle_interfaces__cpp\n'}
[0.076350] (turtle_interfaces) StdoutLine: {'line': b'[  2%] Built target ament_cmake_python_copy_turtle_interfaces\n'}
[0.079031] (turtle_interfaces) StdoutLine: {'line': b'[ 12%] Built target turtle_interfaces__rosidl_generator_c\n'}
[0.080096] (turtle_interfaces) StdoutLine: {'line': b'\x1b[35m\x1b[1mConsolidate compiler generated dependencies of target turtle_interfaces__rosidl_typesupport_fastrtps_cpp\x1b[0m\n'}
[0.088453] (turtle_interfaces) StdoutLine: {'line': b'\x1b[35m\x1b[1mConsolidate compiler generated dependencies of target turtle_interfaces__rosidl_typesupport_cpp\x1b[0m\n'}
[0.095531] (turtle_interfaces) StdoutLine: {'line': b'\x1b[35m\x1b[1mConsolidate compiler generated dependencies of target turtle_interfaces__rosidl_typesupport_introspection_cpp\x1b[0m\n'}
[0.099814] (-) TimerEvent: {}
[0.104221] (turtle_interfaces) StdoutLine: {'line': b'[ 23%] Built target turtle_interfaces__rosidl_typesupport_fastrtps_cpp\n'}
[0.104865] (turtle_interfaces) StdoutLine: {'line': b'[ 34%] Built target turtle_interfaces__rosidl_typesupport_cpp\n'}
[0.114992] (turtle_interfaces) StdoutLine: {'line': b'\x1b[35m\x1b[1mConsolidate compiler generated dependencies of target turtle_interfaces__rosidl_typesupport_fastrtps_c\x1b[0m\n'}
[0.128178] (turtle_interfaces) StdoutLine: {'line': b'[ 44%] Built target turtle_interfaces__rosidl_typesupport_introspection_cpp\n'}
[0.132059] (turtle_interfaces) StdoutLine: {'line': b'\x1b[35m\x1b[1mConsolidate compiler generated dependencies of target turtle_interfaces__rosidl_typesupport_introspection_c\x1b[0m\n'}
[0.142947] (turtle_interfaces) StdoutLine: {'line': b'[ 55%] Built target turtle_interfaces__rosidl_typesupport_fastrtps_c\n'}
[0.146622] (turtle_interfaces) StdoutLine: {'line': b'\x1b[35m\x1b[1mConsolidate compiler generated dependencies of target turtle_interfaces__rosidl_typesupport_c\x1b[0m\n'}
[0.150237] (turtle_interfaces) StdoutLine: {'line': b'[ 65%] Built target turtle_interfaces__rosidl_typesupport_introspection_c\n'}
[0.156100] (turtle_interfaces) StdoutLine: {'line': b'[ 76%] Built target turtle_interfaces__rosidl_typesupport_c\n'}
[0.167314] (turtle_interfaces) StdoutLine: {'line': b'[ 76%] Built target turtle_interfaces\n'}
[0.179193] (turtle_interfaces) StdoutLine: {'line': b'[ 78%] Built target turtle_interfaces__py\n'}
[0.186814] (turtle_interfaces) StdoutLine: {'line': b'\x1b[35m\x1b[1mConsolidate compiler generated dependencies of target turtle_interfaces__rosidl_generator_py\x1b[0m\n'}
[0.198672] (turtle_interfaces) StdoutLine: {'line': b'[ 87%] Built target turtle_interfaces__rosidl_generator_py\n'}
[0.199891] (-) TimerEvent: {}
[0.205715] (turtle_interfaces) StdoutLine: {'line': b'\x1b[35m\x1b[1mConsolidate compiler generated dependencies of target turtle_interfaces__rosidl_typesupport_fastrtps_c__pyext\x1b[0m\n'}
[0.206618] (turtle_interfaces) StdoutLine: {'line': b'\x1b[35m\x1b[1mConsolidate compiler generated dependencies of target turtle_interfaces__rosidl_typesupport_c__pyext\x1b[0m\n'}
[0.215503] (turtle_interfaces) StdoutLine: {'line': b'\x1b[35m\x1b[1mConsolidate compiler generated dependencies of target turtle_interfaces__rosidl_typesupport_introspection_c__pyext\x1b[0m\n'}
[0.215626] (turtle_interfaces) StdoutLine: {'line': b'[ 91%] Built target turtle_interfaces__rosidl_typesupport_c__pyext\n'}
[0.219148] (turtle_interfaces) StdoutLine: {'line': b'[ 95%] Built target turtle_interfaces__rosidl_typesupport_fastrtps_c__pyext\n'}
[0.223678] (turtle_interfaces) StdoutLine: {'line': b'[100%] Built target turtle_interfaces__rosidl_typesupport_introspection_c__pyext\n'}
[0.269953] (turtle_interfaces) StdoutLine: {'line': b'running egg_info\n'}
[0.271057] (turtle_interfaces) StdoutLine: {'line': b'writing turtle_interfaces.egg-info/PKG-INFO\n'}
[0.271427] (turtle_interfaces) StdoutLine: {'line': b'writing dependency_links to turtle_interfaces.egg-info/dependency_links.txt\n'}
[0.271747] (turtle_interfaces) StdoutLine: {'line': b'writing top-level names to turtle_interfaces.egg-info/top_level.txt\n'}
[0.272937] (turtle_interfaces) StdoutLine: {'line': b"reading manifest file 'turtle_interfaces.egg-info/SOURCES.txt'\n"}
[0.273914] (turtle_interfaces) StdoutLine: {'line': b"writing manifest file 'turtle_interfaces.egg-info/SOURCES.txt'\n"}
[0.295524] (turtle_interfaces) StdoutLine: {'line': b'[100%] Built target ament_cmake_python_build_turtle_interfaces_egg\n'}
[0.301594] (-) TimerEvent: {}
[0.304326] (turtle_interfaces) CommandEnded: {'returncode': 0}
[0.361091] (turtle_interfaces) JobProgress: {'identifier': 'turtle_interfaces', 'progress': 'install'}
[0.366159] (turtle_interfaces) Command: {'cmd': ['/usr/bin/cmake', '--install', '/home/moekatra22/catch_them_all_turtlesim/build/turtle_interfaces'], 'cwd': '/home/moekatra22/catch_them_all_turtlesim/build/turtle_interfaces', 'env': OrderedDict([('USER', 'moekatra22'), ('LC_TIME', 'ar_LB.UTF-8'), ('XDG_SESSION_TYPE', 'wayland'), ('SHLVL', '1'), ('LD_LIBRARY_PATH', '/home/moekatra22/catch_them_all_turtlesim/install/turtle_interfaces/lib:/opt/ros/humble/opt/rviz_ogre_vendor/lib:/opt/ros/humble/lib/aarch64-linux-gnu:/opt/ros/humble/lib'), ('HOME', '/home/moekatra22'), ('OLDPWD', '/home/moekatra22'), ('DESKTOP_SESSION', 'ubuntu'), ('ROS_PYTHON_VERSION', '3'), ('GNOME_SHELL_SESSION_MODE', 'ubuntu'), ('GTK_MODULES', 'gail:atk-bridge'), ('LC_MONETARY', 'ar_LB.UTF-8'), ('SYSTEMD_EXEC_PID', '1217'), ('DBUS_SESSION_BUS_ADDRESS', 'unix:path=/run/user/1000/bus'), ('COLORTERM', 'truecolor'), ('IM_CONFIG_PHASE', '1'), ('WAYLAND_DISPLAY', 'wayland-0'), ('COLCON_PREFIX_PATH', '/home/moekatra22/catch_them_all_turtlesim/install'), ('ROS_DISTRO', 'humble'), ('LOGNAME', 'moekatra22'), ('_', '/usr/bin/colcon'), ('ROS_VERSION', '2'), ('XDG_SESSION_CLASS', 'user'), ('USERNAME', 'moekatra22'), ('TERM', 'xterm-256color'), ('GNOME_DESKTOP_SESSION_ID', 'this-is-deprecated'), ('ROS_LOCALHOST_ONLY', '0'), ('PATH', '/opt/ros/humble/bin:/usr/local/sbin:/usr/local/bin:/usr/sbin:/usr/bin:/sbin:/bin:/usr/games:/usr/local/games:/snap/bin:/snap/bin'), ('SESSION_MANAGER', 'local/moekatra22-QEMU-Virtual-Machine:@/tmp/.ICE-unix/1176,unix/moekatra22-QEMU-Virtual-Machine:/tmp/.ICE-unix/1176'), ('XDG_MENU_PREFIX', 'gnome-'), ('LC_ADDRESS', 'ar_LB.UTF-8'), ('GNOME_TERMINAL_SCREEN', '/org/gnome/Terminal/screen/d02298b2_04c0_4339_817b_432534799d75'), ('GNOME_SETUP_DISPLAY', ':1'), ('XDG_RUNTIME_DIR', '/run/user/1000'), ('DISPLAY', ':0'), ('LANG', 'en_US.UTF-8'), ('XDG_CURRENT_DESKTOP', 'ubuntu:GNOME'), ('LC_TELEPHONE', 'ar_LB.UTF-8'), ('XMODIFIERS', '@im=ibus'), ('XDG_SESSION_DESKTOP', 'ubuntu'), ('XAUTHORITY', '/run/user/1000/.mutter-Xwaylandauth.YKPRM2'), ('GNOME_TERMINAL_SERVICE', ':1.93'), ('SSH_AGENT_LAUNCHER', 'gnome-keyring'), ('SSH_AUTH_SOCK', '/run/user/1000/keyring/ssh'), ('AMENT_PREFIX_PATH', '/home/moekatra22/catch_them_all_turtlesim/install/launch:/home/moekatra22/catch_them_all_turtlesim/install/py_pkg:/home/moekatra22/catch_them_all_turtlesim/install/turtle_interfaces:/opt/ros/humble'), ('SHELL', '/bin/bash'), ('LC_NAME', 'ar_LB.UTF-8'), ('QT_ACCESSIBILITY', '1'), ('GDMSESSION', 'ubuntu'), ('LC_MEASUREMENT', 'ar_LB.UTF-8'), ('LC_IDENTIFICATION', 'ar_LB.UTF-8'), ('QT_IM_MODULE', 'ibus'), ('PWD', '/home/moekatra22/catch_them_all_turtlesim/build/turtle_interfaces'), ('LC_ALL', 'en_US.UTF-8'), ('XDG_CONFIG_DIRS', '/etc/xdg/xdg-ubuntu:/etc/xdg'), ('XDG_DATA_DIRS', '/usr/share/ubuntu:/usr/local/share/:/usr/share/:/var/lib/snapd/desktop'), ('PYTHONPATH', '/home/moekatra22/catch_them_all_turtlesim/install/py_pkg/lib/python3.10/site-packages:/home/moekatra22/catch_them_all_turtlesim/install/turtle_interfaces/local/lib/python3.10/dist-packages:/opt/ros/humble/lib/python3.10/site-packages:/opt/ros/humble/local/lib/python3.10/dist-packages'), ('LC_NUMERIC', 'ar_LB.UTF-8'), ('LC_PAPER', 'ar_LB.UTF-8'), ('COLCON', '1'), ('VTE_VERSION', '6800'), ('CMAKE_PREFIX_PATH', '/home/moekatra22/catch_them_all_turtlesim/install/launch:/home/moekatra22/catch_them_all_turtlesim/install/turtle_interfaces:/home/moekatra22/catch_them_all_turtlesim/install/py_pkg:/opt/ros/humble')]), 'shell': False}
[0.371102] (turtle_interfaces) StdoutLine: {'line': b'-- Install configuration: ""\n'}
[0.371213] (turtle_interfaces) StdoutLine: {'line': b'-- Up-to-date: /home/moekatra22/catch_them_all_turtlesim/install/turtle_interfaces/share/ament_index/resource_index/rosidl_interfaces/turtle_interfaces\n'}
[0.371673] (turtle_interfaces) StdoutLine: {'line': b'-- Up-to-date: /home/moekatra22/catch_them_all_turtlesim/install/turtle_interfaces/include/turtle_interfaces/turtle_interfaces\n'}
[0.372061] (turtle_interfaces) StdoutLine: {'line': b'-- Up-to-date: /home/moekatra22/catch_them_all_turtlesim/install/turtle_interfaces/include/turtle_interfaces/turtle_interfaces/msg\n'}
[0.372511] (turtle_interfaces) StdoutLine: {'line': b'-- Up-to-date: /home/moekatra22/catch_them_all_turtlesim/install/turtle_interfaces/include/turtle_interfaces/turtle_interfaces/msg/detail\n'}
[0.372979] (turtle_interfaces) StdoutLine: {'line': b'-- Up-to-date: /home/moekatra22/catch_them_all_turtlesim/install/turtle_interfaces/include/turtle_interfaces/turtle_interfaces/msg/detail/turtle_array__type_support.h\n'}
[0.373125] (turtle_interfaces) StdoutLine: {'line': b'-- Up-to-date: /home/moekatra22/catch_them_all_turtlesim/install/turtle_interfaces/include/turtle_interfaces/turtle_interfaces/msg/detail/turtle__struct.h\n'}
[0.373442] (turtle_interfaces) StdoutLine: {'line': b'-- Up-to-date: /home/moekatra22/catch_them_all_turtlesim/install/turtle_interfaces/include/turtle_interfaces/turtle_interfaces/msg/detail/turtle__functions.h\n'}
[0.373521] (turtle_interfaces) StdoutLine: {'line': b'-- Up-to-date: /home/moekatra22/catch_them_all_turtlesim/install/turtle_interfaces/include/turtle_interfaces/turtle_interfaces/msg/detail/turtle__functions.c\n'}
[0.373611] (turtle_interfaces) StdoutLine: {'line': b'-- Up-to-date: /home/moekatra22/catch_them_all_turtlesim/install/turtle_interfaces/include/turtle_interfaces/turtle_interfaces/msg/detail/turtle_array__functions.c\n'}
[0.373647] (turtle_interfaces) StdoutLine: {'line': b'-- Up-to-date: /home/moekatra22/catch_them_all_turtlesim/install/turtle_interfaces/include/turtle_interfaces/turtle_interfaces/msg/detail/turtle_array__functions.h\n'}
[0.373695] (turtle_interfaces) StdoutLine: {'line': b'-- Up-to-date: /home/moekatra22/catch_them_all_turtlesim/install/turtle_interfaces/include/turtle_interfaces/turtle_interfaces/msg/detail/turtle_array__struct.h\n'}
[0.373741] (turtle_interfaces) StdoutLine: {'line': b'-- Up-to-date: /home/moekatra22/catch_them_all_turtlesim/install/turtle_interfaces/include/turtle_interfaces/turtle_interfaces/msg/detail/turtle__type_support.h\n'}
[0.373777] (turtle_interfaces) StdoutLine: {'line': b'-- Up-to-date: /home/moekatra22/catch_them_all_turtlesim/install/turtle_interfaces/include/turtle_interfaces/turtle_interfaces/msg/turtle.h\n'}
[0.373818] (turtle_interfaces) StdoutLine: {'line': b'-- Up-to-date: /home/moekatra22/catch_them_all_turtlesim/install/turtle_interfaces/include/turtle_interfaces/turtle_interfaces/msg/turtle_array.h\n'}
[0.373848] (turtle_interfaces) StdoutLine: {'line': b'-- Up-to-date: /home/moekatra22/catch_them_all_turtlesim/install/turtle_interfaces/include/turtle_interfaces/turtle_interfaces/msg/rosidl_generator_c__visibility_control.h\n'}
[0.373879] (turtle_interfaces) StdoutLine: {'line': b'-- Up-to-date: /home/moekatra22/catch_them_all_turtlesim/install/turtle_interfaces/include/turtle_interfaces/turtle_interfaces/srv\n'}
[0.373908] (turtle_interfaces) StdoutLine: {'line': b'-- Up-to-date: /home/moekatra22/catch_them_all_turtlesim/install/turtle_interfaces/include/turtle_interfaces/turtle_interfaces/srv/detail\n'}
[0.373941] (turtle_interfaces) StdoutLine: {'line': b'-- Up-to-date: /home/moekatra22/catch_them_all_turtlesim/install/turtle_interfaces/include/turtle_interfaces/turtle_interfaces/srv/detail/catch_turtle__functions.h\n'}
[0.374017] (turtle_interfaces) StdoutLine: {'line': b'-- Up-to-date: /home/moekatra22/catch_them_all_turtlesim/install/turtle_interfaces/include/turtle_interfaces/turtle_interfaces/srv/detail/catch_turtle__struct.h\n'}
[0.374062] (turtle_interfaces) StdoutLine: {'line': b'-- Up-to-date: /home/moekatra22/catch_them_all_turtlesim/install/turtle_interfaces/include/turtle_interfaces/turtle_interfaces/srv/detail/catch_turtle__type_support.h\n'}
[0.374103] (turtle_interfaces) StdoutLine: {'line': b'-- Up-to-date: /home/moekatra22/catch_them_all_turtlesim/install/turtle_interfaces/include/turtle_interfaces/turtle_interfaces/srv/detail/catch_turtle__functions.c\n'}
[0.374164] (turtle_interfaces) StdoutLine: {'line': b'-- Up-to-date: /home/moekatra22/catch_them_all_turtlesim/install/turtle_interfaces/include/turtle_interfaces/turtle_interfaces/srv/catch_turtle.h\n'}
[0.374201] (turtle_interfaces) StdoutLine: {'line': b'-- Up-to-date: /home/moekatra22/catch_them_all_turtlesim/install/turtle_interfaces/share/turtle_interfaces/environment/library_path.sh\n'}
[0.374275] (turtle_interfaces) StdoutLine: {'line': b'-- Up-to-date: /home/moekatra22/catch_them_all_turtlesim/install/turtle_interfaces/share/turtle_interfaces/environment/library_path.dsv\n'}
[0.374334] (turtle_interfaces) StdoutLine: {'line': b'-- Up-to-date: /home/moekatra22/catch_them_all_turtlesim/install/turtle_interfaces/lib/libturtle_interfaces__rosidl_generator_c.so\n'}
[0.374437] (turtle_interfaces) StdoutLine: {'line': b'-- Up-to-date: /home/moekatra22/catch_them_all_turtlesim/install/turtle_interfaces/include/turtle_interfaces/turtle_interfaces\n'}
[0.374483] (turtle_interfaces) StdoutLine: {'line': b'-- Up-to-date: /home/moekatra22/catch_them_all_turtlesim/install/turtle_interfaces/include/turtle_interfaces/turtle_interfaces/msg\n'}
[0.374518] (turtle_interfaces) StdoutLine: {'line': b'-- Up-to-date: /home/moekatra22/catch_them_all_turtlesim/install/turtle_interfaces/include/turtle_interfaces/turtle_interfaces/msg/detail\n'}
[0.374562] (turtle_interfaces) StdoutLine: {'line': b'-- Up-to-date: /home/moekatra22/catch_them_all_turtlesim/install/turtle_interfaces/include/turtle_interfaces/turtle_interfaces/msg/detail/turtle__rosidl_typesupport_fastrtps_c.h\n'}
[0.374643] (turtle_interfaces) StdoutLine: {'line': b'-- Up-to-date: /home/moekatra22/catch_them_all_turtlesim/install/turtle_interfaces/include/turtle_interfaces/turtle_interfaces/msg/detail/turtle_array__rosidl_typesupport_fastrtps_c.h\n'}
[0.374682] (turtle_interfaces) StdoutLine: {'line': b'-- Up-to-date: /home/moekatra22/catch_them_all_turtlesim/install/turtle_interfaces/include/turtle_interfaces/turtle_interfaces/msg/rosidl_typesupport_fastrtps_c__visibility_control.h\n'}
[0.374723] (turtle_interfaces) StdoutLine: {'line': b'-- Up-to-date: /home/moekatra22/catch_them_all_turtlesim/install/turtle_interfaces/include/turtle_interfaces/turtle_interfaces/srv\n'}
[0.374755] (turtle_interfaces) StdoutLine: {'line': b'-- Up-to-date: /home/moekatra22/catch_them_all_turtlesim/install/turtle_interfaces/include/turtle_interfaces/turtle_interfaces/srv/detail\n'}
[0.374784] (turtle_interfaces) StdoutLine: {'line': b'-- Up-to-date: /home/moekatra22/catch_them_all_turtlesim/install/turtle_interfaces/include/turtle_interfaces/turtle_interfaces/srv/detail/catch_turtle__rosidl_typesupport_fastrtps_c.h\n'}
[0.374814] (turtle_interfaces) StdoutLine: {'line': b'-- Up-to-date: /home/moekatra22/catch_them_all_turtlesim/install/turtle_interfaces/lib/libturtle_interfaces__rosidl_typesupport_fastrtps_c.so\n'}
[0.374843] (turtle_interfaces) StdoutLine: {'line': b'-- Up-to-date: /home/moekatra22/catch_them_all_turtlesim/install/turtle_interfaces/include/turtle_interfaces/turtle_interfaces\n'}
[0.374881] (turtle_interfaces) StdoutLine: {'line': b'-- Up-to-date: /home/moekatra22/catch_them_all_turtlesim/install/turtle_interfaces/include/turtle_interfaces/turtle_interfaces/msg\n'}
[0.374945] (turtle_interfaces) StdoutLine: {'line': b'-- Up-to-date: /home/moekatra22/catch_them_all_turtlesim/install/turtle_interfaces/include/turtle_interfaces/turtle_interfaces/msg/detail\n'}
[0.374976] (turtle_interfaces) StdoutLine: {'line': b'-- Up-to-date: /home/moekatra22/catch_them_all_turtlesim/install/turtle_interfaces/include/turtle_interfaces/turtle_interfaces/msg/detail/turtle_array__type_support.c\n'}
[0.375006] (turtle_interfaces) StdoutLine: {'line': b'-- Up-to-date: /home/moekatra22/catch_them_all_turtlesim/install/turtle_interfaces/include/turtle_interfaces/turtle_interfaces/msg/detail/turtle_array__rosidl_typesupport_introspection_c.h\n'}
[0.375035] (turtle_interfaces) StdoutLine: {'line': b'-- Up-to-date: /home/moekatra22/catch_them_all_turtlesim/install/turtle_interfaces/include/turtle_interfaces/turtle_interfaces/msg/detail/turtle__type_support.c\n'}
[0.375064] (turtle_interfaces) StdoutLine: {'line': b'-- Up-to-date: /home/moekatra22/catch_them_all_turtlesim/install/turtle_interfaces/include/turtle_interfaces/turtle_interfaces/msg/detail/turtle__rosidl_typesupport_introspection_c.h\n'}
[0.375134] (turtle_interfaces) StdoutLine: {'line': b'-- Up-to-date: /home/moekatra22/catch_them_all_turtlesim/install/turtle_interfaces/include/turtle_interfaces/turtle_interfaces/msg/rosidl_typesupport_introspection_c__visibility_control.h\n'}
[0.375173] (turtle_interfaces) StdoutLine: {'line': b'-- Up-to-date: /home/moekatra22/catch_them_all_turtlesim/install/turtle_interfaces/include/turtle_interfaces/turtle_interfaces/srv\n'}
[0.375221] (turtle_interfaces) StdoutLine: {'line': b'-- Up-to-date: /home/moekatra22/catch_them_all_turtlesim/install/turtle_interfaces/include/turtle_interfaces/turtle_interfaces/srv/detail\n'}
[0.375252] (turtle_interfaces) StdoutLine: {'line': b'-- Up-to-date: /home/moekatra22/catch_them_all_turtlesim/install/turtle_interfaces/include/turtle_interfaces/turtle_interfaces/srv/detail/catch_turtle__rosidl_typesupport_introspection_c.h\n'}
[0.375282] (turtle_interfaces) StdoutLine: {'line': b'-- Up-to-date: /home/moekatra22/catch_them_all_turtlesim/install/turtle_interfaces/include/turtle_interfaces/turtle_interfaces/srv/detail/catch_turtle__type_support.c\n'}
[0.375314] (turtle_interfaces) StdoutLine: {'line': b'-- Up-to-date: /home/moekatra22/catch_them_all_turtlesim/install/turtle_interfaces/lib/libturtle_interfaces__rosidl_typesupport_introspection_c.so\n'}
[0.375356] (turtle_interfaces) StdoutLine: {'line': b'-- Up-to-date: /home/moekatra22/catch_them_all_turtlesim/install/turtle_interfaces/lib/libturtle_interfaces__rosidl_typesupport_c.so\n'}
[0.375385] (turtle_interfaces) StdoutLine: {'line': b'-- Up-to-date: /home/moekatra22/catch_them_all_turtlesim/install/turtle_interfaces/include/turtle_interfaces/turtle_interfaces\n'}
[0.375425] (turtle_interfaces) StdoutLine: {'line': b'-- Up-to-date: /home/moekatra22/catch_them_all_turtlesim/install/turtle_interfaces/include/turtle_interfaces/turtle_interfaces/msg\n'}
[0.375463] (turtle_interfaces) StdoutLine: {'line': b'-- Up-to-date: /home/moekatra22/catch_them_all_turtlesim/install/turtle_interfaces/include/turtle_interfaces/turtle_interfaces/msg/turtle.hpp\n'}
[0.375502] (turtle_interfaces) StdoutLine: {'line': b'-- Up-to-date: /home/moekatra22/catch_them_all_turtlesim/install/turtle_interfaces/include/turtle_interfaces/turtle_interfaces/msg/detail\n'}
[0.375651] (turtle_interfaces) StdoutLine: {'line': b'-- Up-to-date: /home/moekatra22/catch_them_all_turtlesim/install/turtle_interfaces/include/turtle_interfaces/turtle_interfaces/msg/detail/turtle__struct.hpp\n'}
[0.375738] (turtle_interfaces) StdoutLine: {'line': b'-- Up-to-date: /home/moekatra22/catch_them_all_turtlesim/install/turtle_interfaces/include/turtle_interfaces/turtle_interfaces/msg/detail/turtle_array__builder.hpp\n'}
[0.375769] (turtle_interfaces) StdoutLine: {'line': b'-- Up-to-date: /home/moekatra22/catch_them_all_turtlesim/install/turtle_interfaces/include/turtle_interfaces/turtle_interfaces/msg/detail/turtle_array__traits.hpp\n'}
[0.375851] (turtle_interfaces) StdoutLine: {'line': b'-- Up-to-date: /home/moekatra22/catch_them_all_turtlesim/install/turtle_interfaces/include/turtle_interfaces/turtle_interfaces/msg/detail/turtle_array__struct.hpp\n'}
[0.375883] (turtle_interfaces) StdoutLine: {'line': b'-- Up-to-date: /home/moekatra22/catch_them_all_turtlesim/install/turtle_interfaces/include/turtle_interfaces/turtle_interfaces/msg/detail/turtle__builder.hpp\n'}
[0.375913] (turtle_interfaces) StdoutLine: {'line': b'-- Up-to-date: /home/moekatra22/catch_them_all_turtlesim/install/turtle_interfaces/include/turtle_interfaces/turtle_interfaces/msg/detail/turtle__traits.hpp\n'}
[0.375992] (turtle_interfaces) StdoutLine: {'line': b'-- Up-to-date: /home/moekatra22/catch_them_all_turtlesim/install/turtle_interfaces/include/turtle_interfaces/turtle_interfaces/msg/turtle_array.hpp\n'}
[0.376053] (turtle_interfaces) StdoutLine: {'line': b'-- Up-to-date: /home/moekatra22/catch_them_all_turtlesim/install/turtle_interfaces/include/turtle_interfaces/turtle_interfaces/srv\n'}
[0.376111] (turtle_interfaces) StdoutLine: {'line': b'-- Up-to-date: /home/moekatra22/catch_them_all_turtlesim/install/turtle_interfaces/include/turtle_interfaces/turtle_interfaces/srv/detail\n'}
[0.376189] (turtle_interfaces) StdoutLine: {'line': b'-- Up-to-date: /home/moekatra22/catch_them_all_turtlesim/install/turtle_interfaces/include/turtle_interfaces/turtle_interfaces/srv/detail/catch_turtle__struct.hpp\n'}
[0.376235] (turtle_interfaces) StdoutLine: {'line': b'-- Up-to-date: /home/moekatra22/catch_them_all_turtlesim/install/turtle_interfaces/include/turtle_interfaces/turtle_interfaces/srv/detail/catch_turtle__traits.hpp\n'}
[0.376360] (turtle_interfaces) StdoutLine: {'line': b'-- Up-to-date: /home/moekatra22/catch_them_all_turtlesim/install/turtle_interfaces/include/turtle_interfaces/turtle_interfaces/srv/detail/catch_turtle__builder.hpp\n'}
[0.376413] (turtle_interfaces) StdoutLine: {'line': b'-- Up-to-date: /home/moekatra22/catch_them_all_turtlesim/install/turtle_interfaces/include/turtle_interfaces/turtle_interfaces/srv/catch_turtle.hpp\n'}
[0.376455] (turtle_interfaces) StdoutLine: {'line': b'-- Up-to-date: /home/moekatra22/catch_them_all_turtlesim/install/turtle_interfaces/include/turtle_interfaces/turtle_interfaces\n'}
[0.376521] (turtle_interfaces) StdoutLine: {'line': b'-- Up-to-date: /home/moekatra22/catch_them_all_turtlesim/install/turtle_interfaces/include/turtle_interfaces/turtle_interfaces/msg\n'}
[0.376561] (turtle_interfaces) StdoutLine: {'line': b'-- Up-to-date: /home/moekatra22/catch_them_all_turtlesim/install/turtle_interfaces/include/turtle_interfaces/turtle_interfaces/msg/detail\n'}
[0.376738] (turtle_interfaces) StdoutLine: {'line': b'-- Up-to-date: /home/moekatra22/catch_them_all_turtlesim/install/turtle_interfaces/include/turtle_interfaces/turtle_interfaces/msg/detail/dds_fastrtps\n'}
[0.376768] (turtle_interfaces) StdoutLine: {'line': b'-- Up-to-date: /home/moekatra22/catch_them_all_turtlesim/install/turtle_interfaces/include/turtle_interfaces/turtle_interfaces/msg/detail/turtle_array__rosidl_typesupport_fastrtps_cpp.hpp\n'}
[0.376797] (turtle_interfaces) StdoutLine: {'line': b'-- Up-to-date: /home/moekatra22/catch_them_all_turtlesim/install/turtle_interfaces/include/turtle_interfaces/turtle_interfaces/msg/detail/turtle__rosidl_typesupport_fastrtps_cpp.hpp\n'}
[0.376829] (turtle_interfaces) StdoutLine: {'line': b'-- Up-to-date: /home/moekatra22/catch_them_all_turtlesim/install/turtle_interfaces/include/turtle_interfaces/turtle_interfaces/msg/rosidl_typesupport_fastrtps_cpp__visibility_control.h\n'}
[0.376916] (turtle_interfaces) StdoutLine: {'line': b'-- Up-to-date: /home/moekatra22/catch_them_all_turtlesim/install/turtle_interfaces/include/turtle_interfaces/turtle_interfaces/srv\n'}
[0.376946] (turtle_interfaces) StdoutLine: {'line': b'-- Up-to-date: /home/moekatra22/catch_them_all_turtlesim/install/turtle_interfaces/include/turtle_interfaces/turtle_interfaces/srv/detail\n'}
[0.376974] (turtle_interfaces) StdoutLine: {'line': b'-- Up-to-date: /home/moekatra22/catch_them_all_turtlesim/install/turtle_interfaces/include/turtle_interfaces/turtle_interfaces/srv/detail/catch_turtle__rosidl_typesupport_fastrtps_cpp.hpp\n'}
[0.377006] (turtle_interfaces) StdoutLine: {'line': b'-- Up-to-date: /home/moekatra22/catch_them_all_turtlesim/install/turtle_interfaces/include/turtle_interfaces/turtle_interfaces/srv/detail/dds_fastrtps\n'}
[0.377035] (turtle_interfaces) StdoutLine: {'line': b'-- Up-to-date: /home/moekatra22/catch_them_all_turtlesim/install/turtle_interfaces/lib/libturtle_interfaces__rosidl_typesupport_fastrtps_cpp.so\n'}
[0.377100] (turtle_interfaces) StdoutLine: {'line': b'-- Up-to-date: /home/moekatra22/catch_them_all_turtlesim/install/turtle_interfaces/include/turtle_interfaces/turtle_interfaces\n'}
[0.377146] (turtle_interfaces) StdoutLine: {'line': b'-- Up-to-date: /home/moekatra22/catch_them_all_turtlesim/install/turtle_interfaces/include/turtle_interfaces/turtle_interfaces/msg\n'}
[0.377194] (turtle_interfaces) StdoutLine: {'line': b'-- Up-to-date: /home/moekatra22/catch_them_all_turtlesim/install/turtle_interfaces/include/turtle_interfaces/turtle_interfaces/msg/detail\n'}
[0.377237] (turtle_interfaces) StdoutLine: {'line': b'-- Up-to-date: /home/moekatra22/catch_them_all_turtlesim/install/turtle_interfaces/include/turtle_interfaces/turtle_interfaces/msg/detail/turtle_array__rosidl_typesupport_introspection_cpp.hpp\n'}
[0.377280] (turtle_interfaces) StdoutLine: {'line': b'-- Up-to-date: /home/moekatra22/catch_them_all_turtlesim/install/turtle_interfaces/include/turtle_interfaces/turtle_interfaces/msg/detail/turtle__rosidl_typesupport_introspection_cpp.hpp\n'}
[0.377309] (turtle_interfaces) StdoutLine: {'line': b'-- Up-to-date: /home/moekatra22/catch_them_all_turtlesim/install/turtle_interfaces/include/turtle_interfaces/turtle_interfaces/msg/detail/turtle_array__type_support.cpp\n'}
[0.377338] (turtle_interfaces) StdoutLine: {'line': b'-- Up-to-date: /home/moekatra22/catch_them_all_turtlesim/install/turtle_interfaces/include/turtle_interfaces/turtle_interfaces/msg/detail/turtle__type_support.cpp\n'}
[0.377366] (turtle_interfaces) StdoutLine: {'line': b'-- Up-to-date: /home/moekatra22/catch_them_all_turtlesim/install/turtle_interfaces/include/turtle_interfaces/turtle_interfaces/srv\n'}
[0.377410] (turtle_interfaces) StdoutLine: {'line': b'-- Up-to-date: /home/moekatra22/catch_them_all_turtlesim/install/turtle_interfaces/include/turtle_interfaces/turtle_interfaces/srv/detail\n'}
[0.377440] (turtle_interfaces) StdoutLine: {'line': b'-- Up-to-date: /home/moekatra22/catch_them_all_turtlesim/install/turtle_interfaces/include/turtle_interfaces/turtle_interfaces/srv/detail/catch_turtle__rosidl_typesupport_introspection_cpp.hpp\n'}
[0.377488] (turtle_interfaces) StdoutLine: {'line': b'-- Up-to-date: /home/moekatra22/catch_them_all_turtlesim/install/turtle_interfaces/include/turtle_interfaces/turtle_interfaces/srv/detail/catch_turtle__type_support.cpp\n'}
[0.377519] (turtle_interfaces) StdoutLine: {'line': b'-- Up-to-date: /home/moekatra22/catch_them_all_turtlesim/install/turtle_interfaces/lib/libturtle_interfaces__rosidl_typesupport_introspection_cpp.so\n'}
[0.377572] (turtle_interfaces) StdoutLine: {'line': b'-- Up-to-date: /home/moekatra22/catch_them_all_turtlesim/install/turtle_interfaces/lib/libturtle_interfaces__rosidl_typesupport_cpp.so\n'}
[0.377602] (turtle_interfaces) StdoutLine: {'line': b'-- Up-to-date: /home/moekatra22/catch_them_all_turtlesim/install/turtle_interfaces/share/turtle_interfaces/environment/pythonpath.sh\n'}
[0.377640] (turtle_interfaces) StdoutLine: {'line': b'-- Up-to-date: /home/moekatra22/catch_them_all_turtlesim/install/turtle_interfaces/share/turtle_interfaces/environment/pythonpath.dsv\n'}
[0.377673] (turtle_interfaces) StdoutLine: {'line': b'-- Up-to-date: /home/moekatra22/catch_them_all_turtlesim/install/turtle_interfaces/local/lib/python3.10/dist-packages/turtle_interfaces-0.0.0-py3.10.egg-info\n'}
[0.377702] (turtle_interfaces) StdoutLine: {'line': b'-- Installing: /home/moekatra22/catch_them_all_turtlesim/install/turtle_interfaces/local/lib/python3.10/dist-packages/turtle_interfaces-0.0.0-py3.10.egg-info/PKG-INFO\n'}
[0.385231] (turtle_interfaces) StdoutLine: {'line': b'-- Installing: /home/moekatra22/catch_them_all_turtlesim/install/turtle_interfaces/local/lib/python3.10/dist-packages/turtle_interfaces-0.0.0-py3.10.egg-info/SOURCES.txt\n'}
[0.385475] (turtle_interfaces) StdoutLine: {'line': b'-- Installing: /home/moekatra22/catch_them_all_turtlesim/install/turtle_interfaces/local/lib/python3.10/dist-packages/turtle_interfaces-0.0.0-py3.10.egg-info/dependency_links.txt\n'}
[0.385538] (turtle_interfaces) StdoutLine: {'line': b'-- Installing: /home/moekatra22/catch_them_all_turtlesim/install/turtle_interfaces/local/lib/python3.10/dist-packages/turtle_interfaces-0.0.0-py3.10.egg-info/top_level.txt\n'}
[0.385653] (turtle_interfaces) StdoutLine: {'line': b'-- Up-to-date: /home/moekatra22/catch_them_all_turtlesim/install/turtle_interfaces/local/lib/python3.10/dist-packages/turtle_interfaces\n'}
[0.385716] (turtle_interfaces) StdoutLine: {'line': b'-- Up-to-date: /home/moekatra22/catch_them_all_turtlesim/install/turtle_interfaces/local/lib/python3.10/dist-packages/turtle_interfaces/_turtle_interfaces_s.ep.rosidl_typesupport_c.c\n'}
[0.385760] (turtle_interfaces) StdoutLine: {'line': b'-- Up-to-date: /home/moekatra22/catch_them_all_turtlesim/install/turtle_interfaces/local/lib/python3.10/dist-packages/turtle_interfaces/turtle_interfaces_s__rosidl_typesupport_fastrtps_c.cpython-310-aarch64-linux-gnu.so\n'}
[0.385861] (turtle_interfaces) StdoutLine: {'line': b'-- Up-to-date: /home/moekatra22/catch_them_all_turtlesim/install/turtle_interfaces/local/lib/python3.10/dist-packages/turtle_interfaces/turtle_interfaces_s__rosidl_typesupport_c.cpython-310-aarch64-linux-gnu.so\n'}
[0.385920] (turtle_interfaces) StdoutLine: {'line': b'-- Up-to-date: /home/moekatra22/catch_them_all_turtlesim/install/turtle_interfaces/local/lib/python3.10/dist-packages/turtle_interfaces/_turtle_interfaces_s.ep.rosidl_typesupport_introspection_c.c\n'}
[0.385968] (turtle_interfaces) StdoutLine: {'line': b'-- Up-to-date: /home/moekatra22/catch_them_all_turtlesim/install/turtle_interfaces/local/lib/python3.10/dist-packages/turtle_interfaces/__init__.py\n'}
[0.385998] (turtle_interfaces) StdoutLine: {'line': b'-- Up-to-date: /home/moekatra22/catch_them_all_turtlesim/install/turtle_interfaces/local/lib/python3.10/dist-packages/turtle_interfaces/msg\n'}
[0.386027] (turtle_interfaces) StdoutLine: {'line': b'-- Up-to-date: /home/moekatra22/catch_them_all_turtlesim/install/turtle_interfaces/local/lib/python3.10/dist-packages/turtle_interfaces/msg/_turtle_array_s.c\n'}
[0.386056] (turtle_interfaces) StdoutLine: {'line': b'-- Up-to-date: /home/moekatra22/catch_them_all_turtlesim/install/turtle_interfaces/local/lib/python3.10/dist-packages/turtle_interfaces/msg/_turtle_s.c\n'}
[0.386085] (turtle_interfaces) StdoutLine: {'line': b'-- Up-to-date: /home/moekatra22/catch_them_all_turtlesim/install/turtle_interfaces/local/lib/python3.10/dist-packages/turtle_interfaces/msg/__init__.py\n'}
[0.386114] (turtle_interfaces) StdoutLine: {'line': b'-- Up-to-date: /home/moekatra22/catch_them_all_turtlesim/install/turtle_interfaces/local/lib/python3.10/dist-packages/turtle_interfaces/msg/_turtle_array.py\n'}
[0.386143] (turtle_interfaces) StdoutLine: {'line': b'-- Up-to-date: /home/moekatra22/catch_them_all_turtlesim/install/turtle_interfaces/local/lib/python3.10/dist-packages/turtle_interfaces/msg/_turtle.py\n'}
[0.386172] (turtle_interfaces) StdoutLine: {'line': b'-- Up-to-date: /home/moekatra22/catch_them_all_turtlesim/install/turtle_interfaces/local/lib/python3.10/dist-packages/turtle_interfaces/_turtle_interfaces_s.ep.rosidl_typesupport_fastrtps_c.c\n'}
[0.386201] (turtle_interfaces) StdoutLine: {'line': b'-- Up-to-date: /home/moekatra22/catch_them_all_turtlesim/install/turtle_interfaces/local/lib/python3.10/dist-packages/turtle_interfaces/srv\n'}
[0.386229] (turtle_interfaces) StdoutLine: {'line': b'-- Up-to-date: /home/moekatra22/catch_them_all_turtlesim/install/turtle_interfaces/local/lib/python3.10/dist-packages/turtle_interfaces/srv/_catch_turtle_s.c\n'}
[0.386262] (turtle_interfaces) StdoutLine: {'line': b'-- Up-to-date: /home/moekatra22/catch_them_all_turtlesim/install/turtle_interfaces/local/lib/python3.10/dist-packages/turtle_interfaces/srv/__init__.py\n'}
[0.386291] (turtle_interfaces) StdoutLine: {'line': b'-- Up-to-date: /home/moekatra22/catch_them_all_turtlesim/install/turtle_interfaces/local/lib/python3.10/dist-packages/turtle_interfaces/srv/_catch_turtle.py\n'}
[0.386320] (turtle_interfaces) StdoutLine: {'line': b'-- Up-to-date: /home/moekatra22/catch_them_all_turtlesim/install/turtle_interfaces/local/lib/python3.10/dist-packages/turtle_interfaces/libturtle_interfaces__rosidl_generator_py.so\n'}
[0.386353] (turtle_interfaces) StdoutLine: {'line': b'-- Up-to-date: /home/moekatra22/catch_them_all_turtlesim/install/turtle_interfaces/local/lib/python3.10/dist-packages/turtle_interfaces/turtle_interfaces_s__rosidl_typesupport_introspection_c.cpython-310-aarch64-linux-gnu.so\n'}
[0.407079] (-) TimerEvent: {}
[0.418869] (turtle_interfaces) StdoutLine: {'line': b"Listing '/home/moekatra22/catch_them_all_turtlesim/install/turtle_interfaces/local/lib/python3.10/dist-packages/turtle_interfaces'...\n"}
[0.419138] (turtle_interfaces) StdoutLine: {'line': b"Listing '/home/moekatra22/catch_them_all_turtlesim/install/turtle_interfaces/local/lib/python3.10/dist-packages/turtle_interfaces/msg'...\n"}
[0.419215] (turtle_interfaces) StdoutLine: {'line': b"Listing '/home/moekatra22/catch_them_all_turtlesim/install/turtle_interfaces/local/lib/python3.10/dist-packages/turtle_interfaces/srv'...\n"}
[0.422190] (turtle_interfaces) StdoutLine: {'line': b'-- Up-to-date: /home/moekatra22/catch_them_all_turtlesim/install/turtle_interfaces/local/lib/python3.10/dist-packages/turtle_interfaces/turtle_interfaces_s__rosidl_typesupport_fastrtps_c.cpython-310-aarch64-linux-gnu.so\n'}
[0.422524] (turtle_interfaces) StdoutLine: {'line': b'-- Up-to-date: /home/moekatra22/catch_them_all_turtlesim/install/turtle_interfaces/local/lib/python3.10/dist-packages/turtle_interfaces/turtle_interfaces_s__rosidl_typesupport_introspection_c.cpython-310-aarch64-linux-gnu.so\n'}
[0.422986] (turtle_interfaces) StdoutLine: {'line': b'-- Up-to-date: /home/moekatra22/catch_them_all_turtlesim/install/turtle_interfaces/local/lib/python3.10/dist-packages/turtle_interfaces/turtle_interfaces_s__rosidl_typesupport_c.cpython-310-aarch64-linux-gnu.so\n'}
[0.423375] (turtle_interfaces) StdoutLine: {'line': b'-- Up-to-date: /home/moekatra22/catch_them_all_turtlesim/install/turtle_interfaces/lib/libturtle_interfaces__rosidl_generator_py.so\n'}
[0.423556] (turtle_interfaces) StdoutLine: {'line': b'-- Up-to-date: /home/moekatra22/catch_them_all_turtlesim/install/turtle_interfaces/share/turtle_interfaces/msg/Turtle.idl\n'}
[0.423679] (turtle_interfaces) StdoutLine: {'line': b'-- Up-to-date: /home/moekatra22/catch_them_all_turtlesim/install/turtle_interfaces/share/turtle_interfaces/msg/TurtleArray.idl\n'}
[0.423785] (turtle_interfaces) StdoutLine: {'line': b'-- Up-to-date: /home/moekatra22/catch_them_all_turtlesim/install/turtle_interfaces/share/turtle_interfaces/srv/CatchTurtle.idl\n'}
[0.423925] (turtle_interfaces) StdoutLine: {'line': b'-- Up-to-date: /home/moekatra22/catch_them_all_turtlesim/install/turtle_interfaces/share/turtle_interfaces/msg/Turtle.msg\n'}
[0.424020] (turtle_interfaces) StdoutLine: {'line': b'-- Up-to-date: /home/moekatra22/catch_them_all_turtlesim/install/turtle_interfaces/share/turtle_interfaces/msg/TurtleArray.msg\n'}
[0.424105] (turtle_interfaces) StdoutLine: {'line': b'-- Up-to-date: /home/moekatra22/catch_them_all_turtlesim/install/turtle_interfaces/share/turtle_interfaces/srv/CatchTurtle.srv\n'}
[0.424190] (turtle_interfaces) StdoutLine: {'line': b'-- Up-to-date: /home/moekatra22/catch_them_all_turtlesim/install/turtle_interfaces/share/turtle_interfaces/srv/CatchTurtle_Request.msg\n'}
[0.424250] (turtle_interfaces) StdoutLine: {'line': b'-- Up-to-date: /home/moekatra22/catch_them_all_turtlesim/install/turtle_interfaces/share/turtle_interfaces/srv/CatchTurtle_Response.msg\n'}
[0.424423] (turtle_interfaces) StdoutLine: {'line': b'-- Up-to-date: /home/moekatra22/catch_them_all_turtlesim/install/turtle_interfaces/share/ament_index/resource_index/package_run_dependencies/turtle_interfaces\n'}
[0.424761] (turtle_interfaces) StdoutLine: {'line': b'-- Up-to-date: /home/moekatra22/catch_them_all_turtlesim/install/turtle_interfaces/share/ament_index/resource_index/parent_prefix_path/turtle_interfaces\n'}
[0.424867] (turtle_interfaces) StdoutLine: {'line': b'-- Up-to-date: /home/moekatra22/catch_them_all_turtlesim/install/turtle_interfaces/share/turtle_interfaces/environment/ament_prefix_path.sh\n'}
[0.424954] (turtle_interfaces) StdoutLine: {'line': b'-- Up-to-date: /home/moekatra22/catch_them_all_turtlesim/install/turtle_interfaces/share/turtle_interfaces/environment/ament_prefix_path.dsv\n'}
[0.425084] (turtle_interfaces) StdoutLine: {'line': b'-- Up-to-date: /home/moekatra22/catch_them_all_turtlesim/install/turtle_interfaces/share/turtle_interfaces/environment/path.sh\n'}
[0.425144] (turtle_interfaces) StdoutLine: {'line': b'-- Up-to-date: /home/moekatra22/catch_them_all_turtlesim/install/turtle_interfaces/share/turtle_interfaces/environment/path.dsv\n'}
[0.426291] (turtle_interfaces) StdoutLine: {'line': b'-- Up-to-date: /home/moekatra22/catch_them_all_turtlesim/install/turtle_interfaces/share/turtle_interfaces/local_setup.bash\n'}
[0.426386] (turtle_interfaces) StdoutLine: {'line': b'-- Up-to-date: /home/moekatra22/catch_them_all_turtlesim/install/turtle_interfaces/share/turtle_interfaces/local_setup.sh\n'}
[0.426472] (turtle_interfaces) StdoutLine: {'line': b'-- Up-to-date: /home/moekatra22/catch_them_all_turtlesim/install/turtle_interfaces/share/turtle_interfaces/local_setup.zsh\n'}
[0.426547] (turtle_interfaces) StdoutLine: {'line': b'-- Up-to-date: /home/moekatra22/catch_them_all_turtlesim/install/turtle_interfaces/share/turtle_interfaces/local_setup.dsv\n'}
[0.426614] (turtle_interfaces) StdoutLine: {'line': b'-- Installing: /home/moekatra22/catch_them_all_turtlesim/install/turtle_interfaces/share/turtle_interfaces/package.dsv\n'}
[0.426683] (turtle_interfaces) StdoutLine: {'line': b'-- Up-to-date: /home/moekatra22/catch_them_all_turtlesim/install/turtle_interfaces/share/ament_index/resource_index/packages/turtle_interfaces\n'}
[0.426753] (turtle_interfaces) StdoutLine: {'line': b'-- Up-to-date: /home/moekatra22/catch_them_all_turtlesim/install/turtle_interfaces/share/turtle_interfaces/cmake/export_turtle_interfaces__rosidl_generator_cExport.cmake\n'}
[0.426815] (turtle_interfaces) StdoutLine: {'line': b'-- Up-to-date: /home/moekatra22/catch_them_all_turtlesim/install/turtle_interfaces/share/turtle_interfaces/cmake/export_turtle_interfaces__rosidl_generator_cExport-noconfig.cmake\n'}
[0.426864] (turtle_interfaces) StdoutLine: {'line': b'-- Up-to-date: /home/moekatra22/catch_them_all_turtlesim/install/turtle_interfaces/share/turtle_interfaces/cmake/export_turtle_interfaces__rosidl_typesupport_fastrtps_cExport.cmake\n'}
[0.426913] (turtle_interfaces) StdoutLine: {'line': b'-- Up-to-date: /home/moekatra22/catch_them_all_turtlesim/install/turtle_interfaces/share/turtle_interfaces/cmake/export_turtle_interfaces__rosidl_typesupport_fastrtps_cExport-noconfig.cmake\n'}
[0.426973] (turtle_interfaces) StdoutLine: {'line': b'-- Up-to-date: /home/moekatra22/catch_them_all_turtlesim/install/turtle_interfaces/share/turtle_interfaces/cmake/turtle_interfaces__rosidl_typesupport_introspection_cExport.cmake\n'}
[0.427019] (turtle_interfaces) StdoutLine: {'line': b'-- Up-to-date: /home/moekatra22/catch_them_all_turtlesim/install/turtle_interfaces/share/turtle_interfaces/cmake/turtle_interfaces__rosidl_typesupport_introspection_cExport-noconfig.cmake\n'}
[0.428164] (turtle_interfaces) StdoutLine: {'line': b'-- Up-to-date: /home/moekatra22/catch_them_all_turtlesim/install/turtle_interfaces/share/turtle_interfaces/cmake/turtle_interfaces__rosidl_typesupport_cExport.cmake\n'}
[0.428243] (turtle_interfaces) StdoutLine: {'line': b'-- Up-to-date: /home/moekatra22/catch_them_all_turtlesim/install/turtle_interfaces/share/turtle_interfaces/cmake/turtle_interfaces__rosidl_typesupport_cExport-noconfig.cmake\n'}
[0.428311] (turtle_interfaces) StdoutLine: {'line': b'-- Up-to-date: /home/moekatra22/catch_them_all_turtlesim/install/turtle_interfaces/share/turtle_interfaces/cmake/export_turtle_interfaces__rosidl_generator_cppExport.cmake\n'}
[0.428362] (turtle_interfaces) StdoutLine: {'line': b'-- Up-to-date: /home/moekatra22/catch_them_all_turtlesim/install/turtle_interfaces/share/turtle_interfaces/cmake/export_turtle_interfaces__rosidl_typesupport_fastrtps_cppExport.cmake\n'}
[0.428409] (turtle_interfaces) StdoutLine: {'line': b'-- Up-to-date: /home/moekatra22/catch_them_all_turtlesim/install/turtle_interfaces/share/turtle_interfaces/cmake/export_turtle_interfaces__rosidl_typesupport_fastrtps_cppExport-noconfig.cmake\n'}
[0.428444] (turtle_interfaces) StdoutLine: {'line': b'-- Up-to-date: /home/moekatra22/catch_them_all_turtlesim/install/turtle_interfaces/share/turtle_interfaces/cmake/turtle_interfaces__rosidl_typesupport_introspection_cppExport.cmake\n'}
[0.428498] (turtle_interfaces) StdoutLine: {'line': b'-- Up-to-date: /home/moekatra22/catch_them_all_turtlesim/install/turtle_interfaces/share/turtle_interfaces/cmake/turtle_interfaces__rosidl_typesupport_introspection_cppExport-noconfig.cmake\n'}
[0.428554] (turtle_interfaces) StdoutLine: {'line': b'-- Up-to-date: /home/moekatra22/catch_them_all_turtlesim/install/turtle_interfaces/share/turtle_interfaces/cmake/turtle_interfaces__rosidl_typesupport_cppExport.cmake\n'}
[0.428685] (turtle_interfaces) StdoutLine: {'line': b'-- Up-to-date: /home/moekatra22/catch_them_all_turtlesim/install/turtle_interfaces/share/turtle_interfaces/cmake/turtle_interfaces__rosidl_typesupport_cppExport-noconfig.cmake\n'}
[0.428749] (turtle_interfaces) StdoutLine: {'line': b'-- Up-to-date: /home/moekatra22/catch_them_all_turtlesim/install/turtle_interfaces/share/turtle_interfaces/cmake/export_turtle_interfaces__rosidl_generator_pyExport.cmake\n'}
[0.428811] (turtle_interfaces) StdoutLine: {'line': b'-- Up-to-date: /home/moekatra22/catch_them_all_turtlesim/install/turtle_interfaces/share/turtle_interfaces/cmake/export_turtle_interfaces__rosidl_generator_pyExport-noconfig.cmake\n'}
[0.456761] (turtle_interfaces) StdoutLine: {'line': b'-- Up-to-date: /home/moekatra22/catch_them_all_turtlesim/install/turtle_interfaces/share/turtle_interfaces/cmake/rosidl_cmake-extras.cmake\n'}
[0.457080] (turtle_interfaces) StdoutLine: {'line': b'-- Up-to-date: /home/moekatra22/catch_them_all_turtlesim/install/turtle_interfaces/share/turtle_interfaces/cmake/ament_cmake_export_include_directories-extras.cmake\n'}
[0.457254] (turtle_interfaces) StdoutLine: {'line': b'-- Up-to-date: /home/moekatra22/catch_them_all_turtlesim/install/turtle_interfaces/share/turtle_interfaces/cmake/ament_cmake_export_libraries-extras.cmake\n'}
[0.457459] (turtle_interfaces) StdoutLine: {'line': b'-- Up-to-date: /home/moekatra22/catch_them_all_turtlesim/install/turtle_interfaces/share/turtle_interfaces/cmake/ament_cmake_export_targets-extras.cmake\n'}
[0.457595] (turtle_interfaces) StdoutLine: {'line': b'-- Up-to-date: /home/moekatra22/catch_them_all_turtlesim/install/turtle_interfaces/share/turtle_interfaces/cmake/rosidl_cmake_export_typesupport_targets-extras.cmake\n'}
[0.457756] (turtle_interfaces) StdoutLine: {'line': b'-- Up-to-date: /home/moekatra22/catch_them_all_turtlesim/install/turtle_interfaces/share/turtle_interfaces/cmake/ament_cmake_export_dependencies-extras.cmake\n'}
[0.457912] (turtle_interfaces) StdoutLine: {'line': b'-- Up-to-date: /home/moekatra22/catch_them_all_turtlesim/install/turtle_interfaces/share/turtle_interfaces/cmake/rosidl_cmake_export_typesupport_libraries-extras.cmake\n'}
[0.458022] (turtle_interfaces) StdoutLine: {'line': b'-- Up-to-date: /home/moekatra22/catch_them_all_turtlesim/install/turtle_interfaces/share/turtle_interfaces/cmake/turtle_interfacesConfig.cmake\n'}
[0.458093] (turtle_interfaces) StdoutLine: {'line': b'-- Up-to-date: /home/moekatra22/catch_them_all_turtlesim/install/turtle_interfaces/share/turtle_interfaces/cmake/turtle_interfacesConfig-version.cmake\n'}
[0.458173] (turtle_interfaces) StdoutLine: {'line': b'-- Up-to-date: /home/moekatra22/catch_them_all_turtlesim/install/turtle_interfaces/share/turtle_interfaces/package.xml\n'}
[0.458438] (turtle_interfaces) CommandEnded: {'returncode': 0}
[0.507200] (-) TimerEvent: {}
[0.607800] (-) TimerEvent: {}
[0.621865] (turtle_interfaces) JobEnded: {'identifier': 'turtle_interfaces', 'rc': 0}
[0.622695] (py_pkg) JobStarted: {'identifier': 'py_pkg'}
[0.707919] (-) TimerEvent: {}
[0.808199] (-) TimerEvent: {}
[0.911260] (-) TimerEvent: {}
[1.001274] (py_pkg) Command: {'cmd': ['/usr/bin/python3', '-W', 'ignore:setup.py install is deprecated', 'setup.py', 'egg_info', '--egg-base', '../../build/py_pkg', 'build', '--build-base', '/home/moekatra22/catch_them_all_turtlesim/build/py_pkg/build', 'install', '--record', '/home/moekatra22/catch_them_all_turtlesim/build/py_pkg/install.log', '--single-version-externally-managed', 'install_data'], 'cwd': '/home/moekatra22/catch_them_all_turtlesim/src/py_pkg', 'env': {'USER': 'moekatra22', 'LC_TIME': 'ar_LB.UTF-8', 'XDG_SESSION_TYPE': 'wayland', 'SHLVL': '1', 'LD_LIBRARY_PATH': '/home/moekatra22/catch_them_all_turtlesim/install/turtle_interfaces/lib:/opt/ros/humble/opt/rviz_ogre_vendor/lib:/opt/ros/humble/lib/aarch64-linux-gnu:/opt/ros/humble/lib', 'HOME': '/home/moekatra22', 'OLDPWD': '/home/moekatra22', 'DESKTOP_SESSION': 'ubuntu', 'ROS_PYTHON_VERSION': '3', 'GNOME_SHELL_SESSION_MODE': 'ubuntu', 'GTK_MODULES': 'gail:atk-bridge', 'LC_MONETARY': 'ar_LB.UTF-8', 'SYSTEMD_EXEC_PID': '1217', 'DBUS_SESSION_BUS_ADDRESS': 'unix:path=/run/user/1000/bus', 'COLORTERM': 'truecolor', 'IM_CONFIG_PHASE': '1', 'WAYLAND_DISPLAY': 'wayland-0', 'COLCON_PREFIX_PATH': '/home/moekatra22/catch_them_all_turtlesim/install', 'ROS_DISTRO': 'humble', 'LOGNAME': 'moekatra22', '_': '/usr/bin/colcon', 'ROS_VERSION': '2', 'XDG_SESSION_CLASS': 'user', 'USERNAME': 'moekatra22', 'TERM': 'xterm-256color', 'GNOME_DESKTOP_SESSION_ID': 'this-is-deprecated', 'ROS_LOCALHOST_ONLY': '0', 'PATH': '/opt/ros/humble/bin:/usr/local/sbin:/usr/local/bin:/usr/sbin:/usr/bin:/sbin:/bin:/usr/games:/usr/local/games:/snap/bin:/snap/bin', 'SESSION_MANAGER': 'local/moekatra22-QEMU-Virtual-Machine:@/tmp/.ICE-unix/1176,unix/moekatra22-QEMU-Virtual-Machine:/tmp/.ICE-unix/1176', 'XDG_MENU_PREFIX': 'gnome-', 'LC_ADDRESS': 'ar_LB.UTF-8', 'GNOME_TERMINAL_SCREEN': '/org/gnome/Terminal/screen/d02298b2_04c0_4339_817b_432534799d75', 'GNOME_SETUP_DISPLAY': ':1', 'XDG_RUNTIME_DIR': '/run/user/1000', 'DISPLAY': ':0', 'LANG': 'en_US.UTF-8', 'XDG_CURRENT_DESKTOP': 'ubuntu:GNOME', 'LC_TELEPHONE': 'ar_LB.UTF-8', 'XMODIFIERS': '@im=ibus', 'XDG_SESSION_DESKTOP': 'ubuntu', 'XAUTHORITY': '/run/user/1000/.mutter-Xwaylandauth.YKPRM2', 'GNOME_TERMINAL_SERVICE': ':1.93', 'SSH_AGENT_LAUNCHER': 'gnome-keyring', 'SSH_AUTH_SOCK': '/run/user/1000/keyring/ssh', 'AMENT_PREFIX_PATH': '/home/moekatra22/catch_them_all_turtlesim/install/launch:/home/moekatra22/catch_them_all_turtlesim/install/py_pkg:/home/moekatra22/catch_them_all_turtlesim/install/turtle_interfaces:/opt/ros/humble', 'SHELL': '/bin/bash', 'LC_NAME': 'ar_LB.UTF-8', 'QT_ACCESSIBILITY': '1', 'GDMSESSION': 'ubuntu', 'LC_MEASUREMENT': 'ar_LB.UTF-8', 'LC_IDENTIFICATION': 'ar_LB.UTF-8', 'QT_IM_MODULE': 'ibus', 'PWD': '/home/moekatra22/catch_them_all_turtlesim/build/py_pkg', 'LC_ALL': 'en_US.UTF-8', 'XDG_CONFIG_DIRS': '/etc/xdg/xdg-ubuntu:/etc/xdg', 'XDG_DATA_DIRS': '/usr/share/ubuntu:/usr/local/share/:/usr/share/:/var/lib/snapd/desktop', 'PYTHONPATH': '/home/moekatra22/catch_them_all_turtlesim/build/py_pkg/prefix_override:/home/moekatra22/catch_them_all_turtlesim/install/py_pkg/lib/python3.10/site-packages:/home/moekatra22/catch_them_all_turtlesim/install/py_pkg/lib/python3.10/site-packages:/home/moekatra22/catch_them_all_turtlesim/install/turtle_interfaces/local/lib/python3.10/dist-packages:/opt/ros/humble/lib/python3.10/site-packages:/opt/ros/humble/local/lib/python3.10/dist-packages', 'LC_NUMERIC': 'ar_LB.UTF-8', 'LC_PAPER': 'ar_LB.UTF-8', 'COLCON': '1', 'VTE_VERSION': '6800', 'CMAKE_PREFIX_PATH': '/home/moekatra22/catch_them_all_turtlesim/install/turtle_interfaces:/home/moekatra22/catch_them_all_turtlesim/install/launch'}, 'shell': False}
[1.011969] (-) TimerEvent: {}
[1.112282] (-) TimerEvent: {}
[1.143327] (py_pkg) StdoutLine: {'line': b'running egg_info\n'}
[1.143791] (py_pkg) StdoutLine: {'line': b'writing ../../build/py_pkg/py_pkg.egg-info/PKG-INFO\n'}
[1.143983] (py_pkg) StdoutLine: {'line': b'writing dependency_links to ../../build/py_pkg/py_pkg.egg-info/dependency_links.txt\n'}
[1.144067] (py_pkg) StdoutLine: {'line': b'writing entry points to ../../build/py_pkg/py_pkg.egg-info/entry_points.txt\n'}
[1.144126] (py_pkg) StdoutLine: {'line': b'writing requirements to ../../build/py_pkg/py_pkg.egg-info/requires.txt\n'}
[1.144468] (py_pkg) StdoutLine: {'line': b'writing top-level names to ../../build/py_pkg/py_pkg.egg-info/top_level.txt\n'}
[1.146330] (py_pkg) StdoutLine: {'line': b"reading manifest file '../../build/py_pkg/py_pkg.egg-info/SOURCES.txt'\n"}
[1.146432] (py_pkg) StdoutLine: {'line': b"writing manifest file '../../build/py_pkg/py_pkg.egg-info/SOURCES.txt'\n"}
[1.146470] (py_pkg) StdoutLine: {'line': b'running build\n'}
[1.146501] (py_pkg) StdoutLine: {'line': b'running build_py\n'}
[1.146550] (py_pkg) StdoutLine: {'line': b'running install\n'}
[1.146838] (py_pkg) StdoutLine: {'line': b'running install_lib\n'}
[1.147525] (py_pkg) StdoutLine: {'line': b'running install_data\n'}
[1.147588] (py_pkg) StdoutLine: {'line': b'running install_egg_info\n'}
[1.149171] (py_pkg) StdoutLine: {'line': b"removing '/home/moekatra22/catch_them_all_turtlesim/install/py_pkg/lib/python3.10/site-packages/py_pkg-0.0.0-py3.10.egg-info' (and everything under it)\n"}
[1.149433] (py_pkg) StdoutLine: {'line': b'Copying ../../build/py_pkg/py_pkg.egg-info to /home/moekatra22/catch_them_all_turtlesim/install/py_pkg/lib/python3.10/site-packages/py_pkg-0.0.0-py3.10.egg-info\n'}
[1.150028] (py_pkg) StdoutLine: {'line': b'running install_scripts\n'}
[1.163449] (py_pkg) StdoutLine: {'line': b'Installing controller script to /home/moekatra22/catch_them_all_turtlesim/install/py_pkg/lib/py_pkg\n'}
[1.163579] (py_pkg) StdoutLine: {'line': b'Installing spawner script to /home/moekatra22/catch_them_all_turtlesim/install/py_pkg/lib/py_pkg\n'}
[1.163883] (py_pkg) StdoutLine: {'line': b"writing list of installed files to '/home/moekatra22/catch_them_all_turtlesim/build/py_pkg/install.log'\n"}
[1.184428] (py_pkg) CommandEnded: {'returncode': 0}
[1.184703] (py_pkg) JobEnded: {'identifier': 'py_pkg', 'rc': 0}
[1.185018] (launch) JobStarted: {'identifier': 'launch'}
[1.188365] (launch) JobProgress: {'identifier': 'launch', 'progress': 'cmake'}
[1.188406] (launch) JobProgress: {'identifier': 'launch', 'progress': 'build'}
[1.188423] (launch) Command: {'cmd': ['/usr/bin/cmake', '--build', '/home/moekatra22/catch_them_all_turtlesim/build/launch', '--', '-j4', '-l4'], 'cwd': '/home/moekatra22/catch_them_all_turtlesim/build/launch', 'env': OrderedDict([('USER', 'moekatra22'), ('LC_TIME', 'ar_LB.UTF-8'), ('XDG_SESSION_TYPE', 'wayland'), ('SHLVL', '1'), ('LD_LIBRARY_PATH', '/home/moekatra22/catch_them_all_turtlesim/install/turtle_interfaces/lib:/opt/ros/humble/opt/rviz_ogre_vendor/lib:/opt/ros/humble/lib/aarch64-linux-gnu:/opt/ros/humble/lib'), ('HOME', '/home/moekatra22'), ('OLDPWD', '/home/moekatra22'), ('DESKTOP_SESSION', 'ubuntu'), ('ROS_PYTHON_VERSION', '3'), ('GNOME_SHELL_SESSION_MODE', 'ubuntu'), ('GTK_MODULES', 'gail:atk-bridge'), ('LC_MONETARY', 'ar_LB.UTF-8'), ('SYSTEMD_EXEC_PID', '1217'), ('DBUS_SESSION_BUS_ADDRESS', 'unix:path=/run/user/1000/bus'), ('COLORTERM', 'truecolor'), ('IM_CONFIG_PHASE', '1'), ('WAYLAND_DISPLAY', 'wayland-0'), ('COLCON_PREFIX_PATH', '/home/moekatra22/catch_them_all_turtlesim/install'), ('ROS_DISTRO', 'humble'), ('LOGNAME', 'moekatra22'), ('_', '/usr/bin/colcon'), ('ROS_VERSION', '2'), ('XDG_SESSION_CLASS', 'user'), ('USERNAME', 'moekatra22'), ('TERM', 'xterm-256color'), ('GNOME_DESKTOP_SESSION_ID', 'this-is-deprecated'), ('ROS_LOCALHOST_ONLY', '0'), ('PATH', '/opt/ros/humble/bin:/usr/local/sbin:/usr/local/bin:/usr/sbin:/usr/bin:/sbin:/bin:/usr/games:/usr/local/games:/snap/bin:/snap/bin'), ('SESSION_MANAGER', 'local/moekatra22-QEMU-Virtual-Machine:@/tmp/.ICE-unix/1176,unix/moekatra22-QEMU-Virtual-Machine:/tmp/.ICE-unix/1176'), ('XDG_MENU_PREFIX', 'gnome-'), ('LC_ADDRESS', 'ar_LB.UTF-8'), ('GNOME_TERMINAL_SCREEN', '/org/gnome/Terminal/screen/d02298b2_04c0_4339_817b_432534799d75'), ('GNOME_SETUP_DISPLAY', ':1'), ('XDG_RUNTIME_DIR', '/run/user/1000'), ('DISPLAY', ':0'), ('LANG', 'en_US.UTF-8'), ('XDG_CURRENT_DESKTOP', 'ubuntu:GNOME'), ('LC_TELEPHONE', 'ar_LB.UTF-8'), ('XMODIFIERS', '@im=ibus'), ('XDG_SESSION_DESKTOP', 'ubuntu'), ('XAUTHORITY', '/run/user/1000/.mutter-Xwaylandauth.YKPRM2'), ('GNOME_TERMINAL_SERVICE', ':1.93'), ('SSH_AGENT_LAUNCHER', 'gnome-keyring'), ('SSH_AUTH_SOCK', '/run/user/1000/keyring/ssh'), ('AMENT_PREFIX_PATH', '/home/moekatra22/catch_them_all_turtlesim/install/py_pkg:/home/moekatra22/catch_them_all_turtlesim/install/launch:/home/moekatra22/catch_them_all_turtlesim/install/turtle_interfaces:/opt/ros/humble'), ('SHELL', '/bin/bash'), ('LC_NAME', 'ar_LB.UTF-8'), ('QT_ACCESSIBILITY', '1'), ('GDMSESSION', 'ubuntu'), ('LC_MEASUREMENT', 'ar_LB.UTF-8'), ('LC_IDENTIFICATION', 'ar_LB.UTF-8'), ('QT_IM_MODULE', 'ibus'), ('PWD', '/home/moekatra22/catch_them_all_turtlesim/build/launch'), ('LC_ALL', 'en_US.UTF-8'), ('XDG_CONFIG_DIRS', '/etc/xdg/xdg-ubuntu:/etc/xdg'), ('XDG_DATA_DIRS', '/usr/share/ubuntu:/usr/local/share/:/usr/share/:/var/lib/snapd/desktop'), ('PYTHONPATH', '/home/moekatra22/catch_them_all_turtlesim/install/py_pkg/lib/python3.10/site-packages:/home/moekatra22/catch_them_all_turtlesim/install/turtle_interfaces/local/lib/python3.10/dist-packages:/opt/ros/humble/lib/python3.10/site-packages:/opt/ros/humble/local/lib/python3.10/dist-packages'), ('LC_NUMERIC', 'ar_LB.UTF-8'), ('LC_PAPER', 'ar_LB.UTF-8'), ('COLCON', '1'), ('VTE_VERSION', '6800'), ('CMAKE_PREFIX_PATH', '/home/moekatra22/catch_them_all_turtlesim/install/turtle_interfaces:/home/moekatra22/catch_them_all_turtlesim/install/launch:/home/moekatra22/catch_them_all_turtlesim/install/py_pkg:/opt/ros/humble')]), 'shell': False}
[1.211441] (launch) CommandEnded: {'returncode': 0}
[1.218184] (-) TimerEvent: {}
[1.225140] (launch) JobProgress: {'identifier': 'launch', 'progress': 'install'}
[1.225258] (launch) Command: {'cmd': ['/usr/bin/cmake', '--install', '/home/moekatra22/catch_them_all_turtlesim/build/launch'], 'cwd': '/home/moekatra22/catch_them_all_turtlesim/build/launch', 'env': OrderedDict([('USER', 'moekatra22'), ('LC_TIME', 'ar_LB.UTF-8'), ('XDG_SESSION_TYPE', 'wayland'), ('SHLVL', '1'), ('LD_LIBRARY_PATH', '/home/moekatra22/catch_them_all_turtlesim/install/turtle_interfaces/lib:/opt/ros/humble/opt/rviz_ogre_vendor/lib:/opt/ros/humble/lib/aarch64-linux-gnu:/opt/ros/humble/lib'), ('HOME', '/home/moekatra22'), ('OLDPWD', '/home/moekatra22'), ('DESKTOP_SESSION', 'ubuntu'), ('ROS_PYTHON_VERSION', '3'), ('GNOME_SHELL_SESSION_MODE', 'ubuntu'), ('GTK_MODULES', 'gail:atk-bridge'), ('LC_MONETARY', 'ar_LB.UTF-8'), ('SYSTEMD_EXEC_PID', '1217'), ('DBUS_SESSION_BUS_ADDRESS', 'unix:path=/run/user/1000/bus'), ('COLORTERM', 'truecolor'), ('IM_CONFIG_PHASE', '1'), ('WAYLAND_DISPLAY', 'wayland-0'), ('COLCON_PREFIX_PATH', '/home/moekatra22/catch_them_all_turtlesim/install'), ('ROS_DISTRO', 'humble'), ('LOGNAME', 'moekatra22'), ('_', '/usr/bin/colcon'), ('ROS_VERSION', '2'), ('XDG_SESSION_CLASS', 'user'), ('USERNAME', 'moekatra22'), ('TERM', 'xterm-256color'), ('GNOME_DESKTOP_SESSION_ID', 'this-is-deprecated'), ('ROS_LOCALHOST_ONLY', '0'), ('PATH', '/opt/ros/humble/bin:/usr/local/sbin:/usr/local/bin:/usr/sbin:/usr/bin:/sbin:/bin:/usr/games:/usr/local/games:/snap/bin:/snap/bin'), ('SESSION_MANAGER', 'local/moekatra22-QEMU-Virtual-Machine:@/tmp/.ICE-unix/1176,unix/moekatra22-QEMU-Virtual-Machine:/tmp/.ICE-unix/1176'), ('XDG_MENU_PREFIX', 'gnome-'), ('LC_ADDRESS', 'ar_LB.UTF-8'), ('GNOME_TERMINAL_SCREEN', '/org/gnome/Terminal/screen/d02298b2_04c0_4339_817b_432534799d75'), ('GNOME_SETUP_DISPLAY', ':1'), ('XDG_RUNTIME_DIR', '/run/user/1000'), ('DISPLAY', ':0'), ('LANG', 'en_US.UTF-8'), ('XDG_CURRENT_DESKTOP', 'ubuntu:GNOME'), ('LC_TELEPHONE', 'ar_LB.UTF-8'), ('XMODIFIERS', '@im=ibus'), ('XDG_SESSION_DESKTOP', 'ubuntu'), ('XAUTHORITY', '/run/user/1000/.mutter-Xwaylandauth.YKPRM2'), ('GNOME_TERMINAL_SERVICE', ':1.93'), ('SSH_AGENT_LAUNCHER', 'gnome-keyring'), ('SSH_AUTH_SOCK', '/run/user/1000/keyring/ssh'), ('AMENT_PREFIX_PATH', '/home/moekatra22/catch_them_all_turtlesim/install/py_pkg:/home/moekatra22/catch_them_all_turtlesim/install/launch:/home/moekatra22/catch_them_all_turtlesim/install/turtle_interfaces:/opt/ros/humble'), ('SHELL', '/bin/bash'), ('LC_NAME', 'ar_LB.UTF-8'), ('QT_ACCESSIBILITY', '1'), ('GDMSESSION', 'ubuntu'), ('LC_MEASUREMENT', 'ar_LB.UTF-8'), ('LC_IDENTIFICATION', 'ar_LB.UTF-8'), ('QT_IM_MODULE', 'ibus'), ('PWD', '/home/moekatra22/catch_them_all_turtlesim/build/launch'), ('LC_ALL', 'en_US.UTF-8'), ('XDG_CONFIG_DIRS', '/etc/xdg/xdg-ubuntu:/etc/xdg'), ('XDG_DATA_DIRS', '/usr/share/ubuntu:/usr/local/share/:/usr/share/:/var/lib/snapd/desktop'), ('PYTHONPATH', '/home/moekatra22/catch_them_all_turtlesim/install/py_pkg/lib/python3.10/site-packages:/home/moekatra22/catch_them_all_turtlesim/install/turtle_interfaces/local/lib/python3.10/dist-packages:/opt/ros/humble/lib/python3.10/site-packages:/opt/ros/humble/local/lib/python3.10/dist-packages'), ('LC_NUMERIC', 'ar_LB.UTF-8'), ('LC_PAPER', 'ar_LB.UTF-8'), ('COLCON', '1'), ('VTE_VERSION', '6800'), ('CMAKE_PREFIX_PATH', '/home/moekatra22/catch_them_all_turtlesim/install/turtle_interfaces:/home/moekatra22/catch_them_all_turtlesim/install/launch:/home/moekatra22/catch_them_all_turtlesim/install/py_pkg:/opt/ros/humble')]), 'shell': False}
[1.230115] (launch) StdoutLine: {'line': b'-- Install configuration: ""\n'}
[1.230308] (launch) StdoutLine: {'line': b'-- Up-to-date: /home/moekatra22/catch_them_all_turtlesim/install/launch/share/launch/launch\n'}
[1.230347] (launch) StdoutLine: {'line': b'-- Up-to-date: /home/moekatra22/catch_them_all_turtlesim/install/launch/share/launch/launch/catch_them_all.launch.py\n'}
[1.230380] (launch) StdoutLine: {'line': b'-- Up-to-date: /home/moekatra22/catch_them_all_turtlesim/install/launch/share/ament_index/resource_index/package_run_dependencies/launch\n'}
[1.230411] (launch) StdoutLine: {'line': b'-- Up-to-date: /home/moekatra22/catch_them_all_turtlesim/install/launch/share/ament_index/resource_index/parent_prefix_path/launch\n'}
[1.230442] (launch) StdoutLine: {'line': b'-- Up-to-date: /home/moekatra22/catch_them_all_turtlesim/install/launch/share/launch/environment/ament_prefix_path.sh\n'}
[1.230472] (launch) StdoutLine: {'line': b'-- Up-to-date: /home/moekatra22/catch_them_all_turtlesim/install/launch/share/launch/environment/ament_prefix_path.dsv\n'}
[1.230501] (launch) StdoutLine: {'line': b'-- Up-to-date: /home/moekatra22/catch_them_all_turtlesim/install/launch/share/launch/environment/path.sh\n'}
[1.230530] (launch) StdoutLine: {'line': b'-- Up-to-date: /home/moekatra22/catch_them_all_turtlesim/install/launch/share/launch/environment/path.dsv\n'}
[1.230559] (launch) StdoutLine: {'line': b'-- Up-to-date: /home/moekatra22/catch_them_all_turtlesim/install/launch/share/launch/local_setup.bash\n'}
[1.230588] (launch) StdoutLine: {'line': b'-- Up-to-date: /home/moekatra22/catch_them_all_turtlesim/install/launch/share/launch/local_setup.sh\n'}
[1.230617] (launch) StdoutLine: {'line': b'-- Up-to-date: /home/moekatra22/catch_them_all_turtlesim/install/launch/share/launch/local_setup.zsh\n'}
[1.230646] (launch) StdoutLine: {'line': b'-- Up-to-date: /home/moekatra22/catch_them_all_turtlesim/install/launch/share/launch/local_setup.dsv\n'}
[1.230674] (launch) StdoutLine: {'line': b'-- Installing: /home/moekatra22/catch_them_all_turtlesim/install/launch/share/launch/package.dsv\n'}
[1.230703] (launch) StdoutLine: {'line': b'-- Up-to-date: /home/moekatra22/catch_them_all_turtlesim/install/launch/share/ament_index/resource_index/packages/launch\n'}
[1.230731] (launch) StdoutLine: {'line': b'-- Up-to-date: /home/moekatra22/catch_them_all_turtlesim/install/launch/share/launch/cmake/launchConfig.cmake\n'}
[1.230764] (launch) StdoutLine: {'line': b'-- Up-to-date: /home/moekatra22/catch_them_all_turtlesim/install/launch/share/launch/cmake/launchConfig-version.cmake\n'}
[1.230910] (launch) StdoutLine: {'line': b'-- Up-to-date: /home/moekatra22/catch_them_all_turtlesim/install/launch/share/launch/package.xml\n'}
[1.231568] (launch) CommandEnded: {'returncode': 0}
[1.256139] (launch) JobEnded: {'identifier': 'launch', 'rc': 0}
[1.256772] (-) EventReactorShutdown: {}
