[0.007s] Invoking command in '/home/moekatra22/catch_them_all_turtlesim/build/launch': AMENT_PREFIX_PATH=/home/moekatra22/catch_them_all_turtlesim/install/py_pkg:/home/moekatra22/catch_them_all_turtlesim/install/turtle_interfaces:${AMENT_PREFIX_PATH} CMAKE_PREFIX_PATH=/home/moekatra22/catch_them_all_turtlesim/install/turtle_interfaces:/home/moekatra22/catch_them_all/install/launch:/home/moekatra22/catch_them_all/install/turtle_interfaces:/home/moekatra22/catch_them_all/install/py_pkg:/opt/ros/humble LD_LIBRARY_PATH=/home/moekatra22/catch_them_all_turtlesim/install/turtle_interfaces/lib:${LD_LIBRARY_PATH} PYTHONPATH=/home/moekatra22/catch_them_all_turtlesim/install/py_pkg/lib/python3.10/site-packages:/home/moekatra22/catch_them_all_turtlesim/install/turtle_interfaces/local/lib/python3.10/dist-packages:${PYTHONPATH} /usr/bin/cmake /home/moekatra22/catch_them_all_turtlesim/src/launch -DCMAKE_INSTALL_PREFIX=/home/moekatra22/catch_them_all_turtlesim/install/launch
[0.075s] -- The C compiler identification is GNU 11.4.0
[0.122s] -- The CXX compiler identification is GNU 11.4.0
[0.128s] -- Detecting C compiler ABI info
[0.180s] -- Detecting C compiler ABI info - done
[0.184s] -- Check for working C compiler: /usr/bin/cc - skipped
[0.184s] -- Detecting C compile features
[0.185s] -- Detecting C compile features - done
[0.187s] -- Detecting CXX compiler ABI info
[0.259s] -- Detecting CXX compiler ABI info - done
[0.266s] -- Check for working CXX compiler: /usr/bin/c++ - skipped
[0.266s] -- Detecting CXX compile features
[0.266s] -- Detecting CXX compile features - done
[0.269s] -- Found ament_cmake: 1.3.8 (/opt/ros/humble/share/ament_cmake/cmake)
[0.362s] -- Found Python3: /usr/bin/python3 (found version "3.10.12") found components: Interpreter 
[0.472s] -- Configuring done
[0.474s] -- Generating done
[0.475s] -- Build files have been written to: /home/moekatra22/catch_them_all_turtlesim/build/launch
[0.478s] Invoked command in '/home/moekatra22/catch_them_all_turtlesim/build/launch' returned '0': AMENT_PREFIX_PATH=/home/moekatra22/catch_them_all_turtlesim/install/py_pkg:/home/moekatra22/catch_them_all_turtlesim/install/turtle_interfaces:${AMENT_PREFIX_PATH} CMAKE_PREFIX_PATH=/home/moekatra22/catch_them_all_turtlesim/install/turtle_interfaces:/home/moekatra22/catch_them_all/install/launch:/home/moekatra22/catch_them_all/install/turtle_interfaces:/home/moekatra22/catch_them_all/install/py_pkg:/opt/ros/humble LD_LIBRARY_PATH=/home/moekatra22/catch_them_all_turtlesim/install/turtle_interfaces/lib:${LD_LIBRARY_PATH} PYTHONPATH=/home/moekatra22/catch_them_all_turtlesim/install/py_pkg/lib/python3.10/site-packages:/home/moekatra22/catch_them_all_turtlesim/install/turtle_interfaces/local/lib/python3.10/dist-packages:${PYTHONPATH} /usr/bin/cmake /home/moekatra22/catch_them_all_turtlesim/src/launch -DCMAKE_INSTALL_PREFIX=/home/moekatra22/catch_them_all_turtlesim/install/launch
[0.480s] Invoking command in '/home/moekatra22/catch_them_all_turtlesim/build/launch': AMENT_PREFIX_PATH=/home/moekatra22/catch_them_all_turtlesim/install/py_pkg:/home/moekatra22/catch_them_all_turtlesim/install/turtle_interfaces:${AMENT_PREFIX_PATH} CMAKE_PREFIX_PATH=/home/moekatra22/catch_them_all_turtlesim/install/turtle_interfaces:/home/moekatra22/catch_them_all/install/launch:/home/moekatra22/catch_them_all/install/turtle_interfaces:/home/moekatra22/catch_them_all/install/py_pkg:/opt/ros/humble LD_LIBRARY_PATH=/home/moekatra22/catch_them_all_turtlesim/install/turtle_interfaces/lib:${LD_LIBRARY_PATH} PYTHONPATH=/home/moekatra22/catch_them_all_turtlesim/install/py_pkg/lib/python3.10/site-packages:/home/moekatra22/catch_them_all_turtlesim/install/turtle_interfaces/local/lib/python3.10/dist-packages:${PYTHONPATH} /usr/bin/cmake --build /home/moekatra22/catch_them_all_turtlesim/build/launch -- -j4 -l4
[0.503s] Invoked command in '/home/moekatra22/catch_them_all_turtlesim/build/launch' returned '0': AMENT_PREFIX_PATH=/home/moekatra22/catch_them_all_turtlesim/install/py_pkg:/home/moekatra22/catch_them_all_turtlesim/install/turtle_interfaces:${AMENT_PREFIX_PATH} CMAKE_PREFIX_PATH=/home/moekatra22/catch_them_all_turtlesim/install/turtle_interfaces:/home/moekatra22/catch_them_all/install/launch:/home/moekatra22/catch_them_all/install/turtle_interfaces:/home/moekatra22/catch_them_all/install/py_pkg:/opt/ros/humble LD_LIBRARY_PATH=/home/moekatra22/catch_them_all_turtlesim/install/turtle_interfaces/lib:${LD_LIBRARY_PATH} PYTHONPATH=/home/moekatra22/catch_them_all_turtlesim/install/py_pkg/lib/python3.10/site-packages:/home/moekatra22/catch_them_all_turtlesim/install/turtle_interfaces/local/lib/python3.10/dist-packages:${PYTHONPATH} /usr/bin/cmake --build /home/moekatra22/catch_them_all_turtlesim/build/launch -- -j4 -l4
[0.514s] Invoking command in '/home/moekatra22/catch_them_all_turtlesim/build/launch': AMENT_PREFIX_PATH=/home/moekatra22/catch_them_all_turtlesim/install/py_pkg:/home/moekatra22/catch_them_all_turtlesim/install/turtle_interfaces:${AMENT_PREFIX_PATH} CMAKE_PREFIX_PATH=/home/moekatra22/catch_them_all_turtlesim/install/turtle_interfaces:/home/moekatra22/catch_them_all/install/launch:/home/moekatra22/catch_them_all/install/turtle_interfaces:/home/moekatra22/catch_them_all/install/py_pkg:/opt/ros/humble LD_LIBRARY_PATH=/home/moekatra22/catch_them_all_turtlesim/install/turtle_interfaces/lib:${LD_LIBRARY_PATH} PYTHONPATH=/home/moekatra22/catch_them_all_turtlesim/install/py_pkg/lib/python3.10/site-packages:/home/moekatra22/catch_them_all_turtlesim/install/turtle_interfaces/local/lib/python3.10/dist-packages:${PYTHONPATH} /usr/bin/cmake --install /home/moekatra22/catch_them_all_turtlesim/build/launch
[0.518s] -- Install configuration: ""
[0.518s] -- Installing: /home/moekatra22/catch_them_all_turtlesim/install/launch/share/launch/launch
[0.518s] -- Installing: /home/moekatra22/catch_them_all_turtlesim/install/launch/share/launch/launch/catch_them_all.launch.py
[0.519s] -- Installing: /home/moekatra22/catch_them_all_turtlesim/install/launch/share/ament_index/resource_index/package_run_dependencies/launch
[0.519s] -- Installing: /home/moekatra22/catch_them_all_turtlesim/install/launch/share/ament_index/resource_index/parent_prefix_path/launch
[0.519s] -- Installing: /home/moekatra22/catch_them_all_turtlesim/install/launch/share/launch/environment/ament_prefix_path.sh
[0.519s] -- Installing: /home/moekatra22/catch_them_all_turtlesim/install/launch/share/launch/environment/ament_prefix_path.dsv
[0.519s] -- Installing: /home/moekatra22/catch_them_all_turtlesim/install/launch/share/launch/environment/path.sh
[0.520s] -- Installing: /home/moekatra22/catch_them_all_turtlesim/install/launch/share/launch/environment/path.dsv
[0.520s] -- Installing: /home/moekatra22/catch_them_all_turtlesim/install/launch/share/launch/local_setup.bash
[0.520s] -- Installing: /home/moekatra22/catch_them_all_turtlesim/install/launch/share/launch/local_setup.sh
[0.520s] -- Installing: /home/moekatra22/catch_them_all_turtlesim/install/launch/share/launch/local_setup.zsh
[0.520s] -- Installing: /home/moekatra22/catch_them_all_turtlesim/install/launch/share/launch/local_setup.dsv
[0.520s] -- Installing: /home/moekatra22/catch_them_all_turtlesim/install/launch/share/launch/package.dsv
[0.520s] -- Installing: /home/moekatra22/catch_them_all_turtlesim/install/launch/share/ament_index/resource_index/packages/launch
[0.521s] -- Installing: /home/moekatra22/catch_them_all_turtlesim/install/launch/share/launch/cmake/launchConfig.cmake
[0.521s] -- Installing: /home/moekatra22/catch_them_all_turtlesim/install/launch/share/launch/cmake/launchConfig-version.cmake
[0.521s] -- Installing: /home/moekatra22/catch_them_all_turtlesim/install/launch/share/launch/package.xml
[0.522s] Invoked command in '/home/moekatra22/catch_them_all_turtlesim/build/launch' returned '0': AMENT_PREFIX_PATH=/home/moekatra22/catch_them_all_turtlesim/install/py_pkg:/home/moekatra22/catch_them_all_turtlesim/install/turtle_interfaces:${AMENT_PREFIX_PATH} CMAKE_PREFIX_PATH=/home/moekatra22/catch_them_all_turtlesim/install/turtle_interfaces:/home/moekatra22/catch_them_all/install/launch:/home/moekatra22/catch_them_all/install/turtle_interfaces:/home/moekatra22/catch_them_all/install/py_pkg:/opt/ros/humble LD_LIBRARY_PATH=/home/moekatra22/catch_them_all_turtlesim/install/turtle_interfaces/lib:${LD_LIBRARY_PATH} PYTHONPATH=/home/moekatra22/catch_them_all_turtlesim/install/py_pkg/lib/python3.10/site-packages:/home/moekatra22/catch_them_all_turtlesim/install/turtle_interfaces/local/lib/python3.10/dist-packages:${PYTHONPATH} /usr/bin/cmake --install /home/moekatra22/catch_them_all_turtlesim/build/launch
