[0.008s] Invoking command in '/home/moekatra22/catch_them_all_turtlesim/build/cpp_pkg': CMAKE_PREFIX_PATH=${CMAKE_PREFIX_PATH}:/home/moekatra22/catch_them_all_turtlesim/install/py_pkg:/opt/ros/humble /usr/bin/cmake /home/moekatra22/catch_them_all_turtlesim/src/cpp_pkg -DCMAKE_INSTALL_PREFIX=/home/moekatra22/catch_them_all_turtlesim/install/cpp_pkg
[0.027s] -- Found ament_cmake: 1.3.8 (/opt/ros/humble/share/ament_cmake/cmake)
[0.116s] -- Found rclcpp: 16.0.8 (/opt/ros/humble/share/rclcpp/cmake)
[0.138s] -- Found rosidl_generator_c: 3.1.5 (/opt/ros/humble/share/rosidl_generator_c/cmake)
[0.140s] -- Found rosidl_adapter: 3.1.5 (/opt/ros/humble/share/rosidl_adapter/cmake)
[0.145s] -- Found rosidl_generator_cpp: 3.1.5 (/opt/ros/humble/share/rosidl_generator_cpp/cmake)
[0.153s] -- Using all available rosidl_typesupport_c: rosidl_typesupport_fastrtps_c;rosidl_typesupport_introspection_c
[0.167s] -- Using all available rosidl_typesupport_cpp: rosidl_typesupport_fastrtps_cpp;rosidl_typesupport_introspection_cpp
[0.210s] -- Found rmw_implementation_cmake: 6.1.1 (/opt/ros/humble/share/rmw_implementation_cmake/cmake)
[0.211s] -- Found rmw_fastrtps_cpp: 6.2.6 (/opt/ros/humble/share/rmw_fastrtps_cpp/cmake)
[0.308s] -- Using RMW implementation 'rmw_fastrtps_cpp' as default
[0.446s] -- Found turtlesim: 1.4.2 (/opt/ros/humble/share/turtlesim/cmake)
[0.560s] -- Found turtle_interfaces: 0.0.0 (/home/moekatra22/catch_them_all_turtlesim/install/turtle_interfaces/share/turtle_interfaces/cmake)
[0.572s] -- Found geometry_msgs: 4.2.3 (/opt/ros/humble/share/geometry_msgs/cmake)
[0.655s] -- Configuring done
[0.670s] -- Generating done
[0.671s] -- Build files have been written to: /home/moekatra22/catch_them_all_turtlesim/build/cpp_pkg
[0.677s] Invoked command in '/home/moekatra22/catch_them_all_turtlesim/build/cpp_pkg' returned '0': CMAKE_PREFIX_PATH=${CMAKE_PREFIX_PATH}:/home/moekatra22/catch_them_all_turtlesim/install/py_pkg:/opt/ros/humble /usr/bin/cmake /home/moekatra22/catch_them_all_turtlesim/src/cpp_pkg -DCMAKE_INSTALL_PREFIX=/home/moekatra22/catch_them_all_turtlesim/install/cpp_pkg
[0.679s] Invoking command in '/home/moekatra22/catch_them_all_turtlesim/build/cpp_pkg': CMAKE_PREFIX_PATH=${CMAKE_PREFIX_PATH}:/home/moekatra22/catch_them_all_turtlesim/install/py_pkg:/opt/ros/humble /usr/bin/cmake --build /home/moekatra22/catch_them_all_turtlesim/build/cpp_pkg -- -j4 -l4
[0.708s] [ 50%] [32mBuilding CXX object CMakeFiles/controller.dir/src/controller_node.cpp.o[0m
[0.708s] [ 50%] [32mBuilding CXX object CMakeFiles/spawner.dir/src/spawner_node.cpp.o[0m
[4.254s] [01m[K/home/moekatra22/catch_them_all_turtlesim/src/cpp_pkg/src/spawner_node.cpp:[m[K In member function ‘[01m[Kvoid SpawnerNode::publishAliveTurtles()[m[K’:
[4.254s] [01m[K/home/moekatra22/catch_them_all_turtlesim/src/cpp_pkg/src/spawner_node.cpp:32:13:[m[K [01;31m[Kerror: [m[K‘[01m[Kstruct turtle_interfaces::msg::TurtleArray_<std::allocator<void> >[m[K’ has no member named ‘[01m[Kturtles[m[K’
[4.254s]    32 |         msg.[01;31m[Kturtles[m[K = alive_turtles_;
[4.254s]       |             [01;31m[K^~~~~~~[m[K
[4.343s] [01m[K/home/moekatra22/catch_them_all_turtlesim/src/cpp_pkg/src/controller_node.cpp:[m[K In member function ‘[01m[Kvoid ControllerNode::callbackTurtlesToCatch(turtle_interfaces::msg::TurtleArray_<std::allocator<void> >::SharedPtr)[m[K’:
[4.343s] [01m[K/home/moekatra22/catch_them_all_turtlesim/src/cpp_pkg/src/controller_node.cpp:42:19:[m[K [01;31m[Kerror: [m[K‘[01m[Kusing element_type = struct turtle_interfaces::msg::TurtleArray_<std::allocator<void> >[m[K’ {aka ‘[01m[Kstruct turtle_interfaces::msg::TurtleArray_<std::allocator<void> >[m[K’} has no member named ‘[01m[Kturtles[m[K’
[4.343s]    42 |         if (!msg->[01;31m[Kturtles[m[K.empty())
[4.343s]       |                   [01;31m[K^~~~~~~[m[K
[4.344s] [01m[K/home/moekatra22/catch_them_all_turtlesim/src/cpp_pkg/src/controller_node.cpp:46:70:[m[K [01;31m[Kerror: [m[K‘[01m[Kusing element_type = struct turtle_interfaces::msg::TurtleArray_<std::allocator<void> >[m[K’ {aka ‘[01m[Kstruct turtle_interfaces::msg::TurtleArray_<std::allocator<void> >[m[K’} has no member named ‘[01m[Kturtles[m[K’
[4.344s]    46 |                 turtle_interfaces::msg::Turtle closest_turtle = msg->[01;31m[Kturtles[m[K.at(0);
[4.344s]       |                                                                      [01;31m[K^~~~~~~[m[K
[4.344s] [01m[K/home/moekatra22/catch_them_all_turtlesim/src/cpp_pkg/src/controller_node.cpp:49:47:[m[K [01;31m[Kerror: [m[K‘[01m[Kusing element_type = struct turtle_interfaces::msg::TurtleArray_<std::allocator<void> >[m[K’ {aka ‘[01m[Kstruct turtle_interfaces::msg::TurtleArray_<std::allocator<void> >[m[K’} has no member named ‘[01m[Kturtles[m[K’
[4.344s]    49 |                 for (int i = 1; i < (int)msg->[01;31m[Kturtles[m[K.size(); i++)
[4.344s]       |                                               [01;31m[K^~~~~~~[m[K
[4.344s] [01m[K/home/moekatra22/catch_them_all_turtlesim/src/cpp_pkg/src/controller_node.cpp:51:71:[m[K [01;31m[Kerror: [m[K‘[01m[Kusing element_type = struct turtle_interfaces::msg::TurtleArray_<std::allocator<void> >[m[K’ {aka ‘[01m[Kstruct turtle_interfaces::msg::TurtleArray_<std::allocator<void> >[m[K’} has no member named ‘[01m[Kturtles[m[K’
[4.344s]    51 |                     double distance = getDistanceFromCurrentPose(msg->[01;31m[Kturtles[m[K.at(i));
[4.344s]       |                                                                       [01;31m[K^~~~~~~[m[K
[4.344s] [01m[K/home/moekatra22/catch_them_all_turtlesim/src/cpp_pkg/src/controller_node.cpp:54:47:[m[K [01;31m[Kerror: [m[K‘[01m[Kusing element_type = struct turtle_interfaces::msg::TurtleArray_<std::allocator<void> >[m[K’ {aka ‘[01m[Kstruct turtle_interfaces::msg::TurtleArray_<std::allocator<void> >[m[K’} has no member named ‘[01m[Kturtles[m[K’
[4.344s]    54 |                         closest_turtle = msg->[01;31m[Kturtles[m[K.at(i);
[4.344s]       |                                               [01;31m[K^~~~~~~[m[K
[4.346s] [01m[K/home/moekatra22/catch_them_all_turtlesim/src/cpp_pkg/src/controller_node.cpp:63:41:[m[K [01;31m[Kerror: [m[K‘[01m[Kusing element_type = struct turtle_interfaces::msg::TurtleArray_<std::allocator<void> >[m[K’ {aka ‘[01m[Kstruct turtle_interfaces::msg::TurtleArray_<std::allocator<void> >[m[K’} has no member named ‘[01m[Kturtles[m[K’
[4.347s]    63 |                 turtle_to_catch_ = msg->[01;31m[Kturtles[m[K.at(0);
[4.347s]       |                                         [01;31m[K^~~~~~~[m[K
[8.855s] gmake[2]: *** [CMakeFiles/spawner.dir/build.make:76: CMakeFiles/spawner.dir/src/spawner_node.cpp.o] Error 1
[8.855s] gmake[1]: *** [CMakeFiles/Makefile2:139: CMakeFiles/spawner.dir/all] Error 2
[8.855s] gmake[1]: *** Waiting for unfinished jobs....
[10.693s] gmake[2]: *** [CMakeFiles/controller.dir/build.make:76: CMakeFiles/controller.dir/src/controller_node.cpp.o] Error 1
[10.693s] gmake[1]: *** [CMakeFiles/Makefile2:165: CMakeFiles/controller.dir/all] Error 2
[10.693s] gmake: *** [Makefile:146: all] Error 2
[10.702s] Invoked command in '/home/moekatra22/catch_them_all_turtlesim/build/cpp_pkg' returned '2': CMAKE_PREFIX_PATH=${CMAKE_PREFIX_PATH}:/home/moekatra22/catch_them_all_turtlesim/install/py_pkg:/opt/ros/humble /usr/bin/cmake --build /home/moekatra22/catch_them_all_turtlesim/build/cpp_pkg -- -j4 -l4
