[35m[1mConsolidate compiler generated dependencies of target spawner[0m
[35m[1mConsolidate compiler generated dependencies of target controller[0m
[ 25%] [32mBuilding CXX object CMakeFiles/controller.dir/src/controller_node.cpp.o[0m
[ 50%] [32mBuilding CXX object CMakeFiles/spawner.dir/src/spawner_node.cpp.o[0m
[ 75%] [32m[1mLinking CXX executable spawner[0m
[ 75%] Built target spawner
[100%] [32m[1mLinking CXX executable controller[0m
[100%] Built target controller
-- Install configuration: ""
-- Installing: /home/moekatra22/catch_them_all_turtlesim/install/cpp_pkg/lib/cpp_pkg/spawner
-- Set runtime path of "/home/moekatra22/catch_them_all_turtlesim/install/cpp_pkg/lib/cpp_pkg/spawner" to ""
-- Installing: /home/moekatra22/catch_them_all_turtlesim/install/cpp_pkg/lib/cpp_pkg/controller
-- Set runtime path of "/home/moekatra22/catch_them_all_turtlesim/install/cpp_pkg/lib/cpp_pkg/controller" to ""
-- Installing: /home/moekatra22/catch_them_all_turtlesim/install/cpp_pkg/share/ament_index/resource_index/package_run_dependencies/cpp_pkg
-- Installing: /home/moekatra22/catch_them_all_turtlesim/install/cpp_pkg/share/ament_index/resource_index/parent_prefix_path/cpp_pkg
-- Installing: /home/moekatra22/catch_them_all_turtlesim/install/cpp_pkg/share/cpp_pkg/environment/ament_prefix_path.sh
-- Installing: /home/moekatra22/catch_them_all_turtlesim/install/cpp_pkg/share/cpp_pkg/environment/ament_prefix_path.dsv
-- Installing: /home/moekatra22/catch_them_all_turtlesim/install/cpp_pkg/share/cpp_pkg/environment/path.sh
-- Installing: /home/moekatra22/catch_them_all_turtlesim/install/cpp_pkg/share/cpp_pkg/environment/path.dsv
-- Installing: /home/moekatra22/catch_them_all_turtlesim/install/cpp_pkg/share/cpp_pkg/local_setup.bash
-- Installing: /home/moekatra22/catch_them_all_turtlesim/install/cpp_pkg/share/cpp_pkg/local_setup.sh
-- Installing: /home/moekatra22/catch_them_all_turtlesim/install/cpp_pkg/share/cpp_pkg/local_setup.zsh
-- Installing: /home/moekatra22/catch_them_all_turtlesim/install/cpp_pkg/share/cpp_pkg/local_setup.dsv
-- Installing: /home/moekatra22/catch_them_all_turtlesim/install/cpp_pkg/share/cpp_pkg/package.dsv
-- Installing: /home/moekatra22/catch_them_all_turtlesim/install/cpp_pkg/share/ament_index/resource_index/packages/cpp_pkg
-- Installing: /home/moekatra22/catch_them_all_turtlesim/install/cpp_pkg/share/cpp_pkg/cmake/cpp_pkgConfig.cmake
-- Installing: /home/moekatra22/catch_them_all_turtlesim/install/cpp_pkg/share/cpp_pkg/cmake/cpp_pkgConfig-version.cmake
-- Installing: /home/moekatra22/catch_them_all_turtlesim/install/cpp_pkg/share/cpp_pkg/package.xml
