[0.010s] Invoking command in '/home/moekatra22/catch_them_all_turtlesim/build/cpp_pkg': CMAKE_PREFIX_PATH=${CMAKE_PREFIX_PATH}:/home/moekatra22/catch_them_all_turtlesim/install/py_pkg:/opt/ros/humble /usr/bin/cmake /home/moekatra22/catch_them_all_turtlesim/src/cpp_pkg -DCMAKE_INSTALL_PREFIX=/home/moekatra22/catch_them_all_turtlesim/install/cpp_pkg
[0.208s] -- The C compiler identification is GNU 11.4.0
[0.423s] -- The CXX compiler identification is GNU 11.4.0
[0.467s] -- Detecting C compiler ABI info
[0.570s] -- Detecting C compiler ABI info - done
[0.578s] -- Check for working C compiler: /usr/bin/cc - skipped
[0.579s] -- Detecting C compile features
[0.580s] -- Detecting C compile features - done
[0.585s] -- Detecting CXX compiler ABI info
[0.689s] -- Detecting CXX compiler ABI info - done
[0.695s] -- Check for working CXX compiler: /usr/bin/c++ - skipped
[0.695s] -- Detecting CXX compile features
[0.695s] -- Detecting CXX compile features - done
[0.710s] -- Found ament_cmake: 1.3.8 (/opt/ros/humble/share/ament_cmake/cmake)
[0.819s] -- Found Python3: /usr/bin/python3 (found version "3.10.12") found components: Interpreter 
[0.904s] -- Found rclcpp: 16.0.8 (/opt/ros/humble/share/rclcpp/cmake)
[0.974s] -- Found rosidl_generator_c: 3.1.5 (/opt/ros/humble/share/rosidl_generator_c/cmake)
[0.977s] -- Found rosidl_adapter: 3.1.5 (/opt/ros/humble/share/rosidl_adapter/cmake)
[0.986s] -- Found rosidl_generator_cpp: 3.1.5 (/opt/ros/humble/share/rosidl_generator_cpp/cmake)
[1.008s] -- Using all available rosidl_typesupport_c: rosidl_typesupport_fastrtps_c;rosidl_typesupport_introspection_c
[1.044s] -- Using all available rosidl_typesupport_cpp: rosidl_typesupport_fastrtps_cpp;rosidl_typesupport_introspection_cpp
[1.173s] -- Found rmw_implementation_cmake: 6.1.1 (/opt/ros/humble/share/rmw_implementation_cmake/cmake)
[1.179s] -- Found rmw_fastrtps_cpp: 6.2.6 (/opt/ros/humble/share/rmw_fastrtps_cpp/cmake)
[1.360s] -- Found OpenSSL: /usr/lib/aarch64-linux-gnu/libcrypto.so (found version "3.0.2")  
[1.404s] -- Found FastRTPS: /opt/ros/humble/include  
[1.448s] -- Using RMW implementation 'rmw_fastrtps_cpp' as default
[1.459s] -- Looking for pthread.h
[1.560s] -- Looking for pthread.h - found
[1.561s] -- Performing Test CMAKE_HAVE_LIBC_PTHREAD
[1.648s] -- Performing Test CMAKE_HAVE_LIBC_PTHREAD - Success
[1.648s] -- Found Threads: TRUE  
[1.882s] -- Found turtlesim: 1.4.2 (/opt/ros/humble/share/turtlesim/cmake)
[2.025s] -- Found turtle_interfaces: 0.0.0 (/home/moekatra22/catch_them_all_turtlesim/install/turtle_interfaces/share/turtle_interfaces/cmake)
[2.041s] -- Found geometry_msgs: 4.2.3 (/opt/ros/humble/share/geometry_msgs/cmake)
[2.185s] [31mCMake Error at /opt/ros/humble/share/ament_cmake_core/cmake/core/ament_package_xml.cmake:53 (message):
[2.185s]   ament_package_xml() package name 'cpp_pkg' in '/package.xml' does not match
[2.185s]   current PROJECT_NAME 'launch'.  You must call project() with the same
[2.185s]   package name before.
[2.185s] Call Stack (most recent call first):
[2.185s]   /opt/ros/humble/share/ament_cmake_core/cmake/core/ament_package.cmake:63 (ament_package_xml)
[2.185s]   CMakeLists.txt:28 (ament_package)
[2.185s] 
[2.185s] [0m
[2.186s] -- Configuring incomplete, errors occurred!
[2.187s] See also "/home/moekatra22/catch_them_all_turtlesim/build/cpp_pkg/CMakeFiles/CMakeOutput.log".
[2.208s] Invoked command in '/home/moekatra22/catch_them_all_turtlesim/build/cpp_pkg' returned '1': CMAKE_PREFIX_PATH=${CMAKE_PREFIX_PATH}:/home/moekatra22/catch_them_all_turtlesim/install/py_pkg:/opt/ros/humble /usr/bin/cmake /home/moekatra22/catch_them_all_turtlesim/src/cpp_pkg -DCMAKE_INSTALL_PREFIX=/home/moekatra22/catch_them_all_turtlesim/install/cpp_pkg
