[0.418s] Invoking command in '/home/moekatra22/catch_them_all_turtlesim/src/py_pkg': CMAKE_PREFIX_PATH=/home/moekatra22/catch_them_all_turtlesim/install/turtle_interfaces:/home/moekatra22/catch_them_all_turtlesim/install/launch PYTHONPATH=/home/moekatra22/catch_them_all_turtlesim/build/py_pkg/prefix_override:/home/moekatra22/catch_them_all_turtlesim/install/py_pkg/lib/python3.10/site-packages:${PYTHONPATH} /usr/bin/python3 -W ignore:setup.py install is deprecated setup.py egg_info --egg-base ../../build/py_pkg build --build-base /home/moekatra22/catch_them_all_turtlesim/build/py_pkg/build install --record /home/moekatra22/catch_them_all_turtlesim/build/py_pkg/install.log --single-version-externally-managed install_data
[0.544s] running egg_info
[0.545s] writing ../../build/py_pkg/py_pkg.egg-info/PKG-INFO
[0.545s] writing dependency_links to ../../build/py_pkg/py_pkg.egg-info/dependency_links.txt
[0.545s] writing entry points to ../../build/py_pkg/py_pkg.egg-info/entry_points.txt
[0.545s] writing requirements to ../../build/py_pkg/py_pkg.egg-info/requires.txt
[0.546s] writing top-level names to ../../build/py_pkg/py_pkg.egg-info/top_level.txt
[0.547s] reading manifest file '../../build/py_pkg/py_pkg.egg-info/SOURCES.txt'
[0.547s] writing manifest file '../../build/py_pkg/py_pkg.egg-info/SOURCES.txt'
[0.547s] running build
[0.547s] running build_py
[0.548s] copying py_pkg/controller_node.py -> /home/moekatra22/catch_them_all_turtlesim/build/py_pkg/build/lib/py_pkg
[0.548s] running install
[0.548s] running install_lib
[0.548s] copying /home/moekatra22/catch_them_all_turtlesim/build/py_pkg/build/lib/py_pkg/controller_node.py -> /home/moekatra22/catch_them_all_turtlesim/install/py_pkg/lib/python3.10/site-packages/py_pkg
[0.549s] byte-compiling /home/moekatra22/catch_them_all_turtlesim/install/py_pkg/lib/python3.10/site-packages/py_pkg/controller_node.py to controller_node.cpython-310.pyc
[0.549s] running install_data
[0.550s] running install_egg_info
[0.551s] removing '/home/moekatra22/catch_them_all_turtlesim/install/py_pkg/lib/python3.10/site-packages/py_pkg-0.0.0-py3.10.egg-info' (and everything under it)
[0.551s] Copying ../../build/py_pkg/py_pkg.egg-info to /home/moekatra22/catch_them_all_turtlesim/install/py_pkg/lib/python3.10/site-packages/py_pkg-0.0.0-py3.10.egg-info
[0.552s] running install_scripts
[0.569s] Installing controller script to /home/moekatra22/catch_them_all_turtlesim/install/py_pkg/lib/py_pkg
[0.569s] Installing spawner script to /home/moekatra22/catch_them_all_turtlesim/install/py_pkg/lib/py_pkg
[0.570s] writing list of installed files to '/home/moekatra22/catch_them_all_turtlesim/build/py_pkg/install.log'
[0.586s] Invoked command in '/home/moekatra22/catch_them_all_turtlesim/src/py_pkg' returned '0': CMAKE_PREFIX_PATH=/home/moekatra22/catch_them_all_turtlesim/install/turtle_interfaces:/home/moekatra22/catch_them_all_turtlesim/install/launch PYTHONPATH=/home/moekatra22/catch_them_all_turtlesim/build/py_pkg/prefix_override:/home/moekatra22/catch_them_all_turtlesim/install/py_pkg/lib/python3.10/site-packages:${PYTHONPATH} /usr/bin/python3 -W ignore:setup.py install is deprecated setup.py egg_info --egg-base ../../build/py_pkg build --build-base /home/moekatra22/catch_them_all_turtlesim/build/py_pkg/build install --record /home/moekatra22/catch_them_all_turtlesim/build/py_pkg/install.log --single-version-externally-managed install_data
