[35m[1mConsolidate compiler generated dependencies of target controller[0m
[35m[1mConsolidate compiler generated dependencies of target spawner[0m
[ 50%] Built target spawner
[100%] Built target controller
-- Install configuration: ""
-- Up-to-date: /home/moekatra22/catch_them_all_turtlesim/install/cpp_pkg/lib/cpp_pkg/spawner
-- Up-to-date: /home/moekatra22/catch_them_all_turtlesim/install/cpp_pkg/lib/cpp_pkg/controller
-- Up-to-date: /home/moekatra22/catch_them_all_turtlesim/install/cpp_pkg/share/ament_index/resource_index/package_run_dependencies/cpp_pkg
-- Up-to-date: /home/moekatra22/catch_them_all_turtlesim/install/cpp_pkg/share/ament_index/resource_index/parent_prefix_path/cpp_pkg
-- Up-to-date: /home/moekatra22/catch_them_all_turtlesim/install/cpp_pkg/share/cpp_pkg/environment/ament_prefix_path.sh
-- Up-to-date: /home/moekatra22/catch_them_all_turtlesim/install/cpp_pkg/share/cpp_pkg/environment/ament_prefix_path.dsv
-- Up-to-date: /home/moekatra22/catch_them_all_turtlesim/install/cpp_pkg/share/cpp_pkg/environment/path.sh
-- Up-to-date: /home/moekatra22/catch_them_all_turtlesim/install/cpp_pkg/share/cpp_pkg/environment/path.dsv
-- Up-to-date: /home/moekatra22/catch_them_all_turtlesim/install/cpp_pkg/share/cpp_pkg/local_setup.bash
-- Up-to-date: /home/moekatra22/catch_them_all_turtlesim/install/cpp_pkg/share/cpp_pkg/local_setup.sh
-- Up-to-date: /home/moekatra22/catch_them_all_turtlesim/install/cpp_pkg/share/cpp_pkg/local_setup.zsh
-- Up-to-date: /home/moekatra22/catch_them_all_turtlesim/install/cpp_pkg/share/cpp_pkg/local_setup.dsv
-- Installing: /home/moekatra22/catch_them_all_turtlesim/install/cpp_pkg/share/cpp_pkg/package.dsv
-- Up-to-date: /home/moekatra22/catch_them_all_turtlesim/install/cpp_pkg/share/ament_index/resource_index/packages/cpp_pkg
-- Up-to-date: /home/moekatra22/catch_them_all_turtlesim/install/cpp_pkg/share/cpp_pkg/cmake/cpp_pkgConfig.cmake
-- Up-to-date: /home/moekatra22/catch_them_all_turtlesim/install/cpp_pkg/share/cpp_pkg/cmake/cpp_pkgConfig-version.cmake
-- Up-to-date: /home/moekatra22/catch_them_all_turtlesim/install/cpp_pkg/share/cpp_pkg/package.xml
