[0.000000] (-) TimerEvent: {}
[0.000128] (turtle_interfaces) JobQueued: {'identifier': 'turtle_interfaces', 'dependencies': OrderedDict()}
[0.001072] (py_pkg) JobQueued: {'identifier': 'py_pkg', 'dependencies': OrderedDict([('turtle_interfaces', '/home/moekatra22/catch_them_all_turtlesim/install/turtle_interfaces')])}
[0.001131] (launch) JobQueued: {'identifier': 'launch', 'dependencies': OrderedDict([('turtle_interfaces', '/home/moekatra22/catch_them_all_turtlesim/install/turtle_interfaces'), ('py_pkg', '/home/moekatra22/catch_them_all_turtlesim/install/py_pkg')])}
[0.001212] (turtle_interfaces) JobStarted: {'identifier': 'turtle_interfaces'}
[0.006359] (turtle_interfaces) JobProgress: {'identifier': 'turtle_interfaces', 'progress': 'cmake'}
[0.006953] (turtle_interfaces) JobProgress: {'identifier': 'turtle_interfaces', 'progress': 'build'}
[0.007476] (turtle_interfaces) Command: {'cmd': ['/usr/bin/cmake', '--build', '/home/moekatra22/catch_them_all_turtlesim/build/turtle_interfaces', '--', '-j4', '-l4'], 'cwd': '/home/moekatra22/catch_them_all_turtlesim/build/turtle_interfaces', 'env': OrderedDict([('USER', 'moekatra22'), ('LC_TIME', 'ar_LB.UTF-8'), ('XDG_SESSION_TYPE', 'wayland'), ('SHLVL', '1'), ('LD_LIBRARY_PATH', '/home/moekatra22/catch_them_all_turtlesim/install/turtle_interfaces/lib:/opt/ros/humble/opt/rviz_ogre_vendor/lib:/opt/ros/humble/lib/aarch64-linux-gnu:/opt/ros/humble/lib'), ('HOME', '/home/moekatra22'), ('OLDPWD', '/home/moekatra22'), ('DESKTOP_SESSION', 'ubuntu'), ('ROS_PYTHON_VERSION', '3'), ('GNOME_SHELL_SESSION_MODE', 'ubuntu'), ('GTK_MODULES', 'gail:atk-bridge'), ('LC_MONETARY', 'ar_LB.UTF-8'), ('SYSTEMD_EXEC_PID', '1217'), ('DBUS_SESSION_BUS_ADDRESS', 'unix:path=/run/user/1000/bus'), ('COLORTERM', 'truecolor'), ('IM_CONFIG_PHASE', '1'), ('WAYLAND_DISPLAY', 'wayland-0'), ('COLCON_PREFIX_PATH', '/home/moekatra22/catch_them_all_turtlesim/install'), ('ROS_DISTRO', 'humble'), ('LOGNAME', 'moekatra22'), ('_', '/usr/bin/colcon'), ('ROS_VERSION', '2'), ('XDG_SESSION_CLASS', 'user'), ('USERNAME', 'moekatra22'), ('TERM', 'xterm-256color'), ('GNOME_DESKTOP_SESSION_ID', 'this-is-deprecated'), ('ROS_LOCALHOST_ONLY', '0'), ('PATH', '/opt/ros/humble/bin:/usr/local/sbin:/usr/local/bin:/usr/sbin:/usr/bin:/sbin:/bin:/usr/games:/usr/local/games:/snap/bin:/snap/bin'), ('SESSION_MANAGER', 'local/moekatra22-QEMU-Virtual-Machine:@/tmp/.ICE-unix/1176,unix/moekatra22-QEMU-Virtual-Machine:/tmp/.ICE-unix/1176'), ('XDG_MENU_PREFIX', 'gnome-'), ('LC_ADDRESS', 'ar_LB.UTF-8'), ('GNOME_TERMINAL_SCREEN', '/org/gnome/Terminal/screen/352d06b1_8c07_4430_a633_869fe91f8b37'), ('GNOME_SETUP_DISPLAY', ':1'), ('XDG_RUNTIME_DIR', '/run/user/1000'), ('DISPLAY', ':0'), ('LANG', 'en_US.UTF-8'), ('XDG_CURRENT_DESKTOP', 'ubuntu:GNOME'), ('LC_TELEPHONE', 'ar_LB.UTF-8'), ('XMODIFIERS', '@im=ibus'), ('XDG_SESSION_DESKTOP', 'ubuntu'), ('XAUTHORITY', '/run/user/1000/.mutter-Xwaylandauth.YKPRM2'), ('GNOME_TERMINAL_SERVICE', ':1.93'), ('SSH_AGENT_LAUNCHER', 'gnome-keyring'), ('SSH_AUTH_SOCK', '/run/user/1000/keyring/ssh'), ('AMENT_PREFIX_PATH', '/home/moekatra22/catch_them_all_turtlesim/install/launch:/home/moekatra22/catch_them_all_turtlesim/install/py_pkg:/home/moekatra22/catch_them_all_turtlesim/install/turtle_interfaces:/opt/ros/humble'), ('SHELL', '/bin/bash'), ('LC_NAME', 'ar_LB.UTF-8'), ('QT_ACCESSIBILITY', '1'), ('GDMSESSION', 'ubuntu'), ('LC_MEASUREMENT', 'ar_LB.UTF-8'), ('LC_IDENTIFICATION', 'ar_LB.UTF-8'), ('QT_IM_MODULE', 'ibus'), ('PWD', '/home/moekatra22/catch_them_all_turtlesim/build/turtle_interfaces'), ('LC_ALL', 'en_US.UTF-8'), ('XDG_CONFIG_DIRS', '/etc/xdg/xdg-ubuntu:/etc/xdg'), ('XDG_DATA_DIRS', '/usr/share/ubuntu:/usr/local/share/:/usr/share/:/var/lib/snapd/desktop'), ('PYTHONPATH', '/home/moekatra22/catch_them_all_turtlesim/install/py_pkg/lib/python3.10/site-packages:/home/moekatra22/catch_them_all_turtlesim/install/turtle_interfaces/local/lib/python3.10/dist-packages:/opt/ros/humble/lib/python3.10/site-packages:/opt/ros/humble/local/lib/python3.10/dist-packages'), ('LC_NUMERIC', 'ar_LB.UTF-8'), ('LC_PAPER', 'ar_LB.UTF-8'), ('COLCON', '1'), ('VTE_VERSION', '6800'), ('CMAKE_PREFIX_PATH', '/home/moekatra22/catch_them_all_turtlesim/install/launch:/home/moekatra22/catch_them_all_turtlesim/install/turtle_interfaces:/home/moekatra22/catch_them_all_turtlesim/install/py_pkg:/opt/ros/humble')]), 'shell': False}
[0.063697] (turtle_interfaces) StdoutLine: {'line': b'[ 10%] Built target turtle_interfaces__rosidl_generator_c\n'}
[0.064770] (turtle_interfaces) StdoutLine: {'line': b'[ 12%] Built target turtle_interfaces__cpp\n'}
[0.068115] (turtle_interfaces) StdoutLine: {'line': b'[ 12%] Built target ament_cmake_python_copy_turtle_interfaces\n'}
[0.090520] (turtle_interfaces) StdoutLine: {'line': b'[ 23%] Built target turtle_interfaces__rosidl_typesupport_c\n'}
[0.091682] (turtle_interfaces) StdoutLine: {'line': b'[ 34%] Built target turtle_interfaces__rosidl_typesupport_fastrtps_cpp\n'}
[0.092105] (turtle_interfaces) StdoutLine: {'line': b'[ 44%] Built target turtle_interfaces__rosidl_typesupport_introspection_c\n'}
[0.095558] (turtle_interfaces) StdoutLine: {'line': b'[ 55%] Built target turtle_interfaces__rosidl_typesupport_fastrtps_c\n'}
[0.099877] (-) TimerEvent: {}
[0.106411] (turtle_interfaces) StdoutLine: {'line': b'[ 65%] Built target turtle_interfaces__rosidl_typesupport_introspection_cpp\n'}
[0.109342] (turtle_interfaces) StdoutLine: {'line': b'[ 76%] Built target turtle_interfaces__rosidl_typesupport_cpp\n'}
[0.128713] (turtle_interfaces) StdoutLine: {'line': b'[ 76%] Built target turtle_interfaces\n'}
[0.162399] (turtle_interfaces) StdoutLine: {'line': b'[ 78%] Built target turtle_interfaces__py\n'}
[0.181371] (turtle_interfaces) StdoutLine: {'line': b'[ 87%] Built target turtle_interfaces__rosidl_generator_py\n'}
[0.197818] (turtle_interfaces) StdoutLine: {'line': b'[ 91%] Built target turtle_interfaces__rosidl_typesupport_introspection_c__pyext\n'}
[0.198586] (turtle_interfaces) StdoutLine: {'line': b'[ 95%] Built target turtle_interfaces__rosidl_typesupport_fastrtps_c__pyext\n'}
[0.199495] (turtle_interfaces) StdoutLine: {'line': b'[100%] Built target turtle_interfaces__rosidl_typesupport_c__pyext\n'}
[0.199942] (-) TimerEvent: {}
[0.269637] (turtle_interfaces) StdoutLine: {'line': b'running egg_info\n'}
[0.270089] (turtle_interfaces) StdoutLine: {'line': b'writing turtle_interfaces.egg-info/PKG-INFO\n'}
[0.270355] (turtle_interfaces) StdoutLine: {'line': b'writing dependency_links to turtle_interfaces.egg-info/dependency_links.txt\n'}
[0.270542] (turtle_interfaces) StdoutLine: {'line': b'writing top-level names to turtle_interfaces.egg-info/top_level.txt\n'}
[0.273639] (turtle_interfaces) StdoutLine: {'line': b"reading manifest file 'turtle_interfaces.egg-info/SOURCES.txt'\n"}
[0.273915] (turtle_interfaces) StdoutLine: {'line': b"writing manifest file 'turtle_interfaces.egg-info/SOURCES.txt'\n"}
[0.291930] (turtle_interfaces) StdoutLine: {'line': b'[100%] Built target ament_cmake_python_build_turtle_interfaces_egg\n'}
[0.299434] (turtle_interfaces) CommandEnded: {'returncode': 0}
[0.300549] (-) TimerEvent: {}
[0.366342] (turtle_interfaces) JobProgress: {'identifier': 'turtle_interfaces', 'progress': 'install'}
[0.372249] (turtle_interfaces) Command: {'cmd': ['/usr/bin/cmake', '--install', '/home/moekatra22/catch_them_all_turtlesim/build/turtle_interfaces'], 'cwd': '/home/moekatra22/catch_them_all_turtlesim/build/turtle_interfaces', 'env': OrderedDict([('USER', 'moekatra22'), ('LC_TIME', 'ar_LB.UTF-8'), ('XDG_SESSION_TYPE', 'wayland'), ('SHLVL', '1'), ('LD_LIBRARY_PATH', '/home/moekatra22/catch_them_all_turtlesim/install/turtle_interfaces/lib:/opt/ros/humble/opt/rviz_ogre_vendor/lib:/opt/ros/humble/lib/aarch64-linux-gnu:/opt/ros/humble/lib'), ('HOME', '/home/moekatra22'), ('OLDPWD', '/home/moekatra22'), ('DESKTOP_SESSION', 'ubuntu'), ('ROS_PYTHON_VERSION', '3'), ('GNOME_SHELL_SESSION_MODE', 'ubuntu'), ('GTK_MODULES', 'gail:atk-bridge'), ('LC_MONETARY', 'ar_LB.UTF-8'), ('SYSTEMD_EXEC_PID', '1217'), ('DBUS_SESSION_BUS_ADDRESS', 'unix:path=/run/user/1000/bus'), ('COLORTERM', 'truecolor'), ('IM_CONFIG_PHASE', '1'), ('WAYLAND_DISPLAY', 'wayland-0'), ('COLCON_PREFIX_PATH', '/home/moekatra22/catch_them_all_turtlesim/install'), ('ROS_DISTRO', 'humble'), ('LOGNAME', 'moekatra22'), ('_', '/usr/bin/colcon'), ('ROS_VERSION', '2'), ('XDG_SESSION_CLASS', 'user'), ('USERNAME', 'moekatra22'), ('TERM', 'xterm-256color'), ('GNOME_DESKTOP_SESSION_ID', 'this-is-deprecated'), ('ROS_LOCALHOST_ONLY', '0'), ('PATH', '/opt/ros/humble/bin:/usr/local/sbin:/usr/local/bin:/usr/sbin:/usr/bin:/sbin:/bin:/usr/games:/usr/local/games:/snap/bin:/snap/bin'), ('SESSION_MANAGER', 'local/moekatra22-QEMU-Virtual-Machine:@/tmp/.ICE-unix/1176,unix/moekatra22-QEMU-Virtual-Machine:/tmp/.ICE-unix/1176'), ('XDG_MENU_PREFIX', 'gnome-'), ('LC_ADDRESS', 'ar_LB.UTF-8'), ('GNOME_TERMINAL_SCREEN', '/org/gnome/Terminal/screen/352d06b1_8c07_4430_a633_869fe91f8b37'), ('GNOME_SETUP_DISPLAY', ':1'), ('XDG_RUNTIME_DIR', '/run/user/1000'), ('DISPLAY', ':0'), ('LANG', 'en_US.UTF-8'), ('XDG_CURRENT_DESKTOP', 'ubuntu:GNOME'), ('LC_TELEPHONE', 'ar_LB.UTF-8'), ('XMODIFIERS', '@im=ibus'), ('XDG_SESSION_DESKTOP', 'ubuntu'), ('XAUTHORITY', '/run/user/1000/.mutter-Xwaylandauth.YKPRM2'), ('GNOME_TERMINAL_SERVICE', ':1.93'), ('SSH_AGENT_LAUNCHER', 'gnome-keyring'), ('SSH_AUTH_SOCK', '/run/user/1000/keyring/ssh'), ('AMENT_PREFIX_PATH', '/home/moekatra22/catch_them_all_turtlesim/install/launch:/home/moekatra22/catch_them_all_turtlesim/install/py_pkg:/home/moekatra22/catch_them_all_turtlesim/install/turtle_interfaces:/opt/ros/humble'), ('SHELL', '/bin/bash'), ('LC_NAME', 'ar_LB.UTF-8'), ('QT_ACCESSIBILITY', '1'), ('GDMSESSION', 'ubuntu'), ('LC_MEASUREMENT', 'ar_LB.UTF-8'), ('LC_IDENTIFICATION', 'ar_LB.UTF-8'), ('QT_IM_MODULE', 'ibus'), ('PWD', '/home/moekatra22/catch_them_all_turtlesim/build/turtle_interfaces'), ('LC_ALL', 'en_US.UTF-8'), ('XDG_CONFIG_DIRS', '/etc/xdg/xdg-ubuntu:/etc/xdg'), ('XDG_DATA_DIRS', '/usr/share/ubuntu:/usr/local/share/:/usr/share/:/var/lib/snapd/desktop'), ('PYTHONPATH', '/home/moekatra22/catch_them_all_turtlesim/install/py_pkg/lib/python3.10/site-packages:/home/moekatra22/catch_them_all_turtlesim/install/turtle_interfaces/local/lib/python3.10/dist-packages:/opt/ros/humble/lib/python3.10/site-packages:/opt/ros/humble/local/lib/python3.10/dist-packages'), ('LC_NUMERIC', 'ar_LB.UTF-8'), ('LC_PAPER', 'ar_LB.UTF-8'), ('COLCON', '1'), ('VTE_VERSION', '6800'), ('CMAKE_PREFIX_PATH', '/home/moekatra22/catch_them_all_turtlesim/install/launch:/home/moekatra22/catch_them_all_turtlesim/install/turtle_interfaces:/home/moekatra22/catch_them_all_turtlesim/install/py_pkg:/opt/ros/humble')]), 'shell': False}
[0.377383] (turtle_interfaces) StdoutLine: {'line': b'-- Install configuration: ""\n'}
[0.386665] (turtle_interfaces) StdoutLine: {'line': b'-- Up-to-date: /home/moekatra22/catch_them_all_turtlesim/install/turtle_interfaces/share/ament_index/resource_index/rosidl_interfaces/turtle_interfaces\n'}
[0.386734] (turtle_interfaces) StdoutLine: {'line': b'-- Up-to-date: /home/moekatra22/catch_them_all_turtlesim/install/turtle_interfaces/include/turtle_interfaces/turtle_interfaces\n'}
[0.386787] (turtle_interfaces) StdoutLine: {'line': b'-- Up-to-date: /home/moekatra22/catch_them_all_turtlesim/install/turtle_interfaces/include/turtle_interfaces/turtle_interfaces/msg\n'}
[0.386965] (turtle_interfaces) StdoutLine: {'line': b'-- Up-to-date: /home/moekatra22/catch_them_all_turtlesim/install/turtle_interfaces/include/turtle_interfaces/turtle_interfaces/msg/detail\n'}
[0.387034] (turtle_interfaces) StdoutLine: {'line': b'-- Up-to-date: /home/moekatra22/catch_them_all_turtlesim/install/turtle_interfaces/include/turtle_interfaces/turtle_interfaces/msg/detail/turtle_array__type_support.h\n'}
[0.387088] (turtle_interfaces) StdoutLine: {'line': b'-- Up-to-date: /home/moekatra22/catch_them_all_turtlesim/install/turtle_interfaces/include/turtle_interfaces/turtle_interfaces/msg/detail/turtle__struct.h\n'}
[0.387122] (turtle_interfaces) StdoutLine: {'line': b'-- Up-to-date: /home/moekatra22/catch_them_all_turtlesim/install/turtle_interfaces/include/turtle_interfaces/turtle_interfaces/msg/detail/turtle__functions.h\n'}
[0.387160] (turtle_interfaces) StdoutLine: {'line': b'-- Up-to-date: /home/moekatra22/catch_them_all_turtlesim/install/turtle_interfaces/include/turtle_interfaces/turtle_interfaces/msg/detail/turtle__functions.c\n'}
[0.387219] (turtle_interfaces) StdoutLine: {'line': b'-- Up-to-date: /home/moekatra22/catch_them_all_turtlesim/install/turtle_interfaces/include/turtle_interfaces/turtle_interfaces/msg/detail/turtle_array__functions.c\n'}
[0.387264] (turtle_interfaces) StdoutLine: {'line': b'-- Up-to-date: /home/moekatra22/catch_them_all_turtlesim/install/turtle_interfaces/include/turtle_interfaces/turtle_interfaces/msg/detail/turtle_array__functions.h\n'}
[0.387557] (turtle_interfaces) StdoutLine: {'line': b'-- Up-to-date: /home/moekatra22/catch_them_all_turtlesim/install/turtle_interfaces/include/turtle_interfaces/turtle_interfaces/msg/detail/turtle_array__struct.h\n'}
[0.387592] (turtle_interfaces) StdoutLine: {'line': b'-- Up-to-date: /home/moekatra22/catch_them_all_turtlesim/install/turtle_interfaces/include/turtle_interfaces/turtle_interfaces/msg/detail/turtle__type_support.h\n'}
[0.387622] (turtle_interfaces) StdoutLine: {'line': b'-- Up-to-date: /home/moekatra22/catch_them_all_turtlesim/install/turtle_interfaces/include/turtle_interfaces/turtle_interfaces/msg/turtle.h\n'}
[0.387653] (turtle_interfaces) StdoutLine: {'line': b'-- Up-to-date: /home/moekatra22/catch_them_all_turtlesim/install/turtle_interfaces/include/turtle_interfaces/turtle_interfaces/msg/turtle_array.h\n'}
[0.387702] (turtle_interfaces) StdoutLine: {'line': b'-- Up-to-date: /home/moekatra22/catch_them_all_turtlesim/install/turtle_interfaces/include/turtle_interfaces/turtle_interfaces/msg/rosidl_generator_c__visibility_control.h\n'}
[0.387736] (turtle_interfaces) StdoutLine: {'line': b'-- Up-to-date: /home/moekatra22/catch_them_all_turtlesim/install/turtle_interfaces/include/turtle_interfaces/turtle_interfaces/srv\n'}
[0.387766] (turtle_interfaces) StdoutLine: {'line': b'-- Up-to-date: /home/moekatra22/catch_them_all_turtlesim/install/turtle_interfaces/include/turtle_interfaces/turtle_interfaces/srv/detail\n'}
[0.387795] (turtle_interfaces) StdoutLine: {'line': b'-- Up-to-date: /home/moekatra22/catch_them_all_turtlesim/install/turtle_interfaces/include/turtle_interfaces/turtle_interfaces/srv/detail/catch_turtle__functions.h\n'}
[0.387836] (turtle_interfaces) StdoutLine: {'line': b'-- Up-to-date: /home/moekatra22/catch_them_all_turtlesim/install/turtle_interfaces/include/turtle_interfaces/turtle_interfaces/srv/detail/catch_turtle__struct.h\n'}
[0.387875] (turtle_interfaces) StdoutLine: {'line': b'-- Up-to-date: /home/moekatra22/catch_them_all_turtlesim/install/turtle_interfaces/include/turtle_interfaces/turtle_interfaces/srv/detail/catch_turtle__type_support.h\n'}
[0.387905] (turtle_interfaces) StdoutLine: {'line': b'-- Up-to-date: /home/moekatra22/catch_them_all_turtlesim/install/turtle_interfaces/include/turtle_interfaces/turtle_interfaces/srv/detail/catch_turtle__functions.c\n'}
[0.387934] (turtle_interfaces) StdoutLine: {'line': b'-- Up-to-date: /home/moekatra22/catch_them_all_turtlesim/install/turtle_interfaces/include/turtle_interfaces/turtle_interfaces/srv/catch_turtle.h\n'}
[0.387964] (turtle_interfaces) StdoutLine: {'line': b'-- Up-to-date: /home/moekatra22/catch_them_all_turtlesim/install/turtle_interfaces/share/turtle_interfaces/environment/library_path.sh\n'}
[0.387993] (turtle_interfaces) StdoutLine: {'line': b'-- Up-to-date: /home/moekatra22/catch_them_all_turtlesim/install/turtle_interfaces/share/turtle_interfaces/environment/library_path.dsv\n'}
[0.388022] (turtle_interfaces) StdoutLine: {'line': b'-- Up-to-date: /home/moekatra22/catch_them_all_turtlesim/install/turtle_interfaces/lib/libturtle_interfaces__rosidl_generator_c.so\n'}
[0.388051] (turtle_interfaces) StdoutLine: {'line': b'-- Up-to-date: /home/moekatra22/catch_them_all_turtlesim/install/turtle_interfaces/include/turtle_interfaces/turtle_interfaces\n'}
[0.388080] (turtle_interfaces) StdoutLine: {'line': b'-- Up-to-date: /home/moekatra22/catch_them_all_turtlesim/install/turtle_interfaces/include/turtle_interfaces/turtle_interfaces/msg\n'}
[0.388111] (turtle_interfaces) StdoutLine: {'line': b'-- Up-to-date: /home/moekatra22/catch_them_all_turtlesim/install/turtle_interfaces/include/turtle_interfaces/turtle_interfaces/msg/detail\n'}
[0.388141] (turtle_interfaces) StdoutLine: {'line': b'-- Up-to-date: /home/moekatra22/catch_them_all_turtlesim/install/turtle_interfaces/include/turtle_interfaces/turtle_interfaces/msg/detail/turtle__rosidl_typesupport_fastrtps_c.h\n'}
[0.388170] (turtle_interfaces) StdoutLine: {'line': b'-- Up-to-date: /home/moekatra22/catch_them_all_turtlesim/install/turtle_interfaces/include/turtle_interfaces/turtle_interfaces/msg/detail/turtle_array__rosidl_typesupport_fastrtps_c.h\n'}
[0.388200] (turtle_interfaces) StdoutLine: {'line': b'-- Up-to-date: /home/moekatra22/catch_them_all_turtlesim/install/turtle_interfaces/include/turtle_interfaces/turtle_interfaces/msg/rosidl_typesupport_fastrtps_c__visibility_control.h\n'}
[0.388229] (turtle_interfaces) StdoutLine: {'line': b'-- Up-to-date: /home/moekatra22/catch_them_all_turtlesim/install/turtle_interfaces/include/turtle_interfaces/turtle_interfaces/srv\n'}
[0.388259] (turtle_interfaces) StdoutLine: {'line': b'-- Up-to-date: /home/moekatra22/catch_them_all_turtlesim/install/turtle_interfaces/include/turtle_interfaces/turtle_interfaces/srv/detail\n'}
[0.388288] (turtle_interfaces) StdoutLine: {'line': b'-- Up-to-date: /home/moekatra22/catch_them_all_turtlesim/install/turtle_interfaces/include/turtle_interfaces/turtle_interfaces/srv/detail/catch_turtle__rosidl_typesupport_fastrtps_c.h\n'}
[0.388317] (turtle_interfaces) StdoutLine: {'line': b'-- Up-to-date: /home/moekatra22/catch_them_all_turtlesim/install/turtle_interfaces/lib/libturtle_interfaces__rosidl_typesupport_fastrtps_c.so\n'}
[0.388407] (turtle_interfaces) StdoutLine: {'line': b'-- Up-to-date: /home/moekatra22/catch_them_all_turtlesim/install/turtle_interfaces/include/turtle_interfaces/turtle_interfaces\n'}
[0.388448] (turtle_interfaces) StdoutLine: {'line': b'-- Up-to-date: /home/moekatra22/catch_them_all_turtlesim/install/turtle_interfaces/include/turtle_interfaces/turtle_interfaces/msg\n'}
[0.388478] (turtle_interfaces) StdoutLine: {'line': b'-- Up-to-date: /home/moekatra22/catch_them_all_turtlesim/install/turtle_interfaces/include/turtle_interfaces/turtle_interfaces/msg/detail\n'}
[0.388509] (turtle_interfaces) StdoutLine: {'line': b'-- Up-to-date: /home/moekatra22/catch_them_all_turtlesim/install/turtle_interfaces/include/turtle_interfaces/turtle_interfaces/msg/detail/turtle_array__type_support.c\n'}
[0.388539] (turtle_interfaces) StdoutLine: {'line': b'-- Up-to-date: /home/moekatra22/catch_them_all_turtlesim/install/turtle_interfaces/include/turtle_interfaces/turtle_interfaces/msg/detail/turtle_array__rosidl_typesupport_introspection_c.h\n'}
[0.388587] (turtle_interfaces) StdoutLine: {'line': b'-- Up-to-date: /home/moekatra22/catch_them_all_turtlesim/install/turtle_interfaces/include/turtle_interfaces/turtle_interfaces/msg/detail/turtle__type_support.c\n'}
[0.388619] (turtle_interfaces) StdoutLine: {'line': b'-- Up-to-date: /home/moekatra22/catch_them_all_turtlesim/install/turtle_interfaces/include/turtle_interfaces/turtle_interfaces/msg/detail/turtle__rosidl_typesupport_introspection_c.h\n'}
[0.388714] (turtle_interfaces) StdoutLine: {'line': b'-- Up-to-date: /home/moekatra22/catch_them_all_turtlesim/install/turtle_interfaces/include/turtle_interfaces/turtle_interfaces/msg/rosidl_typesupport_introspection_c__visibility_control.h\n'}
[0.388744] (turtle_interfaces) StdoutLine: {'line': b'-- Up-to-date: /home/moekatra22/catch_them_all_turtlesim/install/turtle_interfaces/include/turtle_interfaces/turtle_interfaces/srv\n'}
[0.388773] (turtle_interfaces) StdoutLine: {'line': b'-- Up-to-date: /home/moekatra22/catch_them_all_turtlesim/install/turtle_interfaces/include/turtle_interfaces/turtle_interfaces/srv/detail\n'}
[0.388809] (turtle_interfaces) StdoutLine: {'line': b'-- Up-to-date: /home/moekatra22/catch_them_all_turtlesim/install/turtle_interfaces/include/turtle_interfaces/turtle_interfaces/srv/detail/catch_turtle__rosidl_typesupport_introspection_c.h\n'}
[0.388841] (turtle_interfaces) StdoutLine: {'line': b'-- Up-to-date: /home/moekatra22/catch_them_all_turtlesim/install/turtle_interfaces/include/turtle_interfaces/turtle_interfaces/srv/detail/catch_turtle__type_support.c\n'}
[0.388896] (turtle_interfaces) StdoutLine: {'line': b'-- Up-to-date: /home/moekatra22/catch_them_all_turtlesim/install/turtle_interfaces/lib/libturtle_interfaces__rosidl_typesupport_introspection_c.so\n'}
[0.388983] (turtle_interfaces) StdoutLine: {'line': b'-- Up-to-date: /home/moekatra22/catch_them_all_turtlesim/install/turtle_interfaces/lib/libturtle_interfaces__rosidl_typesupport_c.so\n'}
[0.389026] (turtle_interfaces) StdoutLine: {'line': b'-- Up-to-date: /home/moekatra22/catch_them_all_turtlesim/install/turtle_interfaces/include/turtle_interfaces/turtle_interfaces\n'}
[0.389055] (turtle_interfaces) StdoutLine: {'line': b'-- Up-to-date: /home/moekatra22/catch_them_all_turtlesim/install/turtle_interfaces/include/turtle_interfaces/turtle_interfaces/msg\n'}
[0.389084] (turtle_interfaces) StdoutLine: {'line': b'-- Up-to-date: /home/moekatra22/catch_them_all_turtlesim/install/turtle_interfaces/include/turtle_interfaces/turtle_interfaces/msg/turtle.hpp\n'}
[0.389113] (turtle_interfaces) StdoutLine: {'line': b'-- Up-to-date: /home/moekatra22/catch_them_all_turtlesim/install/turtle_interfaces/include/turtle_interfaces/turtle_interfaces/msg/detail\n'}
[0.389218] (turtle_interfaces) StdoutLine: {'line': b'-- Up-to-date: /home/moekatra22/catch_them_all_turtlesim/install/turtle_interfaces/include/turtle_interfaces/turtle_interfaces/msg/detail/turtle__struct.hpp\n'}
[0.389348] (turtle_interfaces) StdoutLine: {'line': b'-- Up-to-date: /home/moekatra22/catch_them_all_turtlesim/install/turtle_interfaces/include/turtle_interfaces/turtle_interfaces/msg/detail/turtle_array__builder.hpp\n'}
[0.389388] (turtle_interfaces) StdoutLine: {'line': b'-- Up-to-date: /home/moekatra22/catch_them_all_turtlesim/install/turtle_interfaces/include/turtle_interfaces/turtle_interfaces/msg/detail/turtle_array__traits.hpp\n'}
[0.389417] (turtle_interfaces) StdoutLine: {'line': b'-- Up-to-date: /home/moekatra22/catch_them_all_turtlesim/install/turtle_interfaces/include/turtle_interfaces/turtle_interfaces/msg/detail/turtle_array__struct.hpp\n'}
[0.389446] (turtle_interfaces) StdoutLine: {'line': b'-- Up-to-date: /home/moekatra22/catch_them_all_turtlesim/install/turtle_interfaces/include/turtle_interfaces/turtle_interfaces/msg/detail/turtle__builder.hpp\n'}
[0.389474] (turtle_interfaces) StdoutLine: {'line': b'-- Up-to-date: /home/moekatra22/catch_them_all_turtlesim/install/turtle_interfaces/include/turtle_interfaces/turtle_interfaces/msg/detail/turtle__traits.hpp\n'}
[0.389503] (turtle_interfaces) StdoutLine: {'line': b'-- Up-to-date: /home/moekatra22/catch_them_all_turtlesim/install/turtle_interfaces/include/turtle_interfaces/turtle_interfaces/msg/turtle_array.hpp\n'}
[0.389532] (turtle_interfaces) StdoutLine: {'line': b'-- Up-to-date: /home/moekatra22/catch_them_all_turtlesim/install/turtle_interfaces/include/turtle_interfaces/turtle_interfaces/srv\n'}
[0.389565] (turtle_interfaces) StdoutLine: {'line': b'-- Up-to-date: /home/moekatra22/catch_them_all_turtlesim/install/turtle_interfaces/include/turtle_interfaces/turtle_interfaces/srv/detail\n'}
[0.389594] (turtle_interfaces) StdoutLine: {'line': b'-- Up-to-date: /home/moekatra22/catch_them_all_turtlesim/install/turtle_interfaces/include/turtle_interfaces/turtle_interfaces/srv/detail/catch_turtle__struct.hpp\n'}
[0.389668] (turtle_interfaces) StdoutLine: {'line': b'-- Up-to-date: /home/moekatra22/catch_them_all_turtlesim/install/turtle_interfaces/include/turtle_interfaces/turtle_interfaces/srv/detail/catch_turtle__traits.hpp\n'}
[0.389697] (turtle_interfaces) StdoutLine: {'line': b'-- Up-to-date: /home/moekatra22/catch_them_all_turtlesim/install/turtle_interfaces/include/turtle_interfaces/turtle_interfaces/srv/detail/catch_turtle__builder.hpp\n'}
[0.389726] (turtle_interfaces) StdoutLine: {'line': b'-- Up-to-date: /home/moekatra22/catch_them_all_turtlesim/install/turtle_interfaces/include/turtle_interfaces/turtle_interfaces/srv/catch_turtle.hpp\n'}
[0.389758] (turtle_interfaces) StdoutLine: {'line': b'-- Up-to-date: /home/moekatra22/catch_them_all_turtlesim/install/turtle_interfaces/include/turtle_interfaces/turtle_interfaces\n'}
[0.389786] (turtle_interfaces) StdoutLine: {'line': b'-- Up-to-date: /home/moekatra22/catch_them_all_turtlesim/install/turtle_interfaces/include/turtle_interfaces/turtle_interfaces/msg\n'}
[0.389815] (turtle_interfaces) StdoutLine: {'line': b'-- Up-to-date: /home/moekatra22/catch_them_all_turtlesim/install/turtle_interfaces/include/turtle_interfaces/turtle_interfaces/msg/detail\n'}
[0.389857] (turtle_interfaces) StdoutLine: {'line': b'-- Up-to-date: /home/moekatra22/catch_them_all_turtlesim/install/turtle_interfaces/include/turtle_interfaces/turtle_interfaces/msg/detail/dds_fastrtps\n'}
[0.389886] (turtle_interfaces) StdoutLine: {'line': b'-- Up-to-date: /home/moekatra22/catch_them_all_turtlesim/install/turtle_interfaces/include/turtle_interfaces/turtle_interfaces/msg/detail/turtle_array__rosidl_typesupport_fastrtps_cpp.hpp\n'}
[0.389916] (turtle_interfaces) StdoutLine: {'line': b'-- Up-to-date: /home/moekatra22/catch_them_all_turtlesim/install/turtle_interfaces/include/turtle_interfaces/turtle_interfaces/msg/detail/turtle__rosidl_typesupport_fastrtps_cpp.hpp\n'}
[0.389952] (turtle_interfaces) StdoutLine: {'line': b'-- Up-to-date: /home/moekatra22/catch_them_all_turtlesim/install/turtle_interfaces/include/turtle_interfaces/turtle_interfaces/msg/rosidl_typesupport_fastrtps_cpp__visibility_control.h\n'}
[0.389994] (turtle_interfaces) StdoutLine: {'line': b'-- Up-to-date: /home/moekatra22/catch_them_all_turtlesim/install/turtle_interfaces/include/turtle_interfaces/turtle_interfaces/srv\n'}
[0.390025] (turtle_interfaces) StdoutLine: {'line': b'-- Up-to-date: /home/moekatra22/catch_them_all_turtlesim/install/turtle_interfaces/include/turtle_interfaces/turtle_interfaces/srv/detail\n'}
[0.390053] (turtle_interfaces) StdoutLine: {'line': b'-- Up-to-date: /home/moekatra22/catch_them_all_turtlesim/install/turtle_interfaces/include/turtle_interfaces/turtle_interfaces/srv/detail/catch_turtle__rosidl_typesupport_fastrtps_cpp.hpp\n'}
[0.390083] (turtle_interfaces) StdoutLine: {'line': b'-- Up-to-date: /home/moekatra22/catch_them_all_turtlesim/install/turtle_interfaces/include/turtle_interfaces/turtle_interfaces/srv/detail/dds_fastrtps\n'}
[0.390111] (turtle_interfaces) StdoutLine: {'line': b'-- Up-to-date: /home/moekatra22/catch_them_all_turtlesim/install/turtle_interfaces/lib/libturtle_interfaces__rosidl_typesupport_fastrtps_cpp.so\n'}
[0.390140] (turtle_interfaces) StdoutLine: {'line': b'-- Up-to-date: /home/moekatra22/catch_them_all_turtlesim/install/turtle_interfaces/include/turtle_interfaces/turtle_interfaces\n'}
[0.390170] (turtle_interfaces) StdoutLine: {'line': b'-- Up-to-date: /home/moekatra22/catch_them_all_turtlesim/install/turtle_interfaces/include/turtle_interfaces/turtle_interfaces/msg\n'}
[0.390210] (turtle_interfaces) StdoutLine: {'line': b'-- Up-to-date: /home/moekatra22/catch_them_all_turtlesim/install/turtle_interfaces/include/turtle_interfaces/turtle_interfaces/msg/detail\n'}
[0.390241] (turtle_interfaces) StdoutLine: {'line': b'-- Up-to-date: /home/moekatra22/catch_them_all_turtlesim/install/turtle_interfaces/include/turtle_interfaces/turtle_interfaces/msg/detail/turtle_array__rosidl_typesupport_introspection_cpp.hpp\n'}
[0.390283] (turtle_interfaces) StdoutLine: {'line': b'-- Up-to-date: /home/moekatra22/catch_them_all_turtlesim/install/turtle_interfaces/include/turtle_interfaces/turtle_interfaces/msg/detail/turtle__rosidl_typesupport_introspection_cpp.hpp\n'}
[0.390314] (turtle_interfaces) StdoutLine: {'line': b'-- Up-to-date: /home/moekatra22/catch_them_all_turtlesim/install/turtle_interfaces/include/turtle_interfaces/turtle_interfaces/msg/detail/turtle_array__type_support.cpp\n'}
[0.390343] (turtle_interfaces) StdoutLine: {'line': b'-- Up-to-date: /home/moekatra22/catch_them_all_turtlesim/install/turtle_interfaces/include/turtle_interfaces/turtle_interfaces/msg/detail/turtle__type_support.cpp\n'}
[0.390377] (turtle_interfaces) StdoutLine: {'line': b'-- Up-to-date: /home/moekatra22/catch_them_all_turtlesim/install/turtle_interfaces/include/turtle_interfaces/turtle_interfaces/srv\n'}
[0.390409] (turtle_interfaces) StdoutLine: {'line': b'-- Up-to-date: /home/moekatra22/catch_them_all_turtlesim/install/turtle_interfaces/include/turtle_interfaces/turtle_interfaces/srv/detail\n'}
[0.390439] (turtle_interfaces) StdoutLine: {'line': b'-- Up-to-date: /home/moekatra22/catch_them_all_turtlesim/install/turtle_interfaces/include/turtle_interfaces/turtle_interfaces/srv/detail/catch_turtle__rosidl_typesupport_introspection_cpp.hpp\n'}
[0.390752] (turtle_interfaces) StdoutLine: {'line': b'-- Up-to-date: /home/moekatra22/catch_them_all_turtlesim/install/turtle_interfaces/include/turtle_interfaces/turtle_interfaces/srv/detail/catch_turtle__type_support.cpp\n'}
[0.390791] (turtle_interfaces) StdoutLine: {'line': b'-- Up-to-date: /home/moekatra22/catch_them_all_turtlesim/install/turtle_interfaces/lib/libturtle_interfaces__rosidl_typesupport_introspection_cpp.so\n'}
[0.390835] (turtle_interfaces) StdoutLine: {'line': b'-- Up-to-date: /home/moekatra22/catch_them_all_turtlesim/install/turtle_interfaces/lib/libturtle_interfaces__rosidl_typesupport_cpp.so\n'}
[0.390868] (turtle_interfaces) StdoutLine: {'line': b'-- Up-to-date: /home/moekatra22/catch_them_all_turtlesim/install/turtle_interfaces/share/turtle_interfaces/environment/pythonpath.sh\n'}
[0.390897] (turtle_interfaces) StdoutLine: {'line': b'-- Up-to-date: /home/moekatra22/catch_them_all_turtlesim/install/turtle_interfaces/share/turtle_interfaces/environment/pythonpath.dsv\n'}
[0.390927] (turtle_interfaces) StdoutLine: {'line': b'-- Up-to-date: /home/moekatra22/catch_them_all_turtlesim/install/turtle_interfaces/local/lib/python3.10/dist-packages/turtle_interfaces-0.0.0-py3.10.egg-info\n'}
[0.390956] (turtle_interfaces) StdoutLine: {'line': b'-- Installing: /home/moekatra22/catch_them_all_turtlesim/install/turtle_interfaces/local/lib/python3.10/dist-packages/turtle_interfaces-0.0.0-py3.10.egg-info/PKG-INFO\n'}
[0.390986] (turtle_interfaces) StdoutLine: {'line': b'-- Installing: /home/moekatra22/catch_them_all_turtlesim/install/turtle_interfaces/local/lib/python3.10/dist-packages/turtle_interfaces-0.0.0-py3.10.egg-info/SOURCES.txt\n'}
[0.391015] (turtle_interfaces) StdoutLine: {'line': b'-- Installing: /home/moekatra22/catch_them_all_turtlesim/install/turtle_interfaces/local/lib/python3.10/dist-packages/turtle_interfaces-0.0.0-py3.10.egg-info/dependency_links.txt\n'}
[0.391045] (turtle_interfaces) StdoutLine: {'line': b'-- Installing: /home/moekatra22/catch_them_all_turtlesim/install/turtle_interfaces/local/lib/python3.10/dist-packages/turtle_interfaces-0.0.0-py3.10.egg-info/top_level.txt\n'}
[0.391084] (turtle_interfaces) StdoutLine: {'line': b'-- Up-to-date: /home/moekatra22/catch_them_all_turtlesim/install/turtle_interfaces/local/lib/python3.10/dist-packages/turtle_interfaces\n'}
[0.391113] (turtle_interfaces) StdoutLine: {'line': b'-- Up-to-date: /home/moekatra22/catch_them_all_turtlesim/install/turtle_interfaces/local/lib/python3.10/dist-packages/turtle_interfaces/_turtle_interfaces_s.ep.rosidl_typesupport_c.c\n'}
[0.391205] (turtle_interfaces) StdoutLine: {'line': b'-- Up-to-date: /home/moekatra22/catch_them_all_turtlesim/install/turtle_interfaces/local/lib/python3.10/dist-packages/turtle_interfaces/turtle_interfaces_s__rosidl_typesupport_fastrtps_c.cpython-310-aarch64-linux-gnu.so\n'}
[0.391238] (turtle_interfaces) StdoutLine: {'line': b'-- Up-to-date: /home/moekatra22/catch_them_all_turtlesim/install/turtle_interfaces/local/lib/python3.10/dist-packages/turtle_interfaces/turtle_interfaces_s__rosidl_typesupport_c.cpython-310-aarch64-linux-gnu.so\n'}
[0.391268] (turtle_interfaces) StdoutLine: {'line': b'-- Up-to-date: /home/moekatra22/catch_them_all_turtlesim/install/turtle_interfaces/local/lib/python3.10/dist-packages/turtle_interfaces/_turtle_interfaces_s.ep.rosidl_typesupport_introspection_c.c\n'}
[0.391302] (turtle_interfaces) StdoutLine: {'line': b'-- Up-to-date: /home/moekatra22/catch_them_all_turtlesim/install/turtle_interfaces/local/lib/python3.10/dist-packages/turtle_interfaces/__init__.py\n'}
[0.391330] (turtle_interfaces) StdoutLine: {'line': b'-- Up-to-date: /home/moekatra22/catch_them_all_turtlesim/install/turtle_interfaces/local/lib/python3.10/dist-packages/turtle_interfaces/msg\n'}
[0.391359] (turtle_interfaces) StdoutLine: {'line': b'-- Up-to-date: /home/moekatra22/catch_them_all_turtlesim/install/turtle_interfaces/local/lib/python3.10/dist-packages/turtle_interfaces/msg/_turtle_array_s.c\n'}
[0.391389] (turtle_interfaces) StdoutLine: {'line': b'-- Up-to-date: /home/moekatra22/catch_them_all_turtlesim/install/turtle_interfaces/local/lib/python3.10/dist-packages/turtle_interfaces/msg/_turtle_s.c\n'}
[0.391419] (turtle_interfaces) StdoutLine: {'line': b'-- Up-to-date: /home/moekatra22/catch_them_all_turtlesim/install/turtle_interfaces/local/lib/python3.10/dist-packages/turtle_interfaces/msg/__init__.py\n'}
[0.391448] (turtle_interfaces) StdoutLine: {'line': b'-- Up-to-date: /home/moekatra22/catch_them_all_turtlesim/install/turtle_interfaces/local/lib/python3.10/dist-packages/turtle_interfaces/msg/_turtle_array.py\n'}
[0.391486] (turtle_interfaces) StdoutLine: {'line': b'-- Up-to-date: /home/moekatra22/catch_them_all_turtlesim/install/turtle_interfaces/local/lib/python3.10/dist-packages/turtle_interfaces/msg/_turtle.py\n'}
[0.391519] (turtle_interfaces) StdoutLine: {'line': b'-- Up-to-date: /home/moekatra22/catch_them_all_turtlesim/install/turtle_interfaces/local/lib/python3.10/dist-packages/turtle_interfaces/_turtle_interfaces_s.ep.rosidl_typesupport_fastrtps_c.c\n'}
[0.391549] (turtle_interfaces) StdoutLine: {'line': b'-- Up-to-date: /home/moekatra22/catch_them_all_turtlesim/install/turtle_interfaces/local/lib/python3.10/dist-packages/turtle_interfaces/srv\n'}
[0.391580] (turtle_interfaces) StdoutLine: {'line': b'-- Up-to-date: /home/moekatra22/catch_them_all_turtlesim/install/turtle_interfaces/local/lib/python3.10/dist-packages/turtle_interfaces/srv/_catch_turtle_s.c\n'}
[0.391622] (turtle_interfaces) StdoutLine: {'line': b'-- Up-to-date: /home/moekatra22/catch_them_all_turtlesim/install/turtle_interfaces/local/lib/python3.10/dist-packages/turtle_interfaces/srv/__init__.py\n'}
[0.391651] (turtle_interfaces) StdoutLine: {'line': b'-- Up-to-date: /home/moekatra22/catch_them_all_turtlesim/install/turtle_interfaces/local/lib/python3.10/dist-packages/turtle_interfaces/srv/_catch_turtle.py\n'}
[0.391680] (turtle_interfaces) StdoutLine: {'line': b'-- Up-to-date: /home/moekatra22/catch_them_all_turtlesim/install/turtle_interfaces/local/lib/python3.10/dist-packages/turtle_interfaces/libturtle_interfaces__rosidl_generator_py.so\n'}
[0.391722] (turtle_interfaces) StdoutLine: {'line': b'-- Up-to-date: /home/moekatra22/catch_them_all_turtlesim/install/turtle_interfaces/local/lib/python3.10/dist-packages/turtle_interfaces/turtle_interfaces_s__rosidl_typesupport_introspection_c.cpython-310-aarch64-linux-gnu.so\n'}
[0.400656] (-) TimerEvent: {}
[0.416477] (turtle_interfaces) StdoutLine: {'line': b"Listing '/home/moekatra22/catch_them_all_turtlesim/install/turtle_interfaces/local/lib/python3.10/dist-packages/turtle_interfaces'...\n"}
[0.416611] (turtle_interfaces) StdoutLine: {'line': b"Listing '/home/moekatra22/catch_them_all_turtlesim/install/turtle_interfaces/local/lib/python3.10/dist-packages/turtle_interfaces/msg'...\n"}
[0.416651] (turtle_interfaces) StdoutLine: {'line': b"Listing '/home/moekatra22/catch_them_all_turtlesim/install/turtle_interfaces/local/lib/python3.10/dist-packages/turtle_interfaces/srv'...\n"}
[0.416698] (turtle_interfaces) StdoutLine: {'line': b'-- Up-to-date: /home/moekatra22/catch_them_all_turtlesim/install/turtle_interfaces/local/lib/python3.10/dist-packages/turtle_interfaces/turtle_interfaces_s__rosidl_typesupport_fastrtps_c.cpython-310-aarch64-linux-gnu.so\n'}
[0.416741] (turtle_interfaces) StdoutLine: {'line': b'-- Up-to-date: /home/moekatra22/catch_them_all_turtlesim/install/turtle_interfaces/local/lib/python3.10/dist-packages/turtle_interfaces/turtle_interfaces_s__rosidl_typesupport_introspection_c.cpython-310-aarch64-linux-gnu.so\n'}
[0.417035] (turtle_interfaces) StdoutLine: {'line': b'-- Up-to-date: /home/moekatra22/catch_them_all_turtlesim/install/turtle_interfaces/local/lib/python3.10/dist-packages/turtle_interfaces/turtle_interfaces_s__rosidl_typesupport_c.cpython-310-aarch64-linux-gnu.so\n'}
[0.417328] (turtle_interfaces) StdoutLine: {'line': b'-- Up-to-date: /home/moekatra22/catch_them_all_turtlesim/install/turtle_interfaces/lib/libturtle_interfaces__rosidl_generator_py.so\n'}
[0.417540] (turtle_interfaces) StdoutLine: {'line': b'-- Up-to-date: /home/moekatra22/catch_them_all_turtlesim/install/turtle_interfaces/share/turtle_interfaces/msg/Turtle.idl\n'}
[0.417658] (turtle_interfaces) StdoutLine: {'line': b'-- Up-to-date: /home/moekatra22/catch_them_all_turtlesim/install/turtle_interfaces/share/turtle_interfaces/msg/TurtleArray.idl\n'}
[0.417739] (turtle_interfaces) StdoutLine: {'line': b'-- Up-to-date: /home/moekatra22/catch_them_all_turtlesim/install/turtle_interfaces/share/turtle_interfaces/srv/CatchTurtle.idl\n'}
[0.417823] (turtle_interfaces) StdoutLine: {'line': b'-- Up-to-date: /home/moekatra22/catch_them_all_turtlesim/install/turtle_interfaces/share/turtle_interfaces/msg/Turtle.msg\n'}
[0.417903] (turtle_interfaces) StdoutLine: {'line': b'-- Up-to-date: /home/moekatra22/catch_them_all_turtlesim/install/turtle_interfaces/share/turtle_interfaces/msg/TurtleArray.msg\n'}
[0.418010] (turtle_interfaces) StdoutLine: {'line': b'-- Up-to-date: /home/moekatra22/catch_them_all_turtlesim/install/turtle_interfaces/share/turtle_interfaces/srv/CatchTurtle.srv\n'}
[0.418120] (turtle_interfaces) StdoutLine: {'line': b'-- Up-to-date: /home/moekatra22/catch_them_all_turtlesim/install/turtle_interfaces/share/turtle_interfaces/srv/CatchTurtle_Request.msg\n'}
[0.418250] (turtle_interfaces) StdoutLine: {'line': b'-- Up-to-date: /home/moekatra22/catch_them_all_turtlesim/install/turtle_interfaces/share/turtle_interfaces/srv/CatchTurtle_Response.msg\n'}
[0.418326] (turtle_interfaces) StdoutLine: {'line': b'-- Up-to-date: /home/moekatra22/catch_them_all_turtlesim/install/turtle_interfaces/share/ament_index/resource_index/package_run_dependencies/turtle_interfaces\n'}
[0.418466] (turtle_interfaces) StdoutLine: {'line': b'-- Up-to-date: /home/moekatra22/catch_them_all_turtlesim/install/turtle_interfaces/share/ament_index/resource_index/parent_prefix_path/turtle_interfaces\n'}
[0.418585] (turtle_interfaces) StdoutLine: {'line': b'-- Up-to-date: /home/moekatra22/catch_them_all_turtlesim/install/turtle_interfaces/share/turtle_interfaces/environment/ament_prefix_path.sh\n'}
[0.418622] (turtle_interfaces) StdoutLine: {'line': b'-- Up-to-date: /home/moekatra22/catch_them_all_turtlesim/install/turtle_interfaces/share/turtle_interfaces/environment/ament_prefix_path.dsv\n'}
[0.418719] (turtle_interfaces) StdoutLine: {'line': b'-- Up-to-date: /home/moekatra22/catch_them_all_turtlesim/install/turtle_interfaces/share/turtle_interfaces/environment/path.sh\n'}
[0.418808] (turtle_interfaces) StdoutLine: {'line': b'-- Up-to-date: /home/moekatra22/catch_them_all_turtlesim/install/turtle_interfaces/share/turtle_interfaces/environment/path.dsv\n'}
[0.418904] (turtle_interfaces) StdoutLine: {'line': b'-- Up-to-date: /home/moekatra22/catch_them_all_turtlesim/install/turtle_interfaces/share/turtle_interfaces/local_setup.bash\n'}
[0.419098] (turtle_interfaces) StdoutLine: {'line': b'-- Up-to-date: /home/moekatra22/catch_them_all_turtlesim/install/turtle_interfaces/share/turtle_interfaces/local_setup.sh\n'}
[0.419142] (turtle_interfaces) StdoutLine: {'line': b'-- Up-to-date: /home/moekatra22/catch_them_all_turtlesim/install/turtle_interfaces/share/turtle_interfaces/local_setup.zsh\n'}
[0.419192] (turtle_interfaces) StdoutLine: {'line': b'-- Up-to-date: /home/moekatra22/catch_them_all_turtlesim/install/turtle_interfaces/share/turtle_interfaces/local_setup.dsv\n'}
[0.419233] (turtle_interfaces) StdoutLine: {'line': b'-- Installing: /home/moekatra22/catch_them_all_turtlesim/install/turtle_interfaces/share/turtle_interfaces/package.dsv\n'}
[0.419481] (turtle_interfaces) StdoutLine: {'line': b'-- Up-to-date: /home/moekatra22/catch_them_all_turtlesim/install/turtle_interfaces/share/ament_index/resource_index/packages/turtle_interfaces\n'}
[0.419659] (turtle_interfaces) StdoutLine: {'line': b'-- Up-to-date: /home/moekatra22/catch_them_all_turtlesim/install/turtle_interfaces/share/turtle_interfaces/cmake/export_turtle_interfaces__rosidl_generator_cExport.cmake\n'}
[0.419781] (turtle_interfaces) StdoutLine: {'line': b'-- Up-to-date: /home/moekatra22/catch_them_all_turtlesim/install/turtle_interfaces/share/turtle_interfaces/cmake/export_turtle_interfaces__rosidl_generator_cExport-noconfig.cmake\n'}
[0.419948] (turtle_interfaces) StdoutLine: {'line': b'-- Up-to-date: /home/moekatra22/catch_them_all_turtlesim/install/turtle_interfaces/share/turtle_interfaces/cmake/export_turtle_interfaces__rosidl_typesupport_fastrtps_cExport.cmake\n'}
[0.420049] (turtle_interfaces) StdoutLine: {'line': b'-- Up-to-date: /home/moekatra22/catch_them_all_turtlesim/install/turtle_interfaces/share/turtle_interfaces/cmake/export_turtle_interfaces__rosidl_typesupport_fastrtps_cExport-noconfig.cmake\n'}
[0.420200] (turtle_interfaces) StdoutLine: {'line': b'-- Up-to-date: /home/moekatra22/catch_them_all_turtlesim/install/turtle_interfaces/share/turtle_interfaces/cmake/turtle_interfaces__rosidl_typesupport_introspection_cExport.cmake\n'}
[0.420336] (turtle_interfaces) StdoutLine: {'line': b'-- Up-to-date: /home/moekatra22/catch_them_all_turtlesim/install/turtle_interfaces/share/turtle_interfaces/cmake/turtle_interfaces__rosidl_typesupport_introspection_cExport-noconfig.cmake\n'}
[0.420519] (turtle_interfaces) StdoutLine: {'line': b'-- Up-to-date: /home/moekatra22/catch_them_all_turtlesim/install/turtle_interfaces/share/turtle_interfaces/cmake/turtle_interfaces__rosidl_typesupport_cExport.cmake\n'}
[0.420588] (turtle_interfaces) StdoutLine: {'line': b'-- Up-to-date: /home/moekatra22/catch_them_all_turtlesim/install/turtle_interfaces/share/turtle_interfaces/cmake/turtle_interfaces__rosidl_typesupport_cExport-noconfig.cmake\n'}
[0.420751] (turtle_interfaces) StdoutLine: {'line': b'-- Up-to-date: /home/moekatra22/catch_them_all_turtlesim/install/turtle_interfaces/share/turtle_interfaces/cmake/export_turtle_interfaces__rosidl_generator_cppExport.cmake\n'}
[0.420912] (turtle_interfaces) StdoutLine: {'line': b'-- Up-to-date: /home/moekatra22/catch_them_all_turtlesim/install/turtle_interfaces/share/turtle_interfaces/cmake/export_turtle_interfaces__rosidl_typesupport_fastrtps_cppExport.cmake\n'}
[0.421149] (turtle_interfaces) StdoutLine: {'line': b'-- Up-to-date: /home/moekatra22/catch_them_all_turtlesim/install/turtle_interfaces/share/turtle_interfaces/cmake/export_turtle_interfaces__rosidl_typesupport_fastrtps_cppExport-noconfig.cmake\n'}
[0.421193] (turtle_interfaces) StdoutLine: {'line': b'-- Up-to-date: /home/moekatra22/catch_them_all_turtlesim/install/turtle_interfaces/share/turtle_interfaces/cmake/turtle_interfaces__rosidl_typesupport_introspection_cppExport.cmake\n'}
[0.421242] (turtle_interfaces) StdoutLine: {'line': b'-- Up-to-date: /home/moekatra22/catch_them_all_turtlesim/install/turtle_interfaces/share/turtle_interfaces/cmake/turtle_interfaces__rosidl_typesupport_introspection_cppExport-noconfig.cmake\n'}
[0.421677] (turtle_interfaces) StdoutLine: {'line': b'-- Up-to-date: /home/moekatra22/catch_them_all_turtlesim/install/turtle_interfaces/share/turtle_interfaces/cmake/turtle_interfaces__rosidl_typesupport_cppExport.cmake\n'}
[0.421841] (turtle_interfaces) StdoutLine: {'line': b'-- Up-to-date: /home/moekatra22/catch_them_all_turtlesim/install/turtle_interfaces/share/turtle_interfaces/cmake/turtle_interfaces__rosidl_typesupport_cppExport-noconfig.cmake\n'}
[0.422063] (turtle_interfaces) StdoutLine: {'line': b'-- Up-to-date: /home/moekatra22/catch_them_all_turtlesim/install/turtle_interfaces/share/turtle_interfaces/cmake/export_turtle_interfaces__rosidl_generator_pyExport.cmake\n'}
[0.422113] (turtle_interfaces) StdoutLine: {'line': b'-- Up-to-date: /home/moekatra22/catch_them_all_turtlesim/install/turtle_interfaces/share/turtle_interfaces/cmake/export_turtle_interfaces__rosidl_generator_pyExport-noconfig.cmake\n'}
[0.422245] (turtle_interfaces) StdoutLine: {'line': b'-- Up-to-date: /home/moekatra22/catch_them_all_turtlesim/install/turtle_interfaces/share/turtle_interfaces/cmake/rosidl_cmake-extras.cmake\n'}
[0.422394] (turtle_interfaces) StdoutLine: {'line': b'-- Up-to-date: /home/moekatra22/catch_them_all_turtlesim/install/turtle_interfaces/share/turtle_interfaces/cmake/ament_cmake_export_include_directories-extras.cmake\n'}
[0.422641] (turtle_interfaces) StdoutLine: {'line': b'-- Up-to-date: /home/moekatra22/catch_them_all_turtlesim/install/turtle_interfaces/share/turtle_interfaces/cmake/ament_cmake_export_libraries-extras.cmake\n'}
[0.422815] (turtle_interfaces) StdoutLine: {'line': b'-- Up-to-date: /home/moekatra22/catch_them_all_turtlesim/install/turtle_interfaces/share/turtle_interfaces/cmake/ament_cmake_export_targets-extras.cmake\n'}
[0.422944] (turtle_interfaces) StdoutLine: {'line': b'-- Up-to-date: /home/moekatra22/catch_them_all_turtlesim/install/turtle_interfaces/share/turtle_interfaces/cmake/rosidl_cmake_export_typesupport_targets-extras.cmake\n'}
[0.423092] (turtle_interfaces) StdoutLine: {'line': b'-- Up-to-date: /home/moekatra22/catch_them_all_turtlesim/install/turtle_interfaces/share/turtle_interfaces/cmake/ament_cmake_export_dependencies-extras.cmake\n'}
[0.423240] (turtle_interfaces) StdoutLine: {'line': b'-- Up-to-date: /home/moekatra22/catch_them_all_turtlesim/install/turtle_interfaces/share/turtle_interfaces/cmake/rosidl_cmake_export_typesupport_libraries-extras.cmake\n'}
[0.423392] (turtle_interfaces) StdoutLine: {'line': b'-- Up-to-date: /home/moekatra22/catch_them_all_turtlesim/install/turtle_interfaces/share/turtle_interfaces/cmake/turtle_interfacesConfig.cmake\n'}
[0.423521] (turtle_interfaces) StdoutLine: {'line': b'-- Up-to-date: /home/moekatra22/catch_them_all_turtlesim/install/turtle_interfaces/share/turtle_interfaces/cmake/turtle_interfacesConfig-version.cmake\n'}
[0.423651] (turtle_interfaces) StdoutLine: {'line': b'-- Up-to-date: /home/moekatra22/catch_them_all_turtlesim/install/turtle_interfaces/share/turtle_interfaces/package.xml\n'}
[0.425701] (turtle_interfaces) CommandEnded: {'returncode': 0}
[0.501072] (-) TimerEvent: {}
[0.590022] (turtle_interfaces) JobEnded: {'identifier': 'turtle_interfaces', 'rc': 0}
[0.590703] (py_pkg) JobStarted: {'identifier': 'py_pkg'}
[0.601153] (-) TimerEvent: {}
[0.701462] (-) TimerEvent: {}
[0.801838] (-) TimerEvent: {}
[0.902209] (-) TimerEvent: {}
[1.002580] (-) TimerEvent: {}
[1.103020] (-) TimerEvent: {}
[1.119308] (py_pkg) Command: {'cmd': ['/usr/bin/python3', '-W', 'ignore:setup.py install is deprecated', 'setup.py', 'egg_info', '--egg-base', '../../build/py_pkg', 'build', '--build-base', '/home/moekatra22/catch_them_all_turtlesim/build/py_pkg/build', 'install', '--record', '/home/moekatra22/catch_them_all_turtlesim/build/py_pkg/install.log', '--single-version-externally-managed', 'install_data'], 'cwd': '/home/moekatra22/catch_them_all_turtlesim/src/py_pkg', 'env': {'USER': 'moekatra22', 'LC_TIME': 'ar_LB.UTF-8', 'XDG_SESSION_TYPE': 'wayland', 'SHLVL': '1', 'LD_LIBRARY_PATH': '/home/moekatra22/catch_them_all_turtlesim/install/turtle_interfaces/lib:/opt/ros/humble/opt/rviz_ogre_vendor/lib:/opt/ros/humble/lib/aarch64-linux-gnu:/opt/ros/humble/lib', 'HOME': '/home/moekatra22', 'OLDPWD': '/home/moekatra22', 'DESKTOP_SESSION': 'ubuntu', 'ROS_PYTHON_VERSION': '3', 'GNOME_SHELL_SESSION_MODE': 'ubuntu', 'GTK_MODULES': 'gail:atk-bridge', 'LC_MONETARY': 'ar_LB.UTF-8', 'SYSTEMD_EXEC_PID': '1217', 'DBUS_SESSION_BUS_ADDRESS': 'unix:path=/run/user/1000/bus', 'COLORTERM': 'truecolor', 'IM_CONFIG_PHASE': '1', 'WAYLAND_DISPLAY': 'wayland-0', 'COLCON_PREFIX_PATH': '/home/moekatra22/catch_them_all_turtlesim/install', 'ROS_DISTRO': 'humble', 'LOGNAME': 'moekatra22', '_': '/usr/bin/colcon', 'ROS_VERSION': '2', 'XDG_SESSION_CLASS': 'user', 'USERNAME': 'moekatra22', 'TERM': 'xterm-256color', 'GNOME_DESKTOP_SESSION_ID': 'this-is-deprecated', 'ROS_LOCALHOST_ONLY': '0', 'PATH': '/opt/ros/humble/bin:/usr/local/sbin:/usr/local/bin:/usr/sbin:/usr/bin:/sbin:/bin:/usr/games:/usr/local/games:/snap/bin:/snap/bin', 'SESSION_MANAGER': 'local/moekatra22-QEMU-Virtual-Machine:@/tmp/.ICE-unix/1176,unix/moekatra22-QEMU-Virtual-Machine:/tmp/.ICE-unix/1176', 'XDG_MENU_PREFIX': 'gnome-', 'LC_ADDRESS': 'ar_LB.UTF-8', 'GNOME_TERMINAL_SCREEN': '/org/gnome/Terminal/screen/352d06b1_8c07_4430_a633_869fe91f8b37', 'GNOME_SETUP_DISPLAY': ':1', 'XDG_RUNTIME_DIR': '/run/user/1000', 'DISPLAY': ':0', 'LANG': 'en_US.UTF-8', 'XDG_CURRENT_DESKTOP': 'ubuntu:GNOME', 'LC_TELEPHONE': 'ar_LB.UTF-8', 'XMODIFIERS': '@im=ibus', 'XDG_SESSION_DESKTOP': 'ubuntu', 'XAUTHORITY': '/run/user/1000/.mutter-Xwaylandauth.YKPRM2', 'GNOME_TERMINAL_SERVICE': ':1.93', 'SSH_AGENT_LAUNCHER': 'gnome-keyring', 'SSH_AUTH_SOCK': '/run/user/1000/keyring/ssh', 'AMENT_PREFIX_PATH': '/home/moekatra22/catch_them_all_turtlesim/install/launch:/home/moekatra22/catch_them_all_turtlesim/install/py_pkg:/home/moekatra22/catch_them_all_turtlesim/install/turtle_interfaces:/opt/ros/humble', 'SHELL': '/bin/bash', 'LC_NAME': 'ar_LB.UTF-8', 'QT_ACCESSIBILITY': '1', 'GDMSESSION': 'ubuntu', 'LC_MEASUREMENT': 'ar_LB.UTF-8', 'LC_IDENTIFICATION': 'ar_LB.UTF-8', 'QT_IM_MODULE': 'ibus', 'PWD': '/home/moekatra22/catch_them_all_turtlesim/build/py_pkg', 'LC_ALL': 'en_US.UTF-8', 'XDG_CONFIG_DIRS': '/etc/xdg/xdg-ubuntu:/etc/xdg', 'XDG_DATA_DIRS': '/usr/share/ubuntu:/usr/local/share/:/usr/share/:/var/lib/snapd/desktop', 'PYTHONPATH': '/home/moekatra22/catch_them_all_turtlesim/build/py_pkg/prefix_override:/home/moekatra22/catch_them_all_turtlesim/install/py_pkg/lib/python3.10/site-packages:/home/moekatra22/catch_them_all_turtlesim/install/py_pkg/lib/python3.10/site-packages:/home/moekatra22/catch_them_all_turtlesim/install/turtle_interfaces/local/lib/python3.10/dist-packages:/opt/ros/humble/lib/python3.10/site-packages:/opt/ros/humble/local/lib/python3.10/dist-packages', 'LC_NUMERIC': 'ar_LB.UTF-8', 'LC_PAPER': 'ar_LB.UTF-8', 'COLCON': '1', 'VTE_VERSION': '6800', 'CMAKE_PREFIX_PATH': '/home/moekatra22/catch_them_all_turtlesim/install/turtle_interfaces:/home/moekatra22/catch_them_all_turtlesim/install/launch'}, 'shell': False}
[1.203084] (-) TimerEvent: {}
[1.255005] (py_pkg) StdoutLine: {'line': b'running egg_info\n'}
[1.255370] (py_pkg) StdoutLine: {'line': b'writing ../../build/py_pkg/py_pkg.egg-info/PKG-INFO\n'}
[1.255566] (py_pkg) StdoutLine: {'line': b'writing dependency_links to ../../build/py_pkg/py_pkg.egg-info/dependency_links.txt\n'}
[1.255794] (py_pkg) StdoutLine: {'line': b'writing entry points to ../../build/py_pkg/py_pkg.egg-info/entry_points.txt\n'}
[1.255962] (py_pkg) StdoutLine: {'line': b'writing requirements to ../../build/py_pkg/py_pkg.egg-info/requires.txt\n'}
[1.256022] (py_pkg) StdoutLine: {'line': b'writing top-level names to ../../build/py_pkg/py_pkg.egg-info/top_level.txt\n'}
[1.257222] (py_pkg) StdoutLine: {'line': b"reading manifest file '../../build/py_pkg/py_pkg.egg-info/SOURCES.txt'\n"}
[1.258015] (py_pkg) StdoutLine: {'line': b"writing manifest file '../../build/py_pkg/py_pkg.egg-info/SOURCES.txt'\n"}
[1.258271] (py_pkg) StdoutLine: {'line': b'running build\n'}
[1.258339] (py_pkg) StdoutLine: {'line': b'running build_py\n'}
[1.258406] (py_pkg) StdoutLine: {'line': b'copying py_pkg/controller_node.py -> /home/moekatra22/catch_them_all_turtlesim/build/py_pkg/build/lib/py_pkg\n'}
[1.258697] (py_pkg) StdoutLine: {'line': b'copying py_pkg/spawner_node.py -> /home/moekatra22/catch_them_all_turtlesim/build/py_pkg/build/lib/py_pkg\n'}
[1.258890] (py_pkg) StdoutLine: {'line': b'running install\n'}
[1.259218] (py_pkg) StdoutLine: {'line': b'running install_lib\n'}
[1.259657] (py_pkg) StdoutLine: {'line': b'copying /home/moekatra22/catch_them_all_turtlesim/build/py_pkg/build/lib/py_pkg/controller_node.py -> /home/moekatra22/catch_them_all_turtlesim/install/py_pkg/lib/python3.10/site-packages/py_pkg\n'}
[1.259764] (py_pkg) StdoutLine: {'line': b'copying /home/moekatra22/catch_them_all_turtlesim/build/py_pkg/build/lib/py_pkg/spawner_node.py -> /home/moekatra22/catch_them_all_turtlesim/install/py_pkg/lib/python3.10/site-packages/py_pkg\n'}
[1.260067] (py_pkg) StdoutLine: {'line': b'byte-compiling /home/moekatra22/catch_them_all_turtlesim/install/py_pkg/lib/python3.10/site-packages/py_pkg/controller_node.py to controller_node.cpython-310.pyc\n'}
[1.260786] (py_pkg) StdoutLine: {'line': b'byte-compiling /home/moekatra22/catch_them_all_turtlesim/install/py_pkg/lib/python3.10/site-packages/py_pkg/spawner_node.py to spawner_node.cpython-310.pyc\n'}
[1.261546] (py_pkg) StdoutLine: {'line': b'running install_data\n'}
[1.261657] (py_pkg) StdoutLine: {'line': b'running install_egg_info\n'}
[1.263387] (py_pkg) StdoutLine: {'line': b"removing '/home/moekatra22/catch_them_all_turtlesim/install/py_pkg/lib/python3.10/site-packages/py_pkg-0.0.0-py3.10.egg-info' (and everything under it)\n"}
[1.263650] (py_pkg) StdoutLine: {'line': b'Copying ../../build/py_pkg/py_pkg.egg-info to /home/moekatra22/catch_them_all_turtlesim/install/py_pkg/lib/python3.10/site-packages/py_pkg-0.0.0-py3.10.egg-info\n'}
[1.264145] (py_pkg) StdoutLine: {'line': b'running install_scripts\n'}
[1.277148] (py_pkg) StdoutLine: {'line': b'Installing controller script to /home/moekatra22/catch_them_all_turtlesim/install/py_pkg/lib/py_pkg\n'}
[1.277292] (py_pkg) StdoutLine: {'line': b'Installing spawner script to /home/moekatra22/catch_them_all_turtlesim/install/py_pkg/lib/py_pkg\n'}
[1.277565] (py_pkg) StdoutLine: {'line': b"writing list of installed files to '/home/moekatra22/catch_them_all_turtlesim/build/py_pkg/install.log'\n"}
[1.301501] (py_pkg) CommandEnded: {'returncode': 0}
[1.303338] (-) TimerEvent: {}
[1.306343] (py_pkg) JobEnded: {'identifier': 'py_pkg', 'rc': 0}
[1.306611] (launch) JobStarted: {'identifier': 'launch'}
[1.312772] (launch) JobProgress: {'identifier': 'launch', 'progress': 'cmake'}
[1.312817] (launch) JobProgress: {'identifier': 'launch', 'progress': 'build'}
[1.312830] (launch) Command: {'cmd': ['/usr/bin/cmake', '--build', '/home/moekatra22/catch_them_all_turtlesim/build/launch', '--', '-j4', '-l4'], 'cwd': '/home/moekatra22/catch_them_all_turtlesim/build/launch', 'env': OrderedDict([('USER', 'moekatra22'), ('LC_TIME', 'ar_LB.UTF-8'), ('XDG_SESSION_TYPE', 'wayland'), ('SHLVL', '1'), ('LD_LIBRARY_PATH', '/home/moekatra22/catch_them_all_turtlesim/install/turtle_interfaces/lib:/opt/ros/humble/opt/rviz_ogre_vendor/lib:/opt/ros/humble/lib/aarch64-linux-gnu:/opt/ros/humble/lib'), ('HOME', '/home/moekatra22'), ('OLDPWD', '/home/moekatra22'), ('DESKTOP_SESSION', 'ubuntu'), ('ROS_PYTHON_VERSION', '3'), ('GNOME_SHELL_SESSION_MODE', 'ubuntu'), ('GTK_MODULES', 'gail:atk-bridge'), ('LC_MONETARY', 'ar_LB.UTF-8'), ('SYSTEMD_EXEC_PID', '1217'), ('DBUS_SESSION_BUS_ADDRESS', 'unix:path=/run/user/1000/bus'), ('COLORTERM', 'truecolor'), ('IM_CONFIG_PHASE', '1'), ('WAYLAND_DISPLAY', 'wayland-0'), ('COLCON_PREFIX_PATH', '/home/moekatra22/catch_them_all_turtlesim/install'), ('ROS_DISTRO', 'humble'), ('LOGNAME', 'moekatra22'), ('_', '/usr/bin/colcon'), ('ROS_VERSION', '2'), ('XDG_SESSION_CLASS', 'user'), ('USERNAME', 'moekatra22'), ('TERM', 'xterm-256color'), ('GNOME_DESKTOP_SESSION_ID', 'this-is-deprecated'), ('ROS_LOCALHOST_ONLY', '0'), ('PATH', '/opt/ros/humble/bin:/usr/local/sbin:/usr/local/bin:/usr/sbin:/usr/bin:/sbin:/bin:/usr/games:/usr/local/games:/snap/bin:/snap/bin'), ('SESSION_MANAGER', 'local/moekatra22-QEMU-Virtual-Machine:@/tmp/.ICE-unix/1176,unix/moekatra22-QEMU-Virtual-Machine:/tmp/.ICE-unix/1176'), ('XDG_MENU_PREFIX', 'gnome-'), ('LC_ADDRESS', 'ar_LB.UTF-8'), ('GNOME_TERMINAL_SCREEN', '/org/gnome/Terminal/screen/352d06b1_8c07_4430_a633_869fe91f8b37'), ('GNOME_SETUP_DISPLAY', ':1'), ('XDG_RUNTIME_DIR', '/run/user/1000'), ('DISPLAY', ':0'), ('LANG', 'en_US.UTF-8'), ('XDG_CURRENT_DESKTOP', 'ubuntu:GNOME'), ('LC_TELEPHONE', 'ar_LB.UTF-8'), ('XMODIFIERS', '@im=ibus'), ('XDG_SESSION_DESKTOP', 'ubuntu'), ('XAUTHORITY', '/run/user/1000/.mutter-Xwaylandauth.YKPRM2'), ('GNOME_TERMINAL_SERVICE', ':1.93'), ('SSH_AGENT_LAUNCHER', 'gnome-keyring'), ('SSH_AUTH_SOCK', '/run/user/1000/keyring/ssh'), ('AMENT_PREFIX_PATH', '/home/moekatra22/catch_them_all_turtlesim/install/py_pkg:/home/moekatra22/catch_them_all_turtlesim/install/launch:/home/moekatra22/catch_them_all_turtlesim/install/turtle_interfaces:/opt/ros/humble'), ('SHELL', '/bin/bash'), ('LC_NAME', 'ar_LB.UTF-8'), ('QT_ACCESSIBILITY', '1'), ('GDMSESSION', 'ubuntu'), ('LC_MEASUREMENT', 'ar_LB.UTF-8'), ('LC_IDENTIFICATION', 'ar_LB.UTF-8'), ('QT_IM_MODULE', 'ibus'), ('PWD', '/home/moekatra22/catch_them_all_turtlesim/build/launch'), ('LC_ALL', 'en_US.UTF-8'), ('XDG_CONFIG_DIRS', '/etc/xdg/xdg-ubuntu:/etc/xdg'), ('XDG_DATA_DIRS', '/usr/share/ubuntu:/usr/local/share/:/usr/share/:/var/lib/snapd/desktop'), ('PYTHONPATH', '/home/moekatra22/catch_them_all_turtlesim/install/py_pkg/lib/python3.10/site-packages:/home/moekatra22/catch_them_all_turtlesim/install/turtle_interfaces/local/lib/python3.10/dist-packages:/opt/ros/humble/lib/python3.10/site-packages:/opt/ros/humble/local/lib/python3.10/dist-packages'), ('LC_NUMERIC', 'ar_LB.UTF-8'), ('LC_PAPER', 'ar_LB.UTF-8'), ('COLCON', '1'), ('VTE_VERSION', '6800'), ('CMAKE_PREFIX_PATH', '/home/moekatra22/catch_them_all_turtlesim/install/turtle_interfaces:/home/moekatra22/catch_them_all_turtlesim/install/launch:/home/moekatra22/catch_them_all_turtlesim/install/py_pkg:/opt/ros/humble')]), 'shell': False}
[1.341084] (launch) CommandEnded: {'returncode': 0}
[1.353650] (launch) JobProgress: {'identifier': 'launch', 'progress': 'install'}
[1.353781] (launch) Command: {'cmd': ['/usr/bin/cmake', '--install', '/home/moekatra22/catch_them_all_turtlesim/build/launch'], 'cwd': '/home/moekatra22/catch_them_all_turtlesim/build/launch', 'env': OrderedDict([('USER', 'moekatra22'), ('LC_TIME', 'ar_LB.UTF-8'), ('XDG_SESSION_TYPE', 'wayland'), ('SHLVL', '1'), ('LD_LIBRARY_PATH', '/home/moekatra22/catch_them_all_turtlesim/install/turtle_interfaces/lib:/opt/ros/humble/opt/rviz_ogre_vendor/lib:/opt/ros/humble/lib/aarch64-linux-gnu:/opt/ros/humble/lib'), ('HOME', '/home/moekatra22'), ('OLDPWD', '/home/moekatra22'), ('DESKTOP_SESSION', 'ubuntu'), ('ROS_PYTHON_VERSION', '3'), ('GNOME_SHELL_SESSION_MODE', 'ubuntu'), ('GTK_MODULES', 'gail:atk-bridge'), ('LC_MONETARY', 'ar_LB.UTF-8'), ('SYSTEMD_EXEC_PID', '1217'), ('DBUS_SESSION_BUS_ADDRESS', 'unix:path=/run/user/1000/bus'), ('COLORTERM', 'truecolor'), ('IM_CONFIG_PHASE', '1'), ('WAYLAND_DISPLAY', 'wayland-0'), ('COLCON_PREFIX_PATH', '/home/moekatra22/catch_them_all_turtlesim/install'), ('ROS_DISTRO', 'humble'), ('LOGNAME', 'moekatra22'), ('_', '/usr/bin/colcon'), ('ROS_VERSION', '2'), ('XDG_SESSION_CLASS', 'user'), ('USERNAME', 'moekatra22'), ('TERM', 'xterm-256color'), ('GNOME_DESKTOP_SESSION_ID', 'this-is-deprecated'), ('ROS_LOCALHOST_ONLY', '0'), ('PATH', '/opt/ros/humble/bin:/usr/local/sbin:/usr/local/bin:/usr/sbin:/usr/bin:/sbin:/bin:/usr/games:/usr/local/games:/snap/bin:/snap/bin'), ('SESSION_MANAGER', 'local/moekatra22-QEMU-Virtual-Machine:@/tmp/.ICE-unix/1176,unix/moekatra22-QEMU-Virtual-Machine:/tmp/.ICE-unix/1176'), ('XDG_MENU_PREFIX', 'gnome-'), ('LC_ADDRESS', 'ar_LB.UTF-8'), ('GNOME_TERMINAL_SCREEN', '/org/gnome/Terminal/screen/352d06b1_8c07_4430_a633_869fe91f8b37'), ('GNOME_SETUP_DISPLAY', ':1'), ('XDG_RUNTIME_DIR', '/run/user/1000'), ('DISPLAY', ':0'), ('LANG', 'en_US.UTF-8'), ('XDG_CURRENT_DESKTOP', 'ubuntu:GNOME'), ('LC_TELEPHONE', 'ar_LB.UTF-8'), ('XMODIFIERS', '@im=ibus'), ('XDG_SESSION_DESKTOP', 'ubuntu'), ('XAUTHORITY', '/run/user/1000/.mutter-Xwaylandauth.YKPRM2'), ('GNOME_TERMINAL_SERVICE', ':1.93'), ('SSH_AGENT_LAUNCHER', 'gnome-keyring'), ('SSH_AUTH_SOCK', '/run/user/1000/keyring/ssh'), ('AMENT_PREFIX_PATH', '/home/moekatra22/catch_them_all_turtlesim/install/py_pkg:/home/moekatra22/catch_them_all_turtlesim/install/launch:/home/moekatra22/catch_them_all_turtlesim/install/turtle_interfaces:/opt/ros/humble'), ('SHELL', '/bin/bash'), ('LC_NAME', 'ar_LB.UTF-8'), ('QT_ACCESSIBILITY', '1'), ('GDMSESSION', 'ubuntu'), ('LC_MEASUREMENT', 'ar_LB.UTF-8'), ('LC_IDENTIFICATION', 'ar_LB.UTF-8'), ('QT_IM_MODULE', 'ibus'), ('PWD', '/home/moekatra22/catch_them_all_turtlesim/build/launch'), ('LC_ALL', 'en_US.UTF-8'), ('XDG_CONFIG_DIRS', '/etc/xdg/xdg-ubuntu:/etc/xdg'), ('XDG_DATA_DIRS', '/usr/share/ubuntu:/usr/local/share/:/usr/share/:/var/lib/snapd/desktop'), ('PYTHONPATH', '/home/moekatra22/catch_them_all_turtlesim/install/py_pkg/lib/python3.10/site-packages:/home/moekatra22/catch_them_all_turtlesim/install/turtle_interfaces/local/lib/python3.10/dist-packages:/opt/ros/humble/lib/python3.10/site-packages:/opt/ros/humble/local/lib/python3.10/dist-packages'), ('LC_NUMERIC', 'ar_LB.UTF-8'), ('LC_PAPER', 'ar_LB.UTF-8'), ('COLCON', '1'), ('VTE_VERSION', '6800'), ('CMAKE_PREFIX_PATH', '/home/moekatra22/catch_them_all_turtlesim/install/turtle_interfaces:/home/moekatra22/catch_them_all_turtlesim/install/launch:/home/moekatra22/catch_them_all_turtlesim/install/py_pkg:/opt/ros/humble')]), 'shell': False}
[1.359327] (launch) StdoutLine: {'line': b'-- Install configuration: ""\n'}
[1.359644] (launch) StdoutLine: {'line': b'-- Up-to-date: /home/moekatra22/catch_them_all_turtlesim/install/launch/share/launch/launch\n'}
[1.359688] (launch) StdoutLine: {'line': b'-- Installing: /home/moekatra22/catch_them_all_turtlesim/install/launch/share/launch/launch/catch_them_all.launch.py\n'}
[1.359721] (launch) StdoutLine: {'line': b'-- Up-to-date: /home/moekatra22/catch_them_all_turtlesim/install/launch/share/ament_index/resource_index/package_run_dependencies/launch\n'}
[1.359753] (launch) StdoutLine: {'line': b'-- Up-to-date: /home/moekatra22/catch_them_all_turtlesim/install/launch/share/ament_index/resource_index/parent_prefix_path/launch\n'}
[1.359783] (launch) StdoutLine: {'line': b'-- Up-to-date: /home/moekatra22/catch_them_all_turtlesim/install/launch/share/launch/environment/ament_prefix_path.sh\n'}
[1.359813] (launch) StdoutLine: {'line': b'-- Up-to-date: /home/moekatra22/catch_them_all_turtlesim/install/launch/share/launch/environment/ament_prefix_path.dsv\n'}
[1.359842] (launch) StdoutLine: {'line': b'-- Up-to-date: /home/moekatra22/catch_them_all_turtlesim/install/launch/share/launch/environment/path.sh\n'}
[1.359871] (launch) StdoutLine: {'line': b'-- Up-to-date: /home/moekatra22/catch_them_all_turtlesim/install/launch/share/launch/environment/path.dsv\n'}
[1.359900] (launch) StdoutLine: {'line': b'-- Up-to-date: /home/moekatra22/catch_them_all_turtlesim/install/launch/share/launch/local_setup.bash\n'}
[1.359929] (launch) StdoutLine: {'line': b'-- Up-to-date: /home/moekatra22/catch_them_all_turtlesim/install/launch/share/launch/local_setup.sh\n'}
[1.359958] (launch) StdoutLine: {'line': b'-- Up-to-date: /home/moekatra22/catch_them_all_turtlesim/install/launch/share/launch/local_setup.zsh\n'}
[1.359986] (launch) StdoutLine: {'line': b'-- Up-to-date: /home/moekatra22/catch_them_all_turtlesim/install/launch/share/launch/local_setup.dsv\n'}
[1.360015] (launch) StdoutLine: {'line': b'-- Installing: /home/moekatra22/catch_them_all_turtlesim/install/launch/share/launch/package.dsv\n'}
[1.360044] (launch) StdoutLine: {'line': b'-- Up-to-date: /home/moekatra22/catch_them_all_turtlesim/install/launch/share/ament_index/resource_index/packages/launch\n'}
[1.360072] (launch) StdoutLine: {'line': b'-- Up-to-date: /home/moekatra22/catch_them_all_turtlesim/install/launch/share/launch/cmake/launchConfig.cmake\n'}
[1.360101] (launch) StdoutLine: {'line': b'-- Up-to-date: /home/moekatra22/catch_them_all_turtlesim/install/launch/share/launch/cmake/launchConfig-version.cmake\n'}
[1.360130] (launch) StdoutLine: {'line': b'-- Up-to-date: /home/moekatra22/catch_them_all_turtlesim/install/launch/share/launch/package.xml\n'}
[1.365129] (launch) CommandEnded: {'returncode': 0}
[1.378913] (launch) JobEnded: {'identifier': 'launch', 'rc': 0}
[1.380038] (-) EventReactorShutdown: {}
