[0.552s] Invoking command in '/home/moekatra22/catch_them_all_turtlesim/src/py_pkg': AMENT_PREFIX_PATH=/home/moekatra22/catch_them_all_turtlesim/install/turtle_interfaces:${AMENT_PREFIX_PATH} CMAKE_PREFIX_PATH=/home/moekatra22/catch_them_all_turtlesim/install/turtle_interfaces LD_LIBRARY_PATH=/home/moekatra22/catch_them_all_turtlesim/install/turtle_interfaces/lib:${LD_LIBRARY_PATH} PYTHONPATH=/home/moekatra22/catch_them_all_turtlesim/build/py_pkg/prefix_override:/home/moekatra22/catch_them_all_turtlesim/install/py_pkg/lib/python3.10/site-packages:/home/moekatra22/catch_them_all_turtlesim/install/turtle_interfaces/local/lib/python3.10/dist-packages:${PYTHONPATH} /usr/bin/python3 -W ignore:setup.py install is deprecated setup.py egg_info --egg-base ../../build/py_pkg build --build-base /home/moekatra22/catch_them_all_turtlesim/build/py_pkg/build install --record /home/moekatra22/catch_them_all_turtlesim/build/py_pkg/install.log --single-version-externally-managed install_data
[0.726s] running egg_info
[0.728s] creating ../../build/py_pkg/py_pkg.egg-info
[0.728s] writing ../../build/py_pkg/py_pkg.egg-info/PKG-INFO
[0.729s] writing dependency_links to ../../build/py_pkg/py_pkg.egg-info/dependency_links.txt
[0.729s] writing entry points to ../../build/py_pkg/py_pkg.egg-info/entry_points.txt
[0.729s] writing requirements to ../../build/py_pkg/py_pkg.egg-info/requires.txt
[0.729s] writing top-level names to ../../build/py_pkg/py_pkg.egg-info/top_level.txt
[0.729s] writing manifest file '../../build/py_pkg/py_pkg.egg-info/SOURCES.txt'
[0.731s] reading manifest file '../../build/py_pkg/py_pkg.egg-info/SOURCES.txt'
[0.731s] writing manifest file '../../build/py_pkg/py_pkg.egg-info/SOURCES.txt'
[0.731s] running build
[0.732s] running build_py
[0.732s] creating /home/moekatra22/catch_them_all_turtlesim/build/py_pkg/build
[0.732s] creating /home/moekatra22/catch_them_all_turtlesim/build/py_pkg/build/lib
[0.732s] creating /home/moekatra22/catch_them_all_turtlesim/build/py_pkg/build/lib/py_pkg
[0.732s] copying py_pkg/__init__.py -> /home/moekatra22/catch_them_all_turtlesim/build/py_pkg/build/lib/py_pkg
[0.732s] copying py_pkg/controller_node.py -> /home/moekatra22/catch_them_all_turtlesim/build/py_pkg/build/lib/py_pkg
[0.732s] copying py_pkg/spawner_node.py -> /home/moekatra22/catch_them_all_turtlesim/build/py_pkg/build/lib/py_pkg
[0.732s] running install
[0.733s] running install_lib
[0.733s] creating /home/moekatra22/catch_them_all_turtlesim/install/py_pkg/lib/python3.10/site-packages/py_pkg
[0.734s] copying /home/moekatra22/catch_them_all_turtlesim/build/py_pkg/build/lib/py_pkg/__init__.py -> /home/moekatra22/catch_them_all_turtlesim/install/py_pkg/lib/python3.10/site-packages/py_pkg
[0.734s] copying /home/moekatra22/catch_them_all_turtlesim/build/py_pkg/build/lib/py_pkg/controller_node.py -> /home/moekatra22/catch_them_all_turtlesim/install/py_pkg/lib/python3.10/site-packages/py_pkg
[0.734s] copying /home/moekatra22/catch_them_all_turtlesim/build/py_pkg/build/lib/py_pkg/spawner_node.py -> /home/moekatra22/catch_them_all_turtlesim/install/py_pkg/lib/python3.10/site-packages/py_pkg
[0.735s] byte-compiling /home/moekatra22/catch_them_all_turtlesim/install/py_pkg/lib/python3.10/site-packages/py_pkg/__init__.py to __init__.cpython-310.pyc
[0.735s] byte-compiling /home/moekatra22/catch_them_all_turtlesim/install/py_pkg/lib/python3.10/site-packages/py_pkg/controller_node.py to controller_node.cpython-310.pyc
[0.735s] byte-compiling /home/moekatra22/catch_them_all_turtlesim/install/py_pkg/lib/python3.10/site-packages/py_pkg/spawner_node.py to spawner_node.cpython-310.pyc
[0.736s] running install_data
[0.736s] creating /home/moekatra22/catch_them_all_turtlesim/install/py_pkg/share/ament_index
[0.736s] creating /home/moekatra22/catch_them_all_turtlesim/install/py_pkg/share/ament_index/resource_index
[0.736s] creating /home/moekatra22/catch_them_all_turtlesim/install/py_pkg/share/ament_index/resource_index/packages
[0.736s] copying resource/py_pkg -> /home/moekatra22/catch_them_all_turtlesim/install/py_pkg/share/ament_index/resource_index/packages
[0.736s] copying package.xml -> /home/moekatra22/catch_them_all_turtlesim/install/py_pkg/share/py_pkg
[0.736s] running install_egg_info
[0.738s] Copying ../../build/py_pkg/py_pkg.egg-info to /home/moekatra22/catch_them_all_turtlesim/install/py_pkg/lib/python3.10/site-packages/py_pkg-0.0.0-py3.10.egg-info
[0.739s] running install_scripts
[0.755s] Installing controller script to /home/moekatra22/catch_them_all_turtlesim/install/py_pkg/lib/py_pkg
[0.755s] Installing spawner script to /home/moekatra22/catch_them_all_turtlesim/install/py_pkg/lib/py_pkg
[0.756s] writing list of installed files to '/home/moekatra22/catch_them_all_turtlesim/build/py_pkg/install.log'
[0.775s] Invoked command in '/home/moekatra22/catch_them_all_turtlesim/src/py_pkg' returned '0': AMENT_PREFIX_PATH=/home/moekatra22/catch_them_all_turtlesim/install/turtle_interfaces:${AMENT_PREFIX_PATH} CMAKE_PREFIX_PATH=/home/moekatra22/catch_them_all_turtlesim/install/turtle_interfaces LD_LIBRARY_PATH=/home/moekatra22/catch_them_all_turtlesim/install/turtle_interfaces/lib:${LD_LIBRARY_PATH} PYTHONPATH=/home/moekatra22/catch_them_all_turtlesim/build/py_pkg/prefix_override:/home/moekatra22/catch_them_all_turtlesim/install/py_pkg/lib/python3.10/site-packages:/home/moekatra22/catch_them_all_turtlesim/install/turtle_interfaces/local/lib/python3.10/dist-packages:${PYTHONPATH} /usr/bin/python3 -W ignore:setup.py install is deprecated setup.py egg_info --egg-base ../../build/py_pkg build --build-base /home/moekatra22/catch_them_all_turtlesim/build/py_pkg/build install --record /home/moekatra22/catch_them_all_turtlesim/build/py_pkg/install.log --single-version-externally-managed install_data
