[0.120s] DEBUG:colcon:Command line arguments: ['/usr/bin/colcon', 'list', '-p', '--base-paths', '/home/moekatra22/catch_them_all_turtlesim']
[0.120s] DEBUG:colcon:Parsed command line arguments: Namespace(log_base=None, log_level=None, verb_name='list', build_base='build', ignore_user_meta=False, metas=['./colcon.meta'], base_paths=['/home/moekatra22/catch_them_all_turtlesim'], packages_ignore=None, packages_ignore_regex=None, paths=None, packages_up_to=None, packages_up_to_regex=None, packages_above=None, packages_above_and_dependencies=None, packages_above_depth=None, packages_select_by_dep=None, packages_skip_by_dep=None, packages_skip_up_to=None, packages_select_build_failed=False, packages_skip_build_finished=False, packages_select_test_failures=False, packages_skip_test_passed=False, packages_select=None, packages_skip=None, packages_select_regex=None, packages_skip_regex=None, packages_start=None, packages_end=None, allow_overriding=[], topological_order=False, names_only=False, paths_only=True, topological_graph=False, topological_graph_dot=False, topological_graph_density=False, topological_graph_legend=False, topological_graph_dot_cluster=False, topological_graph_dot_include_skipped=False, verb_parser=<colcon_defaults.argument_parser.defaults.DefaultArgumentsDecorator object at 0xeb647080d870>, verb_extension=<colcon_package_information.verb.list.ListVerb object at 0xeb647080ca00>, main=<bound method ListVerb.main of <colcon_package_information.verb.list.ListVerb object at 0xeb647080ca00>>)
[0.369s] Level 1:colcon.colcon_core.package_discovery:discover_packages(colcon_meta) check parameters
[0.369s] Level 1:colcon.colcon_core.package_discovery:discover_packages(recursive) check parameters
[0.369s] Level 1:colcon.colcon_core.package_discovery:discover_packages(ignore) check parameters
[0.369s] Level 1:colcon.colcon_core.package_discovery:discover_packages(path) check parameters
[0.369s] Level 1:colcon.colcon_core.package_discovery:discover_packages(recursive) discover
[0.370s] INFO:colcon.colcon_core.package_discovery:Crawling recursively for packages in '/home/moekatra22/catch_them_all_turtlesim'
[0.370s] Level 1:colcon.colcon_core.package_identification:_identify(/home/moekatra22/catch_them_all_turtlesim) by extensions ['ignore', 'ignore_ament_install']
[0.370s] Level 1:colcon.colcon_core.package_identification:_identify(/home/moekatra22/catch_them_all_turtlesim) by extension 'ignore'
[0.371s] Level 1:colcon.colcon_core.package_identification:_identify(/home/moekatra22/catch_them_all_turtlesim) by extension 'ignore_ament_install'
[0.371s] Level 1:colcon.colcon_core.package_identification:_identify(/home/moekatra22/catch_them_all_turtlesim) by extensions ['colcon_pkg']
[0.371s] Level 1:colcon.colcon_core.package_identification:_identify(/home/moekatra22/catch_them_all_turtlesim) by extension 'colcon_pkg'
[0.371s] Level 1:colcon.colcon_core.package_identification:_identify(/home/moekatra22/catch_them_all_turtlesim) by extensions ['colcon_meta']
[0.371s] Level 1:colcon.colcon_core.package_identification:_identify(/home/moekatra22/catch_them_all_turtlesim) by extension 'colcon_meta'
[0.371s] Level 1:colcon.colcon_core.package_identification:_identify(/home/moekatra22/catch_them_all_turtlesim) by extensions ['ros']
[0.371s] Level 1:colcon.colcon_core.package_identification:_identify(/home/moekatra22/catch_them_all_turtlesim) by extension 'ros'
[0.386s] Level 1:colcon.colcon_core.package_identification:_identify(/home/moekatra22/catch_them_all_turtlesim) by extensions ['cmake', 'python']
[0.386s] Level 1:colcon.colcon_core.package_identification:_identify(/home/moekatra22/catch_them_all_turtlesim) by extension 'cmake'
[0.387s] Level 1:colcon.colcon_core.package_identification:_identify(/home/moekatra22/catch_them_all_turtlesim) by extension 'python'
[0.387s] Level 1:colcon.colcon_core.package_identification:_identify(/home/moekatra22/catch_them_all_turtlesim) by extensions ['python_setup_py']
[0.387s] Level 1:colcon.colcon_core.package_identification:_identify(/home/moekatra22/catch_them_all_turtlesim) by extension 'python_setup_py'
[0.387s] Level 1:colcon.colcon_core.package_identification:_identify(/home/moekatra22/catch_them_all_turtlesim/log) by extensions ['ignore', 'ignore_ament_install']
[0.387s] Level 1:colcon.colcon_core.package_identification:_identify(/home/moekatra22/catch_them_all_turtlesim/log) by extension 'ignore'
[0.387s] Level 1:colcon.colcon_core.package_identification:_identify(/home/moekatra22/catch_them_all_turtlesim/log) ignored
[0.387s] Level 1:colcon.colcon_core.package_identification:_identify(/home/moekatra22/catch_them_all_turtlesim/src) by extensions ['ignore', 'ignore_ament_install']
[0.387s] Level 1:colcon.colcon_core.package_identification:_identify(/home/moekatra22/catch_them_all_turtlesim/src) by extension 'ignore'
[0.387s] Level 1:colcon.colcon_core.package_identification:_identify(/home/moekatra22/catch_them_all_turtlesim/src) by extension 'ignore_ament_install'
[0.388s] Level 1:colcon.colcon_core.package_identification:_identify(/home/moekatra22/catch_them_all_turtlesim/src) by extensions ['colcon_pkg']
[0.388s] Level 1:colcon.colcon_core.package_identification:_identify(/home/moekatra22/catch_them_all_turtlesim/src) by extension 'colcon_pkg'
[0.388s] Level 1:colcon.colcon_core.package_identification:_identify(/home/moekatra22/catch_them_all_turtlesim/src) by extensions ['colcon_meta']
[0.388s] Level 1:colcon.colcon_core.package_identification:_identify(/home/moekatra22/catch_them_all_turtlesim/src) by extension 'colcon_meta'
[0.388s] Level 1:colcon.colcon_core.package_identification:_identify(/home/moekatra22/catch_them_all_turtlesim/src) by extensions ['ros']
[0.388s] Level 1:colcon.colcon_core.package_identification:_identify(/home/moekatra22/catch_them_all_turtlesim/src) by extension 'ros'
[0.388s] Level 1:colcon.colcon_core.package_identification:_identify(/home/moekatra22/catch_them_all_turtlesim/src) by extensions ['cmake', 'python']
[0.388s] Level 1:colcon.colcon_core.package_identification:_identify(/home/moekatra22/catch_them_all_turtlesim/src) by extension 'cmake'
[0.388s] Level 1:colcon.colcon_core.package_identification:_identify(/home/moekatra22/catch_them_all_turtlesim/src) by extension 'python'
[0.388s] Level 1:colcon.colcon_core.package_identification:_identify(/home/moekatra22/catch_them_all_turtlesim/src) by extensions ['python_setup_py']
[0.389s] Level 1:colcon.colcon_core.package_identification:_identify(/home/moekatra22/catch_them_all_turtlesim/src) by extension 'python_setup_py'
[0.389s] Level 1:colcon.colcon_core.package_identification:_identify(/home/moekatra22/catch_them_all_turtlesim/src/launch) by extensions ['ignore', 'ignore_ament_install']
[0.389s] Level 1:colcon.colcon_core.package_identification:_identify(/home/moekatra22/catch_them_all_turtlesim/src/launch) by extension 'ignore'
[0.389s] Level 1:colcon.colcon_core.package_identification:_identify(/home/moekatra22/catch_them_all_turtlesim/src/launch) by extension 'ignore_ament_install'
[0.389s] Level 1:colcon.colcon_core.package_identification:_identify(/home/moekatra22/catch_them_all_turtlesim/src/launch) by extensions ['colcon_pkg']
[0.389s] Level 1:colcon.colcon_core.package_identification:_identify(/home/moekatra22/catch_them_all_turtlesim/src/launch) by extension 'colcon_pkg'
[0.389s] Level 1:colcon.colcon_core.package_identification:_identify(/home/moekatra22/catch_them_all_turtlesim/src/launch) by extensions ['colcon_meta']
[0.389s] Level 1:colcon.colcon_core.package_identification:_identify(/home/moekatra22/catch_them_all_turtlesim/src/launch) by extension 'colcon_meta'
[0.389s] Level 1:colcon.colcon_core.package_identification:_identify(/home/moekatra22/catch_them_all_turtlesim/src/launch) by extensions ['ros']
[0.390s] Level 1:colcon.colcon_core.package_identification:_identify(/home/moekatra22/catch_them_all_turtlesim/src/launch) by extension 'ros'
[0.391s] DEBUG:colcon.colcon_core.package_identification:Package '/home/moekatra22/catch_them_all_turtlesim/src/launch' with type 'ros.ament_cmake' and name 'launch'
[0.392s] Level 1:colcon.colcon_core.package_identification:_identify(/home/moekatra22/catch_them_all_turtlesim/src/py_pkg) by extensions ['ignore', 'ignore_ament_install']
[0.392s] Level 1:colcon.colcon_core.package_identification:_identify(/home/moekatra22/catch_them_all_turtlesim/src/py_pkg) by extension 'ignore'
[0.392s] Level 1:colcon.colcon_core.package_identification:_identify(/home/moekatra22/catch_them_all_turtlesim/src/py_pkg) by extension 'ignore_ament_install'
[0.392s] Level 1:colcon.colcon_core.package_identification:_identify(/home/moekatra22/catch_them_all_turtlesim/src/py_pkg) by extensions ['colcon_pkg']
[0.392s] Level 1:colcon.colcon_core.package_identification:_identify(/home/moekatra22/catch_them_all_turtlesim/src/py_pkg) by extension 'colcon_pkg'
[0.392s] Level 1:colcon.colcon_core.package_identification:_identify(/home/moekatra22/catch_them_all_turtlesim/src/py_pkg) by extensions ['colcon_meta']
[0.392s] Level 1:colcon.colcon_core.package_identification:_identify(/home/moekatra22/catch_them_all_turtlesim/src/py_pkg) by extension 'colcon_meta'
[0.392s] Level 1:colcon.colcon_core.package_identification:_identify(/home/moekatra22/catch_them_all_turtlesim/src/py_pkg) by extensions ['ros']
[0.392s] Level 1:colcon.colcon_core.package_identification:_identify(/home/moekatra22/catch_them_all_turtlesim/src/py_pkg) by extension 'ros'
[0.393s] DEBUG:colcon.colcon_core.package_identification:Package '/home/moekatra22/catch_them_all_turtlesim/src/py_pkg' with type 'ros.ament_python' and name 'py_pkg'
[0.393s] Level 1:colcon.colcon_core.package_identification:_identify(/home/moekatra22/catch_them_all_turtlesim/src/turtle_interfaces) by extensions ['ignore', 'ignore_ament_install']
[0.393s] Level 1:colcon.colcon_core.package_identification:_identify(/home/moekatra22/catch_them_all_turtlesim/src/turtle_interfaces) by extension 'ignore'
[0.393s] Level 1:colcon.colcon_core.package_identification:_identify(/home/moekatra22/catch_them_all_turtlesim/src/turtle_interfaces) by extension 'ignore_ament_install'
[0.393s] Level 1:colcon.colcon_core.package_identification:_identify(/home/moekatra22/catch_them_all_turtlesim/src/turtle_interfaces) by extensions ['colcon_pkg']
[0.394s] Level 1:colcon.colcon_core.package_identification:_identify(/home/moekatra22/catch_them_all_turtlesim/src/turtle_interfaces) by extension 'colcon_pkg'
[0.394s] Level 1:colcon.colcon_core.package_identification:_identify(/home/moekatra22/catch_them_all_turtlesim/src/turtle_interfaces) by extensions ['colcon_meta']
[0.394s] Level 1:colcon.colcon_core.package_identification:_identify(/home/moekatra22/catch_them_all_turtlesim/src/turtle_interfaces) by extension 'colcon_meta'
[0.394s] Level 1:colcon.colcon_core.package_identification:_identify(/home/moekatra22/catch_them_all_turtlesim/src/turtle_interfaces) by extensions ['ros']
[0.394s] Level 1:colcon.colcon_core.package_identification:_identify(/home/moekatra22/catch_them_all_turtlesim/src/turtle_interfaces) by extension 'ros'
[0.394s] DEBUG:colcon.colcon_core.package_identification:Package '/home/moekatra22/catch_them_all_turtlesim/src/turtle_interfaces' with type 'ros.ament_cmake' and name 'turtle_interfaces'
[0.394s] Level 1:colcon.colcon_core.package_discovery:discover_packages(recursive) using defaults
