[0.000000] (-) TimerEvent: {}
[0.000155] (-) JobUnselected: {'identifier': 'launch'}
[0.000185] (-) JobUnselected: {'identifier': 'py_pkg'}
[0.000197] (-) JobUnselected: {'identifier': 'turtle_interfaces'}
[0.000213] (cpp_pkg) JobQueued: {'identifier': 'cpp_pkg', 'dependencies': OrderedDict()}
[0.000394] (cpp_pkg) JobStarted: {'identifier': 'cpp_pkg'}
[0.009999] (cpp_pkg) JobProgress: {'identifier': 'cpp_pkg', 'progress': 'cmake'}
[0.010044] (cpp_pkg) Command: {'cmd': ['/usr/bin/cmake', '/home/moekatra22/catch_them_all_turtlesim/src/cpp_pkg', '-DCMAKE_INSTALL_PREFIX=/home/moekatra22/catch_them_all_turtlesim/install/cpp_pkg'], 'cwd': '/home/moekatra22/catch_them_all_turtlesim/build/cpp_pkg', 'env': OrderedDict([('USER', 'moekatra22'), ('LC_TIME', 'ar_LB.UTF-8'), ('XDG_SESSION_TYPE', 'wayland'), ('SHLVL', '1'), ('LD_LIBRARY_PATH', '/home/moekatra22/catch_them_all_turtlesim/install/turtle_interfaces/lib:/opt/ros/humble/opt/rviz_ogre_vendor/lib:/opt/ros/humble/lib/aarch64-linux-gnu:/opt/ros/humble/lib'), ('HOME', '/home/moekatra22'), ('OLDPWD', '/home/moekatra22/catch_them_all_turtlesim/src'), ('DESKTOP_SESSION', 'ubuntu'), ('ROS_PYTHON_VERSION', '3'), ('GNOME_SHELL_SESSION_MODE', 'ubuntu'), ('GTK_MODULES', 'gail:atk-bridge'), ('LC_MONETARY', 'ar_LB.UTF-8'), ('SYSTEMD_EXEC_PID', '1503'), ('DBUS_SESSION_BUS_ADDRESS', 'unix:path=/run/user/1000/bus'), ('COLORTERM', 'truecolor'), ('IM_CONFIG_PHASE', '1'), ('WAYLAND_DISPLAY', 'wayland-0'), ('COLCON_PREFIX_PATH', '/home/moekatra22/catch_them_all_turtlesim/install'), ('ROS_DISTRO', 'humble'), ('LOGNAME', 'moekatra22'), ('_', '/usr/bin/colcon'), ('ROS_VERSION', '2'), ('XDG_SESSION_CLASS', 'user'), ('USERNAME', 'moekatra22'), ('TERM', 'xterm-256color'), ('GNOME_DESKTOP_SESSION_ID', 'this-is-deprecated'), ('ROS_LOCALHOST_ONLY', '0'), ('PATH', '/opt/ros/humble/bin:/usr/local/sbin:/usr/local/bin:/usr/sbin:/usr/bin:/sbin:/bin:/usr/games:/usr/local/games:/snap/bin:/snap/bin'), ('SESSION_MANAGER', 'local/moekatra22-QEMU-Virtual-Machine:@/tmp/.ICE-unix/1479,unix/moekatra22-QEMU-Virtual-Machine:/tmp/.ICE-unix/1479'), ('XDG_MENU_PREFIX', 'gnome-'), ('LC_ADDRESS', 'ar_LB.UTF-8'), ('GNOME_TERMINAL_SCREEN', '/org/gnome/Terminal/screen/ac3f3771_a05d_46bf_a24c_c037ed941efe'), ('GNOME_SETUP_DISPLAY', ':1'), ('XDG_RUNTIME_DIR', '/run/user/1000'), ('DISPLAY', ':0'), ('LANG', 'en_US.UTF-8'), ('XDG_CURRENT_DESKTOP', 'ubuntu:GNOME'), ('LC_TELEPHONE', 'ar_LB.UTF-8'), ('XMODIFIERS', '@im=ibus'), ('XDG_SESSION_DESKTOP', 'ubuntu'), ('XAUTHORITY', '/run/user/1000/.mutter-Xwaylandauth.NRIJM2'), ('GNOME_TERMINAL_SERVICE', ':1.98'), ('SSH_AGENT_LAUNCHER', 'gnome-keyring'), ('SSH_AUTH_SOCK', '/run/user/1000/keyring/ssh'), ('AMENT_PREFIX_PATH', '/home/moekatra22/catch_them_all_turtlesim/install/launch:/home/moekatra22/catch_them_all_turtlesim/install/py_pkg:/home/moekatra22/catch_them_all_turtlesim/install/turtle_interfaces:/opt/ros/humble'), ('SHELL', '/bin/bash'), ('LC_NAME', 'ar_LB.UTF-8'), ('QT_ACCESSIBILITY', '1'), ('GDMSESSION', 'ubuntu'), ('LC_MEASUREMENT', 'ar_LB.UTF-8'), ('LC_IDENTIFICATION', 'ar_LB.UTF-8'), ('QT_IM_MODULE', 'ibus'), ('PWD', '/home/moekatra22/catch_them_all_turtlesim/build/cpp_pkg'), ('LC_ALL', 'en_US.UTF-8'), ('XDG_CONFIG_DIRS', '/etc/xdg/xdg-ubuntu:/etc/xdg'), ('XDG_DATA_DIRS', '/usr/share/ubuntu:/usr/local/share/:/usr/share/:/var/lib/snapd/desktop'), ('PYTHONPATH', '/home/moekatra22/catch_them_all_turtlesim/install/py_pkg/lib/python3.10/site-packages:/home/moekatra22/catch_them_all_turtlesim/install/turtle_interfaces/local/lib/python3.10/dist-packages:/opt/ros/humble/lib/python3.10/site-packages:/opt/ros/humble/local/lib/python3.10/dist-packages'), ('LC_NUMERIC', 'ar_LB.UTF-8'), ('LC_PAPER', 'ar_LB.UTF-8'), ('COLCON', '1'), ('VTE_VERSION', '6800'), ('CMAKE_PREFIX_PATH', '/home/moekatra22/catch_them_all_turtlesim/install/launch:/home/moekatra22/catch_them_all_turtlesim/install/turtle_interfaces:/home/moekatra22/catch_them_all_turtlesim/install/py_pkg:/opt/ros/humble')]), 'shell': False}
[0.099548] (-) TimerEvent: {}
[0.200574] (-) TimerEvent: {}
[0.208253] (cpp_pkg) StdoutLine: {'line': b'-- The C compiler identification is GNU 11.4.0\n'}
[0.300849] (-) TimerEvent: {}
[0.403464] (-) TimerEvent: {}
[0.422892] (cpp_pkg) StdoutLine: {'line': b'-- The CXX compiler identification is GNU 11.4.0\n'}
[0.467584] (cpp_pkg) StdoutLine: {'line': b'-- Detecting C compiler ABI info\n'}
[0.503628] (-) TimerEvent: {}
[0.570143] (cpp_pkg) StdoutLine: {'line': b'-- Detecting C compiler ABI info - done\n'}
[0.578308] (cpp_pkg) StdoutLine: {'line': b'-- Check for working C compiler: /usr/bin/cc - skipped\n'}
[0.579202] (cpp_pkg) StdoutLine: {'line': b'-- Detecting C compile features\n'}
[0.580657] (cpp_pkg) StdoutLine: {'line': b'-- Detecting C compile features - done\n'}
[0.585425] (cpp_pkg) StdoutLine: {'line': b'-- Detecting CXX compiler ABI info\n'}
[0.604151] (-) TimerEvent: {}
[0.689217] (cpp_pkg) StdoutLine: {'line': b'-- Detecting CXX compiler ABI info - done\n'}
[0.695056] (cpp_pkg) StdoutLine: {'line': b'-- Check for working CXX compiler: /usr/bin/c++ - skipped\n'}
[0.695313] (cpp_pkg) StdoutLine: {'line': b'-- Detecting CXX compile features\n'}
[0.695668] (cpp_pkg) StdoutLine: {'line': b'-- Detecting CXX compile features - done\n'}
[0.704277] (-) TimerEvent: {}
[0.710235] (cpp_pkg) StdoutLine: {'line': b'-- Found ament_cmake: 1.3.8 (/opt/ros/humble/share/ament_cmake/cmake)\n'}
[0.804377] (-) TimerEvent: {}
[0.818960] (cpp_pkg) StdoutLine: {'line': b'-- Found Python3: /usr/bin/python3 (found version "3.10.12") found components: Interpreter \n'}
[0.904317] (cpp_pkg) StdoutLine: {'line': b'-- Found rclcpp: 16.0.8 (/opt/ros/humble/share/rclcpp/cmake)\n'}
[0.904473] (-) TimerEvent: {}
[0.973833] (cpp_pkg) StdoutLine: {'line': b'-- Found rosidl_generator_c: 3.1.5 (/opt/ros/humble/share/rosidl_generator_c/cmake)\n'}
[0.977803] (cpp_pkg) StdoutLine: {'line': b'-- Found rosidl_adapter: 3.1.5 (/opt/ros/humble/share/rosidl_adapter/cmake)\n'}
[0.986813] (cpp_pkg) StdoutLine: {'line': b'-- Found rosidl_generator_cpp: 3.1.5 (/opt/ros/humble/share/rosidl_generator_cpp/cmake)\n'}
[1.004606] (-) TimerEvent: {}
[1.008457] (cpp_pkg) StdoutLine: {'line': b'-- Using all available rosidl_typesupport_c: rosidl_typesupport_fastrtps_c;rosidl_typesupport_introspection_c\n'}
[1.043764] (cpp_pkg) StdoutLine: {'line': b'-- Using all available rosidl_typesupport_cpp: rosidl_typesupport_fastrtps_cpp;rosidl_typesupport_introspection_cpp\n'}
[1.105097] (-) TimerEvent: {}
[1.173467] (cpp_pkg) StdoutLine: {'line': b'-- Found rmw_implementation_cmake: 6.1.1 (/opt/ros/humble/share/rmw_implementation_cmake/cmake)\n'}
[1.179124] (cpp_pkg) StdoutLine: {'line': b'-- Found rmw_fastrtps_cpp: 6.2.6 (/opt/ros/humble/share/rmw_fastrtps_cpp/cmake)\n'}
[1.205310] (-) TimerEvent: {}
[1.306018] (-) TimerEvent: {}
[1.360542] (cpp_pkg) StdoutLine: {'line': b'-- Found OpenSSL: /usr/lib/aarch64-linux-gnu/libcrypto.so (found version "3.0.2")  \n'}
[1.403681] (cpp_pkg) StdoutLine: {'line': b'-- Found FastRTPS: /opt/ros/humble/include  \n'}
[1.406081] (-) TimerEvent: {}
[1.448449] (cpp_pkg) StdoutLine: {'line': b"-- Using RMW implementation 'rmw_fastrtps_cpp' as default\n"}
[1.459432] (cpp_pkg) StdoutLine: {'line': b'-- Looking for pthread.h\n'}
[1.506773] (-) TimerEvent: {}
[1.560402] (cpp_pkg) StdoutLine: {'line': b'-- Looking for pthread.h - found\n'}
[1.561493] (cpp_pkg) StdoutLine: {'line': b'-- Performing Test CMAKE_HAVE_LIBC_PTHREAD\n'}
[1.609090] (-) TimerEvent: {}
[1.647846] (cpp_pkg) StdoutLine: {'line': b'-- Performing Test CMAKE_HAVE_LIBC_PTHREAD - Success\n'}
[1.648460] (cpp_pkg) StdoutLine: {'line': b'-- Found Threads: TRUE  \n'}
[1.709100] (-) TimerEvent: {}
[1.810073] (-) TimerEvent: {}
[1.881794] (cpp_pkg) StdoutLine: {'line': b'-- Found turtlesim: 1.4.2 (/opt/ros/humble/share/turtlesim/cmake)\n'}
[1.909926] (-) TimerEvent: {}
[2.011191] (-) TimerEvent: {}
[2.024999] (cpp_pkg) StdoutLine: {'line': b'-- Found turtle_interfaces: 0.0.0 (/home/moekatra22/catch_them_all_turtlesim/install/turtle_interfaces/share/turtle_interfaces/cmake)\n'}
[2.041419] (cpp_pkg) StdoutLine: {'line': b'-- Found geometry_msgs: 4.2.3 (/opt/ros/humble/share/geometry_msgs/cmake)\n'}
[2.111342] (-) TimerEvent: {}
[2.185187] (cpp_pkg) StderrLine: {'line': b'\x1b[31mCMake Error at /opt/ros/humble/share/ament_cmake_core/cmake/core/ament_package_xml.cmake:53 (message):\n'}
[2.185572] (cpp_pkg) StderrLine: {'line': b"  ament_package_xml() package name 'cpp_pkg' in '/package.xml' does not match\n"}
[2.185620] (cpp_pkg) StderrLine: {'line': b"  current PROJECT_NAME 'launch'.  You must call project() with the same\n"}
[2.185651] (cpp_pkg) StderrLine: {'line': b'  package name before.\n'}
[2.185680] (cpp_pkg) StderrLine: {'line': b'Call Stack (most recent call first):\n'}
[2.185714] (cpp_pkg) StderrLine: {'line': b'  /opt/ros/humble/share/ament_cmake_core/cmake/core/ament_package.cmake:63 (ament_package_xml)\n'}
[2.185753] (cpp_pkg) StderrLine: {'line': b'  CMakeLists.txt:28 (ament_package)\n'}
[2.185781] (cpp_pkg) StderrLine: {'line': b'\n'}
[2.185809] (cpp_pkg) StderrLine: {'line': b'\x1b[0m\n'}
[2.186799] (cpp_pkg) StdoutLine: {'line': b'-- Configuring incomplete, errors occurred!\n'}
[2.186905] (cpp_pkg) StdoutLine: {'line': b'See also "/home/moekatra22/catch_them_all_turtlesim/build/cpp_pkg/CMakeFiles/CMakeOutput.log".\n'}
[2.207739] (cpp_pkg) CommandEnded: {'returncode': 1}
[2.212685] (-) TimerEvent: {}
[2.268022] (cpp_pkg) JobEnded: {'identifier': 'cpp_pkg', 'rc': 1}
[2.278785] (-) EventReactorShutdown: {}
