[0.000000] (-) TimerEvent: {}
[0.000668] (turtle_interfaces) JobQueued: {'identifier': 'turtle_interfaces', 'dependencies': OrderedDict()}
[0.000690] (py_pkg) JobQueued: {'identifier': 'py_pkg', 'dependencies': OrderedDict([('turtle_interfaces', '/home/moekatra22/catch_them_all_turtlesim/install/turtle_interfaces')])}
[0.000708] (launch) JobQueued: {'identifier': 'launch', 'dependencies': OrderedDict([('turtle_interfaces', '/home/moekatra22/catch_them_all_turtlesim/install/turtle_interfaces'), ('py_pkg', '/home/moekatra22/catch_them_all_turtlesim/install/py_pkg')])}
[0.000727] (turtle_interfaces) JobStarted: {'identifier': 'turtle_interfaces'}
[0.006394] (turtle_interfaces) JobProgress: {'identifier': 'turtle_interfaces', 'progress': 'cmake'}
[0.007191] (turtle_interfaces) JobProgress: {'identifier': 'turtle_interfaces', 'progress': 'build'}
[0.007225] (turtle_interfaces) Command: {'cmd': ['/usr/bin/cmake', '--build', '/home/moekatra22/catch_them_all_turtlesim/build/turtle_interfaces', '--', '-j4', '-l4'], 'cwd': '/home/moekatra22/catch_them_all_turtlesim/build/turtle_interfaces', 'env': OrderedDict([('USER', 'moekatra22'), ('LC_TIME', 'ar_LB.UTF-8'), ('XDG_SESSION_TYPE', 'wayland'), ('SHLVL', '1'), ('LD_LIBRARY_PATH', '/home/moekatra22/catch_them_all_turtlesim/install/turtle_interfaces/lib:/opt/ros/humble/opt/rviz_ogre_vendor/lib:/opt/ros/humble/lib/aarch64-linux-gnu:/opt/ros/humble/lib'), ('HOME', '/home/moekatra22'), ('OLDPWD', '/home/moekatra22'), ('DESKTOP_SESSION', 'ubuntu'), ('ROS_PYTHON_VERSION', '3'), ('GNOME_SHELL_SESSION_MODE', 'ubuntu'), ('GTK_MODULES', 'gail:atk-bridge'), ('LC_MONETARY', 'ar_LB.UTF-8'), ('SYSTEMD_EXEC_PID', '1217'), ('DBUS_SESSION_BUS_ADDRESS', 'unix:path=/run/user/1000/bus'), ('COLORTERM', 'truecolor'), ('IM_CONFIG_PHASE', '1'), ('WAYLAND_DISPLAY', 'wayland-0'), ('COLCON_PREFIX_PATH', '/home/moekatra22/catch_them_all_turtlesim/install'), ('ROS_DISTRO', 'humble'), ('LOGNAME', 'moekatra22'), ('_', '/usr/bin/colcon'), ('ROS_VERSION', '2'), ('XDG_SESSION_CLASS', 'user'), ('USERNAME', 'moekatra22'), ('TERM', 'xterm-256color'), ('GNOME_DESKTOP_SESSION_ID', 'this-is-deprecated'), ('ROS_LOCALHOST_ONLY', '0'), ('PATH', '/opt/ros/humble/bin:/usr/local/sbin:/usr/local/bin:/usr/sbin:/usr/bin:/sbin:/bin:/usr/games:/usr/local/games:/snap/bin:/snap/bin'), ('SESSION_MANAGER', 'local/moekatra22-QEMU-Virtual-Machine:@/tmp/.ICE-unix/1176,unix/moekatra22-QEMU-Virtual-Machine:/tmp/.ICE-unix/1176'), ('XDG_MENU_PREFIX', 'gnome-'), ('LC_ADDRESS', 'ar_LB.UTF-8'), ('GNOME_TERMINAL_SCREEN', '/org/gnome/Terminal/screen/d02298b2_04c0_4339_817b_432534799d75'), ('GNOME_SETUP_DISPLAY', ':1'), ('XDG_RUNTIME_DIR', '/run/user/1000'), ('DISPLAY', ':0'), ('LANG', 'en_US.UTF-8'), ('XDG_CURRENT_DESKTOP', 'ubuntu:GNOME'), ('LC_TELEPHONE', 'ar_LB.UTF-8'), ('XMODIFIERS', '@im=ibus'), ('XDG_SESSION_DESKTOP', 'ubuntu'), ('XAUTHORITY', '/run/user/1000/.mutter-Xwaylandauth.YKPRM2'), ('GNOME_TERMINAL_SERVICE', ':1.93'), ('SSH_AGENT_LAUNCHER', 'gnome-keyring'), ('SSH_AUTH_SOCK', '/run/user/1000/keyring/ssh'), ('AMENT_PREFIX_PATH', '/home/moekatra22/catch_them_all_turtlesim/install/launch:/home/moekatra22/catch_them_all_turtlesim/install/py_pkg:/home/moekatra22/catch_them_all_turtlesim/install/turtle_interfaces:/opt/ros/humble'), ('SHELL', '/bin/bash'), ('LC_NAME', 'ar_LB.UTF-8'), ('QT_ACCESSIBILITY', '1'), ('GDMSESSION', 'ubuntu'), ('LC_MEASUREMENT', 'ar_LB.UTF-8'), ('LC_IDENTIFICATION', 'ar_LB.UTF-8'), ('QT_IM_MODULE', 'ibus'), ('PWD', '/home/moekatra22/catch_them_all_turtlesim/build/turtle_interfaces'), ('LC_ALL', 'en_US.UTF-8'), ('XDG_CONFIG_DIRS', '/etc/xdg/xdg-ubuntu:/etc/xdg'), ('XDG_DATA_DIRS', '/usr/share/ubuntu:/usr/local/share/:/usr/share/:/var/lib/snapd/desktop'), ('PYTHONPATH', '/home/moekatra22/catch_them_all_turtlesim/install/py_pkg/lib/python3.10/site-packages:/home/moekatra22/catch_them_all_turtlesim/install/turtle_interfaces/local/lib/python3.10/dist-packages:/opt/ros/humble/lib/python3.10/site-packages:/opt/ros/humble/local/lib/python3.10/dist-packages'), ('LC_NUMERIC', 'ar_LB.UTF-8'), ('LC_PAPER', 'ar_LB.UTF-8'), ('COLCON', '1'), ('VTE_VERSION', '6800'), ('CMAKE_PREFIX_PATH', '/home/moekatra22/catch_them_all_turtlesim/install/launch:/home/moekatra22/catch_them_all_turtlesim/install/turtle_interfaces:/home/moekatra22/catch_them_all_turtlesim/install/py_pkg:/opt/ros/humble')]), 'shell': False}
[0.035592] (turtle_interfaces) StdoutLine: {'line': b'-- Found ament_cmake: 1.3.8 (/opt/ros/humble/share/ament_cmake/cmake)\n'}
[0.100555] (-) TimerEvent: {}
[0.131260] (turtle_interfaces) StdoutLine: {'line': b'-- Found rosidl_default_generators: 1.2.0 (/opt/ros/humble/share/rosidl_default_generators/cmake)\n'}
[0.132438] (turtle_interfaces) StdoutLine: {'line': b'-- Using all available rosidl_typesupport_c: rosidl_typesupport_fastrtps_c;rosidl_typesupport_introspection_c\n'}
[0.134285] (turtle_interfaces) StdoutLine: {'line': b'-- Found rosidl_adapter: 3.1.5 (/opt/ros/humble/share/rosidl_adapter/cmake)\n'}
[0.156838] (turtle_interfaces) StdoutLine: {'line': b'-- Using all available rosidl_typesupport_cpp: rosidl_typesupport_fastrtps_cpp;rosidl_typesupport_introspection_cpp\n'}
[0.200662] (-) TimerEvent: {}
[0.300924] (-) TimerEvent: {}
[0.324727] (turtle_interfaces) StdoutLine: {'line': b'-- Found ament_cmake_ros: 0.10.0 (/opt/ros/humble/share/ament_cmake_ros/cmake)\n'}
[0.401084] (-) TimerEvent: {}
[0.487758] (turtle_interfaces) StdoutLine: {'line': b'-- Using all available rosidl_typesupport_c: rosidl_typesupport_fastrtps_c;rosidl_typesupport_introspection_c\n'}
[0.501189] (-) TimerEvent: {}
[0.601439] (-) TimerEvent: {}
[0.644843] (turtle_interfaces) StdoutLine: {'line': b'-- Using all available rosidl_typesupport_cpp: rosidl_typesupport_fastrtps_cpp;rosidl_typesupport_introspection_cpp\n'}
[0.659397] (turtle_interfaces) StdoutLine: {'line': b'-- Found python_cmake_module: 0.10.0 (/opt/ros/humble/share/python_cmake_module/cmake)\n'}
[0.672972] (turtle_interfaces) StdoutLine: {'line': b'-- Using PYTHON_EXECUTABLE: /usr/bin/python3\n'}
[0.673086] (turtle_interfaces) StdoutLine: {'line': b'-- Using PYTHON_INCLUDE_DIRS: /usr/include/python3.10\n'}
[0.673122] (turtle_interfaces) StdoutLine: {'line': b'-- Using PYTHON_LIBRARIES: /usr/lib/aarch64-linux-gnu/libpython3.10.so\n'}
[0.682878] (turtle_interfaces) StdoutLine: {'line': b'-- Configuring done\n'}
[0.701551] (-) TimerEvent: {}
[0.709614] (turtle_interfaces) StdoutLine: {'line': b'-- Generating done\n'}
[0.713493] (turtle_interfaces) StdoutLine: {'line': b'-- Build files have been written to: /home/moekatra22/catch_them_all_turtlesim/build/turtle_interfaces\n'}
[0.734637] (turtle_interfaces) StdoutLine: {'line': b'[  2%] \x1b[34m\x1b[1mGenerating C++ code for ROS interfaces\x1b[0m\n'}
[0.735059] (turtle_interfaces) StdoutLine: {'line': b'[  4%] \x1b[34m\x1b[1mGenerating C code for ROS interfaces\x1b[0m\n'}
[0.739867] (turtle_interfaces) StdoutLine: {'line': b'[  4%] Built target ament_cmake_python_copy_turtle_interfaces\n'}
[0.801690] (-) TimerEvent: {}
[0.902022] (-) TimerEvent: {}
[0.919667] (turtle_interfaces) StdoutLine: {'line': b'running egg_info\n'}
[0.920002] (turtle_interfaces) StdoutLine: {'line': b'writing turtle_interfaces.egg-info/PKG-INFO\n'}
[0.920141] (turtle_interfaces) StdoutLine: {'line': b'writing dependency_links to turtle_interfaces.egg-info/dependency_links.txt\n'}
[0.920332] (turtle_interfaces) StdoutLine: {'line': b'writing top-level names to turtle_interfaces.egg-info/top_level.txt\n'}
[0.922052] (turtle_interfaces) StdoutLine: {'line': b"reading manifest file 'turtle_interfaces.egg-info/SOURCES.txt'\n"}
[0.922407] (turtle_interfaces) StdoutLine: {'line': b"writing manifest file 'turtle_interfaces.egg-info/SOURCES.txt'\n"}
[0.949067] (turtle_interfaces) StdoutLine: {'line': b'[  4%] Built target ament_cmake_python_build_turtle_interfaces_egg\n'}
[1.002134] (-) TimerEvent: {}
[1.012347] (turtle_interfaces) StdoutLine: {'line': b'[  4%] Built target turtle_interfaces__cpp\n'}
[1.021335] (turtle_interfaces) StdoutLine: {'line': b'[  6%] \x1b[34m\x1b[1mGenerating C++ type support dispatch for ROS interfaces\x1b[0m\n'}
[1.028335] (turtle_interfaces) StdoutLine: {'line': b'[  8%] \x1b[34m\x1b[1mGenerating C++ type support for eProsima Fast-RTPS\x1b[0m\n'}
[1.071344] (turtle_interfaces) StdoutLine: {'line': b'[ 10%] \x1b[34m\x1b[1mGenerating C++ introspection for ROS interfaces\x1b[0m\n'}
[1.102397] (turtle_interfaces) StdoutLine: {'line': b'\x1b[35m\x1b[1mConsolidate compiler generated dependencies of target turtle_interfaces__rosidl_generator_c\x1b[0m\n'}
[1.102705] (-) TimerEvent: {}
[1.163302] (turtle_interfaces) StdoutLine: {'line': b'[ 12%] \x1b[32mBuilding C object CMakeFiles/turtle_interfaces__rosidl_generator_c.dir/rosidl_generator_c/turtle_interfaces/msg/detail/turtle__functions.c.o\x1b[0m\n'}
[1.202845] (-) TimerEvent: {}
[1.323864] (-) TimerEvent: {}
[1.326328] (turtle_interfaces) StdoutLine: {'line': b'[ 14%] \x1b[32mBuilding C object CMakeFiles/turtle_interfaces__rosidl_generator_c.dir/rosidl_generator_c/turtle_interfaces/msg/detail/turtle_array__functions.c.o\x1b[0m\n'}
[1.331613] (turtle_interfaces) StdoutLine: {'line': b'\x1b[35m\x1b[1mConsolidate compiler generated dependencies of target turtle_interfaces__rosidl_typesupport_cpp\x1b[0m\n'}
[1.339230] (turtle_interfaces) StdoutLine: {'line': b'\x1b[35m\x1b[1mConsolidate compiler generated dependencies of target turtle_interfaces__rosidl_typesupport_fastrtps_cpp\x1b[0m\n'}
[1.354544] (turtle_interfaces) StdoutLine: {'line': b'[ 17%] \x1b[32mBuilding CXX object CMakeFiles/turtle_interfaces__rosidl_typesupport_cpp.dir/rosidl_typesupport_cpp/turtle_interfaces/msg/turtle__type_support.cpp.o\x1b[0m\n'}
[1.365965] (turtle_interfaces) StdoutLine: {'line': b'[ 19%] \x1b[32mBuilding C object CMakeFiles/turtle_interfaces__rosidl_generator_c.dir/rosidl_generator_c/turtle_interfaces/srv/detail/catch_turtle__functions.c.o\x1b[0m\n'}
[1.372106] (turtle_interfaces) StdoutLine: {'line': b'[ 21%] \x1b[32mBuilding CXX object CMakeFiles/turtle_interfaces__rosidl_typesupport_fastrtps_cpp.dir/rosidl_typesupport_fastrtps_cpp/turtle_interfaces/msg/detail/dds_fastrtps/turtle__type_support.cpp.o\x1b[0m\n'}
[1.403149] (turtle_interfaces) StdoutLine: {'line': b'[ 23%] \x1b[32m\x1b[1mLinking C shared library libturtle_interfaces__rosidl_generator_c.so\x1b[0m\n'}
[1.412079] (turtle_interfaces) StdoutLine: {'line': b'\x1b[35m\x1b[1mConsolidate compiler generated dependencies of target turtle_interfaces__rosidl_typesupport_introspection_cpp\x1b[0m\n'}
[1.423986] (-) TimerEvent: {}
[1.425862] (turtle_interfaces) StdoutLine: {'line': b'[ 25%] \x1b[32mBuilding CXX object CMakeFiles/turtle_interfaces__rosidl_typesupport_introspection_cpp.dir/rosidl_typesupport_introspection_cpp/turtle_interfaces/msg/detail/turtle__type_support.cpp.o\x1b[0m\n'}
[1.512342] (turtle_interfaces) StdoutLine: {'line': b'[ 25%] Built target turtle_interfaces__rosidl_generator_c\n'}
[1.524093] (-) TimerEvent: {}
[1.544799] (turtle_interfaces) StdoutLine: {'line': b'[ 27%] \x1b[34m\x1b[1mGenerating C type support for eProsima Fast-RTPS\x1b[0m\n'}
[1.591946] (turtle_interfaces) StdoutLine: {'line': b'[ 29%] \x1b[32mBuilding CXX object CMakeFiles/turtle_interfaces__rosidl_typesupport_cpp.dir/rosidl_typesupport_cpp/turtle_interfaces/msg/turtle_array__type_support.cpp.o\x1b[0m\n'}
[1.624194] (-) TimerEvent: {}
[1.724558] (-) TimerEvent: {}
[1.829215] (turtle_interfaces) StdoutLine: {'line': b'[ 31%] \x1b[32mBuilding CXX object CMakeFiles/turtle_interfaces__rosidl_typesupport_introspection_cpp.dir/rosidl_typesupport_introspection_cpp/turtle_interfaces/msg/detail/turtle_array__type_support.cpp.o\x1b[0m\n'}
[1.829727] (-) TimerEvent: {}
[1.860507] (turtle_interfaces) StdoutLine: {'line': b'[ 34%] \x1b[32mBuilding CXX object CMakeFiles/turtle_interfaces__rosidl_typesupport_fastrtps_cpp.dir/rosidl_typesupport_fastrtps_cpp/turtle_interfaces/msg/detail/dds_fastrtps/turtle_array__type_support.cpp.o\x1b[0m\n'}
[1.860963] (turtle_interfaces) StdoutLine: {'line': b'[ 36%] \x1b[32mBuilding CXX object CMakeFiles/turtle_interfaces__rosidl_typesupport_cpp.dir/rosidl_typesupport_cpp/turtle_interfaces/srv/catch_turtle__type_support.cpp.o\x1b[0m\n'}
[1.929849] (-) TimerEvent: {}
[2.030223] (-) TimerEvent: {}
[2.067395] (turtle_interfaces) StdoutLine: {'line': b'\x1b[35m\x1b[1mConsolidate compiler generated dependencies of target turtle_interfaces__rosidl_typesupport_fastrtps_c\x1b[0m\n'}
[2.092615] (turtle_interfaces) StdoutLine: {'line': b'[ 38%] \x1b[32mBuilding CXX object CMakeFiles/turtle_interfaces__rosidl_typesupport_fastrtps_c.dir/rosidl_typesupport_fastrtps_c/turtle_interfaces/msg/detail/turtle__type_support_c.cpp.o\x1b[0m\n'}
[2.106686] (turtle_interfaces) StdoutLine: {'line': b'[ 40%] \x1b[32m\x1b[1mLinking CXX shared library libturtle_interfaces__rosidl_typesupport_cpp.so\x1b[0m\n'}
[2.111146] (turtle_interfaces) StdoutLine: {'line': b'[ 42%] \x1b[32mBuilding CXX object CMakeFiles/turtle_interfaces__rosidl_typesupport_introspection_cpp.dir/rosidl_typesupport_introspection_cpp/turtle_interfaces/srv/detail/catch_turtle__type_support.cpp.o\x1b[0m\n'}
[2.130334] (-) TimerEvent: {}
[2.188586] (turtle_interfaces) StdoutLine: {'line': b'[ 42%] Built target turtle_interfaces__rosidl_typesupport_cpp\n'}
[2.194573] (turtle_interfaces) StdoutLine: {'line': b'[ 46%] \x1b[34m\x1b[1mGenerating C introspection for ROS interfaces\x1b[0m\n'}
[2.203872] (turtle_interfaces) StdoutLine: {'line': b'[ 46%] \x1b[32mBuilding CXX object CMakeFiles/turtle_interfaces__rosidl_typesupport_fastrtps_cpp.dir/rosidl_typesupport_fastrtps_cpp/turtle_interfaces/srv/detail/dds_fastrtps/catch_turtle__type_support.cpp.o\x1b[0m\n'}
[2.230442] (-) TimerEvent: {}
[2.330830] (-) TimerEvent: {}
[2.431353] (-) TimerEvent: {}
[2.497057] (turtle_interfaces) StdoutLine: {'line': b'[ 48%] \x1b[32mBuilding CXX object CMakeFiles/turtle_interfaces__rosidl_typesupport_fastrtps_c.dir/rosidl_typesupport_fastrtps_c/turtle_interfaces/msg/detail/turtle_array__type_support_c.cpp.o\x1b[0m\n'}
[2.528370] (turtle_interfaces) StdoutLine: {'line': b'[ 51%] \x1b[32m\x1b[1mLinking CXX shared library libturtle_interfaces__rosidl_typesupport_introspection_cpp.so\x1b[0m\n'}
[2.531440] (-) TimerEvent: {}
[2.631929] (-) TimerEvent: {}
[2.732588] (-) TimerEvent: {}
[2.736852] (turtle_interfaces) StdoutLine: {'line': b'[ 51%] Built target turtle_interfaces__rosidl_typesupport_introspection_cpp\n'}
[2.795651] (turtle_interfaces) StdoutLine: {'line': b'[ 53%] \x1b[34m\x1b[1mGenerating C type support dispatch for ROS interfaces\x1b[0m\n'}
[2.814292] (turtle_interfaces) StdoutLine: {'line': b'\x1b[35m\x1b[1mConsolidate compiler generated dependencies of target turtle_interfaces__rosidl_typesupport_introspection_c\x1b[0m\n'}
[2.825201] (turtle_interfaces) StdoutLine: {'line': b'[ 55%] \x1b[32m\x1b[1mLinking CXX shared library libturtle_interfaces__rosidl_typesupport_fastrtps_cpp.so\x1b[0m\n'}
[2.832832] (-) TimerEvent: {}
[2.844177] (turtle_interfaces) StdoutLine: {'line': b'[ 57%] \x1b[32mBuilding CXX object CMakeFiles/turtle_interfaces__rosidl_typesupport_fastrtps_c.dir/rosidl_typesupport_fastrtps_c/turtle_interfaces/srv/detail/catch_turtle__type_support_c.cpp.o\x1b[0m\n'}
[2.879855] (turtle_interfaces) StdoutLine: {'line': b'[ 59%] \x1b[32mBuilding C object CMakeFiles/turtle_interfaces__rosidl_typesupport_introspection_c.dir/rosidl_typesupport_introspection_c/turtle_interfaces/msg/detail/turtle__type_support.c.o\x1b[0m\n'}
[2.932939] (-) TimerEvent: {}
[2.945274] (turtle_interfaces) StdoutLine: {'line': b'[ 59%] Built target turtle_interfaces__rosidl_typesupport_fastrtps_cpp\n'}
[2.974845] (turtle_interfaces) StdoutLine: {'line': b'[ 61%] \x1b[32mBuilding C object CMakeFiles/turtle_interfaces__rosidl_typesupport_introspection_c.dir/rosidl_typesupport_introspection_c/turtle_interfaces/msg/detail/turtle_array__type_support.c.o\x1b[0m\n'}
[3.012369] (turtle_interfaces) StdoutLine: {'line': b'[ 63%] \x1b[32mBuilding C object CMakeFiles/turtle_interfaces__rosidl_typesupport_introspection_c.dir/rosidl_typesupport_introspection_c/turtle_interfaces/srv/detail/catch_turtle__type_support.c.o\x1b[0m\n'}
[3.034868] (-) TimerEvent: {}
[3.050124] (turtle_interfaces) StdoutLine: {'line': b'[ 65%] \x1b[32m\x1b[1mLinking C shared library libturtle_interfaces__rosidl_typesupport_introspection_c.so\x1b[0m\n'}
[3.077644] (turtle_interfaces) StdoutLine: {'line': b'[ 65%] Built target turtle_interfaces__rosidl_typesupport_introspection_c\n'}
[3.111147] (turtle_interfaces) StdoutLine: {'line': b'\x1b[35m\x1b[1mConsolidate compiler generated dependencies of target turtle_interfaces__rosidl_typesupport_c\x1b[0m\n'}
[3.122074] (turtle_interfaces) StdoutLine: {'line': b'[ 68%] \x1b[32mBuilding CXX object CMakeFiles/turtle_interfaces__rosidl_typesupport_c.dir/rosidl_typesupport_c/turtle_interfaces/msg/turtle__type_support.cpp.o\x1b[0m\n'}
[3.122810] (turtle_interfaces) StdoutLine: {'line': b'[ 70%] \x1b[32mBuilding CXX object CMakeFiles/turtle_interfaces__rosidl_typesupport_c.dir/rosidl_typesupport_c/turtle_interfaces/msg/turtle_array__type_support.cpp.o\x1b[0m\n'}
[3.134983] (-) TimerEvent: {}
[3.141916] (turtle_interfaces) StdoutLine: {'line': b'[ 72%] \x1b[32mBuilding CXX object CMakeFiles/turtle_interfaces__rosidl_typesupport_c.dir/rosidl_typesupport_c/turtle_interfaces/srv/catch_turtle__type_support.cpp.o\x1b[0m\n'}
[3.178859] (turtle_interfaces) StdoutLine: {'line': b'[ 74%] \x1b[32m\x1b[1mLinking CXX shared library libturtle_interfaces__rosidl_typesupport_c.so\x1b[0m\n'}
[3.197336] (turtle_interfaces) StdoutLine: {'line': b'[ 76%] \x1b[32m\x1b[1mLinking CXX shared library libturtle_interfaces__rosidl_typesupport_fastrtps_c.so\x1b[0m\n'}
[3.209932] (turtle_interfaces) StdoutLine: {'line': b'[ 76%] Built target turtle_interfaces__rosidl_typesupport_c\n'}
[3.235115] (-) TimerEvent: {}
[3.240204] (turtle_interfaces) StdoutLine: {'line': b'[ 76%] Built target turtle_interfaces__rosidl_typesupport_fastrtps_c\n'}
[3.251733] (turtle_interfaces) StdoutLine: {'line': b'[ 76%] Built target turtle_interfaces\n'}
[3.263502] (turtle_interfaces) StdoutLine: {'line': b'[ 78%] \x1b[34m\x1b[1mGenerating Python code for ROS interfaces\x1b[0m\n'}
[3.335253] (-) TimerEvent: {}
[3.435657] (-) TimerEvent: {}
[3.535950] (-) TimerEvent: {}
[3.577930] (turtle_interfaces) StdoutLine: {'line': b'[ 78%] Built target turtle_interfaces__py\n'}
[3.585346] (turtle_interfaces) StdoutLine: {'line': b'\x1b[35m\x1b[1mConsolidate compiler generated dependencies of target turtle_interfaces__rosidl_generator_py\x1b[0m\n'}
[3.613244] (turtle_interfaces) StdoutLine: {'line': b'[ 82%] \x1b[32mBuilding C object CMakeFiles/turtle_interfaces__rosidl_generator_py.dir/rosidl_generator_py/turtle_interfaces/msg/_turtle_array_s.c.o\x1b[0m\n'}
[3.613470] (turtle_interfaces) StdoutLine: {'line': b'[ 82%] \x1b[32mBuilding C object CMakeFiles/turtle_interfaces__rosidl_generator_py.dir/rosidl_generator_py/turtle_interfaces/srv/_catch_turtle_s.c.o\x1b[0m\n'}
[3.614302] (turtle_interfaces) StdoutLine: {'line': b'[ 85%] \x1b[32mBuilding C object CMakeFiles/turtle_interfaces__rosidl_generator_py.dir/rosidl_generator_py/turtle_interfaces/msg/_turtle_s.c.o\x1b[0m\n'}
[3.636049] (-) TimerEvent: {}
[3.736555] (-) TimerEvent: {}
[3.750555] (turtle_interfaces) StdoutLine: {'line': b'[ 87%] \x1b[32m\x1b[1mLinking C shared library rosidl_generator_py/turtle_interfaces/libturtle_interfaces__rosidl_generator_py.so\x1b[0m\n'}
[3.783437] (turtle_interfaces) StdoutLine: {'line': b'[ 87%] Built target turtle_interfaces__rosidl_generator_py\n'}
[3.790941] (turtle_interfaces) StdoutLine: {'line': b'\x1b[35m\x1b[1mConsolidate compiler generated dependencies of target turtle_interfaces__rosidl_typesupport_introspection_c__pyext\x1b[0m\n'}
[3.791099] (turtle_interfaces) StdoutLine: {'line': b'\x1b[35m\x1b[1mConsolidate compiler generated dependencies of target turtle_interfaces__rosidl_typesupport_c__pyext\x1b[0m\n'}
[3.791213] (turtle_interfaces) StdoutLine: {'line': b'\x1b[35m\x1b[1mConsolidate compiler generated dependencies of target turtle_interfaces__rosidl_typesupport_fastrtps_c__pyext\x1b[0m\n'}
[3.799711] (turtle_interfaces) StdoutLine: {'line': b'[ 89%] \x1b[32mBuilding C object CMakeFiles/turtle_interfaces__rosidl_typesupport_fastrtps_c__pyext.dir/rosidl_generator_py/turtle_interfaces/_turtle_interfaces_s.ep.rosidl_typesupport_fastrtps_c.c.o\x1b[0m\n'}
[3.801577] (turtle_interfaces) StdoutLine: {'line': b'[ 91%] \x1b[32mBuilding C object CMakeFiles/turtle_interfaces__rosidl_typesupport_introspection_c__pyext.dir/rosidl_generator_py/turtle_interfaces/_turtle_interfaces_s.ep.rosidl_typesupport_introspection_c.c.o\x1b[0m\n'}
[3.825471] (turtle_interfaces) StdoutLine: {'line': b'[ 93%] \x1b[32mBuilding C object CMakeFiles/turtle_interfaces__rosidl_typesupport_c__pyext.dir/rosidl_generator_py/turtle_interfaces/_turtle_interfaces_s.ep.rosidl_typesupport_c.c.o\x1b[0m\n'}
[3.836654] (-) TimerEvent: {}
[3.898632] (turtle_interfaces) StdoutLine: {'line': b'[ 95%] \x1b[32m\x1b[1mLinking C shared library rosidl_generator_py/turtle_interfaces/turtle_interfaces_s__rosidl_typesupport_introspection_c.cpython-310-aarch64-linux-gnu.so\x1b[0m\n'}
[3.914757] (turtle_interfaces) StdoutLine: {'line': b'[ 97%] \x1b[32m\x1b[1mLinking C shared library rosidl_generator_py/turtle_interfaces/turtle_interfaces_s__rosidl_typesupport_fastrtps_c.cpython-310-aarch64-linux-gnu.so\x1b[0m\n'}
[3.939675] (-) TimerEvent: {}
[3.946153] (turtle_interfaces) StdoutLine: {'line': b'[ 97%] Built target turtle_interfaces__rosidl_typesupport_introspection_c__pyext\n'}
[3.949304] (turtle_interfaces) StdoutLine: {'line': b'[ 97%] Built target turtle_interfaces__rosidl_typesupport_fastrtps_c__pyext\n'}
[3.956742] (turtle_interfaces) StdoutLine: {'line': b'[100%] \x1b[32m\x1b[1mLinking C shared library rosidl_generator_py/turtle_interfaces/turtle_interfaces_s__rosidl_typesupport_c.cpython-310-aarch64-linux-gnu.so\x1b[0m\n'}
[3.979721] (turtle_interfaces) StdoutLine: {'line': b'[100%] Built target turtle_interfaces__rosidl_typesupport_c__pyext\n'}
[3.991383] (turtle_interfaces) CommandEnded: {'returncode': 0}
[4.039759] (-) TimerEvent: {}
[4.043833] (turtle_interfaces) JobProgress: {'identifier': 'turtle_interfaces', 'progress': 'install'}
[4.050645] (turtle_interfaces) Command: {'cmd': ['/usr/bin/cmake', '--install', '/home/moekatra22/catch_them_all_turtlesim/build/turtle_interfaces'], 'cwd': '/home/moekatra22/catch_them_all_turtlesim/build/turtle_interfaces', 'env': OrderedDict([('USER', 'moekatra22'), ('LC_TIME', 'ar_LB.UTF-8'), ('XDG_SESSION_TYPE', 'wayland'), ('SHLVL', '1'), ('LD_LIBRARY_PATH', '/home/moekatra22/catch_them_all_turtlesim/install/turtle_interfaces/lib:/opt/ros/humble/opt/rviz_ogre_vendor/lib:/opt/ros/humble/lib/aarch64-linux-gnu:/opt/ros/humble/lib'), ('HOME', '/home/moekatra22'), ('OLDPWD', '/home/moekatra22'), ('DESKTOP_SESSION', 'ubuntu'), ('ROS_PYTHON_VERSION', '3'), ('GNOME_SHELL_SESSION_MODE', 'ubuntu'), ('GTK_MODULES', 'gail:atk-bridge'), ('LC_MONETARY', 'ar_LB.UTF-8'), ('SYSTEMD_EXEC_PID', '1217'), ('DBUS_SESSION_BUS_ADDRESS', 'unix:path=/run/user/1000/bus'), ('COLORTERM', 'truecolor'), ('IM_CONFIG_PHASE', '1'), ('WAYLAND_DISPLAY', 'wayland-0'), ('COLCON_PREFIX_PATH', '/home/moekatra22/catch_them_all_turtlesim/install'), ('ROS_DISTRO', 'humble'), ('LOGNAME', 'moekatra22'), ('_', '/usr/bin/colcon'), ('ROS_VERSION', '2'), ('XDG_SESSION_CLASS', 'user'), ('USERNAME', 'moekatra22'), ('TERM', 'xterm-256color'), ('GNOME_DESKTOP_SESSION_ID', 'this-is-deprecated'), ('ROS_LOCALHOST_ONLY', '0'), ('PATH', '/opt/ros/humble/bin:/usr/local/sbin:/usr/local/bin:/usr/sbin:/usr/bin:/sbin:/bin:/usr/games:/usr/local/games:/snap/bin:/snap/bin'), ('SESSION_MANAGER', 'local/moekatra22-QEMU-Virtual-Machine:@/tmp/.ICE-unix/1176,unix/moekatra22-QEMU-Virtual-Machine:/tmp/.ICE-unix/1176'), ('XDG_MENU_PREFIX', 'gnome-'), ('LC_ADDRESS', 'ar_LB.UTF-8'), ('GNOME_TERMINAL_SCREEN', '/org/gnome/Terminal/screen/d02298b2_04c0_4339_817b_432534799d75'), ('GNOME_SETUP_DISPLAY', ':1'), ('XDG_RUNTIME_DIR', '/run/user/1000'), ('DISPLAY', ':0'), ('LANG', 'en_US.UTF-8'), ('XDG_CURRENT_DESKTOP', 'ubuntu:GNOME'), ('LC_TELEPHONE', 'ar_LB.UTF-8'), ('XMODIFIERS', '@im=ibus'), ('XDG_SESSION_DESKTOP', 'ubuntu'), ('XAUTHORITY', '/run/user/1000/.mutter-Xwaylandauth.YKPRM2'), ('GNOME_TERMINAL_SERVICE', ':1.93'), ('SSH_AGENT_LAUNCHER', 'gnome-keyring'), ('SSH_AUTH_SOCK', '/run/user/1000/keyring/ssh'), ('AMENT_PREFIX_PATH', '/home/moekatra22/catch_them_all_turtlesim/install/launch:/home/moekatra22/catch_them_all_turtlesim/install/py_pkg:/home/moekatra22/catch_them_all_turtlesim/install/turtle_interfaces:/opt/ros/humble'), ('SHELL', '/bin/bash'), ('LC_NAME', 'ar_LB.UTF-8'), ('QT_ACCESSIBILITY', '1'), ('GDMSESSION', 'ubuntu'), ('LC_MEASUREMENT', 'ar_LB.UTF-8'), ('LC_IDENTIFICATION', 'ar_LB.UTF-8'), ('QT_IM_MODULE', 'ibus'), ('PWD', '/home/moekatra22/catch_them_all_turtlesim/build/turtle_interfaces'), ('LC_ALL', 'en_US.UTF-8'), ('XDG_CONFIG_DIRS', '/etc/xdg/xdg-ubuntu:/etc/xdg'), ('XDG_DATA_DIRS', '/usr/share/ubuntu:/usr/local/share/:/usr/share/:/var/lib/snapd/desktop'), ('PYTHONPATH', '/home/moekatra22/catch_them_all_turtlesim/install/py_pkg/lib/python3.10/site-packages:/home/moekatra22/catch_them_all_turtlesim/install/turtle_interfaces/local/lib/python3.10/dist-packages:/opt/ros/humble/lib/python3.10/site-packages:/opt/ros/humble/local/lib/python3.10/dist-packages'), ('LC_NUMERIC', 'ar_LB.UTF-8'), ('LC_PAPER', 'ar_LB.UTF-8'), ('COLCON', '1'), ('VTE_VERSION', '6800'), ('CMAKE_PREFIX_PATH', '/home/moekatra22/catch_them_all_turtlesim/install/launch:/home/moekatra22/catch_them_all_turtlesim/install/turtle_interfaces:/home/moekatra22/catch_them_all_turtlesim/install/py_pkg:/opt/ros/humble')]), 'shell': False}
[4.055418] (turtle_interfaces) StdoutLine: {'line': b'-- Install configuration: ""\n'}
[4.055690] (turtle_interfaces) StdoutLine: {'line': b'-- Up-to-date: /home/moekatra22/catch_them_all_turtlesim/install/turtle_interfaces/share/ament_index/resource_index/rosidl_interfaces/turtle_interfaces\n'}
[4.067271] (turtle_interfaces) StdoutLine: {'line': b'-- Up-to-date: /home/moekatra22/catch_them_all_turtlesim/install/turtle_interfaces/include/turtle_interfaces/turtle_interfaces\n'}
[4.067389] (turtle_interfaces) StdoutLine: {'line': b'-- Up-to-date: /home/moekatra22/catch_them_all_turtlesim/install/turtle_interfaces/include/turtle_interfaces/turtle_interfaces/msg\n'}
[4.067424] (turtle_interfaces) StdoutLine: {'line': b'-- Up-to-date: /home/moekatra22/catch_them_all_turtlesim/install/turtle_interfaces/include/turtle_interfaces/turtle_interfaces/msg/detail\n'}
[4.067454] (turtle_interfaces) StdoutLine: {'line': b'-- Installing: /home/moekatra22/catch_them_all_turtlesim/install/turtle_interfaces/include/turtle_interfaces/turtle_interfaces/msg/detail/turtle_array__type_support.h\n'}
[4.067486] (turtle_interfaces) StdoutLine: {'line': b'-- Installing: /home/moekatra22/catch_them_all_turtlesim/install/turtle_interfaces/include/turtle_interfaces/turtle_interfaces/msg/detail/turtle__struct.h\n'}
[4.067515] (turtle_interfaces) StdoutLine: {'line': b'-- Installing: /home/moekatra22/catch_them_all_turtlesim/install/turtle_interfaces/include/turtle_interfaces/turtle_interfaces/msg/detail/turtle__functions.h\n'}
[4.067643] (turtle_interfaces) StdoutLine: {'line': b'-- Installing: /home/moekatra22/catch_them_all_turtlesim/install/turtle_interfaces/include/turtle_interfaces/turtle_interfaces/msg/detail/turtle__functions.c\n'}
[4.067681] (turtle_interfaces) StdoutLine: {'line': b'-- Installing: /home/moekatra22/catch_them_all_turtlesim/install/turtle_interfaces/include/turtle_interfaces/turtle_interfaces/msg/detail/turtle_array__functions.c\n'}
[4.067711] (turtle_interfaces) StdoutLine: {'line': b'-- Installing: /home/moekatra22/catch_them_all_turtlesim/install/turtle_interfaces/include/turtle_interfaces/turtle_interfaces/msg/detail/turtle_array__functions.h\n'}
[4.067739] (turtle_interfaces) StdoutLine: {'line': b'-- Installing: /home/moekatra22/catch_them_all_turtlesim/install/turtle_interfaces/include/turtle_interfaces/turtle_interfaces/msg/detail/turtle_array__struct.h\n'}
[4.067778] (turtle_interfaces) StdoutLine: {'line': b'-- Installing: /home/moekatra22/catch_them_all_turtlesim/install/turtle_interfaces/include/turtle_interfaces/turtle_interfaces/msg/detail/turtle__type_support.h\n'}
[4.067807] (turtle_interfaces) StdoutLine: {'line': b'-- Installing: /home/moekatra22/catch_them_all_turtlesim/install/turtle_interfaces/include/turtle_interfaces/turtle_interfaces/msg/turtle.h\n'}
[4.067835] (turtle_interfaces) StdoutLine: {'line': b'-- Installing: /home/moekatra22/catch_them_all_turtlesim/install/turtle_interfaces/include/turtle_interfaces/turtle_interfaces/msg/turtle_array.h\n'}
[4.067866] (turtle_interfaces) StdoutLine: {'line': b'-- Up-to-date: /home/moekatra22/catch_them_all_turtlesim/install/turtle_interfaces/include/turtle_interfaces/turtle_interfaces/msg/rosidl_generator_c__visibility_control.h\n'}
[4.067894] (turtle_interfaces) StdoutLine: {'line': b'-- Up-to-date: /home/moekatra22/catch_them_all_turtlesim/install/turtle_interfaces/include/turtle_interfaces/turtle_interfaces/srv\n'}
[4.067922] (turtle_interfaces) StdoutLine: {'line': b'-- Up-to-date: /home/moekatra22/catch_them_all_turtlesim/install/turtle_interfaces/include/turtle_interfaces/turtle_interfaces/srv/detail\n'}
[4.067951] (turtle_interfaces) StdoutLine: {'line': b'-- Installing: /home/moekatra22/catch_them_all_turtlesim/install/turtle_interfaces/include/turtle_interfaces/turtle_interfaces/srv/detail/catch_turtle__functions.h\n'}
[4.067979] (turtle_interfaces) StdoutLine: {'line': b'-- Installing: /home/moekatra22/catch_them_all_turtlesim/install/turtle_interfaces/include/turtle_interfaces/turtle_interfaces/srv/detail/catch_turtle__struct.h\n'}
[4.068007] (turtle_interfaces) StdoutLine: {'line': b'-- Installing: /home/moekatra22/catch_them_all_turtlesim/install/turtle_interfaces/include/turtle_interfaces/turtle_interfaces/srv/detail/catch_turtle__type_support.h\n'}
[4.068036] (turtle_interfaces) StdoutLine: {'line': b'-- Installing: /home/moekatra22/catch_them_all_turtlesim/install/turtle_interfaces/include/turtle_interfaces/turtle_interfaces/srv/detail/catch_turtle__functions.c\n'}
[4.068064] (turtle_interfaces) StdoutLine: {'line': b'-- Installing: /home/moekatra22/catch_them_all_turtlesim/install/turtle_interfaces/include/turtle_interfaces/turtle_interfaces/srv/catch_turtle.h\n'}
[4.068092] (turtle_interfaces) StdoutLine: {'line': b'-- Up-to-date: /home/moekatra22/catch_them_all_turtlesim/install/turtle_interfaces/share/turtle_interfaces/environment/library_path.sh\n'}
[4.068120] (turtle_interfaces) StdoutLine: {'line': b'-- Installing: /home/moekatra22/catch_them_all_turtlesim/install/turtle_interfaces/share/turtle_interfaces/environment/library_path.dsv\n'}
[4.068148] (turtle_interfaces) StdoutLine: {'line': b'-- Installing: /home/moekatra22/catch_them_all_turtlesim/install/turtle_interfaces/lib/libturtle_interfaces__rosidl_generator_c.so\n'}
[4.068178] (turtle_interfaces) StdoutLine: {'line': b'-- Set runtime path of "/home/moekatra22/catch_them_all_turtlesim/install/turtle_interfaces/lib/libturtle_interfaces__rosidl_generator_c.so" to ""\n'}
[4.068207] (turtle_interfaces) StdoutLine: {'line': b'-- Up-to-date: /home/moekatra22/catch_them_all_turtlesim/install/turtle_interfaces/include/turtle_interfaces/turtle_interfaces\n'}
[4.068235] (turtle_interfaces) StdoutLine: {'line': b'-- Up-to-date: /home/moekatra22/catch_them_all_turtlesim/install/turtle_interfaces/include/turtle_interfaces/turtle_interfaces/msg\n'}
[4.073445] (turtle_interfaces) StdoutLine: {'line': b'-- Up-to-date: /home/moekatra22/catch_them_all_turtlesim/install/turtle_interfaces/include/turtle_interfaces/turtle_interfaces/msg/detail\n'}
[4.073558] (turtle_interfaces) StdoutLine: {'line': b'-- Installing: /home/moekatra22/catch_them_all_turtlesim/install/turtle_interfaces/include/turtle_interfaces/turtle_interfaces/msg/detail/turtle__rosidl_typesupport_fastrtps_c.h\n'}
[4.073617] (turtle_interfaces) StdoutLine: {'line': b'-- Installing: /home/moekatra22/catch_them_all_turtlesim/install/turtle_interfaces/include/turtle_interfaces/turtle_interfaces/msg/detail/turtle_array__rosidl_typesupport_fastrtps_c.h\n'}
[4.073651] (turtle_interfaces) StdoutLine: {'line': b'-- Up-to-date: /home/moekatra22/catch_them_all_turtlesim/install/turtle_interfaces/include/turtle_interfaces/turtle_interfaces/msg/rosidl_typesupport_fastrtps_c__visibility_control.h\n'}
[4.073680] (turtle_interfaces) StdoutLine: {'line': b'-- Up-to-date: /home/moekatra22/catch_them_all_turtlesim/install/turtle_interfaces/include/turtle_interfaces/turtle_interfaces/srv\n'}
[4.073714] (turtle_interfaces) StdoutLine: {'line': b'-- Up-to-date: /home/moekatra22/catch_them_all_turtlesim/install/turtle_interfaces/include/turtle_interfaces/turtle_interfaces/srv/detail\n'}
[4.073747] (turtle_interfaces) StdoutLine: {'line': b'-- Installing: /home/moekatra22/catch_them_all_turtlesim/install/turtle_interfaces/include/turtle_interfaces/turtle_interfaces/srv/detail/catch_turtle__rosidl_typesupport_fastrtps_c.h\n'}
[4.073786] (turtle_interfaces) StdoutLine: {'line': b'-- Installing: /home/moekatra22/catch_them_all_turtlesim/install/turtle_interfaces/lib/libturtle_interfaces__rosidl_typesupport_fastrtps_c.so\n'}
[4.073815] (turtle_interfaces) StdoutLine: {'line': b'-- Set runtime path of "/home/moekatra22/catch_them_all_turtlesim/install/turtle_interfaces/lib/libturtle_interfaces__rosidl_typesupport_fastrtps_c.so" to ""\n'}
[4.073844] (turtle_interfaces) StdoutLine: {'line': b'-- Up-to-date: /home/moekatra22/catch_them_all_turtlesim/install/turtle_interfaces/include/turtle_interfaces/turtle_interfaces\n'}
[4.073878] (turtle_interfaces) StdoutLine: {'line': b'-- Up-to-date: /home/moekatra22/catch_them_all_turtlesim/install/turtle_interfaces/include/turtle_interfaces/turtle_interfaces/msg\n'}
[4.073907] (turtle_interfaces) StdoutLine: {'line': b'-- Up-to-date: /home/moekatra22/catch_them_all_turtlesim/install/turtle_interfaces/include/turtle_interfaces/turtle_interfaces/msg/detail\n'}
[4.073935] (turtle_interfaces) StdoutLine: {'line': b'-- Installing: /home/moekatra22/catch_them_all_turtlesim/install/turtle_interfaces/include/turtle_interfaces/turtle_interfaces/msg/detail/turtle_array__type_support.c\n'}
[4.073963] (turtle_interfaces) StdoutLine: {'line': b'-- Installing: /home/moekatra22/catch_them_all_turtlesim/install/turtle_interfaces/include/turtle_interfaces/turtle_interfaces/msg/detail/turtle_array__rosidl_typesupport_introspection_c.h\n'}
[4.073992] (turtle_interfaces) StdoutLine: {'line': b'-- Installing: /home/moekatra22/catch_them_all_turtlesim/install/turtle_interfaces/include/turtle_interfaces/turtle_interfaces/msg/detail/turtle__type_support.c\n'}
[4.074020] (turtle_interfaces) StdoutLine: {'line': b'-- Installing: /home/moekatra22/catch_them_all_turtlesim/install/turtle_interfaces/include/turtle_interfaces/turtle_interfaces/msg/detail/turtle__rosidl_typesupport_introspection_c.h\n'}
[4.074061] (turtle_interfaces) StdoutLine: {'line': b'-- Up-to-date: /home/moekatra22/catch_them_all_turtlesim/install/turtle_interfaces/include/turtle_interfaces/turtle_interfaces/msg/rosidl_typesupport_introspection_c__visibility_control.h\n'}
[4.074091] (turtle_interfaces) StdoutLine: {'line': b'-- Up-to-date: /home/moekatra22/catch_them_all_turtlesim/install/turtle_interfaces/include/turtle_interfaces/turtle_interfaces/srv\n'}
[4.074119] (turtle_interfaces) StdoutLine: {'line': b'-- Up-to-date: /home/moekatra22/catch_them_all_turtlesim/install/turtle_interfaces/include/turtle_interfaces/turtle_interfaces/srv/detail\n'}
[4.074148] (turtle_interfaces) StdoutLine: {'line': b'-- Installing: /home/moekatra22/catch_them_all_turtlesim/install/turtle_interfaces/include/turtle_interfaces/turtle_interfaces/srv/detail/catch_turtle__rosidl_typesupport_introspection_c.h\n'}
[4.074177] (turtle_interfaces) StdoutLine: {'line': b'-- Installing: /home/moekatra22/catch_them_all_turtlesim/install/turtle_interfaces/include/turtle_interfaces/turtle_interfaces/srv/detail/catch_turtle__type_support.c\n'}
[4.074205] (turtle_interfaces) StdoutLine: {'line': b'-- Installing: /home/moekatra22/catch_them_all_turtlesim/install/turtle_interfaces/lib/libturtle_interfaces__rosidl_typesupport_introspection_c.so\n'}
[4.074238] (turtle_interfaces) StdoutLine: {'line': b'-- Set runtime path of "/home/moekatra22/catch_them_all_turtlesim/install/turtle_interfaces/lib/libturtle_interfaces__rosidl_typesupport_introspection_c.so" to ""\n'}
[4.074267] (turtle_interfaces) StdoutLine: {'line': b'-- Installing: /home/moekatra22/catch_them_all_turtlesim/install/turtle_interfaces/lib/libturtle_interfaces__rosidl_typesupport_c.so\n'}
[4.074297] (turtle_interfaces) StdoutLine: {'line': b'-- Set runtime path of "/home/moekatra22/catch_them_all_turtlesim/install/turtle_interfaces/lib/libturtle_interfaces__rosidl_typesupport_c.so" to ""\n'}
[4.074325] (turtle_interfaces) StdoutLine: {'line': b'-- Up-to-date: /home/moekatra22/catch_them_all_turtlesim/install/turtle_interfaces/include/turtle_interfaces/turtle_interfaces\n'}
[4.074353] (turtle_interfaces) StdoutLine: {'line': b'-- Up-to-date: /home/moekatra22/catch_them_all_turtlesim/install/turtle_interfaces/include/turtle_interfaces/turtle_interfaces/msg\n'}
[4.074392] (turtle_interfaces) StdoutLine: {'line': b'-- Installing: /home/moekatra22/catch_them_all_turtlesim/install/turtle_interfaces/include/turtle_interfaces/turtle_interfaces/msg/turtle.hpp\n'}
[4.074422] (turtle_interfaces) StdoutLine: {'line': b'-- Up-to-date: /home/moekatra22/catch_them_all_turtlesim/install/turtle_interfaces/include/turtle_interfaces/turtle_interfaces/msg/detail\n'}
[4.074451] (turtle_interfaces) StdoutLine: {'line': b'-- Installing: /home/moekatra22/catch_them_all_turtlesim/install/turtle_interfaces/include/turtle_interfaces/turtle_interfaces/msg/detail/turtle__struct.hpp\n'}
[4.074479] (turtle_interfaces) StdoutLine: {'line': b'-- Installing: /home/moekatra22/catch_them_all_turtlesim/install/turtle_interfaces/include/turtle_interfaces/turtle_interfaces/msg/detail/turtle_array__builder.hpp\n'}
[4.074507] (turtle_interfaces) StdoutLine: {'line': b'-- Installing: /home/moekatra22/catch_them_all_turtlesim/install/turtle_interfaces/include/turtle_interfaces/turtle_interfaces/msg/detail/turtle_array__traits.hpp\n'}
[4.074535] (turtle_interfaces) StdoutLine: {'line': b'-- Installing: /home/moekatra22/catch_them_all_turtlesim/install/turtle_interfaces/include/turtle_interfaces/turtle_interfaces/msg/detail/turtle_array__struct.hpp\n'}
[4.074563] (turtle_interfaces) StdoutLine: {'line': b'-- Installing: /home/moekatra22/catch_them_all_turtlesim/install/turtle_interfaces/include/turtle_interfaces/turtle_interfaces/msg/detail/turtle__builder.hpp\n'}
[4.074591] (turtle_interfaces) StdoutLine: {'line': b'-- Installing: /home/moekatra22/catch_them_all_turtlesim/install/turtle_interfaces/include/turtle_interfaces/turtle_interfaces/msg/detail/turtle__traits.hpp\n'}
[4.074618] (turtle_interfaces) StdoutLine: {'line': b'-- Installing: /home/moekatra22/catch_them_all_turtlesim/install/turtle_interfaces/include/turtle_interfaces/turtle_interfaces/msg/turtle_array.hpp\n'}
[4.074646] (turtle_interfaces) StdoutLine: {'line': b'-- Up-to-date: /home/moekatra22/catch_them_all_turtlesim/install/turtle_interfaces/include/turtle_interfaces/turtle_interfaces/srv\n'}
[4.074693] (turtle_interfaces) StdoutLine: {'line': b'-- Up-to-date: /home/moekatra22/catch_them_all_turtlesim/install/turtle_interfaces/include/turtle_interfaces/turtle_interfaces/srv/detail\n'}
[4.074724] (turtle_interfaces) StdoutLine: {'line': b'-- Installing: /home/moekatra22/catch_them_all_turtlesim/install/turtle_interfaces/include/turtle_interfaces/turtle_interfaces/srv/detail/catch_turtle__struct.hpp\n'}
[4.074752] (turtle_interfaces) StdoutLine: {'line': b'-- Installing: /home/moekatra22/catch_them_all_turtlesim/install/turtle_interfaces/include/turtle_interfaces/turtle_interfaces/srv/detail/catch_turtle__traits.hpp\n'}
[4.074780] (turtle_interfaces) StdoutLine: {'line': b'-- Installing: /home/moekatra22/catch_them_all_turtlesim/install/turtle_interfaces/include/turtle_interfaces/turtle_interfaces/srv/detail/catch_turtle__builder.hpp\n'}
[4.074808] (turtle_interfaces) StdoutLine: {'line': b'-- Installing: /home/moekatra22/catch_them_all_turtlesim/install/turtle_interfaces/include/turtle_interfaces/turtle_interfaces/srv/catch_turtle.hpp\n'}
[4.074942] (turtle_interfaces) StdoutLine: {'line': b'-- Up-to-date: /home/moekatra22/catch_them_all_turtlesim/install/turtle_interfaces/include/turtle_interfaces/turtle_interfaces\n'}
[4.074982] (turtle_interfaces) StdoutLine: {'line': b'-- Up-to-date: /home/moekatra22/catch_them_all_turtlesim/install/turtle_interfaces/include/turtle_interfaces/turtle_interfaces/msg\n'}
[4.075016] (turtle_interfaces) StdoutLine: {'line': b'-- Up-to-date: /home/moekatra22/catch_them_all_turtlesim/install/turtle_interfaces/include/turtle_interfaces/turtle_interfaces/msg/detail\n'}
[4.075045] (turtle_interfaces) StdoutLine: {'line': b'-- Up-to-date: /home/moekatra22/catch_them_all_turtlesim/install/turtle_interfaces/include/turtle_interfaces/turtle_interfaces/msg/detail/dds_fastrtps\n'}
[4.075074] (turtle_interfaces) StdoutLine: {'line': b'-- Installing: /home/moekatra22/catch_them_all_turtlesim/install/turtle_interfaces/include/turtle_interfaces/turtle_interfaces/msg/detail/turtle_array__rosidl_typesupport_fastrtps_cpp.hpp\n'}
[4.075102] (turtle_interfaces) StdoutLine: {'line': b'-- Installing: /home/moekatra22/catch_them_all_turtlesim/install/turtle_interfaces/include/turtle_interfaces/turtle_interfaces/msg/detail/turtle__rosidl_typesupport_fastrtps_cpp.hpp\n'}
[4.075133] (turtle_interfaces) StdoutLine: {'line': b'-- Up-to-date: /home/moekatra22/catch_them_all_turtlesim/install/turtle_interfaces/include/turtle_interfaces/turtle_interfaces/msg/rosidl_typesupport_fastrtps_cpp__visibility_control.h\n'}
[4.075162] (turtle_interfaces) StdoutLine: {'line': b'-- Up-to-date: /home/moekatra22/catch_them_all_turtlesim/install/turtle_interfaces/include/turtle_interfaces/turtle_interfaces/srv\n'}
[4.075190] (turtle_interfaces) StdoutLine: {'line': b'-- Up-to-date: /home/moekatra22/catch_them_all_turtlesim/install/turtle_interfaces/include/turtle_interfaces/turtle_interfaces/srv/detail\n'}
[4.075218] (turtle_interfaces) StdoutLine: {'line': b'-- Installing: /home/moekatra22/catch_them_all_turtlesim/install/turtle_interfaces/include/turtle_interfaces/turtle_interfaces/srv/detail/catch_turtle__rosidl_typesupport_fastrtps_cpp.hpp\n'}
[4.075246] (turtle_interfaces) StdoutLine: {'line': b'-- Up-to-date: /home/moekatra22/catch_them_all_turtlesim/install/turtle_interfaces/include/turtle_interfaces/turtle_interfaces/srv/detail/dds_fastrtps\n'}
[4.075274] (turtle_interfaces) StdoutLine: {'line': b'-- Installing: /home/moekatra22/catch_them_all_turtlesim/install/turtle_interfaces/lib/libturtle_interfaces__rosidl_typesupport_fastrtps_cpp.so\n'}
[4.075302] (turtle_interfaces) StdoutLine: {'line': b'-- Set runtime path of "/home/moekatra22/catch_them_all_turtlesim/install/turtle_interfaces/lib/libturtle_interfaces__rosidl_typesupport_fastrtps_cpp.so" to ""\n'}
[4.075330] (turtle_interfaces) StdoutLine: {'line': b'-- Up-to-date: /home/moekatra22/catch_them_all_turtlesim/install/turtle_interfaces/include/turtle_interfaces/turtle_interfaces\n'}
[4.075358] (turtle_interfaces) StdoutLine: {'line': b'-- Up-to-date: /home/moekatra22/catch_them_all_turtlesim/install/turtle_interfaces/include/turtle_interfaces/turtle_interfaces/msg\n'}
[4.075386] (turtle_interfaces) StdoutLine: {'line': b'-- Up-to-date: /home/moekatra22/catch_them_all_turtlesim/install/turtle_interfaces/include/turtle_interfaces/turtle_interfaces/msg/detail\n'}
[4.075415] (turtle_interfaces) StdoutLine: {'line': b'-- Installing: /home/moekatra22/catch_them_all_turtlesim/install/turtle_interfaces/include/turtle_interfaces/turtle_interfaces/msg/detail/turtle_array__rosidl_typesupport_introspection_cpp.hpp\n'}
[4.075443] (turtle_interfaces) StdoutLine: {'line': b'-- Installing: /home/moekatra22/catch_them_all_turtlesim/install/turtle_interfaces/include/turtle_interfaces/turtle_interfaces/msg/detail/turtle__rosidl_typesupport_introspection_cpp.hpp\n'}
[4.075471] (turtle_interfaces) StdoutLine: {'line': b'-- Installing: /home/moekatra22/catch_them_all_turtlesim/install/turtle_interfaces/include/turtle_interfaces/turtle_interfaces/msg/detail/turtle_array__type_support.cpp\n'}
[4.075500] (turtle_interfaces) StdoutLine: {'line': b'-- Installing: /home/moekatra22/catch_them_all_turtlesim/install/turtle_interfaces/include/turtle_interfaces/turtle_interfaces/msg/detail/turtle__type_support.cpp\n'}
[4.075528] (turtle_interfaces) StdoutLine: {'line': b'-- Up-to-date: /home/moekatra22/catch_them_all_turtlesim/install/turtle_interfaces/include/turtle_interfaces/turtle_interfaces/srv\n'}
[4.075624] (turtle_interfaces) StdoutLine: {'line': b'-- Up-to-date: /home/moekatra22/catch_them_all_turtlesim/install/turtle_interfaces/include/turtle_interfaces/turtle_interfaces/srv/detail\n'}
[4.075684] (turtle_interfaces) StdoutLine: {'line': b'-- Installing: /home/moekatra22/catch_them_all_turtlesim/install/turtle_interfaces/include/turtle_interfaces/turtle_interfaces/srv/detail/catch_turtle__rosidl_typesupport_introspection_cpp.hpp\n'}
[4.075716] (turtle_interfaces) StdoutLine: {'line': b'-- Installing: /home/moekatra22/catch_them_all_turtlesim/install/turtle_interfaces/include/turtle_interfaces/turtle_interfaces/srv/detail/catch_turtle__type_support.cpp\n'}
[4.075744] (turtle_interfaces) StdoutLine: {'line': b'-- Installing: /home/moekatra22/catch_them_all_turtlesim/install/turtle_interfaces/lib/libturtle_interfaces__rosidl_typesupport_introspection_cpp.so\n'}
[4.075772] (turtle_interfaces) StdoutLine: {'line': b'-- Set runtime path of "/home/moekatra22/catch_them_all_turtlesim/install/turtle_interfaces/lib/libturtle_interfaces__rosidl_typesupport_introspection_cpp.so" to ""\n'}
[4.075800] (turtle_interfaces) StdoutLine: {'line': b'-- Installing: /home/moekatra22/catch_them_all_turtlesim/install/turtle_interfaces/lib/libturtle_interfaces__rosidl_typesupport_cpp.so\n'}
[4.075828] (turtle_interfaces) StdoutLine: {'line': b'-- Set runtime path of "/home/moekatra22/catch_them_all_turtlesim/install/turtle_interfaces/lib/libturtle_interfaces__rosidl_typesupport_cpp.so" to ""\n'}
[4.075856] (turtle_interfaces) StdoutLine: {'line': b'-- Up-to-date: /home/moekatra22/catch_them_all_turtlesim/install/turtle_interfaces/share/turtle_interfaces/environment/pythonpath.sh\n'}
[4.075884] (turtle_interfaces) StdoutLine: {'line': b'-- Installing: /home/moekatra22/catch_them_all_turtlesim/install/turtle_interfaces/share/turtle_interfaces/environment/pythonpath.dsv\n'}
[4.075912] (turtle_interfaces) StdoutLine: {'line': b'-- Up-to-date: /home/moekatra22/catch_them_all_turtlesim/install/turtle_interfaces/local/lib/python3.10/dist-packages/turtle_interfaces-0.0.0-py3.10.egg-info\n'}
[4.075942] (turtle_interfaces) StdoutLine: {'line': b'-- Installing: /home/moekatra22/catch_them_all_turtlesim/install/turtle_interfaces/local/lib/python3.10/dist-packages/turtle_interfaces-0.0.0-py3.10.egg-info/PKG-INFO\n'}
[4.075971] (turtle_interfaces) StdoutLine: {'line': b'-- Installing: /home/moekatra22/catch_them_all_turtlesim/install/turtle_interfaces/local/lib/python3.10/dist-packages/turtle_interfaces-0.0.0-py3.10.egg-info/SOURCES.txt\n'}
[4.075999] (turtle_interfaces) StdoutLine: {'line': b'-- Installing: /home/moekatra22/catch_them_all_turtlesim/install/turtle_interfaces/local/lib/python3.10/dist-packages/turtle_interfaces-0.0.0-py3.10.egg-info/dependency_links.txt\n'}
[4.076027] (turtle_interfaces) StdoutLine: {'line': b'-- Installing: /home/moekatra22/catch_them_all_turtlesim/install/turtle_interfaces/local/lib/python3.10/dist-packages/turtle_interfaces-0.0.0-py3.10.egg-info/top_level.txt\n'}
[4.076055] (turtle_interfaces) StdoutLine: {'line': b'-- Up-to-date: /home/moekatra22/catch_them_all_turtlesim/install/turtle_interfaces/local/lib/python3.10/dist-packages/turtle_interfaces\n'}
[4.076083] (turtle_interfaces) StdoutLine: {'line': b'-- Installing: /home/moekatra22/catch_them_all_turtlesim/install/turtle_interfaces/local/lib/python3.10/dist-packages/turtle_interfaces/_turtle_interfaces_s.ep.rosidl_typesupport_c.c\n'}
[4.076111] (turtle_interfaces) StdoutLine: {'line': b'-- Installing: /home/moekatra22/catch_them_all_turtlesim/install/turtle_interfaces/local/lib/python3.10/dist-packages/turtle_interfaces/turtle_interfaces_s__rosidl_typesupport_fastrtps_c.cpython-310-aarch64-linux-gnu.so\n'}
[4.076140] (turtle_interfaces) StdoutLine: {'line': b'-- Installing: /home/moekatra22/catch_them_all_turtlesim/install/turtle_interfaces/local/lib/python3.10/dist-packages/turtle_interfaces/turtle_interfaces_s__rosidl_typesupport_c.cpython-310-aarch64-linux-gnu.so\n'}
[4.076168] (turtle_interfaces) StdoutLine: {'line': b'-- Installing: /home/moekatra22/catch_them_all_turtlesim/install/turtle_interfaces/local/lib/python3.10/dist-packages/turtle_interfaces/_turtle_interfaces_s.ep.rosidl_typesupport_introspection_c.c\n'}
[4.076198] (turtle_interfaces) StdoutLine: {'line': b'-- Installing: /home/moekatra22/catch_them_all_turtlesim/install/turtle_interfaces/local/lib/python3.10/dist-packages/turtle_interfaces/__init__.py\n'}
[4.076226] (turtle_interfaces) StdoutLine: {'line': b'-- Up-to-date: /home/moekatra22/catch_them_all_turtlesim/install/turtle_interfaces/local/lib/python3.10/dist-packages/turtle_interfaces/msg\n'}
[4.076254] (turtle_interfaces) StdoutLine: {'line': b'-- Installing: /home/moekatra22/catch_them_all_turtlesim/install/turtle_interfaces/local/lib/python3.10/dist-packages/turtle_interfaces/msg/_turtle_array_s.c\n'}
[4.076282] (turtle_interfaces) StdoutLine: {'line': b'-- Installing: /home/moekatra22/catch_them_all_turtlesim/install/turtle_interfaces/local/lib/python3.10/dist-packages/turtle_interfaces/msg/_turtle_s.c\n'}
[4.076310] (turtle_interfaces) StdoutLine: {'line': b'-- Installing: /home/moekatra22/catch_them_all_turtlesim/install/turtle_interfaces/local/lib/python3.10/dist-packages/turtle_interfaces/msg/__init__.py\n'}
[4.076338] (turtle_interfaces) StdoutLine: {'line': b'-- Installing: /home/moekatra22/catch_them_all_turtlesim/install/turtle_interfaces/local/lib/python3.10/dist-packages/turtle_interfaces/msg/_turtle_array.py\n'}
[4.076365] (turtle_interfaces) StdoutLine: {'line': b'-- Installing: /home/moekatra22/catch_them_all_turtlesim/install/turtle_interfaces/local/lib/python3.10/dist-packages/turtle_interfaces/msg/_turtle.py\n'}
[4.076397] (turtle_interfaces) StdoutLine: {'line': b'-- Installing: /home/moekatra22/catch_them_all_turtlesim/install/turtle_interfaces/local/lib/python3.10/dist-packages/turtle_interfaces/_turtle_interfaces_s.ep.rosidl_typesupport_fastrtps_c.c\n'}
[4.076425] (turtle_interfaces) StdoutLine: {'line': b'-- Up-to-date: /home/moekatra22/catch_them_all_turtlesim/install/turtle_interfaces/local/lib/python3.10/dist-packages/turtle_interfaces/srv\n'}
[4.076453] (turtle_interfaces) StdoutLine: {'line': b'-- Installing: /home/moekatra22/catch_them_all_turtlesim/install/turtle_interfaces/local/lib/python3.10/dist-packages/turtle_interfaces/srv/_catch_turtle_s.c\n'}
[4.076481] (turtle_interfaces) StdoutLine: {'line': b'-- Installing: /home/moekatra22/catch_them_all_turtlesim/install/turtle_interfaces/local/lib/python3.10/dist-packages/turtle_interfaces/srv/__init__.py\n'}
[4.076508] (turtle_interfaces) StdoutLine: {'line': b'-- Installing: /home/moekatra22/catch_them_all_turtlesim/install/turtle_interfaces/local/lib/python3.10/dist-packages/turtle_interfaces/srv/_catch_turtle.py\n'}
[4.076536] (turtle_interfaces) StdoutLine: {'line': b'-- Installing: /home/moekatra22/catch_them_all_turtlesim/install/turtle_interfaces/local/lib/python3.10/dist-packages/turtle_interfaces/libturtle_interfaces__rosidl_generator_py.so\n'}
[4.076563] (turtle_interfaces) StdoutLine: {'line': b'-- Installing: /home/moekatra22/catch_them_all_turtlesim/install/turtle_interfaces/local/lib/python3.10/dist-packages/turtle_interfaces/turtle_interfaces_s__rosidl_typesupport_introspection_c.cpython-310-aarch64-linux-gnu.so\n'}
[4.097032] (turtle_interfaces) StdoutLine: {'line': b"Listing '/home/moekatra22/catch_them_all_turtlesim/install/turtle_interfaces/local/lib/python3.10/dist-packages/turtle_interfaces'...\n"}
[4.097128] (turtle_interfaces) StdoutLine: {'line': b"Compiling '/home/moekatra22/catch_them_all_turtlesim/install/turtle_interfaces/local/lib/python3.10/dist-packages/turtle_interfaces/__init__.py'...\n"}
[4.097164] (turtle_interfaces) StdoutLine: {'line': b"Listing '/home/moekatra22/catch_them_all_turtlesim/install/turtle_interfaces/local/lib/python3.10/dist-packages/turtle_interfaces/msg'...\n"}
[4.097195] (turtle_interfaces) StdoutLine: {'line': b"Compiling '/home/moekatra22/catch_them_all_turtlesim/install/turtle_interfaces/local/lib/python3.10/dist-packages/turtle_interfaces/msg/__init__.py'...\n"}
[4.097225] (turtle_interfaces) StdoutLine: {'line': b"Compiling '/home/moekatra22/catch_them_all_turtlesim/install/turtle_interfaces/local/lib/python3.10/dist-packages/turtle_interfaces/msg/_turtle.py'...\n"}
[4.097258] (turtle_interfaces) StdoutLine: {'line': b"Compiling '/home/moekatra22/catch_them_all_turtlesim/install/turtle_interfaces/local/lib/python3.10/dist-packages/turtle_interfaces/msg/_turtle_array.py'...\n"}
[4.097287] (turtle_interfaces) StdoutLine: {'line': b"Listing '/home/moekatra22/catch_them_all_turtlesim/install/turtle_interfaces/local/lib/python3.10/dist-packages/turtle_interfaces/srv'...\n"}
[4.097317] (turtle_interfaces) StdoutLine: {'line': b"Compiling '/home/moekatra22/catch_them_all_turtlesim/install/turtle_interfaces/local/lib/python3.10/dist-packages/turtle_interfaces/srv/__init__.py'...\n"}
[4.097345] (turtle_interfaces) StdoutLine: {'line': b"Compiling '/home/moekatra22/catch_them_all_turtlesim/install/turtle_interfaces/local/lib/python3.10/dist-packages/turtle_interfaces/srv/_catch_turtle.py'...\n"}
[4.100167] (turtle_interfaces) StdoutLine: {'line': b'-- Installing: /home/moekatra22/catch_them_all_turtlesim/install/turtle_interfaces/local/lib/python3.10/dist-packages/turtle_interfaces/turtle_interfaces_s__rosidl_typesupport_fastrtps_c.cpython-310-aarch64-linux-gnu.so\n'}
[4.100340] (turtle_interfaces) StdoutLine: {'line': b'-- Set runtime path of "/home/moekatra22/catch_them_all_turtlesim/install/turtle_interfaces/local/lib/python3.10/dist-packages/turtle_interfaces/turtle_interfaces_s__rosidl_typesupport_fastrtps_c.cpython-310-aarch64-linux-gnu.so" to ""\n'}
[4.100450] (turtle_interfaces) StdoutLine: {'line': b'-- Installing: /home/moekatra22/catch_them_all_turtlesim/install/turtle_interfaces/local/lib/python3.10/dist-packages/turtle_interfaces/turtle_interfaces_s__rosidl_typesupport_introspection_c.cpython-310-aarch64-linux-gnu.so\n'}
[4.100629] (turtle_interfaces) StdoutLine: {'line': b'-- Set runtime path of "/home/moekatra22/catch_them_all_turtlesim/install/turtle_interfaces/local/lib/python3.10/dist-packages/turtle_interfaces/turtle_interfaces_s__rosidl_typesupport_introspection_c.cpython-310-aarch64-linux-gnu.so" to ""\n'}
[4.100737] (turtle_interfaces) StdoutLine: {'line': b'-- Installing: /home/moekatra22/catch_them_all_turtlesim/install/turtle_interfaces/local/lib/python3.10/dist-packages/turtle_interfaces/turtle_interfaces_s__rosidl_typesupport_c.cpython-310-aarch64-linux-gnu.so\n'}
[4.100925] (turtle_interfaces) StdoutLine: {'line': b'-- Set runtime path of "/home/moekatra22/catch_them_all_turtlesim/install/turtle_interfaces/local/lib/python3.10/dist-packages/turtle_interfaces/turtle_interfaces_s__rosidl_typesupport_c.cpython-310-aarch64-linux-gnu.so" to ""\n'}
[4.101061] (turtle_interfaces) StdoutLine: {'line': b'-- Installing: /home/moekatra22/catch_them_all_turtlesim/install/turtle_interfaces/lib/libturtle_interfaces__rosidl_generator_py.so\n'}
[4.101822] (turtle_interfaces) StdoutLine: {'line': b'-- Set runtime path of "/home/moekatra22/catch_them_all_turtlesim/install/turtle_interfaces/lib/libturtle_interfaces__rosidl_generator_py.so" to ""\n'}
[4.101876] (turtle_interfaces) StdoutLine: {'line': b'-- Installing: /home/moekatra22/catch_them_all_turtlesim/install/turtle_interfaces/share/turtle_interfaces/msg/Turtle.idl\n'}
[4.101966] (turtle_interfaces) StdoutLine: {'line': b'-- Up-to-date: /home/moekatra22/catch_them_all_turtlesim/install/turtle_interfaces/share/turtle_interfaces/msg/TurtleArray.idl\n'}
[4.102051] (turtle_interfaces) StdoutLine: {'line': b'-- Up-to-date: /home/moekatra22/catch_them_all_turtlesim/install/turtle_interfaces/share/turtle_interfaces/srv/CatchTurtle.idl\n'}
[4.102082] (turtle_interfaces) StdoutLine: {'line': b'-- Installing: /home/moekatra22/catch_them_all_turtlesim/install/turtle_interfaces/share/turtle_interfaces/msg/Turtle.msg\n'}
[4.102153] (turtle_interfaces) StdoutLine: {'line': b'-- Up-to-date: /home/moekatra22/catch_them_all_turtlesim/install/turtle_interfaces/share/turtle_interfaces/msg/TurtleArray.msg\n'}
[4.102182] (turtle_interfaces) StdoutLine: {'line': b'-- Up-to-date: /home/moekatra22/catch_them_all_turtlesim/install/turtle_interfaces/share/turtle_interfaces/srv/CatchTurtle.srv\n'}
[4.102234] (turtle_interfaces) StdoutLine: {'line': b'-- Up-to-date: /home/moekatra22/catch_them_all_turtlesim/install/turtle_interfaces/share/turtle_interfaces/srv/CatchTurtle_Request.msg\n'}
[4.102315] (turtle_interfaces) StdoutLine: {'line': b'-- Up-to-date: /home/moekatra22/catch_them_all_turtlesim/install/turtle_interfaces/share/turtle_interfaces/srv/CatchTurtle_Response.msg\n'}
[4.102387] (turtle_interfaces) StdoutLine: {'line': b'-- Up-to-date: /home/moekatra22/catch_them_all_turtlesim/install/turtle_interfaces/share/ament_index/resource_index/package_run_dependencies/turtle_interfaces\n'}
[4.102449] (turtle_interfaces) StdoutLine: {'line': b'-- Up-to-date: /home/moekatra22/catch_them_all_turtlesim/install/turtle_interfaces/share/ament_index/resource_index/parent_prefix_path/turtle_interfaces\n'}
[4.102489] (turtle_interfaces) StdoutLine: {'line': b'-- Up-to-date: /home/moekatra22/catch_them_all_turtlesim/install/turtle_interfaces/share/turtle_interfaces/environment/ament_prefix_path.sh\n'}
[4.102518] (turtle_interfaces) StdoutLine: {'line': b'-- Installing: /home/moekatra22/catch_them_all_turtlesim/install/turtle_interfaces/share/turtle_interfaces/environment/ament_prefix_path.dsv\n'}
[4.102600] (turtle_interfaces) StdoutLine: {'line': b'-- Up-to-date: /home/moekatra22/catch_them_all_turtlesim/install/turtle_interfaces/share/turtle_interfaces/environment/path.sh\n'}
[4.102642] (turtle_interfaces) StdoutLine: {'line': b'-- Installing: /home/moekatra22/catch_them_all_turtlesim/install/turtle_interfaces/share/turtle_interfaces/environment/path.dsv\n'}
[4.102696] (turtle_interfaces) StdoutLine: {'line': b'-- Up-to-date: /home/moekatra22/catch_them_all_turtlesim/install/turtle_interfaces/share/turtle_interfaces/local_setup.bash\n'}
[4.102782] (turtle_interfaces) StdoutLine: {'line': b'-- Up-to-date: /home/moekatra22/catch_them_all_turtlesim/install/turtle_interfaces/share/turtle_interfaces/local_setup.sh\n'}
[4.102811] (turtle_interfaces) StdoutLine: {'line': b'-- Up-to-date: /home/moekatra22/catch_them_all_turtlesim/install/turtle_interfaces/share/turtle_interfaces/local_setup.zsh\n'}
[4.102877] (turtle_interfaces) StdoutLine: {'line': b'-- Installing: /home/moekatra22/catch_them_all_turtlesim/install/turtle_interfaces/share/turtle_interfaces/local_setup.dsv\n'}
[4.102915] (turtle_interfaces) StdoutLine: {'line': b'-- Installing: /home/moekatra22/catch_them_all_turtlesim/install/turtle_interfaces/share/turtle_interfaces/package.dsv\n'}
[4.102969] (turtle_interfaces) StdoutLine: {'line': b'-- Up-to-date: /home/moekatra22/catch_them_all_turtlesim/install/turtle_interfaces/share/ament_index/resource_index/packages/turtle_interfaces\n'}
[4.103066] (turtle_interfaces) StdoutLine: {'line': b'-- Up-to-date: /home/moekatra22/catch_them_all_turtlesim/install/turtle_interfaces/share/turtle_interfaces/cmake/export_turtle_interfaces__rosidl_generator_cExport.cmake\n'}
[4.103116] (turtle_interfaces) StdoutLine: {'line': b'-- Up-to-date: /home/moekatra22/catch_them_all_turtlesim/install/turtle_interfaces/share/turtle_interfaces/cmake/export_turtle_interfaces__rosidl_generator_cExport-noconfig.cmake\n'}
[4.103162] (turtle_interfaces) StdoutLine: {'line': b'-- Up-to-date: /home/moekatra22/catch_them_all_turtlesim/install/turtle_interfaces/share/turtle_interfaces/cmake/export_turtle_interfaces__rosidl_typesupport_fastrtps_cExport.cmake\n'}
[4.103210] (turtle_interfaces) StdoutLine: {'line': b'-- Up-to-date: /home/moekatra22/catch_them_all_turtlesim/install/turtle_interfaces/share/turtle_interfaces/cmake/export_turtle_interfaces__rosidl_typesupport_fastrtps_cExport-noconfig.cmake\n'}
[4.103285] (turtle_interfaces) StdoutLine: {'line': b'-- Up-to-date: /home/moekatra22/catch_them_all_turtlesim/install/turtle_interfaces/share/turtle_interfaces/cmake/turtle_interfaces__rosidl_typesupport_introspection_cExport.cmake\n'}
[4.103329] (turtle_interfaces) StdoutLine: {'line': b'-- Up-to-date: /home/moekatra22/catch_them_all_turtlesim/install/turtle_interfaces/share/turtle_interfaces/cmake/turtle_interfaces__rosidl_typesupport_introspection_cExport-noconfig.cmake\n'}
[4.103423] (turtle_interfaces) StdoutLine: {'line': b'-- Up-to-date: /home/moekatra22/catch_them_all_turtlesim/install/turtle_interfaces/share/turtle_interfaces/cmake/turtle_interfaces__rosidl_typesupport_cExport.cmake\n'}
[4.103477] (turtle_interfaces) StdoutLine: {'line': b'-- Up-to-date: /home/moekatra22/catch_them_all_turtlesim/install/turtle_interfaces/share/turtle_interfaces/cmake/turtle_interfaces__rosidl_typesupport_cExport-noconfig.cmake\n'}
[4.103658] (turtle_interfaces) StdoutLine: {'line': b'-- Up-to-date: /home/moekatra22/catch_them_all_turtlesim/install/turtle_interfaces/share/turtle_interfaces/cmake/export_turtle_interfaces__rosidl_generator_cppExport.cmake\n'}
[4.103705] (turtle_interfaces) StdoutLine: {'line': b'-- Up-to-date: /home/moekatra22/catch_them_all_turtlesim/install/turtle_interfaces/share/turtle_interfaces/cmake/export_turtle_interfaces__rosidl_typesupport_fastrtps_cppExport.cmake\n'}
[4.103792] (turtle_interfaces) StdoutLine: {'line': b'-- Up-to-date: /home/moekatra22/catch_them_all_turtlesim/install/turtle_interfaces/share/turtle_interfaces/cmake/export_turtle_interfaces__rosidl_typesupport_fastrtps_cppExport-noconfig.cmake\n'}
[4.103850] (turtle_interfaces) StdoutLine: {'line': b'-- Up-to-date: /home/moekatra22/catch_them_all_turtlesim/install/turtle_interfaces/share/turtle_interfaces/cmake/turtle_interfaces__rosidl_typesupport_introspection_cppExport.cmake\n'}
[4.103923] (turtle_interfaces) StdoutLine: {'line': b'-- Up-to-date: /home/moekatra22/catch_them_all_turtlesim/install/turtle_interfaces/share/turtle_interfaces/cmake/turtle_interfaces__rosidl_typesupport_introspection_cppExport-noconfig.cmake\n'}
[4.104010] (turtle_interfaces) StdoutLine: {'line': b'-- Up-to-date: /home/moekatra22/catch_them_all_turtlesim/install/turtle_interfaces/share/turtle_interfaces/cmake/turtle_interfaces__rosidl_typesupport_cppExport.cmake\n'}
[4.104123] (turtle_interfaces) StdoutLine: {'line': b'-- Up-to-date: /home/moekatra22/catch_them_all_turtlesim/install/turtle_interfaces/share/turtle_interfaces/cmake/turtle_interfaces__rosidl_typesupport_cppExport-noconfig.cmake\n'}
[4.104216] (turtle_interfaces) StdoutLine: {'line': b'-- Up-to-date: /home/moekatra22/catch_them_all_turtlesim/install/turtle_interfaces/share/turtle_interfaces/cmake/export_turtle_interfaces__rosidl_generator_pyExport.cmake\n'}
[4.104311] (turtle_interfaces) StdoutLine: {'line': b'-- Up-to-date: /home/moekatra22/catch_them_all_turtlesim/install/turtle_interfaces/share/turtle_interfaces/cmake/export_turtle_interfaces__rosidl_generator_pyExport-noconfig.cmake\n'}
[4.104346] (turtle_interfaces) StdoutLine: {'line': b'-- Up-to-date: /home/moekatra22/catch_them_all_turtlesim/install/turtle_interfaces/share/turtle_interfaces/cmake/rosidl_cmake-extras.cmake\n'}
[4.104375] (turtle_interfaces) StdoutLine: {'line': b'-- Up-to-date: /home/moekatra22/catch_them_all_turtlesim/install/turtle_interfaces/share/turtle_interfaces/cmake/ament_cmake_export_include_directories-extras.cmake\n'}
[4.104403] (turtle_interfaces) StdoutLine: {'line': b'-- Up-to-date: /home/moekatra22/catch_them_all_turtlesim/install/turtle_interfaces/share/turtle_interfaces/cmake/ament_cmake_export_libraries-extras.cmake\n'}
[4.104432] (turtle_interfaces) StdoutLine: {'line': b'-- Up-to-date: /home/moekatra22/catch_them_all_turtlesim/install/turtle_interfaces/share/turtle_interfaces/cmake/ament_cmake_export_targets-extras.cmake\n'}
[4.104461] (turtle_interfaces) StdoutLine: {'line': b'-- Up-to-date: /home/moekatra22/catch_them_all_turtlesim/install/turtle_interfaces/share/turtle_interfaces/cmake/rosidl_cmake_export_typesupport_targets-extras.cmake\n'}
[4.104489] (turtle_interfaces) StdoutLine: {'line': b'-- Up-to-date: /home/moekatra22/catch_them_all_turtlesim/install/turtle_interfaces/share/turtle_interfaces/cmake/ament_cmake_export_dependencies-extras.cmake\n'}
[4.104519] (turtle_interfaces) StdoutLine: {'line': b'-- Up-to-date: /home/moekatra22/catch_them_all_turtlesim/install/turtle_interfaces/share/turtle_interfaces/cmake/rosidl_cmake_export_typesupport_libraries-extras.cmake\n'}
[4.104551] (turtle_interfaces) StdoutLine: {'line': b'-- Up-to-date: /home/moekatra22/catch_them_all_turtlesim/install/turtle_interfaces/share/turtle_interfaces/cmake/turtle_interfacesConfig.cmake\n'}
[4.104579] (turtle_interfaces) StdoutLine: {'line': b'-- Up-to-date: /home/moekatra22/catch_them_all_turtlesim/install/turtle_interfaces/share/turtle_interfaces/cmake/turtle_interfacesConfig-version.cmake\n'}
[4.104609] (turtle_interfaces) StdoutLine: {'line': b'-- Up-to-date: /home/moekatra22/catch_them_all_turtlesim/install/turtle_interfaces/share/turtle_interfaces/package.xml\n'}
[4.107007] (turtle_interfaces) CommandEnded: {'returncode': 0}
[4.139845] (-) TimerEvent: {}
[4.191215] (turtle_interfaces) JobEnded: {'identifier': 'turtle_interfaces', 'rc': 0}
[4.191902] (py_pkg) JobStarted: {'identifier': 'py_pkg'}
[4.240178] (-) TimerEvent: {}
[4.345554] (-) TimerEvent: {}
[4.447667] (-) TimerEvent: {}
[4.548374] (-) TimerEvent: {}
[4.649364] (-) TimerEvent: {}
[4.713358] (py_pkg) Command: {'cmd': ['/usr/bin/python3', '-W', 'ignore:setup.py install is deprecated', 'setup.py', 'egg_info', '--egg-base', '../../build/py_pkg', 'build', '--build-base', '/home/moekatra22/catch_them_all_turtlesim/build/py_pkg/build', 'install', '--record', '/home/moekatra22/catch_them_all_turtlesim/build/py_pkg/install.log', '--single-version-externally-managed', 'install_data'], 'cwd': '/home/moekatra22/catch_them_all_turtlesim/src/py_pkg', 'env': {'USER': 'moekatra22', 'LC_TIME': 'ar_LB.UTF-8', 'XDG_SESSION_TYPE': 'wayland', 'SHLVL': '1', 'LD_LIBRARY_PATH': '/home/moekatra22/catch_them_all_turtlesim/install/turtle_interfaces/lib:/opt/ros/humble/opt/rviz_ogre_vendor/lib:/opt/ros/humble/lib/aarch64-linux-gnu:/opt/ros/humble/lib', 'HOME': '/home/moekatra22', 'OLDPWD': '/home/moekatra22', 'DESKTOP_SESSION': 'ubuntu', 'ROS_PYTHON_VERSION': '3', 'GNOME_SHELL_SESSION_MODE': 'ubuntu', 'GTK_MODULES': 'gail:atk-bridge', 'LC_MONETARY': 'ar_LB.UTF-8', 'SYSTEMD_EXEC_PID': '1217', 'DBUS_SESSION_BUS_ADDRESS': 'unix:path=/run/user/1000/bus', 'COLORTERM': 'truecolor', 'IM_CONFIG_PHASE': '1', 'WAYLAND_DISPLAY': 'wayland-0', 'COLCON_PREFIX_PATH': '/home/moekatra22/catch_them_all_turtlesim/install', 'ROS_DISTRO': 'humble', 'LOGNAME': 'moekatra22', '_': '/usr/bin/colcon', 'ROS_VERSION': '2', 'XDG_SESSION_CLASS': 'user', 'USERNAME': 'moekatra22', 'TERM': 'xterm-256color', 'GNOME_DESKTOP_SESSION_ID': 'this-is-deprecated', 'ROS_LOCALHOST_ONLY': '0', 'PATH': '/opt/ros/humble/bin:/usr/local/sbin:/usr/local/bin:/usr/sbin:/usr/bin:/sbin:/bin:/usr/games:/usr/local/games:/snap/bin:/snap/bin', 'SESSION_MANAGER': 'local/moekatra22-QEMU-Virtual-Machine:@/tmp/.ICE-unix/1176,unix/moekatra22-QEMU-Virtual-Machine:/tmp/.ICE-unix/1176', 'XDG_MENU_PREFIX': 'gnome-', 'LC_ADDRESS': 'ar_LB.UTF-8', 'GNOME_TERMINAL_SCREEN': '/org/gnome/Terminal/screen/d02298b2_04c0_4339_817b_432534799d75', 'GNOME_SETUP_DISPLAY': ':1', 'XDG_RUNTIME_DIR': '/run/user/1000', 'DISPLAY': ':0', 'LANG': 'en_US.UTF-8', 'XDG_CURRENT_DESKTOP': 'ubuntu:GNOME', 'LC_TELEPHONE': 'ar_LB.UTF-8', 'XMODIFIERS': '@im=ibus', 'XDG_SESSION_DESKTOP': 'ubuntu', 'XAUTHORITY': '/run/user/1000/.mutter-Xwaylandauth.YKPRM2', 'GNOME_TERMINAL_SERVICE': ':1.93', 'SSH_AGENT_LAUNCHER': 'gnome-keyring', 'SSH_AUTH_SOCK': '/run/user/1000/keyring/ssh', 'AMENT_PREFIX_PATH': '/home/moekatra22/catch_them_all_turtlesim/install/launch:/home/moekatra22/catch_them_all_turtlesim/install/py_pkg:/home/moekatra22/catch_them_all_turtlesim/install/turtle_interfaces:/opt/ros/humble', 'SHELL': '/bin/bash', 'LC_NAME': 'ar_LB.UTF-8', 'QT_ACCESSIBILITY': '1', 'GDMSESSION': 'ubuntu', 'LC_MEASUREMENT': 'ar_LB.UTF-8', 'LC_IDENTIFICATION': 'ar_LB.UTF-8', 'QT_IM_MODULE': 'ibus', 'PWD': '/home/moekatra22/catch_them_all_turtlesim/build/py_pkg', 'LC_ALL': 'en_US.UTF-8', 'XDG_CONFIG_DIRS': '/etc/xdg/xdg-ubuntu:/etc/xdg', 'XDG_DATA_DIRS': '/usr/share/ubuntu:/usr/local/share/:/usr/share/:/var/lib/snapd/desktop', 'PYTHONPATH': '/home/moekatra22/catch_them_all_turtlesim/build/py_pkg/prefix_override:/home/moekatra22/catch_them_all_turtlesim/install/py_pkg/lib/python3.10/site-packages:/home/moekatra22/catch_them_all_turtlesim/install/py_pkg/lib/python3.10/site-packages:/home/moekatra22/catch_them_all_turtlesim/install/turtle_interfaces/local/lib/python3.10/dist-packages:/opt/ros/humble/lib/python3.10/site-packages:/opt/ros/humble/local/lib/python3.10/dist-packages', 'LC_NUMERIC': 'ar_LB.UTF-8', 'LC_PAPER': 'ar_LB.UTF-8', 'COLCON': '1', 'VTE_VERSION': '6800', 'CMAKE_PREFIX_PATH': '/home/moekatra22/catch_them_all_turtlesim/install/turtle_interfaces:/home/moekatra22/catch_them_all_turtlesim/install/launch'}, 'shell': False}
[4.749443] (-) TimerEvent: {}
[4.849663] (-) TimerEvent: {}
[4.854438] (py_pkg) StdoutLine: {'line': b'running egg_info\n'}
[4.854853] (py_pkg) StdoutLine: {'line': b'writing ../../build/py_pkg/py_pkg.egg-info/PKG-INFO\n'}
[4.855018] (py_pkg) StdoutLine: {'line': b'writing dependency_links to ../../build/py_pkg/py_pkg.egg-info/dependency_links.txt\n'}
[4.855202] (py_pkg) StdoutLine: {'line': b'writing entry points to ../../build/py_pkg/py_pkg.egg-info/entry_points.txt\n'}
[4.855391] (py_pkg) StdoutLine: {'line': b'writing requirements to ../../build/py_pkg/py_pkg.egg-info/requires.txt\n'}
[4.855464] (py_pkg) StdoutLine: {'line': b'writing top-level names to ../../build/py_pkg/py_pkg.egg-info/top_level.txt\n'}
[4.856537] (py_pkg) StdoutLine: {'line': b"reading manifest file '../../build/py_pkg/py_pkg.egg-info/SOURCES.txt'\n"}
[4.857057] (py_pkg) StdoutLine: {'line': b"writing manifest file '../../build/py_pkg/py_pkg.egg-info/SOURCES.txt'\n"}
[4.857479] (py_pkg) StdoutLine: {'line': b'running build\n'}
[4.857524] (py_pkg) StdoutLine: {'line': b'running build_py\n'}
[4.857555] (py_pkg) StdoutLine: {'line': b'copying py_pkg/spawner_node.py -> /home/moekatra22/catch_them_all_turtlesim/build/py_pkg/build/lib/py_pkg\n'}
[4.858121] (py_pkg) StdoutLine: {'line': b'running install\n'}
[4.858155] (py_pkg) StdoutLine: {'line': b'running install_lib\n'}
[4.858724] (py_pkg) StdoutLine: {'line': b'copying /home/moekatra22/catch_them_all_turtlesim/build/py_pkg/build/lib/py_pkg/spawner_node.py -> /home/moekatra22/catch_them_all_turtlesim/install/py_pkg/lib/python3.10/site-packages/py_pkg\n'}
[4.858952] (py_pkg) StdoutLine: {'line': b'byte-compiling /home/moekatra22/catch_them_all_turtlesim/install/py_pkg/lib/python3.10/site-packages/py_pkg/spawner_node.py to spawner_node.cpython-310.pyc\n'}
[4.859845] (py_pkg) StdoutLine: {'line': b'running install_data\n'}
[4.859910] (py_pkg) StdoutLine: {'line': b'running install_egg_info\n'}
[4.861060] (py_pkg) StdoutLine: {'line': b"removing '/home/moekatra22/catch_them_all_turtlesim/install/py_pkg/lib/python3.10/site-packages/py_pkg-0.0.0-py3.10.egg-info' (and everything under it)\n"}
[4.862160] (py_pkg) StdoutLine: {'line': b'Copying ../../build/py_pkg/py_pkg.egg-info to /home/moekatra22/catch_them_all_turtlesim/install/py_pkg/lib/python3.10/site-packages/py_pkg-0.0.0-py3.10.egg-info\n'}
[4.862207] (py_pkg) StdoutLine: {'line': b'running install_scripts\n'}
[4.875327] (py_pkg) StdoutLine: {'line': b'Installing controller script to /home/moekatra22/catch_them_all_turtlesim/install/py_pkg/lib/py_pkg\n'}
[4.875837] (py_pkg) StdoutLine: {'line': b'Installing spawner script to /home/moekatra22/catch_them_all_turtlesim/install/py_pkg/lib/py_pkg\n'}
[4.880930] (py_pkg) StdoutLine: {'line': b"writing list of installed files to '/home/moekatra22/catch_them_all_turtlesim/build/py_pkg/install.log'\n"}
[4.895643] (py_pkg) CommandEnded: {'returncode': 0}
[4.899769] (py_pkg) JobEnded: {'identifier': 'py_pkg', 'rc': 0}
[4.900287] (launch) JobStarted: {'identifier': 'launch'}
[4.904938] (launch) JobProgress: {'identifier': 'launch', 'progress': 'cmake'}
[4.905369] (launch) JobProgress: {'identifier': 'launch', 'progress': 'build'}
[4.907595] (launch) Command: {'cmd': ['/usr/bin/cmake', '--build', '/home/moekatra22/catch_them_all_turtlesim/build/launch', '--', '-j4', '-l4'], 'cwd': '/home/moekatra22/catch_them_all_turtlesim/build/launch', 'env': OrderedDict([('USER', 'moekatra22'), ('LC_TIME', 'ar_LB.UTF-8'), ('XDG_SESSION_TYPE', 'wayland'), ('SHLVL', '1'), ('LD_LIBRARY_PATH', '/home/moekatra22/catch_them_all_turtlesim/install/turtle_interfaces/lib:/opt/ros/humble/opt/rviz_ogre_vendor/lib:/opt/ros/humble/lib/aarch64-linux-gnu:/opt/ros/humble/lib'), ('HOME', '/home/moekatra22'), ('OLDPWD', '/home/moekatra22'), ('DESKTOP_SESSION', 'ubuntu'), ('ROS_PYTHON_VERSION', '3'), ('GNOME_SHELL_SESSION_MODE', 'ubuntu'), ('GTK_MODULES', 'gail:atk-bridge'), ('LC_MONETARY', 'ar_LB.UTF-8'), ('SYSTEMD_EXEC_PID', '1217'), ('DBUS_SESSION_BUS_ADDRESS', 'unix:path=/run/user/1000/bus'), ('COLORTERM', 'truecolor'), ('IM_CONFIG_PHASE', '1'), ('WAYLAND_DISPLAY', 'wayland-0'), ('COLCON_PREFIX_PATH', '/home/moekatra22/catch_them_all_turtlesim/install'), ('ROS_DISTRO', 'humble'), ('LOGNAME', 'moekatra22'), ('_', '/usr/bin/colcon'), ('ROS_VERSION', '2'), ('XDG_SESSION_CLASS', 'user'), ('USERNAME', 'moekatra22'), ('TERM', 'xterm-256color'), ('GNOME_DESKTOP_SESSION_ID', 'this-is-deprecated'), ('ROS_LOCALHOST_ONLY', '0'), ('PATH', '/opt/ros/humble/bin:/usr/local/sbin:/usr/local/bin:/usr/sbin:/usr/bin:/sbin:/bin:/usr/games:/usr/local/games:/snap/bin:/snap/bin'), ('SESSION_MANAGER', 'local/moekatra22-QEMU-Virtual-Machine:@/tmp/.ICE-unix/1176,unix/moekatra22-QEMU-Virtual-Machine:/tmp/.ICE-unix/1176'), ('XDG_MENU_PREFIX', 'gnome-'), ('LC_ADDRESS', 'ar_LB.UTF-8'), ('GNOME_TERMINAL_SCREEN', '/org/gnome/Terminal/screen/d02298b2_04c0_4339_817b_432534799d75'), ('GNOME_SETUP_DISPLAY', ':1'), ('XDG_RUNTIME_DIR', '/run/user/1000'), ('DISPLAY', ':0'), ('LANG', 'en_US.UTF-8'), ('XDG_CURRENT_DESKTOP', 'ubuntu:GNOME'), ('LC_TELEPHONE', 'ar_LB.UTF-8'), ('XMODIFIERS', '@im=ibus'), ('XDG_SESSION_DESKTOP', 'ubuntu'), ('XAUTHORITY', '/run/user/1000/.mutter-Xwaylandauth.YKPRM2'), ('GNOME_TERMINAL_SERVICE', ':1.93'), ('SSH_AGENT_LAUNCHER', 'gnome-keyring'), ('SSH_AUTH_SOCK', '/run/user/1000/keyring/ssh'), ('AMENT_PREFIX_PATH', '/home/moekatra22/catch_them_all_turtlesim/install/py_pkg:/home/moekatra22/catch_them_all_turtlesim/install/launch:/home/moekatra22/catch_them_all_turtlesim/install/turtle_interfaces:/opt/ros/humble'), ('SHELL', '/bin/bash'), ('LC_NAME', 'ar_LB.UTF-8'), ('QT_ACCESSIBILITY', '1'), ('GDMSESSION', 'ubuntu'), ('LC_MEASUREMENT', 'ar_LB.UTF-8'), ('LC_IDENTIFICATION', 'ar_LB.UTF-8'), ('QT_IM_MODULE', 'ibus'), ('PWD', '/home/moekatra22/catch_them_all_turtlesim/build/launch'), ('LC_ALL', 'en_US.UTF-8'), ('XDG_CONFIG_DIRS', '/etc/xdg/xdg-ubuntu:/etc/xdg'), ('XDG_DATA_DIRS', '/usr/share/ubuntu:/usr/local/share/:/usr/share/:/var/lib/snapd/desktop'), ('PYTHONPATH', '/home/moekatra22/catch_them_all_turtlesim/install/py_pkg/lib/python3.10/site-packages:/home/moekatra22/catch_them_all_turtlesim/install/turtle_interfaces/local/lib/python3.10/dist-packages:/opt/ros/humble/lib/python3.10/site-packages:/opt/ros/humble/local/lib/python3.10/dist-packages'), ('LC_NUMERIC', 'ar_LB.UTF-8'), ('LC_PAPER', 'ar_LB.UTF-8'), ('COLCON', '1'), ('VTE_VERSION', '6800'), ('CMAKE_PREFIX_PATH', '/home/moekatra22/catch_them_all_turtlesim/install/turtle_interfaces:/home/moekatra22/catch_them_all_turtlesim/install/launch:/home/moekatra22/catch_them_all_turtlesim/install/py_pkg:/opt/ros/humble')]), 'shell': False}
[4.933166] (launch) CommandEnded: {'returncode': 0}
[4.947942] (launch) JobProgress: {'identifier': 'launch', 'progress': 'install'}
[4.948684] (launch) Command: {'cmd': ['/usr/bin/cmake', '--install', '/home/moekatra22/catch_them_all_turtlesim/build/launch'], 'cwd': '/home/moekatra22/catch_them_all_turtlesim/build/launch', 'env': OrderedDict([('USER', 'moekatra22'), ('LC_TIME', 'ar_LB.UTF-8'), ('XDG_SESSION_TYPE', 'wayland'), ('SHLVL', '1'), ('LD_LIBRARY_PATH', '/home/moekatra22/catch_them_all_turtlesim/install/turtle_interfaces/lib:/opt/ros/humble/opt/rviz_ogre_vendor/lib:/opt/ros/humble/lib/aarch64-linux-gnu:/opt/ros/humble/lib'), ('HOME', '/home/moekatra22'), ('OLDPWD', '/home/moekatra22'), ('DESKTOP_SESSION', 'ubuntu'), ('ROS_PYTHON_VERSION', '3'), ('GNOME_SHELL_SESSION_MODE', 'ubuntu'), ('GTK_MODULES', 'gail:atk-bridge'), ('LC_MONETARY', 'ar_LB.UTF-8'), ('SYSTEMD_EXEC_PID', '1217'), ('DBUS_SESSION_BUS_ADDRESS', 'unix:path=/run/user/1000/bus'), ('COLORTERM', 'truecolor'), ('IM_CONFIG_PHASE', '1'), ('WAYLAND_DISPLAY', 'wayland-0'), ('COLCON_PREFIX_PATH', '/home/moekatra22/catch_them_all_turtlesim/install'), ('ROS_DISTRO', 'humble'), ('LOGNAME', 'moekatra22'), ('_', '/usr/bin/colcon'), ('ROS_VERSION', '2'), ('XDG_SESSION_CLASS', 'user'), ('USERNAME', 'moekatra22'), ('TERM', 'xterm-256color'), ('GNOME_DESKTOP_SESSION_ID', 'this-is-deprecated'), ('ROS_LOCALHOST_ONLY', '0'), ('PATH', '/opt/ros/humble/bin:/usr/local/sbin:/usr/local/bin:/usr/sbin:/usr/bin:/sbin:/bin:/usr/games:/usr/local/games:/snap/bin:/snap/bin'), ('SESSION_MANAGER', 'local/moekatra22-QEMU-Virtual-Machine:@/tmp/.ICE-unix/1176,unix/moekatra22-QEMU-Virtual-Machine:/tmp/.ICE-unix/1176'), ('XDG_MENU_PREFIX', 'gnome-'), ('LC_ADDRESS', 'ar_LB.UTF-8'), ('GNOME_TERMINAL_SCREEN', '/org/gnome/Terminal/screen/d02298b2_04c0_4339_817b_432534799d75'), ('GNOME_SETUP_DISPLAY', ':1'), ('XDG_RUNTIME_DIR', '/run/user/1000'), ('DISPLAY', ':0'), ('LANG', 'en_US.UTF-8'), ('XDG_CURRENT_DESKTOP', 'ubuntu:GNOME'), ('LC_TELEPHONE', 'ar_LB.UTF-8'), ('XMODIFIERS', '@im=ibus'), ('XDG_SESSION_DESKTOP', 'ubuntu'), ('XAUTHORITY', '/run/user/1000/.mutter-Xwaylandauth.YKPRM2'), ('GNOME_TERMINAL_SERVICE', ':1.93'), ('SSH_AGENT_LAUNCHER', 'gnome-keyring'), ('SSH_AUTH_SOCK', '/run/user/1000/keyring/ssh'), ('AMENT_PREFIX_PATH', '/home/moekatra22/catch_them_all_turtlesim/install/py_pkg:/home/moekatra22/catch_them_all_turtlesim/install/launch:/home/moekatra22/catch_them_all_turtlesim/install/turtle_interfaces:/opt/ros/humble'), ('SHELL', '/bin/bash'), ('LC_NAME', 'ar_LB.UTF-8'), ('QT_ACCESSIBILITY', '1'), ('GDMSESSION', 'ubuntu'), ('LC_MEASUREMENT', 'ar_LB.UTF-8'), ('LC_IDENTIFICATION', 'ar_LB.UTF-8'), ('QT_IM_MODULE', 'ibus'), ('PWD', '/home/moekatra22/catch_them_all_turtlesim/build/launch'), ('LC_ALL', 'en_US.UTF-8'), ('XDG_CONFIG_DIRS', '/etc/xdg/xdg-ubuntu:/etc/xdg'), ('XDG_DATA_DIRS', '/usr/share/ubuntu:/usr/local/share/:/usr/share/:/var/lib/snapd/desktop'), ('PYTHONPATH', '/home/moekatra22/catch_them_all_turtlesim/install/py_pkg/lib/python3.10/site-packages:/home/moekatra22/catch_them_all_turtlesim/install/turtle_interfaces/local/lib/python3.10/dist-packages:/opt/ros/humble/lib/python3.10/site-packages:/opt/ros/humble/local/lib/python3.10/dist-packages'), ('LC_NUMERIC', 'ar_LB.UTF-8'), ('LC_PAPER', 'ar_LB.UTF-8'), ('COLCON', '1'), ('VTE_VERSION', '6800'), ('CMAKE_PREFIX_PATH', '/home/moekatra22/catch_them_all_turtlesim/install/turtle_interfaces:/home/moekatra22/catch_them_all_turtlesim/install/launch:/home/moekatra22/catch_them_all_turtlesim/install/py_pkg:/opt/ros/humble')]), 'shell': False}
[4.950010] (-) TimerEvent: {}
[4.953632] (launch) StdoutLine: {'line': b'-- Install configuration: ""\n'}
[4.953791] (launch) StdoutLine: {'line': b'-- Up-to-date: /home/moekatra22/catch_them_all_turtlesim/install/launch/share/launch/launch\n'}
[4.953883] (launch) StdoutLine: {'line': b'-- Up-to-date: /home/moekatra22/catch_them_all_turtlesim/install/launch/share/launch/launch/catch_them_all.launch.py\n'}
[4.953918] (launch) StdoutLine: {'line': b'-- Up-to-date: /home/moekatra22/catch_them_all_turtlesim/install/launch/share/ament_index/resource_index/package_run_dependencies/launch\n'}
[4.953951] (launch) StdoutLine: {'line': b'-- Up-to-date: /home/moekatra22/catch_them_all_turtlesim/install/launch/share/ament_index/resource_index/parent_prefix_path/launch\n'}
[4.953992] (launch) StdoutLine: {'line': b'-- Up-to-date: /home/moekatra22/catch_them_all_turtlesim/install/launch/share/launch/environment/ament_prefix_path.sh\n'}
[4.954024] (launch) StdoutLine: {'line': b'-- Up-to-date: /home/moekatra22/catch_them_all_turtlesim/install/launch/share/launch/environment/ament_prefix_path.dsv\n'}
[4.954053] (launch) StdoutLine: {'line': b'-- Up-to-date: /home/moekatra22/catch_them_all_turtlesim/install/launch/share/launch/environment/path.sh\n'}
[4.954082] (launch) StdoutLine: {'line': b'-- Up-to-date: /home/moekatra22/catch_them_all_turtlesim/install/launch/share/launch/environment/path.dsv\n'}
[4.954125] (launch) StdoutLine: {'line': b'-- Up-to-date: /home/moekatra22/catch_them_all_turtlesim/install/launch/share/launch/local_setup.bash\n'}
[4.954156] (launch) StdoutLine: {'line': b'-- Up-to-date: /home/moekatra22/catch_them_all_turtlesim/install/launch/share/launch/local_setup.sh\n'}
[4.954184] (launch) StdoutLine: {'line': b'-- Up-to-date: /home/moekatra22/catch_them_all_turtlesim/install/launch/share/launch/local_setup.zsh\n'}
[4.954240] (launch) StdoutLine: {'line': b'-- Up-to-date: /home/moekatra22/catch_them_all_turtlesim/install/launch/share/launch/local_setup.dsv\n'}
[4.954271] (launch) StdoutLine: {'line': b'-- Installing: /home/moekatra22/catch_them_all_turtlesim/install/launch/share/launch/package.dsv\n'}
[4.954300] (launch) StdoutLine: {'line': b'-- Up-to-date: /home/moekatra22/catch_them_all_turtlesim/install/launch/share/ament_index/resource_index/packages/launch\n'}
[4.954329] (launch) StdoutLine: {'line': b'-- Up-to-date: /home/moekatra22/catch_them_all_turtlesim/install/launch/share/launch/cmake/launchConfig.cmake\n'}
[4.954358] (launch) StdoutLine: {'line': b'-- Up-to-date: /home/moekatra22/catch_them_all_turtlesim/install/launch/share/launch/cmake/launchConfig-version.cmake\n'}
[4.954386] (launch) StdoutLine: {'line': b'-- Up-to-date: /home/moekatra22/catch_them_all_turtlesim/install/launch/share/launch/package.xml\n'}
[4.959260] (launch) CommandEnded: {'returncode': 0}
[4.999636] (launch) JobEnded: {'identifier': 'launch', 'rc': 0}
[5.000518] (-) EventReactorShutdown: {}
