[0.000000] (-) TimerEvent: {}
[0.000533] (turtle_interfaces) JobQueued: {'identifier': 'turtle_interfaces', 'dependencies': OrderedDict()}
[0.000559] (py_pkg) JobQueued: {'identifier': 'py_pkg', 'dependencies': OrderedDict([('turtle_interfaces', '/home/moekatra22/catch_them_all_turtlesim/install/turtle_interfaces')])}
[0.000573] (launch) JobQueued: {'identifier': 'launch', 'dependencies': OrderedDict([('turtle_interfaces', '/home/moekatra22/catch_them_all_turtlesim/install/turtle_interfaces'), ('py_pkg', '/home/moekatra22/catch_them_all_turtlesim/install/py_pkg')])}
[0.000583] (turtle_interfaces) JobStarted: {'identifier': 'turtle_interfaces'}
[0.004958] (turtle_interfaces) JobProgress: {'identifier': 'turtle_interfaces', 'progress': 'cmake'}
[0.005531] (turtle_interfaces) JobProgress: {'identifier': 'turtle_interfaces', 'progress': 'build'}
[0.006130] (turtle_interfaces) Command: {'cmd': ['/usr/bin/cmake', '--build', '/home/moekatra22/catch_them_all_turtlesim/build/turtle_interfaces', '--', '-j4', '-l4'], 'cwd': '/home/moekatra22/catch_them_all_turtlesim/build/turtle_interfaces', 'env': OrderedDict([('USER', 'moekatra22'), ('LC_TIME', 'ar_LB.UTF-8'), ('XDG_SESSION_TYPE', 'wayland'), ('SHLVL', '1'), ('LD_LIBRARY_PATH', '/home/moekatra22/catch_them_all_turtlesim/install/turtle_interfaces/lib:/opt/ros/humble/opt/rviz_ogre_vendor/lib:/opt/ros/humble/lib/aarch64-linux-gnu:/opt/ros/humble/lib'), ('HOME', '/home/moekatra22'), ('OLDPWD', '/home/moekatra22'), ('DESKTOP_SESSION', 'ubuntu'), ('ROS_PYTHON_VERSION', '3'), ('GNOME_SHELL_SESSION_MODE', 'ubuntu'), ('GTK_MODULES', 'gail:atk-bridge'), ('LC_MONETARY', 'ar_LB.UTF-8'), ('SYSTEMD_EXEC_PID', '1217'), ('DBUS_SESSION_BUS_ADDRESS', 'unix:path=/run/user/1000/bus'), ('COLORTERM', 'truecolor'), ('IM_CONFIG_PHASE', '1'), ('WAYLAND_DISPLAY', 'wayland-0'), ('COLCON_PREFIX_PATH', '/home/moekatra22/catch_them_all_turtlesim/install'), ('ROS_DISTRO', 'humble'), ('LOGNAME', 'moekatra22'), ('_', '/usr/bin/colcon'), ('ROS_VERSION', '2'), ('XDG_SESSION_CLASS', 'user'), ('USERNAME', 'moekatra22'), ('TERM', 'xterm-256color'), ('GNOME_DESKTOP_SESSION_ID', 'this-is-deprecated'), ('ROS_LOCALHOST_ONLY', '0'), ('PATH', '/opt/ros/humble/bin:/usr/local/sbin:/usr/local/bin:/usr/sbin:/usr/bin:/sbin:/bin:/usr/games:/usr/local/games:/snap/bin:/snap/bin'), ('SESSION_MANAGER', 'local/moekatra22-QEMU-Virtual-Machine:@/tmp/.ICE-unix/1176,unix/moekatra22-QEMU-Virtual-Machine:/tmp/.ICE-unix/1176'), ('XDG_MENU_PREFIX', 'gnome-'), ('LC_ADDRESS', 'ar_LB.UTF-8'), ('GNOME_TERMINAL_SCREEN', '/org/gnome/Terminal/screen/352d06b1_8c07_4430_a633_869fe91f8b37'), ('GNOME_SETUP_DISPLAY', ':1'), ('XDG_RUNTIME_DIR', '/run/user/1000'), ('DISPLAY', ':0'), ('LANG', 'en_US.UTF-8'), ('XDG_CURRENT_DESKTOP', 'ubuntu:GNOME'), ('LC_TELEPHONE', 'ar_LB.UTF-8'), ('XMODIFIERS', '@im=ibus'), ('XDG_SESSION_DESKTOP', 'ubuntu'), ('XAUTHORITY', '/run/user/1000/.mutter-Xwaylandauth.YKPRM2'), ('GNOME_TERMINAL_SERVICE', ':1.93'), ('SSH_AGENT_LAUNCHER', 'gnome-keyring'), ('SSH_AUTH_SOCK', '/run/user/1000/keyring/ssh'), ('AMENT_PREFIX_PATH', '/home/moekatra22/catch_them_all_turtlesim/install/launch:/home/moekatra22/catch_them_all_turtlesim/install/py_pkg:/home/moekatra22/catch_them_all_turtlesim/install/turtle_interfaces:/opt/ros/humble'), ('SHELL', '/bin/bash'), ('LC_NAME', 'ar_LB.UTF-8'), ('QT_ACCESSIBILITY', '1'), ('GDMSESSION', 'ubuntu'), ('LC_MEASUREMENT', 'ar_LB.UTF-8'), ('LC_IDENTIFICATION', 'ar_LB.UTF-8'), ('QT_IM_MODULE', 'ibus'), ('PWD', '/home/moekatra22/catch_them_all_turtlesim/build/turtle_interfaces'), ('LC_ALL', 'en_US.UTF-8'), ('XDG_CONFIG_DIRS', '/etc/xdg/xdg-ubuntu:/etc/xdg'), ('XDG_DATA_DIRS', '/usr/share/ubuntu:/usr/local/share/:/usr/share/:/var/lib/snapd/desktop'), ('PYTHONPATH', '/home/moekatra22/catch_them_all_turtlesim/install/py_pkg/lib/python3.10/site-packages:/home/moekatra22/catch_them_all_turtlesim/install/turtle_interfaces/local/lib/python3.10/dist-packages:/opt/ros/humble/lib/python3.10/site-packages:/opt/ros/humble/local/lib/python3.10/dist-packages'), ('LC_NUMERIC', 'ar_LB.UTF-8'), ('LC_PAPER', 'ar_LB.UTF-8'), ('COLCON', '1'), ('VTE_VERSION', '6800'), ('CMAKE_PREFIX_PATH', '/home/moekatra22/catch_them_all_turtlesim/install/launch:/home/moekatra22/catch_them_all_turtlesim/install/turtle_interfaces:/home/moekatra22/catch_them_all_turtlesim/install/py_pkg:/opt/ros/humble')]), 'shell': False}
[0.049976] (turtle_interfaces) StdoutLine: {'line': b'[  2%] Built target turtle_interfaces__cpp\n'}
[0.050180] (turtle_interfaces) StdoutLine: {'line': b'[ 12%] Built target turtle_interfaces__rosidl_generator_c\n'}
[0.052733] (turtle_interfaces) StdoutLine: {'line': b'[ 12%] Built target ament_cmake_python_copy_turtle_interfaces\n'}
[0.063057] (turtle_interfaces) StdoutLine: {'line': b'[ 23%] Built target turtle_interfaces__rosidl_typesupport_introspection_c\n'}
[0.068993] (turtle_interfaces) StdoutLine: {'line': b'[ 34%] Built target turtle_interfaces__rosidl_typesupport_c\n'}
[0.070522] (turtle_interfaces) StdoutLine: {'line': b'[ 44%] Built target turtle_interfaces__rosidl_typesupport_fastrtps_cpp\n'}
[0.071797] (turtle_interfaces) StdoutLine: {'line': b'[ 55%] Built target turtle_interfaces__rosidl_typesupport_fastrtps_c\n'}
[0.077110] (turtle_interfaces) StdoutLine: {'line': b'[ 65%] Built target turtle_interfaces__rosidl_typesupport_introspection_cpp\n'}
[0.085399] (turtle_interfaces) StdoutLine: {'line': b'[ 76%] Built target turtle_interfaces__rosidl_typesupport_cpp\n'}
[0.096912] (turtle_interfaces) StdoutLine: {'line': b'[ 76%] Built target turtle_interfaces\n'}
[0.099394] (-) TimerEvent: {}
[0.108588] (turtle_interfaces) StdoutLine: {'line': b'[ 78%] Built target turtle_interfaces__py\n'}
[0.130643] (turtle_interfaces) StdoutLine: {'line': b'[ 87%] Built target turtle_interfaces__rosidl_generator_py\n'}
[0.146634] (turtle_interfaces) StdoutLine: {'line': b'[ 91%] Built target turtle_interfaces__rosidl_typesupport_c__pyext\n'}
[0.150309] (turtle_interfaces) StdoutLine: {'line': b'[ 95%] Built target turtle_interfaces__rosidl_typesupport_introspection_c__pyext\n'}
[0.151506] (turtle_interfaces) StdoutLine: {'line': b'[100%] Built target turtle_interfaces__rosidl_typesupport_fastrtps_c__pyext\n'}
[0.199649] (-) TimerEvent: {}
[0.220796] (turtle_interfaces) StdoutLine: {'line': b'running egg_info\n'}
[0.221190] (turtle_interfaces) StdoutLine: {'line': b'writing turtle_interfaces.egg-info/PKG-INFO\n'}
[0.221414] (turtle_interfaces) StdoutLine: {'line': b'writing dependency_links to turtle_interfaces.egg-info/dependency_links.txt\n'}
[0.221520] (turtle_interfaces) StdoutLine: {'line': b'writing top-level names to turtle_interfaces.egg-info/top_level.txt\n'}
[0.222965] (turtle_interfaces) StdoutLine: {'line': b"reading manifest file 'turtle_interfaces.egg-info/SOURCES.txt'\n"}
[0.223336] (turtle_interfaces) StdoutLine: {'line': b"writing manifest file 'turtle_interfaces.egg-info/SOURCES.txt'\n"}
[0.238559] (turtle_interfaces) StdoutLine: {'line': b'[100%] Built target ament_cmake_python_build_turtle_interfaces_egg\n'}
[0.244527] (turtle_interfaces) CommandEnded: {'returncode': 0}
[0.294723] (turtle_interfaces) JobProgress: {'identifier': 'turtle_interfaces', 'progress': 'install'}
[0.299749] (-) TimerEvent: {}
[0.301194] (turtle_interfaces) Command: {'cmd': ['/usr/bin/cmake', '--install', '/home/moekatra22/catch_them_all_turtlesim/build/turtle_interfaces'], 'cwd': '/home/moekatra22/catch_them_all_turtlesim/build/turtle_interfaces', 'env': OrderedDict([('USER', 'moekatra22'), ('LC_TIME', 'ar_LB.UTF-8'), ('XDG_SESSION_TYPE', 'wayland'), ('SHLVL', '1'), ('LD_LIBRARY_PATH', '/home/moekatra22/catch_them_all_turtlesim/install/turtle_interfaces/lib:/opt/ros/humble/opt/rviz_ogre_vendor/lib:/opt/ros/humble/lib/aarch64-linux-gnu:/opt/ros/humble/lib'), ('HOME', '/home/moekatra22'), ('OLDPWD', '/home/moekatra22'), ('DESKTOP_SESSION', 'ubuntu'), ('ROS_PYTHON_VERSION', '3'), ('GNOME_SHELL_SESSION_MODE', 'ubuntu'), ('GTK_MODULES', 'gail:atk-bridge'), ('LC_MONETARY', 'ar_LB.UTF-8'), ('SYSTEMD_EXEC_PID', '1217'), ('DBUS_SESSION_BUS_ADDRESS', 'unix:path=/run/user/1000/bus'), ('COLORTERM', 'truecolor'), ('IM_CONFIG_PHASE', '1'), ('WAYLAND_DISPLAY', 'wayland-0'), ('COLCON_PREFIX_PATH', '/home/moekatra22/catch_them_all_turtlesim/install'), ('ROS_DISTRO', 'humble'), ('LOGNAME', 'moekatra22'), ('_', '/usr/bin/colcon'), ('ROS_VERSION', '2'), ('XDG_SESSION_CLASS', 'user'), ('USERNAME', 'moekatra22'), ('TERM', 'xterm-256color'), ('GNOME_DESKTOP_SESSION_ID', 'this-is-deprecated'), ('ROS_LOCALHOST_ONLY', '0'), ('PATH', '/opt/ros/humble/bin:/usr/local/sbin:/usr/local/bin:/usr/sbin:/usr/bin:/sbin:/bin:/usr/games:/usr/local/games:/snap/bin:/snap/bin'), ('SESSION_MANAGER', 'local/moekatra22-QEMU-Virtual-Machine:@/tmp/.ICE-unix/1176,unix/moekatra22-QEMU-Virtual-Machine:/tmp/.ICE-unix/1176'), ('XDG_MENU_PREFIX', 'gnome-'), ('LC_ADDRESS', 'ar_LB.UTF-8'), ('GNOME_TERMINAL_SCREEN', '/org/gnome/Terminal/screen/352d06b1_8c07_4430_a633_869fe91f8b37'), ('GNOME_SETUP_DISPLAY', ':1'), ('XDG_RUNTIME_DIR', '/run/user/1000'), ('DISPLAY', ':0'), ('LANG', 'en_US.UTF-8'), ('XDG_CURRENT_DESKTOP', 'ubuntu:GNOME'), ('LC_TELEPHONE', 'ar_LB.UTF-8'), ('XMODIFIERS', '@im=ibus'), ('XDG_SESSION_DESKTOP', 'ubuntu'), ('XAUTHORITY', '/run/user/1000/.mutter-Xwaylandauth.YKPRM2'), ('GNOME_TERMINAL_SERVICE', ':1.93'), ('SSH_AGENT_LAUNCHER', 'gnome-keyring'), ('SSH_AUTH_SOCK', '/run/user/1000/keyring/ssh'), ('AMENT_PREFIX_PATH', '/home/moekatra22/catch_them_all_turtlesim/install/launch:/home/moekatra22/catch_them_all_turtlesim/install/py_pkg:/home/moekatra22/catch_them_all_turtlesim/install/turtle_interfaces:/opt/ros/humble'), ('SHELL', '/bin/bash'), ('LC_NAME', 'ar_LB.UTF-8'), ('QT_ACCESSIBILITY', '1'), ('GDMSESSION', 'ubuntu'), ('LC_MEASUREMENT', 'ar_LB.UTF-8'), ('LC_IDENTIFICATION', 'ar_LB.UTF-8'), ('QT_IM_MODULE', 'ibus'), ('PWD', '/home/moekatra22/catch_them_all_turtlesim/build/turtle_interfaces'), ('LC_ALL', 'en_US.UTF-8'), ('XDG_CONFIG_DIRS', '/etc/xdg/xdg-ubuntu:/etc/xdg'), ('XDG_DATA_DIRS', '/usr/share/ubuntu:/usr/local/share/:/usr/share/:/var/lib/snapd/desktop'), ('PYTHONPATH', '/home/moekatra22/catch_them_all_turtlesim/install/py_pkg/lib/python3.10/site-packages:/home/moekatra22/catch_them_all_turtlesim/install/turtle_interfaces/local/lib/python3.10/dist-packages:/opt/ros/humble/lib/python3.10/site-packages:/opt/ros/humble/local/lib/python3.10/dist-packages'), ('LC_NUMERIC', 'ar_LB.UTF-8'), ('LC_PAPER', 'ar_LB.UTF-8'), ('COLCON', '1'), ('VTE_VERSION', '6800'), ('CMAKE_PREFIX_PATH', '/home/moekatra22/catch_them_all_turtlesim/install/launch:/home/moekatra22/catch_them_all_turtlesim/install/turtle_interfaces:/home/moekatra22/catch_them_all_turtlesim/install/py_pkg:/opt/ros/humble')]), 'shell': False}
[0.305450] (turtle_interfaces) StdoutLine: {'line': b'-- Install configuration: ""\n'}
[0.305583] (turtle_interfaces) StdoutLine: {'line': b'-- Up-to-date: /home/moekatra22/catch_them_all_turtlesim/install/turtle_interfaces/share/ament_index/resource_index/rosidl_interfaces/turtle_interfaces\n'}
[0.305673] (turtle_interfaces) StdoutLine: {'line': b'-- Up-to-date: /home/moekatra22/catch_them_all_turtlesim/install/turtle_interfaces/include/turtle_interfaces/turtle_interfaces\n'}
[0.305709] (turtle_interfaces) StdoutLine: {'line': b'-- Up-to-date: /home/moekatra22/catch_them_all_turtlesim/install/turtle_interfaces/include/turtle_interfaces/turtle_interfaces/msg\n'}
[0.305745] (turtle_interfaces) StdoutLine: {'line': b'-- Up-to-date: /home/moekatra22/catch_them_all_turtlesim/install/turtle_interfaces/include/turtle_interfaces/turtle_interfaces/msg/detail\n'}
[0.305783] (turtle_interfaces) StdoutLine: {'line': b'-- Up-to-date: /home/moekatra22/catch_them_all_turtlesim/install/turtle_interfaces/include/turtle_interfaces/turtle_interfaces/msg/detail/turtle_array__type_support.h\n'}
[0.305827] (turtle_interfaces) StdoutLine: {'line': b'-- Up-to-date: /home/moekatra22/catch_them_all_turtlesim/install/turtle_interfaces/include/turtle_interfaces/turtle_interfaces/msg/detail/turtle__struct.h\n'}
[0.305858] (turtle_interfaces) StdoutLine: {'line': b'-- Up-to-date: /home/moekatra22/catch_them_all_turtlesim/install/turtle_interfaces/include/turtle_interfaces/turtle_interfaces/msg/detail/turtle__functions.h\n'}
[0.305886] (turtle_interfaces) StdoutLine: {'line': b'-- Up-to-date: /home/moekatra22/catch_them_all_turtlesim/install/turtle_interfaces/include/turtle_interfaces/turtle_interfaces/msg/detail/turtle__functions.c\n'}
[0.305922] (turtle_interfaces) StdoutLine: {'line': b'-- Up-to-date: /home/moekatra22/catch_them_all_turtlesim/install/turtle_interfaces/include/turtle_interfaces/turtle_interfaces/msg/detail/turtle_array__functions.c\n'}
[0.305950] (turtle_interfaces) StdoutLine: {'line': b'-- Up-to-date: /home/moekatra22/catch_them_all_turtlesim/install/turtle_interfaces/include/turtle_interfaces/turtle_interfaces/msg/detail/turtle_array__functions.h\n'}
[0.306017] (turtle_interfaces) StdoutLine: {'line': b'-- Up-to-date: /home/moekatra22/catch_them_all_turtlesim/install/turtle_interfaces/include/turtle_interfaces/turtle_interfaces/msg/detail/turtle_array__struct.h\n'}
[0.306063] (turtle_interfaces) StdoutLine: {'line': b'-- Up-to-date: /home/moekatra22/catch_them_all_turtlesim/install/turtle_interfaces/include/turtle_interfaces/turtle_interfaces/msg/detail/turtle__type_support.h\n'}
[0.306104] (turtle_interfaces) StdoutLine: {'line': b'-- Up-to-date: /home/moekatra22/catch_them_all_turtlesim/install/turtle_interfaces/include/turtle_interfaces/turtle_interfaces/msg/turtle.h\n'}
[0.306136] (turtle_interfaces) StdoutLine: {'line': b'-- Up-to-date: /home/moekatra22/catch_them_all_turtlesim/install/turtle_interfaces/include/turtle_interfaces/turtle_interfaces/msg/turtle_array.h\n'}
[0.306166] (turtle_interfaces) StdoutLine: {'line': b'-- Up-to-date: /home/moekatra22/catch_them_all_turtlesim/install/turtle_interfaces/include/turtle_interfaces/turtle_interfaces/msg/rosidl_generator_c__visibility_control.h\n'}
[0.306194] (turtle_interfaces) StdoutLine: {'line': b'-- Up-to-date: /home/moekatra22/catch_them_all_turtlesim/install/turtle_interfaces/include/turtle_interfaces/turtle_interfaces/srv\n'}
[0.306223] (turtle_interfaces) StdoutLine: {'line': b'-- Up-to-date: /home/moekatra22/catch_them_all_turtlesim/install/turtle_interfaces/include/turtle_interfaces/turtle_interfaces/srv/detail\n'}
[0.306251] (turtle_interfaces) StdoutLine: {'line': b'-- Up-to-date: /home/moekatra22/catch_them_all_turtlesim/install/turtle_interfaces/include/turtle_interfaces/turtle_interfaces/srv/detail/catch_turtle__functions.h\n'}
[0.306279] (turtle_interfaces) StdoutLine: {'line': b'-- Up-to-date: /home/moekatra22/catch_them_all_turtlesim/install/turtle_interfaces/include/turtle_interfaces/turtle_interfaces/srv/detail/catch_turtle__struct.h\n'}
[0.306324] (turtle_interfaces) StdoutLine: {'line': b'-- Up-to-date: /home/moekatra22/catch_them_all_turtlesim/install/turtle_interfaces/include/turtle_interfaces/turtle_interfaces/srv/detail/catch_turtle__type_support.h\n'}
[0.306364] (turtle_interfaces) StdoutLine: {'line': b'-- Up-to-date: /home/moekatra22/catch_them_all_turtlesim/install/turtle_interfaces/include/turtle_interfaces/turtle_interfaces/srv/detail/catch_turtle__functions.c\n'}
[0.306396] (turtle_interfaces) StdoutLine: {'line': b'-- Up-to-date: /home/moekatra22/catch_them_all_turtlesim/install/turtle_interfaces/include/turtle_interfaces/turtle_interfaces/srv/catch_turtle.h\n'}
[0.306445] (turtle_interfaces) StdoutLine: {'line': b'-- Up-to-date: /home/moekatra22/catch_them_all_turtlesim/install/turtle_interfaces/share/turtle_interfaces/environment/library_path.sh\n'}
[0.306476] (turtle_interfaces) StdoutLine: {'line': b'-- Up-to-date: /home/moekatra22/catch_them_all_turtlesim/install/turtle_interfaces/share/turtle_interfaces/environment/library_path.dsv\n'}
[0.306564] (turtle_interfaces) StdoutLine: {'line': b'-- Up-to-date: /home/moekatra22/catch_them_all_turtlesim/install/turtle_interfaces/lib/libturtle_interfaces__rosidl_generator_c.so\n'}
[0.306636] (turtle_interfaces) StdoutLine: {'line': b'-- Up-to-date: /home/moekatra22/catch_them_all_turtlesim/install/turtle_interfaces/include/turtle_interfaces/turtle_interfaces\n'}
[0.306738] (turtle_interfaces) StdoutLine: {'line': b'-- Up-to-date: /home/moekatra22/catch_them_all_turtlesim/install/turtle_interfaces/include/turtle_interfaces/turtle_interfaces/msg\n'}
[0.306799] (turtle_interfaces) StdoutLine: {'line': b'-- Up-to-date: /home/moekatra22/catch_them_all_turtlesim/install/turtle_interfaces/include/turtle_interfaces/turtle_interfaces/msg/detail\n'}
[0.307045] (turtle_interfaces) StdoutLine: {'line': b'-- Up-to-date: /home/moekatra22/catch_them_all_turtlesim/install/turtle_interfaces/include/turtle_interfaces/turtle_interfaces/msg/detail/turtle__rosidl_typesupport_fastrtps_c.h\n'}
[0.307087] (turtle_interfaces) StdoutLine: {'line': b'-- Up-to-date: /home/moekatra22/catch_them_all_turtlesim/install/turtle_interfaces/include/turtle_interfaces/turtle_interfaces/msg/detail/turtle_array__rosidl_typesupport_fastrtps_c.h\n'}
[0.307120] (turtle_interfaces) StdoutLine: {'line': b'-- Up-to-date: /home/moekatra22/catch_them_all_turtlesim/install/turtle_interfaces/include/turtle_interfaces/turtle_interfaces/msg/rosidl_typesupport_fastrtps_c__visibility_control.h\n'}
[0.307232] (turtle_interfaces) StdoutLine: {'line': b'-- Up-to-date: /home/moekatra22/catch_them_all_turtlesim/install/turtle_interfaces/include/turtle_interfaces/turtle_interfaces/srv\n'}
[0.307313] (turtle_interfaces) StdoutLine: {'line': b'-- Up-to-date: /home/moekatra22/catch_them_all_turtlesim/install/turtle_interfaces/include/turtle_interfaces/turtle_interfaces/srv/detail\n'}
[0.307359] (turtle_interfaces) StdoutLine: {'line': b'-- Up-to-date: /home/moekatra22/catch_them_all_turtlesim/install/turtle_interfaces/include/turtle_interfaces/turtle_interfaces/srv/detail/catch_turtle__rosidl_typesupport_fastrtps_c.h\n'}
[0.307390] (turtle_interfaces) StdoutLine: {'line': b'-- Up-to-date: /home/moekatra22/catch_them_all_turtlesim/install/turtle_interfaces/lib/libturtle_interfaces__rosidl_typesupport_fastrtps_c.so\n'}
[0.307421] (turtle_interfaces) StdoutLine: {'line': b'-- Up-to-date: /home/moekatra22/catch_them_all_turtlesim/install/turtle_interfaces/include/turtle_interfaces/turtle_interfaces\n'}
[0.307462] (turtle_interfaces) StdoutLine: {'line': b'-- Up-to-date: /home/moekatra22/catch_them_all_turtlesim/install/turtle_interfaces/include/turtle_interfaces/turtle_interfaces/msg\n'}
[0.307521] (turtle_interfaces) StdoutLine: {'line': b'-- Up-to-date: /home/moekatra22/catch_them_all_turtlesim/install/turtle_interfaces/include/turtle_interfaces/turtle_interfaces/msg/detail\n'}
[0.307552] (turtle_interfaces) StdoutLine: {'line': b'-- Up-to-date: /home/moekatra22/catch_them_all_turtlesim/install/turtle_interfaces/include/turtle_interfaces/turtle_interfaces/msg/detail/turtle_array__type_support.c\n'}
[0.307692] (turtle_interfaces) StdoutLine: {'line': b'-- Up-to-date: /home/moekatra22/catch_them_all_turtlesim/install/turtle_interfaces/include/turtle_interfaces/turtle_interfaces/msg/detail/turtle_array__rosidl_typesupport_introspection_c.h\n'}
[0.307733] (turtle_interfaces) StdoutLine: {'line': b'-- Up-to-date: /home/moekatra22/catch_them_all_turtlesim/install/turtle_interfaces/include/turtle_interfaces/turtle_interfaces/msg/detail/turtle__type_support.c\n'}
[0.307763] (turtle_interfaces) StdoutLine: {'line': b'-- Up-to-date: /home/moekatra22/catch_them_all_turtlesim/install/turtle_interfaces/include/turtle_interfaces/turtle_interfaces/msg/detail/turtle__rosidl_typesupport_introspection_c.h\n'}
[0.307793] (turtle_interfaces) StdoutLine: {'line': b'-- Up-to-date: /home/moekatra22/catch_them_all_turtlesim/install/turtle_interfaces/include/turtle_interfaces/turtle_interfaces/msg/rosidl_typesupport_introspection_c__visibility_control.h\n'}
[0.307822] (turtle_interfaces) StdoutLine: {'line': b'-- Up-to-date: /home/moekatra22/catch_them_all_turtlesim/install/turtle_interfaces/include/turtle_interfaces/turtle_interfaces/srv\n'}
[0.307850] (turtle_interfaces) StdoutLine: {'line': b'-- Up-to-date: /home/moekatra22/catch_them_all_turtlesim/install/turtle_interfaces/include/turtle_interfaces/turtle_interfaces/srv/detail\n'}
[0.307885] (turtle_interfaces) StdoutLine: {'line': b'-- Up-to-date: /home/moekatra22/catch_them_all_turtlesim/install/turtle_interfaces/include/turtle_interfaces/turtle_interfaces/srv/detail/catch_turtle__rosidl_typesupport_introspection_c.h\n'}
[0.307930] (turtle_interfaces) StdoutLine: {'line': b'-- Up-to-date: /home/moekatra22/catch_them_all_turtlesim/install/turtle_interfaces/include/turtle_interfaces/turtle_interfaces/srv/detail/catch_turtle__type_support.c\n'}
[0.307982] (turtle_interfaces) StdoutLine: {'line': b'-- Up-to-date: /home/moekatra22/catch_them_all_turtlesim/install/turtle_interfaces/lib/libturtle_interfaces__rosidl_typesupport_introspection_c.so\n'}
[0.308013] (turtle_interfaces) StdoutLine: {'line': b'-- Up-to-date: /home/moekatra22/catch_them_all_turtlesim/install/turtle_interfaces/lib/libturtle_interfaces__rosidl_typesupport_c.so\n'}
[0.308046] (turtle_interfaces) StdoutLine: {'line': b'-- Up-to-date: /home/moekatra22/catch_them_all_turtlesim/install/turtle_interfaces/include/turtle_interfaces/turtle_interfaces\n'}
[0.308084] (turtle_interfaces) StdoutLine: {'line': b'-- Up-to-date: /home/moekatra22/catch_them_all_turtlesim/install/turtle_interfaces/include/turtle_interfaces/turtle_interfaces/msg\n'}
[0.308114] (turtle_interfaces) StdoutLine: {'line': b'-- Up-to-date: /home/moekatra22/catch_them_all_turtlesim/install/turtle_interfaces/include/turtle_interfaces/turtle_interfaces/msg/turtle.hpp\n'}
[0.308143] (turtle_interfaces) StdoutLine: {'line': b'-- Up-to-date: /home/moekatra22/catch_them_all_turtlesim/install/turtle_interfaces/include/turtle_interfaces/turtle_interfaces/msg/detail\n'}
[0.308188] (turtle_interfaces) StdoutLine: {'line': b'-- Up-to-date: /home/moekatra22/catch_them_all_turtlesim/install/turtle_interfaces/include/turtle_interfaces/turtle_interfaces/msg/detail/turtle__struct.hpp\n'}
[0.308217] (turtle_interfaces) StdoutLine: {'line': b'-- Up-to-date: /home/moekatra22/catch_them_all_turtlesim/install/turtle_interfaces/include/turtle_interfaces/turtle_interfaces/msg/detail/turtle_array__builder.hpp\n'}
[0.308245] (turtle_interfaces) StdoutLine: {'line': b'-- Up-to-date: /home/moekatra22/catch_them_all_turtlesim/install/turtle_interfaces/include/turtle_interfaces/turtle_interfaces/msg/detail/turtle_array__traits.hpp\n'}
[0.308358] (turtle_interfaces) StdoutLine: {'line': b'-- Up-to-date: /home/moekatra22/catch_them_all_turtlesim/install/turtle_interfaces/include/turtle_interfaces/turtle_interfaces/msg/detail/turtle_array__struct.hpp\n'}
[0.308438] (turtle_interfaces) StdoutLine: {'line': b'-- Up-to-date: /home/moekatra22/catch_them_all_turtlesim/install/turtle_interfaces/include/turtle_interfaces/turtle_interfaces/msg/detail/turtle__builder.hpp\n'}
[0.308687] (turtle_interfaces) StdoutLine: {'line': b'-- Up-to-date: /home/moekatra22/catch_them_all_turtlesim/install/turtle_interfaces/include/turtle_interfaces/turtle_interfaces/msg/detail/turtle__traits.hpp\n'}
[0.308728] (turtle_interfaces) StdoutLine: {'line': b'-- Up-to-date: /home/moekatra22/catch_them_all_turtlesim/install/turtle_interfaces/include/turtle_interfaces/turtle_interfaces/msg/turtle_array.hpp\n'}
[0.308757] (turtle_interfaces) StdoutLine: {'line': b'-- Up-to-date: /home/moekatra22/catch_them_all_turtlesim/install/turtle_interfaces/include/turtle_interfaces/turtle_interfaces/srv\n'}
[0.308804] (turtle_interfaces) StdoutLine: {'line': b'-- Up-to-date: /home/moekatra22/catch_them_all_turtlesim/install/turtle_interfaces/include/turtle_interfaces/turtle_interfaces/srv/detail\n'}
[0.308851] (turtle_interfaces) StdoutLine: {'line': b'-- Up-to-date: /home/moekatra22/catch_them_all_turtlesim/install/turtle_interfaces/include/turtle_interfaces/turtle_interfaces/srv/detail/catch_turtle__struct.hpp\n'}
[0.308916] (turtle_interfaces) StdoutLine: {'line': b'-- Up-to-date: /home/moekatra22/catch_them_all_turtlesim/install/turtle_interfaces/include/turtle_interfaces/turtle_interfaces/srv/detail/catch_turtle__traits.hpp\n'}
[0.308975] (turtle_interfaces) StdoutLine: {'line': b'-- Up-to-date: /home/moekatra22/catch_them_all_turtlesim/install/turtle_interfaces/include/turtle_interfaces/turtle_interfaces/srv/detail/catch_turtle__builder.hpp\n'}
[0.309006] (turtle_interfaces) StdoutLine: {'line': b'-- Up-to-date: /home/moekatra22/catch_them_all_turtlesim/install/turtle_interfaces/include/turtle_interfaces/turtle_interfaces/srv/catch_turtle.hpp\n'}
[0.309089] (turtle_interfaces) StdoutLine: {'line': b'-- Up-to-date: /home/moekatra22/catch_them_all_turtlesim/install/turtle_interfaces/include/turtle_interfaces/turtle_interfaces\n'}
[0.309128] (turtle_interfaces) StdoutLine: {'line': b'-- Up-to-date: /home/moekatra22/catch_them_all_turtlesim/install/turtle_interfaces/include/turtle_interfaces/turtle_interfaces/msg\n'}
[0.309231] (turtle_interfaces) StdoutLine: {'line': b'-- Up-to-date: /home/moekatra22/catch_them_all_turtlesim/install/turtle_interfaces/include/turtle_interfaces/turtle_interfaces/msg/detail\n'}
[0.309262] (turtle_interfaces) StdoutLine: {'line': b'-- Up-to-date: /home/moekatra22/catch_them_all_turtlesim/install/turtle_interfaces/include/turtle_interfaces/turtle_interfaces/msg/detail/dds_fastrtps\n'}
[0.309306] (turtle_interfaces) StdoutLine: {'line': b'-- Up-to-date: /home/moekatra22/catch_them_all_turtlesim/install/turtle_interfaces/include/turtle_interfaces/turtle_interfaces/msg/detail/turtle_array__rosidl_typesupport_fastrtps_cpp.hpp\n'}
[0.309393] (turtle_interfaces) StdoutLine: {'line': b'-- Up-to-date: /home/moekatra22/catch_them_all_turtlesim/install/turtle_interfaces/include/turtle_interfaces/turtle_interfaces/msg/detail/turtle__rosidl_typesupport_fastrtps_cpp.hpp\n'}
[0.309478] (turtle_interfaces) StdoutLine: {'line': b'-- Up-to-date: /home/moekatra22/catch_them_all_turtlesim/install/turtle_interfaces/include/turtle_interfaces/turtle_interfaces/msg/rosidl_typesupport_fastrtps_cpp__visibility_control.h\n'}
[0.309509] (turtle_interfaces) StdoutLine: {'line': b'-- Up-to-date: /home/moekatra22/catch_them_all_turtlesim/install/turtle_interfaces/include/turtle_interfaces/turtle_interfaces/srv\n'}
[0.309580] (turtle_interfaces) StdoutLine: {'line': b'-- Up-to-date: /home/moekatra22/catch_them_all_turtlesim/install/turtle_interfaces/include/turtle_interfaces/turtle_interfaces/srv/detail\n'}
[0.310025] (turtle_interfaces) StdoutLine: {'line': b'-- Up-to-date: /home/moekatra22/catch_them_all_turtlesim/install/turtle_interfaces/include/turtle_interfaces/turtle_interfaces/srv/detail/catch_turtle__rosidl_typesupport_fastrtps_cpp.hpp\n'}
[0.310079] (turtle_interfaces) StdoutLine: {'line': b'-- Up-to-date: /home/moekatra22/catch_them_all_turtlesim/install/turtle_interfaces/include/turtle_interfaces/turtle_interfaces/srv/detail/dds_fastrtps\n'}
[0.310111] (turtle_interfaces) StdoutLine: {'line': b'-- Up-to-date: /home/moekatra22/catch_them_all_turtlesim/install/turtle_interfaces/lib/libturtle_interfaces__rosidl_typesupport_fastrtps_cpp.so\n'}
[0.310156] (turtle_interfaces) StdoutLine: {'line': b'-- Up-to-date: /home/moekatra22/catch_them_all_turtlesim/install/turtle_interfaces/include/turtle_interfaces/turtle_interfaces\n'}
[0.310186] (turtle_interfaces) StdoutLine: {'line': b'-- Up-to-date: /home/moekatra22/catch_them_all_turtlesim/install/turtle_interfaces/include/turtle_interfaces/turtle_interfaces/msg\n'}
[0.310229] (turtle_interfaces) StdoutLine: {'line': b'-- Up-to-date: /home/moekatra22/catch_them_all_turtlesim/install/turtle_interfaces/include/turtle_interfaces/turtle_interfaces/msg/detail\n'}
[0.310268] (turtle_interfaces) StdoutLine: {'line': b'-- Up-to-date: /home/moekatra22/catch_them_all_turtlesim/install/turtle_interfaces/include/turtle_interfaces/turtle_interfaces/msg/detail/turtle_array__rosidl_typesupport_introspection_cpp.hpp\n'}
[0.310301] (turtle_interfaces) StdoutLine: {'line': b'-- Up-to-date: /home/moekatra22/catch_them_all_turtlesim/install/turtle_interfaces/include/turtle_interfaces/turtle_interfaces/msg/detail/turtle__rosidl_typesupport_introspection_cpp.hpp\n'}
[0.310330] (turtle_interfaces) StdoutLine: {'line': b'-- Up-to-date: /home/moekatra22/catch_them_all_turtlesim/install/turtle_interfaces/include/turtle_interfaces/turtle_interfaces/msg/detail/turtle_array__type_support.cpp\n'}
[0.310358] (turtle_interfaces) StdoutLine: {'line': b'-- Up-to-date: /home/moekatra22/catch_them_all_turtlesim/install/turtle_interfaces/include/turtle_interfaces/turtle_interfaces/msg/detail/turtle__type_support.cpp\n'}
[0.310409] (turtle_interfaces) StdoutLine: {'line': b'-- Up-to-date: /home/moekatra22/catch_them_all_turtlesim/install/turtle_interfaces/include/turtle_interfaces/turtle_interfaces/srv\n'}
[0.310442] (turtle_interfaces) StdoutLine: {'line': b'-- Up-to-date: /home/moekatra22/catch_them_all_turtlesim/install/turtle_interfaces/include/turtle_interfaces/turtle_interfaces/srv/detail\n'}
[0.310471] (turtle_interfaces) StdoutLine: {'line': b'-- Up-to-date: /home/moekatra22/catch_them_all_turtlesim/install/turtle_interfaces/include/turtle_interfaces/turtle_interfaces/srv/detail/catch_turtle__rosidl_typesupport_introspection_cpp.hpp\n'}
[0.310499] (turtle_interfaces) StdoutLine: {'line': b'-- Up-to-date: /home/moekatra22/catch_them_all_turtlesim/install/turtle_interfaces/include/turtle_interfaces/turtle_interfaces/srv/detail/catch_turtle__type_support.cpp\n'}
[0.310536] (turtle_interfaces) StdoutLine: {'line': b'-- Up-to-date: /home/moekatra22/catch_them_all_turtlesim/install/turtle_interfaces/lib/libturtle_interfaces__rosidl_typesupport_introspection_cpp.so\n'}
[0.310565] (turtle_interfaces) StdoutLine: {'line': b'-- Up-to-date: /home/moekatra22/catch_them_all_turtlesim/install/turtle_interfaces/lib/libturtle_interfaces__rosidl_typesupport_cpp.so\n'}
[0.310593] (turtle_interfaces) StdoutLine: {'line': b'-- Up-to-date: /home/moekatra22/catch_them_all_turtlesim/install/turtle_interfaces/share/turtle_interfaces/environment/pythonpath.sh\n'}
[0.310621] (turtle_interfaces) StdoutLine: {'line': b'-- Up-to-date: /home/moekatra22/catch_them_all_turtlesim/install/turtle_interfaces/share/turtle_interfaces/environment/pythonpath.dsv\n'}
[0.310649] (turtle_interfaces) StdoutLine: {'line': b'-- Up-to-date: /home/moekatra22/catch_them_all_turtlesim/install/turtle_interfaces/local/lib/python3.10/dist-packages/turtle_interfaces-0.0.0-py3.10.egg-info\n'}
[0.310677] (turtle_interfaces) StdoutLine: {'line': b'-- Installing: /home/moekatra22/catch_them_all_turtlesim/install/turtle_interfaces/local/lib/python3.10/dist-packages/turtle_interfaces-0.0.0-py3.10.egg-info/PKG-INFO\n'}
[0.310706] (turtle_interfaces) StdoutLine: {'line': b'-- Installing: /home/moekatra22/catch_them_all_turtlesim/install/turtle_interfaces/local/lib/python3.10/dist-packages/turtle_interfaces-0.0.0-py3.10.egg-info/SOURCES.txt\n'}
[0.310743] (turtle_interfaces) StdoutLine: {'line': b'-- Installing: /home/moekatra22/catch_them_all_turtlesim/install/turtle_interfaces/local/lib/python3.10/dist-packages/turtle_interfaces-0.0.0-py3.10.egg-info/dependency_links.txt\n'}
[0.310779] (turtle_interfaces) StdoutLine: {'line': b'-- Installing: /home/moekatra22/catch_them_all_turtlesim/install/turtle_interfaces/local/lib/python3.10/dist-packages/turtle_interfaces-0.0.0-py3.10.egg-info/top_level.txt\n'}
[0.310911] (turtle_interfaces) StdoutLine: {'line': b'-- Up-to-date: /home/moekatra22/catch_them_all_turtlesim/install/turtle_interfaces/local/lib/python3.10/dist-packages/turtle_interfaces\n'}
[0.310944] (turtle_interfaces) StdoutLine: {'line': b'-- Up-to-date: /home/moekatra22/catch_them_all_turtlesim/install/turtle_interfaces/local/lib/python3.10/dist-packages/turtle_interfaces/_turtle_interfaces_s.ep.rosidl_typesupport_c.c\n'}
[0.310973] (turtle_interfaces) StdoutLine: {'line': b'-- Up-to-date: /home/moekatra22/catch_them_all_turtlesim/install/turtle_interfaces/local/lib/python3.10/dist-packages/turtle_interfaces/turtle_interfaces_s__rosidl_typesupport_fastrtps_c.cpython-310-aarch64-linux-gnu.so\n'}
[0.311002] (turtle_interfaces) StdoutLine: {'line': b'-- Up-to-date: /home/moekatra22/catch_them_all_turtlesim/install/turtle_interfaces/local/lib/python3.10/dist-packages/turtle_interfaces/turtle_interfaces_s__rosidl_typesupport_c.cpython-310-aarch64-linux-gnu.so\n'}
[0.311031] (turtle_interfaces) StdoutLine: {'line': b'-- Up-to-date: /home/moekatra22/catch_them_all_turtlesim/install/turtle_interfaces/local/lib/python3.10/dist-packages/turtle_interfaces/_turtle_interfaces_s.ep.rosidl_typesupport_introspection_c.c\n'}
[0.311064] (turtle_interfaces) StdoutLine: {'line': b'-- Up-to-date: /home/moekatra22/catch_them_all_turtlesim/install/turtle_interfaces/local/lib/python3.10/dist-packages/turtle_interfaces/__init__.py\n'}
[0.311092] (turtle_interfaces) StdoutLine: {'line': b'-- Up-to-date: /home/moekatra22/catch_them_all_turtlesim/install/turtle_interfaces/local/lib/python3.10/dist-packages/turtle_interfaces/msg\n'}
[0.311120] (turtle_interfaces) StdoutLine: {'line': b'-- Up-to-date: /home/moekatra22/catch_them_all_turtlesim/install/turtle_interfaces/local/lib/python3.10/dist-packages/turtle_interfaces/msg/_turtle_array_s.c\n'}
[0.311149] (turtle_interfaces) StdoutLine: {'line': b'-- Up-to-date: /home/moekatra22/catch_them_all_turtlesim/install/turtle_interfaces/local/lib/python3.10/dist-packages/turtle_interfaces/msg/_turtle_s.c\n'}
[0.311177] (turtle_interfaces) StdoutLine: {'line': b'-- Up-to-date: /home/moekatra22/catch_them_all_turtlesim/install/turtle_interfaces/local/lib/python3.10/dist-packages/turtle_interfaces/msg/__init__.py\n'}
[0.311205] (turtle_interfaces) StdoutLine: {'line': b'-- Up-to-date: /home/moekatra22/catch_them_all_turtlesim/install/turtle_interfaces/local/lib/python3.10/dist-packages/turtle_interfaces/msg/_turtle_array.py\n'}
[0.311233] (turtle_interfaces) StdoutLine: {'line': b'-- Up-to-date: /home/moekatra22/catch_them_all_turtlesim/install/turtle_interfaces/local/lib/python3.10/dist-packages/turtle_interfaces/msg/_turtle.py\n'}
[0.311265] (turtle_interfaces) StdoutLine: {'line': b'-- Up-to-date: /home/moekatra22/catch_them_all_turtlesim/install/turtle_interfaces/local/lib/python3.10/dist-packages/turtle_interfaces/_turtle_interfaces_s.ep.rosidl_typesupport_fastrtps_c.c\n'}
[0.311294] (turtle_interfaces) StdoutLine: {'line': b'-- Up-to-date: /home/moekatra22/catch_them_all_turtlesim/install/turtle_interfaces/local/lib/python3.10/dist-packages/turtle_interfaces/srv\n'}
[0.311323] (turtle_interfaces) StdoutLine: {'line': b'-- Up-to-date: /home/moekatra22/catch_them_all_turtlesim/install/turtle_interfaces/local/lib/python3.10/dist-packages/turtle_interfaces/srv/_catch_turtle_s.c\n'}
[0.311594] (turtle_interfaces) StdoutLine: {'line': b'-- Up-to-date: /home/moekatra22/catch_them_all_turtlesim/install/turtle_interfaces/local/lib/python3.10/dist-packages/turtle_interfaces/srv/__init__.py\n'}
[0.311637] (turtle_interfaces) StdoutLine: {'line': b'-- Up-to-date: /home/moekatra22/catch_them_all_turtlesim/install/turtle_interfaces/local/lib/python3.10/dist-packages/turtle_interfaces/srv/_catch_turtle.py\n'}
[0.311668] (turtle_interfaces) StdoutLine: {'line': b'-- Up-to-date: /home/moekatra22/catch_them_all_turtlesim/install/turtle_interfaces/local/lib/python3.10/dist-packages/turtle_interfaces/libturtle_interfaces__rosidl_generator_py.so\n'}
[0.311698] (turtle_interfaces) StdoutLine: {'line': b'-- Up-to-date: /home/moekatra22/catch_them_all_turtlesim/install/turtle_interfaces/local/lib/python3.10/dist-packages/turtle_interfaces/turtle_interfaces_s__rosidl_typesupport_introspection_c.cpython-310-aarch64-linux-gnu.so\n'}
[0.327132] (turtle_interfaces) StdoutLine: {'line': b"Listing '/home/moekatra22/catch_them_all_turtlesim/install/turtle_interfaces/local/lib/python3.10/dist-packages/turtle_interfaces'...\n"}
[0.327249] (turtle_interfaces) StdoutLine: {'line': b"Listing '/home/moekatra22/catch_them_all_turtlesim/install/turtle_interfaces/local/lib/python3.10/dist-packages/turtle_interfaces/msg'...\n"}
[0.327285] (turtle_interfaces) StdoutLine: {'line': b"Listing '/home/moekatra22/catch_them_all_turtlesim/install/turtle_interfaces/local/lib/python3.10/dist-packages/turtle_interfaces/srv'...\n"}
[0.330229] (turtle_interfaces) StdoutLine: {'line': b'-- Up-to-date: /home/moekatra22/catch_them_all_turtlesim/install/turtle_interfaces/local/lib/python3.10/dist-packages/turtle_interfaces/turtle_interfaces_s__rosidl_typesupport_fastrtps_c.cpython-310-aarch64-linux-gnu.so\n'}
[0.330405] (turtle_interfaces) StdoutLine: {'line': b'-- Up-to-date: /home/moekatra22/catch_them_all_turtlesim/install/turtle_interfaces/local/lib/python3.10/dist-packages/turtle_interfaces/turtle_interfaces_s__rosidl_typesupport_introspection_c.cpython-310-aarch64-linux-gnu.so\n'}
[0.330547] (turtle_interfaces) StdoutLine: {'line': b'-- Up-to-date: /home/moekatra22/catch_them_all_turtlesim/install/turtle_interfaces/local/lib/python3.10/dist-packages/turtle_interfaces/turtle_interfaces_s__rosidl_typesupport_c.cpython-310-aarch64-linux-gnu.so\n'}
[0.330793] (turtle_interfaces) StdoutLine: {'line': b'-- Up-to-date: /home/moekatra22/catch_them_all_turtlesim/install/turtle_interfaces/lib/libturtle_interfaces__rosidl_generator_py.so\n'}
[0.331152] (turtle_interfaces) StdoutLine: {'line': b'-- Up-to-date: /home/moekatra22/catch_them_all_turtlesim/install/turtle_interfaces/share/turtle_interfaces/msg/Turtle.idl\n'}
[0.331300] (turtle_interfaces) StdoutLine: {'line': b'-- Up-to-date: /home/moekatra22/catch_them_all_turtlesim/install/turtle_interfaces/share/turtle_interfaces/msg/TurtleArray.idl\n'}
[0.331349] (turtle_interfaces) StdoutLine: {'line': b'-- Up-to-date: /home/moekatra22/catch_them_all_turtlesim/install/turtle_interfaces/share/turtle_interfaces/srv/CatchTurtle.idl\n'}
[0.331398] (turtle_interfaces) StdoutLine: {'line': b'-- Up-to-date: /home/moekatra22/catch_them_all_turtlesim/install/turtle_interfaces/share/turtle_interfaces/msg/Turtle.msg\n'}
[0.331461] (turtle_interfaces) StdoutLine: {'line': b'-- Up-to-date: /home/moekatra22/catch_them_all_turtlesim/install/turtle_interfaces/share/turtle_interfaces/msg/TurtleArray.msg\n'}
[0.331563] (turtle_interfaces) StdoutLine: {'line': b'-- Up-to-date: /home/moekatra22/catch_them_all_turtlesim/install/turtle_interfaces/share/turtle_interfaces/srv/CatchTurtle.srv\n'}
[0.331621] (turtle_interfaces) StdoutLine: {'line': b'-- Up-to-date: /home/moekatra22/catch_them_all_turtlesim/install/turtle_interfaces/share/turtle_interfaces/srv/CatchTurtle_Request.msg\n'}
[0.331667] (turtle_interfaces) StdoutLine: {'line': b'-- Up-to-date: /home/moekatra22/catch_them_all_turtlesim/install/turtle_interfaces/share/turtle_interfaces/srv/CatchTurtle_Response.msg\n'}
[0.331719] (turtle_interfaces) StdoutLine: {'line': b'-- Up-to-date: /home/moekatra22/catch_them_all_turtlesim/install/turtle_interfaces/share/ament_index/resource_index/package_run_dependencies/turtle_interfaces\n'}
[0.331804] (turtle_interfaces) StdoutLine: {'line': b'-- Up-to-date: /home/moekatra22/catch_them_all_turtlesim/install/turtle_interfaces/share/ament_index/resource_index/parent_prefix_path/turtle_interfaces\n'}
[0.331879] (turtle_interfaces) StdoutLine: {'line': b'-- Up-to-date: /home/moekatra22/catch_them_all_turtlesim/install/turtle_interfaces/share/turtle_interfaces/environment/ament_prefix_path.sh\n'}
[0.331988] (turtle_interfaces) StdoutLine: {'line': b'-- Up-to-date: /home/moekatra22/catch_them_all_turtlesim/install/turtle_interfaces/share/turtle_interfaces/environment/ament_prefix_path.dsv\n'}
[0.332029] (turtle_interfaces) StdoutLine: {'line': b'-- Up-to-date: /home/moekatra22/catch_them_all_turtlesim/install/turtle_interfaces/share/turtle_interfaces/environment/path.sh\n'}
[0.332188] (turtle_interfaces) StdoutLine: {'line': b'-- Up-to-date: /home/moekatra22/catch_them_all_turtlesim/install/turtle_interfaces/share/turtle_interfaces/environment/path.dsv\n'}
[0.332280] (turtle_interfaces) StdoutLine: {'line': b'-- Up-to-date: /home/moekatra22/catch_them_all_turtlesim/install/turtle_interfaces/share/turtle_interfaces/local_setup.bash\n'}
[0.332325] (turtle_interfaces) StdoutLine: {'line': b'-- Up-to-date: /home/moekatra22/catch_them_all_turtlesim/install/turtle_interfaces/share/turtle_interfaces/local_setup.sh\n'}
[0.332426] (turtle_interfaces) StdoutLine: {'line': b'-- Up-to-date: /home/moekatra22/catch_them_all_turtlesim/install/turtle_interfaces/share/turtle_interfaces/local_setup.zsh\n'}
[0.332472] (turtle_interfaces) StdoutLine: {'line': b'-- Up-to-date: /home/moekatra22/catch_them_all_turtlesim/install/turtle_interfaces/share/turtle_interfaces/local_setup.dsv\n'}
[0.332639] (turtle_interfaces) StdoutLine: {'line': b'-- Installing: /home/moekatra22/catch_them_all_turtlesim/install/turtle_interfaces/share/turtle_interfaces/package.dsv\n'}
[0.332866] (turtle_interfaces) StdoutLine: {'line': b'-- Up-to-date: /home/moekatra22/catch_them_all_turtlesim/install/turtle_interfaces/share/ament_index/resource_index/packages/turtle_interfaces\n'}
[0.332897] (turtle_interfaces) StdoutLine: {'line': b'-- Up-to-date: /home/moekatra22/catch_them_all_turtlesim/install/turtle_interfaces/share/turtle_interfaces/cmake/export_turtle_interfaces__rosidl_generator_cExport.cmake\n'}
[0.332928] (turtle_interfaces) StdoutLine: {'line': b'-- Up-to-date: /home/moekatra22/catch_them_all_turtlesim/install/turtle_interfaces/share/turtle_interfaces/cmake/export_turtle_interfaces__rosidl_generator_cExport-noconfig.cmake\n'}
[0.332958] (turtle_interfaces) StdoutLine: {'line': b'-- Up-to-date: /home/moekatra22/catch_them_all_turtlesim/install/turtle_interfaces/share/turtle_interfaces/cmake/export_turtle_interfaces__rosidl_typesupport_fastrtps_cExport.cmake\n'}
[0.332988] (turtle_interfaces) StdoutLine: {'line': b'-- Up-to-date: /home/moekatra22/catch_them_all_turtlesim/install/turtle_interfaces/share/turtle_interfaces/cmake/export_turtle_interfaces__rosidl_typesupport_fastrtps_cExport-noconfig.cmake\n'}
[0.333018] (turtle_interfaces) StdoutLine: {'line': b'-- Up-to-date: /home/moekatra22/catch_them_all_turtlesim/install/turtle_interfaces/share/turtle_interfaces/cmake/turtle_interfaces__rosidl_typesupport_introspection_cExport.cmake\n'}
[0.333048] (turtle_interfaces) StdoutLine: {'line': b'-- Up-to-date: /home/moekatra22/catch_them_all_turtlesim/install/turtle_interfaces/share/turtle_interfaces/cmake/turtle_interfaces__rosidl_typesupport_introspection_cExport-noconfig.cmake\n'}
[0.333077] (turtle_interfaces) StdoutLine: {'line': b'-- Up-to-date: /home/moekatra22/catch_them_all_turtlesim/install/turtle_interfaces/share/turtle_interfaces/cmake/turtle_interfaces__rosidl_typesupport_cExport.cmake\n'}
[0.333114] (turtle_interfaces) StdoutLine: {'line': b'-- Up-to-date: /home/moekatra22/catch_them_all_turtlesim/install/turtle_interfaces/share/turtle_interfaces/cmake/turtle_interfaces__rosidl_typesupport_cExport-noconfig.cmake\n'}
[0.333143] (turtle_interfaces) StdoutLine: {'line': b'-- Up-to-date: /home/moekatra22/catch_them_all_turtlesim/install/turtle_interfaces/share/turtle_interfaces/cmake/export_turtle_interfaces__rosidl_generator_cppExport.cmake\n'}
[0.333172] (turtle_interfaces) StdoutLine: {'line': b'-- Up-to-date: /home/moekatra22/catch_them_all_turtlesim/install/turtle_interfaces/share/turtle_interfaces/cmake/export_turtle_interfaces__rosidl_typesupport_fastrtps_cppExport.cmake\n'}
[0.333201] (turtle_interfaces) StdoutLine: {'line': b'-- Up-to-date: /home/moekatra22/catch_them_all_turtlesim/install/turtle_interfaces/share/turtle_interfaces/cmake/export_turtle_interfaces__rosidl_typesupport_fastrtps_cppExport-noconfig.cmake\n'}
[0.333230] (turtle_interfaces) StdoutLine: {'line': b'-- Up-to-date: /home/moekatra22/catch_them_all_turtlesim/install/turtle_interfaces/share/turtle_interfaces/cmake/turtle_interfaces__rosidl_typesupport_introspection_cppExport.cmake\n'}
[0.333259] (turtle_interfaces) StdoutLine: {'line': b'-- Up-to-date: /home/moekatra22/catch_them_all_turtlesim/install/turtle_interfaces/share/turtle_interfaces/cmake/turtle_interfaces__rosidl_typesupport_introspection_cppExport-noconfig.cmake\n'}
[0.333287] (turtle_interfaces) StdoutLine: {'line': b'-- Up-to-date: /home/moekatra22/catch_them_all_turtlesim/install/turtle_interfaces/share/turtle_interfaces/cmake/turtle_interfaces__rosidl_typesupport_cppExport.cmake\n'}
[0.333316] (turtle_interfaces) StdoutLine: {'line': b'-- Up-to-date: /home/moekatra22/catch_them_all_turtlesim/install/turtle_interfaces/share/turtle_interfaces/cmake/turtle_interfaces__rosidl_typesupport_cppExport-noconfig.cmake\n'}
[0.333349] (turtle_interfaces) StdoutLine: {'line': b'-- Up-to-date: /home/moekatra22/catch_them_all_turtlesim/install/turtle_interfaces/share/turtle_interfaces/cmake/export_turtle_interfaces__rosidl_generator_pyExport.cmake\n'}
[0.333378] (turtle_interfaces) StdoutLine: {'line': b'-- Up-to-date: /home/moekatra22/catch_them_all_turtlesim/install/turtle_interfaces/share/turtle_interfaces/cmake/export_turtle_interfaces__rosidl_generator_pyExport-noconfig.cmake\n'}
[0.333410] (turtle_interfaces) StdoutLine: {'line': b'-- Up-to-date: /home/moekatra22/catch_them_all_turtlesim/install/turtle_interfaces/share/turtle_interfaces/cmake/rosidl_cmake-extras.cmake\n'}
[0.333571] (turtle_interfaces) StdoutLine: {'line': b'-- Up-to-date: /home/moekatra22/catch_them_all_turtlesim/install/turtle_interfaces/share/turtle_interfaces/cmake/ament_cmake_export_include_directories-extras.cmake\n'}
[0.333603] (turtle_interfaces) StdoutLine: {'line': b'-- Up-to-date: /home/moekatra22/catch_them_all_turtlesim/install/turtle_interfaces/share/turtle_interfaces/cmake/ament_cmake_export_libraries-extras.cmake\n'}
[0.333633] (turtle_interfaces) StdoutLine: {'line': b'-- Up-to-date: /home/moekatra22/catch_them_all_turtlesim/install/turtle_interfaces/share/turtle_interfaces/cmake/ament_cmake_export_targets-extras.cmake\n'}
[0.333661] (turtle_interfaces) StdoutLine: {'line': b'-- Up-to-date: /home/moekatra22/catch_them_all_turtlesim/install/turtle_interfaces/share/turtle_interfaces/cmake/rosidl_cmake_export_typesupport_targets-extras.cmake\n'}
[0.333690] (turtle_interfaces) StdoutLine: {'line': b'-- Up-to-date: /home/moekatra22/catch_them_all_turtlesim/install/turtle_interfaces/share/turtle_interfaces/cmake/ament_cmake_export_dependencies-extras.cmake\n'}
[0.333718] (turtle_interfaces) StdoutLine: {'line': b'-- Up-to-date: /home/moekatra22/catch_them_all_turtlesim/install/turtle_interfaces/share/turtle_interfaces/cmake/rosidl_cmake_export_typesupport_libraries-extras.cmake\n'}
[0.333746] (turtle_interfaces) StdoutLine: {'line': b'-- Up-to-date: /home/moekatra22/catch_them_all_turtlesim/install/turtle_interfaces/share/turtle_interfaces/cmake/turtle_interfacesConfig.cmake\n'}
[0.333774] (turtle_interfaces) StdoutLine: {'line': b'-- Up-to-date: /home/moekatra22/catch_them_all_turtlesim/install/turtle_interfaces/share/turtle_interfaces/cmake/turtle_interfacesConfig-version.cmake\n'}
[0.333803] (turtle_interfaces) StdoutLine: {'line': b'-- Up-to-date: /home/moekatra22/catch_them_all_turtlesim/install/turtle_interfaces/share/turtle_interfaces/package.xml\n'}
[0.338956] (turtle_interfaces) CommandEnded: {'returncode': 0}
[0.396977] (turtle_interfaces) JobEnded: {'identifier': 'turtle_interfaces', 'rc': 0}
[0.397661] (py_pkg) JobStarted: {'identifier': 'py_pkg'}
[0.400139] (-) TimerEvent: {}
[0.500605] (-) TimerEvent: {}
[0.601122] (-) TimerEvent: {}
[0.701989] (-) TimerEvent: {}
[0.802297] (-) TimerEvent: {}
[0.822196] (py_pkg) Command: {'cmd': ['/usr/bin/python3', '-W', 'ignore:setup.py install is deprecated', 'setup.py', 'egg_info', '--egg-base', '../../build/py_pkg', 'build', '--build-base', '/home/moekatra22/catch_them_all_turtlesim/build/py_pkg/build', 'install', '--record', '/home/moekatra22/catch_them_all_turtlesim/build/py_pkg/install.log', '--single-version-externally-managed', 'install_data'], 'cwd': '/home/moekatra22/catch_them_all_turtlesim/src/py_pkg', 'env': {'USER': 'moekatra22', 'LC_TIME': 'ar_LB.UTF-8', 'XDG_SESSION_TYPE': 'wayland', 'SHLVL': '1', 'LD_LIBRARY_PATH': '/home/moekatra22/catch_them_all_turtlesim/install/turtle_interfaces/lib:/opt/ros/humble/opt/rviz_ogre_vendor/lib:/opt/ros/humble/lib/aarch64-linux-gnu:/opt/ros/humble/lib', 'HOME': '/home/moekatra22', 'OLDPWD': '/home/moekatra22', 'DESKTOP_SESSION': 'ubuntu', 'ROS_PYTHON_VERSION': '3', 'GNOME_SHELL_SESSION_MODE': 'ubuntu', 'GTK_MODULES': 'gail:atk-bridge', 'LC_MONETARY': 'ar_LB.UTF-8', 'SYSTEMD_EXEC_PID': '1217', 'DBUS_SESSION_BUS_ADDRESS': 'unix:path=/run/user/1000/bus', 'COLORTERM': 'truecolor', 'IM_CONFIG_PHASE': '1', 'WAYLAND_DISPLAY': 'wayland-0', 'COLCON_PREFIX_PATH': '/home/moekatra22/catch_them_all_turtlesim/install', 'ROS_DISTRO': 'humble', 'LOGNAME': 'moekatra22', '_': '/usr/bin/colcon', 'ROS_VERSION': '2', 'XDG_SESSION_CLASS': 'user', 'USERNAME': 'moekatra22', 'TERM': 'xterm-256color', 'GNOME_DESKTOP_SESSION_ID': 'this-is-deprecated', 'ROS_LOCALHOST_ONLY': '0', 'PATH': '/opt/ros/humble/bin:/usr/local/sbin:/usr/local/bin:/usr/sbin:/usr/bin:/sbin:/bin:/usr/games:/usr/local/games:/snap/bin:/snap/bin', 'SESSION_MANAGER': 'local/moekatra22-QEMU-Virtual-Machine:@/tmp/.ICE-unix/1176,unix/moekatra22-QEMU-Virtual-Machine:/tmp/.ICE-unix/1176', 'XDG_MENU_PREFIX': 'gnome-', 'LC_ADDRESS': 'ar_LB.UTF-8', 'GNOME_TERMINAL_SCREEN': '/org/gnome/Terminal/screen/352d06b1_8c07_4430_a633_869fe91f8b37', 'GNOME_SETUP_DISPLAY': ':1', 'XDG_RUNTIME_DIR': '/run/user/1000', 'DISPLAY': ':0', 'LANG': 'en_US.UTF-8', 'XDG_CURRENT_DESKTOP': 'ubuntu:GNOME', 'LC_TELEPHONE': 'ar_LB.UTF-8', 'XMODIFIERS': '@im=ibus', 'XDG_SESSION_DESKTOP': 'ubuntu', 'XAUTHORITY': '/run/user/1000/.mutter-Xwaylandauth.YKPRM2', 'GNOME_TERMINAL_SERVICE': ':1.93', 'SSH_AGENT_LAUNCHER': 'gnome-keyring', 'SSH_AUTH_SOCK': '/run/user/1000/keyring/ssh', 'AMENT_PREFIX_PATH': '/home/moekatra22/catch_them_all_turtlesim/install/launch:/home/moekatra22/catch_them_all_turtlesim/install/py_pkg:/home/moekatra22/catch_them_all_turtlesim/install/turtle_interfaces:/opt/ros/humble', 'SHELL': '/bin/bash', 'LC_NAME': 'ar_LB.UTF-8', 'QT_ACCESSIBILITY': '1', 'GDMSESSION': 'ubuntu', 'LC_MEASUREMENT': 'ar_LB.UTF-8', 'LC_IDENTIFICATION': 'ar_LB.UTF-8', 'QT_IM_MODULE': 'ibus', 'PWD': '/home/moekatra22/catch_them_all_turtlesim/build/py_pkg', 'LC_ALL': 'en_US.UTF-8', 'XDG_CONFIG_DIRS': '/etc/xdg/xdg-ubuntu:/etc/xdg', 'XDG_DATA_DIRS': '/usr/share/ubuntu:/usr/local/share/:/usr/share/:/var/lib/snapd/desktop', 'PYTHONPATH': '/home/moekatra22/catch_them_all_turtlesim/build/py_pkg/prefix_override:/home/moekatra22/catch_them_all_turtlesim/install/py_pkg/lib/python3.10/site-packages:/home/moekatra22/catch_them_all_turtlesim/install/py_pkg/lib/python3.10/site-packages:/home/moekatra22/catch_them_all_turtlesim/install/turtle_interfaces/local/lib/python3.10/dist-packages:/opt/ros/humble/lib/python3.10/site-packages:/opt/ros/humble/local/lib/python3.10/dist-packages', 'LC_NUMERIC': 'ar_LB.UTF-8', 'LC_PAPER': 'ar_LB.UTF-8', 'COLCON': '1', 'VTE_VERSION': '6800', 'CMAKE_PREFIX_PATH': '/home/moekatra22/catch_them_all_turtlesim/install/turtle_interfaces:/home/moekatra22/catch_them_all_turtlesim/install/launch'}, 'shell': False}
[0.902395] (-) TimerEvent: {}
[0.950062] (py_pkg) StdoutLine: {'line': b'running egg_info\n'}
[0.950611] (py_pkg) StdoutLine: {'line': b'writing ../../build/py_pkg/py_pkg.egg-info/PKG-INFO\n'}
[0.951077] (py_pkg) StdoutLine: {'line': b'writing dependency_links to ../../build/py_pkg/py_pkg.egg-info/dependency_links.txt\n'}
[0.951620] (py_pkg) StdoutLine: {'line': b'writing entry points to ../../build/py_pkg/py_pkg.egg-info/entry_points.txt\n'}
[0.951672] (py_pkg) StdoutLine: {'line': b'writing requirements to ../../build/py_pkg/py_pkg.egg-info/requires.txt\n'}
[0.951703] (py_pkg) StdoutLine: {'line': b'writing top-level names to ../../build/py_pkg/py_pkg.egg-info/top_level.txt\n'}
[0.952559] (py_pkg) StdoutLine: {'line': b"reading manifest file '../../build/py_pkg/py_pkg.egg-info/SOURCES.txt'\n"}
[0.953043] (py_pkg) StdoutLine: {'line': b"writing manifest file '../../build/py_pkg/py_pkg.egg-info/SOURCES.txt'\n"}
[0.953160] (py_pkg) StdoutLine: {'line': b'running build\n'}
[0.953192] (py_pkg) StdoutLine: {'line': b'running build_py\n'}
[0.953706] (py_pkg) StdoutLine: {'line': b'running install\n'}
[0.953766] (py_pkg) StdoutLine: {'line': b'running install_lib\n'}
[0.954132] (py_pkg) StdoutLine: {'line': b'running install_data\n'}
[0.954194] (py_pkg) StdoutLine: {'line': b'running install_egg_info\n'}
[0.955660] (py_pkg) StdoutLine: {'line': b"removing '/home/moekatra22/catch_them_all_turtlesim/install/py_pkg/lib/python3.10/site-packages/py_pkg-0.0.0-py3.10.egg-info' (and everything under it)\n"}
[0.955826] (py_pkg) StdoutLine: {'line': b'Copying ../../build/py_pkg/py_pkg.egg-info to /home/moekatra22/catch_them_all_turtlesim/install/py_pkg/lib/python3.10/site-packages/py_pkg-0.0.0-py3.10.egg-info\n'}
[0.956270] (py_pkg) StdoutLine: {'line': b'running install_scripts\n'}
[0.971608] (py_pkg) StdoutLine: {'line': b'Installing controller script to /home/moekatra22/catch_them_all_turtlesim/install/py_pkg/lib/py_pkg\n'}
[0.972095] (py_pkg) StdoutLine: {'line': b'Installing spawner script to /home/moekatra22/catch_them_all_turtlesim/install/py_pkg/lib/py_pkg\n'}
[0.972232] (py_pkg) StdoutLine: {'line': b"writing list of installed files to '/home/moekatra22/catch_them_all_turtlesim/build/py_pkg/install.log'\n"}
[0.991148] (py_pkg) CommandEnded: {'returncode': 0}
[0.995796] (py_pkg) JobEnded: {'identifier': 'py_pkg', 'rc': 0}
[0.996482] (launch) JobStarted: {'identifier': 'launch'}
[1.001106] (launch) JobProgress: {'identifier': 'launch', 'progress': 'cmake'}
[1.002136] (launch) JobProgress: {'identifier': 'launch', 'progress': 'build'}
[1.002169] (launch) Command: {'cmd': ['/usr/bin/cmake', '--build', '/home/moekatra22/catch_them_all_turtlesim/build/launch', '--', '-j4', '-l4'], 'cwd': '/home/moekatra22/catch_them_all_turtlesim/build/launch', 'env': OrderedDict([('USER', 'moekatra22'), ('LC_TIME', 'ar_LB.UTF-8'), ('XDG_SESSION_TYPE', 'wayland'), ('SHLVL', '1'), ('LD_LIBRARY_PATH', '/home/moekatra22/catch_them_all_turtlesim/install/turtle_interfaces/lib:/opt/ros/humble/opt/rviz_ogre_vendor/lib:/opt/ros/humble/lib/aarch64-linux-gnu:/opt/ros/humble/lib'), ('HOME', '/home/moekatra22'), ('OLDPWD', '/home/moekatra22'), ('DESKTOP_SESSION', 'ubuntu'), ('ROS_PYTHON_VERSION', '3'), ('GNOME_SHELL_SESSION_MODE', 'ubuntu'), ('GTK_MODULES', 'gail:atk-bridge'), ('LC_MONETARY', 'ar_LB.UTF-8'), ('SYSTEMD_EXEC_PID', '1217'), ('DBUS_SESSION_BUS_ADDRESS', 'unix:path=/run/user/1000/bus'), ('COLORTERM', 'truecolor'), ('IM_CONFIG_PHASE', '1'), ('WAYLAND_DISPLAY', 'wayland-0'), ('COLCON_PREFIX_PATH', '/home/moekatra22/catch_them_all_turtlesim/install'), ('ROS_DISTRO', 'humble'), ('LOGNAME', 'moekatra22'), ('_', '/usr/bin/colcon'), ('ROS_VERSION', '2'), ('XDG_SESSION_CLASS', 'user'), ('USERNAME', 'moekatra22'), ('TERM', 'xterm-256color'), ('GNOME_DESKTOP_SESSION_ID', 'this-is-deprecated'), ('ROS_LOCALHOST_ONLY', '0'), ('PATH', '/opt/ros/humble/bin:/usr/local/sbin:/usr/local/bin:/usr/sbin:/usr/bin:/sbin:/bin:/usr/games:/usr/local/games:/snap/bin:/snap/bin'), ('SESSION_MANAGER', 'local/moekatra22-QEMU-Virtual-Machine:@/tmp/.ICE-unix/1176,unix/moekatra22-QEMU-Virtual-Machine:/tmp/.ICE-unix/1176'), ('XDG_MENU_PREFIX', 'gnome-'), ('LC_ADDRESS', 'ar_LB.UTF-8'), ('GNOME_TERMINAL_SCREEN', '/org/gnome/Terminal/screen/352d06b1_8c07_4430_a633_869fe91f8b37'), ('GNOME_SETUP_DISPLAY', ':1'), ('XDG_RUNTIME_DIR', '/run/user/1000'), ('DISPLAY', ':0'), ('LANG', 'en_US.UTF-8'), ('XDG_CURRENT_DESKTOP', 'ubuntu:GNOME'), ('LC_TELEPHONE', 'ar_LB.UTF-8'), ('XMODIFIERS', '@im=ibus'), ('XDG_SESSION_DESKTOP', 'ubuntu'), ('XAUTHORITY', '/run/user/1000/.mutter-Xwaylandauth.YKPRM2'), ('GNOME_TERMINAL_SERVICE', ':1.93'), ('SSH_AGENT_LAUNCHER', 'gnome-keyring'), ('SSH_AUTH_SOCK', '/run/user/1000/keyring/ssh'), ('AMENT_PREFIX_PATH', '/home/moekatra22/catch_them_all_turtlesim/install/py_pkg:/home/moekatra22/catch_them_all_turtlesim/install/launch:/home/moekatra22/catch_them_all_turtlesim/install/turtle_interfaces:/opt/ros/humble'), ('SHELL', '/bin/bash'), ('LC_NAME', 'ar_LB.UTF-8'), ('QT_ACCESSIBILITY', '1'), ('GDMSESSION', 'ubuntu'), ('LC_MEASUREMENT', 'ar_LB.UTF-8'), ('LC_IDENTIFICATION', 'ar_LB.UTF-8'), ('QT_IM_MODULE', 'ibus'), ('PWD', '/home/moekatra22/catch_them_all_turtlesim/build/launch'), ('LC_ALL', 'en_US.UTF-8'), ('XDG_CONFIG_DIRS', '/etc/xdg/xdg-ubuntu:/etc/xdg'), ('XDG_DATA_DIRS', '/usr/share/ubuntu:/usr/local/share/:/usr/share/:/var/lib/snapd/desktop'), ('PYTHONPATH', '/home/moekatra22/catch_them_all_turtlesim/install/py_pkg/lib/python3.10/site-packages:/home/moekatra22/catch_them_all_turtlesim/install/turtle_interfaces/local/lib/python3.10/dist-packages:/opt/ros/humble/lib/python3.10/site-packages:/opt/ros/humble/local/lib/python3.10/dist-packages'), ('LC_NUMERIC', 'ar_LB.UTF-8'), ('LC_PAPER', 'ar_LB.UTF-8'), ('COLCON', '1'), ('VTE_VERSION', '6800'), ('CMAKE_PREFIX_PATH', '/home/moekatra22/catch_them_all_turtlesim/install/turtle_interfaces:/home/moekatra22/catch_them_all_turtlesim/install/launch:/home/moekatra22/catch_them_all_turtlesim/install/py_pkg:/opt/ros/humble')]), 'shell': False}
[1.003161] (-) TimerEvent: {}
[1.030227] (launch) CommandEnded: {'returncode': 0}
[1.042552] (launch) JobProgress: {'identifier': 'launch', 'progress': 'install'}
[1.042941] (launch) Command: {'cmd': ['/usr/bin/cmake', '--install', '/home/moekatra22/catch_them_all_turtlesim/build/launch'], 'cwd': '/home/moekatra22/catch_them_all_turtlesim/build/launch', 'env': OrderedDict([('USER', 'moekatra22'), ('LC_TIME', 'ar_LB.UTF-8'), ('XDG_SESSION_TYPE', 'wayland'), ('SHLVL', '1'), ('LD_LIBRARY_PATH', '/home/moekatra22/catch_them_all_turtlesim/install/turtle_interfaces/lib:/opt/ros/humble/opt/rviz_ogre_vendor/lib:/opt/ros/humble/lib/aarch64-linux-gnu:/opt/ros/humble/lib'), ('HOME', '/home/moekatra22'), ('OLDPWD', '/home/moekatra22'), ('DESKTOP_SESSION', 'ubuntu'), ('ROS_PYTHON_VERSION', '3'), ('GNOME_SHELL_SESSION_MODE', 'ubuntu'), ('GTK_MODULES', 'gail:atk-bridge'), ('LC_MONETARY', 'ar_LB.UTF-8'), ('SYSTEMD_EXEC_PID', '1217'), ('DBUS_SESSION_BUS_ADDRESS', 'unix:path=/run/user/1000/bus'), ('COLORTERM', 'truecolor'), ('IM_CONFIG_PHASE', '1'), ('WAYLAND_DISPLAY', 'wayland-0'), ('COLCON_PREFIX_PATH', '/home/moekatra22/catch_them_all_turtlesim/install'), ('ROS_DISTRO', 'humble'), ('LOGNAME', 'moekatra22'), ('_', '/usr/bin/colcon'), ('ROS_VERSION', '2'), ('XDG_SESSION_CLASS', 'user'), ('USERNAME', 'moekatra22'), ('TERM', 'xterm-256color'), ('GNOME_DESKTOP_SESSION_ID', 'this-is-deprecated'), ('ROS_LOCALHOST_ONLY', '0'), ('PATH', '/opt/ros/humble/bin:/usr/local/sbin:/usr/local/bin:/usr/sbin:/usr/bin:/sbin:/bin:/usr/games:/usr/local/games:/snap/bin:/snap/bin'), ('SESSION_MANAGER', 'local/moekatra22-QEMU-Virtual-Machine:@/tmp/.ICE-unix/1176,unix/moekatra22-QEMU-Virtual-Machine:/tmp/.ICE-unix/1176'), ('XDG_MENU_PREFIX', 'gnome-'), ('LC_ADDRESS', 'ar_LB.UTF-8'), ('GNOME_TERMINAL_SCREEN', '/org/gnome/Terminal/screen/352d06b1_8c07_4430_a633_869fe91f8b37'), ('GNOME_SETUP_DISPLAY', ':1'), ('XDG_RUNTIME_DIR', '/run/user/1000'), ('DISPLAY', ':0'), ('LANG', 'en_US.UTF-8'), ('XDG_CURRENT_DESKTOP', 'ubuntu:GNOME'), ('LC_TELEPHONE', 'ar_LB.UTF-8'), ('XMODIFIERS', '@im=ibus'), ('XDG_SESSION_DESKTOP', 'ubuntu'), ('XAUTHORITY', '/run/user/1000/.mutter-Xwaylandauth.YKPRM2'), ('GNOME_TERMINAL_SERVICE', ':1.93'), ('SSH_AGENT_LAUNCHER', 'gnome-keyring'), ('SSH_AUTH_SOCK', '/run/user/1000/keyring/ssh'), ('AMENT_PREFIX_PATH', '/home/moekatra22/catch_them_all_turtlesim/install/py_pkg:/home/moekatra22/catch_them_all_turtlesim/install/launch:/home/moekatra22/catch_them_all_turtlesim/install/turtle_interfaces:/opt/ros/humble'), ('SHELL', '/bin/bash'), ('LC_NAME', 'ar_LB.UTF-8'), ('QT_ACCESSIBILITY', '1'), ('GDMSESSION', 'ubuntu'), ('LC_MEASUREMENT', 'ar_LB.UTF-8'), ('LC_IDENTIFICATION', 'ar_LB.UTF-8'), ('QT_IM_MODULE', 'ibus'), ('PWD', '/home/moekatra22/catch_them_all_turtlesim/build/launch'), ('LC_ALL', 'en_US.UTF-8'), ('XDG_CONFIG_DIRS', '/etc/xdg/xdg-ubuntu:/etc/xdg'), ('XDG_DATA_DIRS', '/usr/share/ubuntu:/usr/local/share/:/usr/share/:/var/lib/snapd/desktop'), ('PYTHONPATH', '/home/moekatra22/catch_them_all_turtlesim/install/py_pkg/lib/python3.10/site-packages:/home/moekatra22/catch_them_all_turtlesim/install/turtle_interfaces/local/lib/python3.10/dist-packages:/opt/ros/humble/lib/python3.10/site-packages:/opt/ros/humble/local/lib/python3.10/dist-packages'), ('LC_NUMERIC', 'ar_LB.UTF-8'), ('LC_PAPER', 'ar_LB.UTF-8'), ('COLCON', '1'), ('VTE_VERSION', '6800'), ('CMAKE_PREFIX_PATH', '/home/moekatra22/catch_them_all_turtlesim/install/turtle_interfaces:/home/moekatra22/catch_them_all_turtlesim/install/launch:/home/moekatra22/catch_them_all_turtlesim/install/py_pkg:/opt/ros/humble')]), 'shell': False}
[1.046970] (launch) StdoutLine: {'line': b'-- Install configuration: ""\n'}
[1.047116] (launch) StdoutLine: {'line': b'-- Up-to-date: /home/moekatra22/catch_them_all_turtlesim/install/launch/share/launch/launch\n'}
[1.047181] (launch) StdoutLine: {'line': b'-- Up-to-date: /home/moekatra22/catch_them_all_turtlesim/install/launch/share/launch/launch/catch_them_all.launch.py\n'}
[1.047220] (launch) StdoutLine: {'line': b'-- Up-to-date: /home/moekatra22/catch_them_all_turtlesim/install/launch/share/ament_index/resource_index/package_run_dependencies/launch\n'}
[1.047251] (launch) StdoutLine: {'line': b'-- Up-to-date: /home/moekatra22/catch_them_all_turtlesim/install/launch/share/ament_index/resource_index/parent_prefix_path/launch\n'}
[1.047292] (launch) StdoutLine: {'line': b'-- Up-to-date: /home/moekatra22/catch_them_all_turtlesim/install/launch/share/launch/environment/ament_prefix_path.sh\n'}
[1.047345] (launch) StdoutLine: {'line': b'-- Up-to-date: /home/moekatra22/catch_them_all_turtlesim/install/launch/share/launch/environment/ament_prefix_path.dsv\n'}
[1.047376] (launch) StdoutLine: {'line': b'-- Up-to-date: /home/moekatra22/catch_them_all_turtlesim/install/launch/share/launch/environment/path.sh\n'}
[1.047425] (launch) StdoutLine: {'line': b'-- Up-to-date: /home/moekatra22/catch_them_all_turtlesim/install/launch/share/launch/environment/path.dsv\n'}
[1.047461] (launch) StdoutLine: {'line': b'-- Up-to-date: /home/moekatra22/catch_them_all_turtlesim/install/launch/share/launch/local_setup.bash\n'}
[1.047502] (launch) StdoutLine: {'line': b'-- Up-to-date: /home/moekatra22/catch_them_all_turtlesim/install/launch/share/launch/local_setup.sh\n'}
[1.047532] (launch) StdoutLine: {'line': b'-- Up-to-date: /home/moekatra22/catch_them_all_turtlesim/install/launch/share/launch/local_setup.zsh\n'}
[1.047587] (launch) StdoutLine: {'line': b'-- Up-to-date: /home/moekatra22/catch_them_all_turtlesim/install/launch/share/launch/local_setup.dsv\n'}
[1.047662] (launch) StdoutLine: {'line': b'-- Installing: /home/moekatra22/catch_them_all_turtlesim/install/launch/share/launch/package.dsv\n'}
[1.047701] (launch) StdoutLine: {'line': b'-- Up-to-date: /home/moekatra22/catch_them_all_turtlesim/install/launch/share/ament_index/resource_index/packages/launch\n'}
[1.047729] (launch) StdoutLine: {'line': b'-- Up-to-date: /home/moekatra22/catch_them_all_turtlesim/install/launch/share/launch/cmake/launchConfig.cmake\n'}
[1.047757] (launch) StdoutLine: {'line': b'-- Up-to-date: /home/moekatra22/catch_them_all_turtlesim/install/launch/share/launch/cmake/launchConfig-version.cmake\n'}
[1.047799] (launch) StdoutLine: {'line': b'-- Up-to-date: /home/moekatra22/catch_them_all_turtlesim/install/launch/share/launch/package.xml\n'}
[1.051492] (launch) CommandEnded: {'returncode': 0}
[1.066913] (launch) JobEnded: {'identifier': 'launch', 'rc': 0}
[1.067523] (-) EventReactorShutdown: {}
