[0.005s] Invoking command in '/home/moekatra22/catch_them_all_turtlesim/build/launch': AMENT_PREFIX_PATH=/home/moekatra22/catch_them_all_turtlesim/install/py_pkg:/home/moekatra22/catch_them_all_turtlesim/install/launch:/home/moekatra22/catch_them_all_turtlesim/install/turtle_interfaces:/opt/ros/humble CMAKE_PREFIX_PATH=/home/moekatra22/catch_them_all_turtlesim/install/turtle_interfaces:/home/moekatra22/catch_them_all_turtlesim/install/launch:/home/moekatra22/catch_them_all_turtlesim/install/py_pkg:/opt/ros/humble /usr/bin/cmake --build /home/moekatra22/catch_them_all_turtlesim/build/launch -- -j4 -l4
[0.034s] Invoked command in '/home/moekatra22/catch_them_all_turtlesim/build/launch' returned '0': AMENT_PREFIX_PATH=/home/moekatra22/catch_them_all_turtlesim/install/py_pkg:/home/moekatra22/catch_them_all_turtlesim/install/launch:/home/moekatra22/catch_them_all_turtlesim/install/turtle_interfaces:/opt/ros/humble CMAKE_PREFIX_PATH=/home/moekatra22/catch_them_all_turtlesim/install/turtle_interfaces:/home/moekatra22/catch_them_all_turtlesim/install/launch:/home/moekatra22/catch_them_all_turtlesim/install/py_pkg:/opt/ros/humble /usr/bin/cmake --build /home/moekatra22/catch_them_all_turtlesim/build/launch -- -j4 -l4
[0.050s] Invoking command in '/home/moekatra22/catch_them_all_turtlesim/build/launch': AMENT_PREFIX_PATH=/home/moekatra22/catch_them_all_turtlesim/install/py_pkg:/home/moekatra22/catch_them_all_turtlesim/install/launch:/home/moekatra22/catch_them_all_turtlesim/install/turtle_interfaces:/opt/ros/humble CMAKE_PREFIX_PATH=/home/moekatra22/catch_them_all_turtlesim/install/turtle_interfaces:/home/moekatra22/catch_them_all_turtlesim/install/launch:/home/moekatra22/catch_them_all_turtlesim/install/py_pkg:/opt/ros/humble /usr/bin/cmake --install /home/moekatra22/catch_them_all_turtlesim/build/launch
[0.055s] -- Install configuration: ""
[0.055s] -- Up-to-date: /home/moekatra22/catch_them_all_turtlesim/install/launch/share/launch/launch
[0.055s] -- Up-to-date: /home/moekatra22/catch_them_all_turtlesim/install/launch/share/launch/launch/catch_them_all.launch.py
[0.055s] -- Up-to-date: /home/moekatra22/catch_them_all_turtlesim/install/launch/share/ament_index/resource_index/package_run_dependencies/launch
[0.056s] -- Up-to-date: /home/moekatra22/catch_them_all_turtlesim/install/launch/share/ament_index/resource_index/parent_prefix_path/launch
[0.056s] -- Up-to-date: /home/moekatra22/catch_them_all_turtlesim/install/launch/share/launch/environment/ament_prefix_path.sh
[0.056s] -- Up-to-date: /home/moekatra22/catch_them_all_turtlesim/install/launch/share/launch/environment/ament_prefix_path.dsv
[0.057s] -- Up-to-date: /home/moekatra22/catch_them_all_turtlesim/install/launch/share/launch/environment/path.sh
[0.057s] -- Up-to-date: /home/moekatra22/catch_them_all_turtlesim/install/launch/share/launch/environment/path.dsv
[0.057s] -- Up-to-date: /home/moekatra22/catch_them_all_turtlesim/install/launch/share/launch/local_setup.bash
[0.057s] -- Up-to-date: /home/moekatra22/catch_them_all_turtlesim/install/launch/share/launch/local_setup.sh
[0.057s] -- Up-to-date: /home/moekatra22/catch_them_all_turtlesim/install/launch/share/launch/local_setup.zsh
[0.058s] -- Up-to-date: /home/moekatra22/catch_them_all_turtlesim/install/launch/share/launch/local_setup.dsv
[0.058s] -- Installing: /home/moekatra22/catch_them_all_turtlesim/install/launch/share/launch/package.dsv
[0.058s] -- Up-to-date: /home/moekatra22/catch_them_all_turtlesim/install/launch/share/ament_index/resource_index/packages/launch
[0.058s] -- Up-to-date: /home/moekatra22/catch_them_all_turtlesim/install/launch/share/launch/cmake/launchConfig.cmake
[0.058s] -- Up-to-date: /home/moekatra22/catch_them_all_turtlesim/install/launch/share/launch/cmake/launchConfig-version.cmake
[0.058s] -- Up-to-date: /home/moekatra22/catch_them_all_turtlesim/install/launch/share/launch/package.xml
[0.060s] Invoked command in '/home/moekatra22/catch_them_all_turtlesim/build/launch' returned '0': AMENT_PREFIX_PATH=/home/moekatra22/catch_them_all_turtlesim/install/py_pkg:/home/moekatra22/catch_them_all_turtlesim/install/launch:/home/moekatra22/catch_them_all_turtlesim/install/turtle_interfaces:/opt/ros/humble CMAKE_PREFIX_PATH=/home/moekatra22/catch_them_all_turtlesim/install/turtle_interfaces:/home/moekatra22/catch_them_all_turtlesim/install/launch:/home/moekatra22/catch_them_all_turtlesim/install/py_pkg:/opt/ros/humble /usr/bin/cmake --install /home/moekatra22/catch_them_all_turtlesim/build/launch
